 
       ╔════════════════════════════════════════════╗
       ║            ___ ___ ___ ___ _____           ║
       ║           / __| _ \ __/ __|_   _|          ║
       ║          | (__|   / _|\__ \ | |            ║
       ║           \___|_|_\___|___/ |_|            ║
       ║                                            ║
       ║  Conformer-Rotamer Ensemble Sampling Tool  ║
       ║          based on the xTB methods          ║
       ║                                            ║
       ╚════════════════════════════════════════════╝
       Version 3.0.2, Sun Aug 25 20:02:36 UTC 2024
       commit (af7eb99) compiled by 'runner@fv-az1984-471'
 
   Cite work conducted with this code as

   • P.Pracht, F.Bohle, S.Grimme, PCCP, 2020, 22, 7169-7192.
   • S.Grimme, JCTC, 2019, 15, 2847-2862.
   • P.Pracht, S.Grimme, C.Bannwarth, F.Bohle, S.Ehlert,
     G.Feldmann, J.Gorges, M.Müller, T.Neudecker, C.Plett,
     S.Spicher, P.Steinbach, P.Wesołowski, F.Zeller,
     J. Chem. Phys., 2024, 160, 114110.

   for works involving QCG cite

   • S.Spicher, C.Plett, P.Pracht, A.Hansen, S.Grimme,
     JCTC, 2022, 18 (5), 3174-3189.
   • C.Plett, S. Grimme,
     Angew. Chem. Int. Ed. 2023, 62, e202214477.

   for works involving MECP screening cite

   • P.Pracht, C.Bannwarth, JCTC, 2022, 18 (10), 6370-6385.
 
   Original code
     P.Pracht, S.Grimme, Universität Bonn, MCTC
   with help from (alphabetical order):
     C.Bannwarth, F.Bohle, S.Ehlert, G.Feldmann, J.Gorges,
     S.Grimme, C.Plett, P.Pracht, S.Spicher, P.Steinbach,
     P.Wesolowski, F.Zeller
 
   Online documentation is available at
   https://crest-lab.github.io/crest-docs/
 
   This program is distributed in the hope that it will be useful,
   but WITHOUT ANY WARRANTY; without even the implied warranty of
   MERCHANTABILITY or FITNESS FOR A PARTICULAR PURPOSE. See the
   GNU Lesser General Public License (LGPL) for more details.

 Command line input:
 $ crest DHCSBRKYHMINPB-UHFFFAOYSA-N-1.xyz -gfnff -entropy -T 16 -chrg 0 -uhf 0

  --gfnff : Use of GFN-FF requested.
  -entropy : enhanced ensemble entropy calculation
  -T 16 (CPUs/Threads selected)
  -chrg 0
  -uhf 0
Parsing xtb-type input file bondlengths to set up calculators ...

> Setting up backup calculator ... done.
 ----------------
 Calculation info
 ----------------
> User-defined calculation level:
 : GFN-FF calculation via GFNFF lib
 :   Molecular charge    : 0
 
> User-defined constraints:
  # bond constraints    : 71
 
 
 -----------------------------
 Initial Geometry Optimization
 -----------------------------
 Geometry successfully optimized.
 
          ┍━━━━━━━━━━━━━━━━━━━━━━━━━━━━━━━━━━━━━━━━━━━━━━━━━┑
          │              CREST ENTROPY SAMPLING             │
          ┕━━━━━━━━━━━━━━━━━━━━━━━━━━━━━━━━━━━━━━━━━━━━━━━━━┙
 
 please cite:
 • P.Pracht, S.Grimme, Chem. Sci., 2021, 12, 6551-6568.
 • J.Gorges, S.Grimme, A.Hansen, P.Pracht, PCCP, 2022,24, 12249-12259.
 
 Input structure:
  42
 
 C         -6.9617538012       -0.1901496923       -0.0000000000
 C         -6.6415111310        1.1843444644        0.0000000000
 C         -5.3412357634        1.5904525988        0.0000000000
 C         -4.2810142537        0.6421494805        0.0000000000
 C         -2.9379529552        1.0321806388        0.0000000000
 C         -1.9007716488        0.1058470051        0.0000000000
 C         -2.2369895626       -1.2834496691       -0.0000000000
 C         -1.1865113817       -2.2466662371       -0.0000000000
 C          0.1122802401       -1.8670531275       -0.0000000000
 C          0.4996429767       -0.4927005883        0.0000000000
 C          1.9007716488       -0.1058470051        0.0000000000
 C          2.9379529552       -1.0321806388        0.0000000000
 C          4.2810142537       -0.6421494805        0.0000000000
 C          5.3412357634       -1.5904525988       -0.0000000000
 C          6.6415111310       -1.1843444644       -0.0000000000
 C          6.9617538012        0.1901496923       -0.0000000000
 C          5.9744474713        1.1283601144       -0.0000000000
 C          4.6048316920        0.7437551840       -0.0000000000
 C          3.5685051870        1.6788494054        0.0000000000
 C          2.2369895626        1.2834496691        0.0000000000
 C          1.1865113817        2.2466662370        0.0000000000
 C         -0.1122802401        1.8670531275        0.0000000000
 C         -0.4996429767        0.4927005883        0.0000000000
 C         -3.5685051870       -1.6788494054       -0.0000000000
 C         -4.6048316920       -0.7437551840       -0.0000000000
 C         -5.9744474713       -1.1283601144       -0.0000000000
 H         -8.0000223013       -0.4880517218       -0.0000000000
 H         -7.4414823255        1.9101682149        0.0000000000
 H         -5.0899926898        2.6402123684        0.0000000000
 H         -2.7239322127        2.0843323170       -0.0000000000
 H         -1.4534673785       -3.2922380736       -0.0000000000
 H          0.8767864573       -2.6250386221       -0.0000000000
 H          2.7239322127       -2.0843323170        0.0000000000
 H          5.0899926898       -2.6402123684        0.0000000000
 H          7.4414823255       -1.9101682149       -0.0000000000
 H          8.0000223013        0.4880517218       -0.0000000000
 H          6.2110584186        2.1815148346       -0.0000000000
 H          3.8077539809        2.7279698076        0.0000000000
 H          1.4534673785        3.2922380736        0.0000000000
 H         -0.8767864573        2.6250386220        0.0000000000
 H         -3.8077539809       -2.7279698076        0.0000000000
 H         -6.2110584186       -2.1815148346       -0.0000000000
 
 ------------------------------------------------
 Generating MTD length from a flexibility measure
 ------------------------------------------------
 Calculating GFN0-xTB WBOs   ... done.
 Calculating NCI flexibility ... done.
     covalent flexibility measure :   0.013
 non-covalent flexibility measure :   0.687
 flexibility measure :   0.046
 t(MTD) / ps    :     5.0
 Σ(t(MTD)) / ps :   120.0 (24 MTDs)
 
 -----------------------------------
 Starting trial MTD to test settings
 -----------------------------------
 Trial MTD 1 runtime (1.0 ps) ...        0 min,  0.797 sec
 Estimated runtime for one MTD (5.0 ps) on a single thread: 4 sec
 Estimated runtime for a batch of 24 MTDs on 16 threads: 8 sec
 
******************************************************************************************
**                         N E W   I T E R A T I O N  C Y C L E                         **
******************************************************************************************
 
 ------------------------------
 Meta-Dynamics Iteration 1
 ------------------------------
 list of applied metadynamics Vbias parameters:
$metadyn    0.31500   1.618
$metadyn    0.15750   1.618
$metadyn    0.07875   1.618
$metadyn    0.03938   1.618
$metadyn    0.31500   1.000
$metadyn    0.15750   1.000
$metadyn    0.07875   1.000
$metadyn    0.03938   1.000
$metadyn    0.31500   0.618
$metadyn    0.15750   0.618
$metadyn    0.07875   0.618
$metadyn    0.03938   0.618
$metadyn    0.31500   0.382
$metadyn    0.15750   0.382
$metadyn    0.07875   0.382
$metadyn    0.03938   0.382
$metadyn    0.31500   0.236
$metadyn    0.15750   0.236
$metadyn    0.07875   0.236
$metadyn    0.03938   0.236
$metadyn    0.31500   0.146
$metadyn    0.15750   0.146
$metadyn    0.07875   0.146
$metadyn    0.03938   0.146
 
  ::::::::::::: starting MTD   18 :::::::::::::
  |   MD simulation time   :     5.0 ps       |
  |   target T             :   300.0 K        |
  |   timestep dt          :     1.5 fs       |
  |   dump interval(trj)   :   100.0 fs       |
  |   SHAKE algorithm      : true (all bonds) |
  |   dump interval(Vbias) :    1.00 ps       |
  |   Vbias prefactor (k)  :  0.1575 Eh       |
  |   Vbias exponent (α)   :  0.2361 bohr⁻²   |
  ::::::::::::: starting MTD   24 :::::::::::::
  |   MD simulation time   :     5.0 ps       |
  |   target T             :   300.0 K        |
  |   timestep dt          :     1.5 fs       |
  |   dump interval(trj)   :   100.0 fs       |
  |   SHAKE algorithm      : true (all bonds) |
  |   dump interval(Vbias) :    1.00 ps       |
  |   Vbias prefactor (k)  :  0.0394 Eh       |
  |   Vbias exponent (α)   :  0.1459 bohr⁻²   |
  ::::::::::::: starting MTD    1 :::::::::::::
  |   MD simulation time   :     5.0 ps       |
  |   target T             :   300.0 K        |
  |   timestep dt          :     1.5 fs       |
  |   dump interval(trj)   :   100.0 fs       |
  |   SHAKE algorithm      : true (all bonds) |
  |   dump interval(Vbias) :    1.00 ps       |
  |   Vbias prefactor (k)  :  0.3150 Eh       |
  |   Vbias exponent (α)   :  1.6180 bohr⁻²   |
  ::::::::::::: starting MTD   20 :::::::::::::
  |   MD simulation time   :     5.0 ps       |
  |   target T             :   300.0 K        |
  |   timestep dt          :     1.5 fs       |
  |   dump interval(trj)   :   100.0 fs       |
  |   SHAKE algorithm      : true (all bonds) |
  |   dump interval(Vbias) :    1.00 ps       |
  |   Vbias prefactor (k)  :  0.0394 Eh       |
  |   Vbias exponent (α)   :  0.2361 bohr⁻²   |
  ::::::::::::: starting MTD    5 :::::::::::::
  |   MD simulation time   :     5.0 ps       |
  |   target T             :   300.0 K        |
  |   timestep dt          :     1.5 fs       |
  |   dump interval(trj)   :   100.0 fs       |
  |   SHAKE algorithm      : true (all bonds) |
  |   dump interval(Vbias) :    1.00 ps       |
  |   Vbias prefactor (k)  :  0.3150 Eh       |
  |   Vbias exponent (α)   :  1.0000 bohr⁻²   |
  ::::::::::::: starting MTD   19 :::::::::::::
  |   MD simulation time   :     5.0 ps       |
  |   target T             :   300.0 K        |
  |   timestep dt          :     1.5 fs       |
  |   dump interval(trj)   :   100.0 fs       |
  |   SHAKE algorithm      : true (all bonds) |
  |   dump interval(Vbias) :    1.00 ps       |
  |   Vbias prefactor (k)  :  0.0788 Eh       |
  |   Vbias exponent (α)   :  0.2361 bohr⁻²   |
  ::::::::::::: starting MTD   21 :::::::::::::
  |   MD simulation time   :     5.0 ps       |
  |   target T             :   300.0 K        |
  |   timestep dt          :     1.5 fs       |
  |   dump interval(trj)   :   100.0 fs       |
  |   SHAKE algorithm      : true (all bonds) |
  |   dump interval(Vbias) :    1.00 ps       |
  |   Vbias prefactor (k)  :  0.3150 Eh       |
  |   Vbias exponent (α)   :  0.1459 bohr⁻²   |
  ::::::::::::: starting MTD   22 :::::::::::::
  |   MD simulation time   :     5.0 ps       |
  |   target T             :   300.0 K        |
  |   timestep dt          :     1.5 fs       |
  |   dump interval(trj)   :   100.0 fs       |
  |   SHAKE algorithm      : true (all bonds) |
  |   dump interval(Vbias) :    1.00 ps       |
  |   Vbias prefactor (k)  :  0.1575 Eh       |
  |   Vbias exponent (α)   :  0.1459 bohr⁻²   |
  ::::::::::::: starting MTD    9 :::::::::::::
  |   MD simulation time   :     5.0 ps       |
  |   target T             :   300.0 K        |
  |   timestep dt          :     1.5 fs       |
  |   dump interval(trj)   :   100.0 fs       |
  |   SHAKE algorithm      : true (all bonds) |
  |   dump interval(Vbias) :    1.00 ps       |
  |   Vbias prefactor (k)  :  0.3150 Eh       |
  |   Vbias exponent (α)   :  0.6180 bohr⁻²   |
  ::::::::::::: starting MTD    7 :::::::::::::
  |   MD simulation time   :     5.0 ps       |
  |   target T             :   300.0 K        |
  |   timestep dt          :     1.5 fs       |
  |   dump interval(trj)   :   100.0 fs       |
  |   SHAKE algorithm      : true (all bonds) |
  |   dump interval(Vbias) :    1.00 ps       |
  |   Vbias prefactor (k)  :  0.0788 Eh       |
  |   Vbias exponent (α)   :  1.0000 bohr⁻²   |
  ::::::::::::: starting MTD    3 :::::::::::::
  |   MD simulation time   :     5.0 ps       |
  |   target T             :   300.0 K        |
  |   timestep dt          :     1.5 fs       |
  |   dump interval(trj)   :   100.0 fs       |
  |   SHAKE algorithm      : true (all bonds) |
  |   dump interval(Vbias) :    1.00 ps       |
  |   Vbias prefactor (k)  :  0.0788 Eh       |
  |   Vbias exponent (α)   :  1.6180 bohr⁻²   |
  ::::::::::::: starting MTD   17 :::::::::::::
  |   MD simulation time   :     5.0 ps       |
  |   target T             :   300.0 K        |
  |   timestep dt          :     1.5 fs       |
  |   dump interval(trj)   :   100.0 fs       |
  |   SHAKE algorithm      : true (all bonds) |
  |   dump interval(Vbias) :    1.00 ps       |
  |   Vbias prefactor (k)  :  0.3150 Eh       |
  |   Vbias exponent (α)   :  0.2361 bohr⁻²   |
  ::::::::::::: starting MTD   23 :::::::::::::
  |   MD simulation time   :     5.0 ps       |
  |   target T             :   300.0 K        |
  |   timestep dt          :     1.5 fs       |
  |   dump interval(trj)   :   100.0 fs       |
  |   SHAKE algorithm      : true (all bonds) |
  |   dump interval(Vbias) :    1.00 ps       |
  |   Vbias prefactor (k)  :  0.0788 Eh       |
  |   Vbias exponent (α)   :  0.1459 bohr⁻²   |
  ::::::::::::: starting MTD   15 :::::::::::::
  |   MD simulation time   :     5.0 ps       |
  |   target T             :   300.0 K        |
  |   timestep dt          :     1.5 fs       |
  |   dump interval(trj)   :   100.0 fs       |
  |   SHAKE algorithm      : true (all bonds) |
  |   dump interval(Vbias) :    1.00 ps       |
  |   Vbias prefactor (k)  :  0.0788 Eh       |
  |   Vbias exponent (α)   :  0.3820 bohr⁻²   |
  ::::::::::::: starting MTD   13 :::::::::::::
  |   MD simulation time   :     5.0 ps       |
  |   target T             :   300.0 K        |
  |   timestep dt          :     1.5 fs       |
  |   dump interval(trj)   :   100.0 fs       |
  |   SHAKE algorithm      : true (all bonds) |
  |   dump interval(Vbias) :    1.00 ps       |
  |   Vbias prefactor (k)  :  0.3150 Eh       |
  |   Vbias exponent (α)   :  0.3820 bohr⁻²   |
  ::::::::::::: starting MTD   11 :::::::::::::
  |   MD simulation time   :     5.0 ps       |
  |   target T             :   300.0 K        |
  |   timestep dt          :     1.5 fs       |
  |   dump interval(trj)   :   100.0 fs       |
  |   SHAKE algorithm      : true (all bonds) |
  |   dump interval(Vbias) :    1.00 ps       |
  |   Vbias prefactor (k)  :  0.0788 Eh       |
  |   Vbias exponent (α)   :  0.6180 bohr⁻²   |
*MTD   3 completed successfully ...        0 min,  6.469 sec
  ::::::::::::: starting MTD    4 :::::::::::::
  |   MD simulation time   :     5.0 ps       |
  |   target T             :   300.0 K        |
  |   timestep dt          :     1.5 fs       |
  |   dump interval(trj)   :   100.0 fs       |
  |   SHAKE algorithm      : true (all bonds) |
  |   dump interval(Vbias) :    1.00 ps       |
  |   Vbias prefactor (k)  :  0.0394 Eh       |
  |   Vbias exponent (α)   :  1.6180 bohr⁻²   |
*MTD  11 completed successfully ...        0 min,  6.524 sec
  ::::::::::::: starting MTD   12 :::::::::::::
  |   MD simulation time   :     5.0 ps       |
  |   target T             :   300.0 K        |
  |   timestep dt          :     1.5 fs       |
  |   dump interval(trj)   :   100.0 fs       |
  |   SHAKE algorithm      : true (all bonds) |
  |   dump interval(Vbias) :    1.00 ps       |
  |   Vbias prefactor (k)  :  0.0394 Eh       |
  |   Vbias exponent (α)   :  0.6180 bohr⁻²   |
*MTD  15 completed successfully ...        0 min,  6.546 sec
  ::::::::::::: starting MTD   16 :::::::::::::
  |   MD simulation time   :     5.0 ps       |
  |   target T             :   300.0 K        |
  |   timestep dt          :     1.5 fs       |
  |   dump interval(trj)   :   100.0 fs       |
  |   SHAKE algorithm      : true (all bonds) |
  |   dump interval(Vbias) :    1.00 ps       |
  |   Vbias prefactor (k)  :  0.0394 Eh       |
  |   Vbias exponent (α)   :  0.3820 bohr⁻²   |
*MTD   1 completed successfully ...        0 min,  6.617 sec
  ::::::::::::: starting MTD    2 :::::::::::::
  |   MD simulation time   :     5.0 ps       |
  |   target T             :   300.0 K        |
  |   timestep dt          :     1.5 fs       |
  |   dump interval(trj)   :   100.0 fs       |
  |   SHAKE algorithm      : true (all bonds) |
  |   dump interval(Vbias) :    1.00 ps       |
  |   Vbias prefactor (k)  :  0.1575 Eh       |
  |   Vbias exponent (α)   :  1.6180 bohr⁻²   |
*MTD  20 completed successfully ...        0 min,  6.722 sec
*MTD   7 completed successfully ...        0 min,  6.722 sec
  ::::::::::::: starting MTD    8 :::::::::::::
  |   MD simulation time   :     5.0 ps       |
  |   target T             :   300.0 K        |
  |   timestep dt          :     1.5 fs       |
  |   dump interval(trj)   :   100.0 fs       |
  |   SHAKE algorithm      : true (all bonds) |
  |   dump interval(Vbias) :    1.00 ps       |
  |   Vbias prefactor (k)  :  0.0394 Eh       |
  |   Vbias exponent (α)   :  1.0000 bohr⁻²   |
*MTD  13 completed successfully ...        0 min,  6.732 sec
  ::::::::::::: starting MTD   14 :::::::::::::
  |   MD simulation time   :     5.0 ps       |
  |   target T             :   300.0 K        |
  |   timestep dt          :     1.5 fs       |
  |   dump interval(trj)   :   100.0 fs       |
  |   SHAKE algorithm      : true (all bonds) |
  |   dump interval(Vbias) :    1.00 ps       |
  |   Vbias prefactor (k)  :  0.1575 Eh       |
  |   Vbias exponent (α)   :  0.3820 bohr⁻²   |
*MTD  24 completed successfully ...        0 min,  6.737 sec
*MTD   9 completed successfully ...        0 min,  6.755 sec
  ::::::::::::: starting MTD   10 :::::::::::::
  |   MD simulation time   :     5.0 ps       |
  |   target T             :   300.0 K        |
  |   timestep dt          :     1.5 fs       |
  |   dump interval(trj)   :   100.0 fs       |
  |   SHAKE algorithm      : true (all bonds) |
  |   dump interval(Vbias) :    1.00 ps       |
  |   Vbias prefactor (k)  :  0.1575 Eh       |
  |   Vbias exponent (α)   :  0.6180 bohr⁻²   |
*MTD   5 completed successfully ...        0 min,  6.788 sec
  ::::::::::::: starting MTD    6 :::::::::::::
  |   MD simulation time   :     5.0 ps       |
  |   target T             :   300.0 K        |
  |   timestep dt          :     1.5 fs       |
  |   dump interval(trj)   :   100.0 fs       |
  |   SHAKE algorithm      : true (all bonds) |
  |   dump interval(Vbias) :    1.00 ps       |
  |   Vbias prefactor (k)  :  0.1575 Eh       |
  |   Vbias exponent (α)   :  1.0000 bohr⁻²   |
*MTD  19 completed successfully ...        0 min,  6.863 sec
*MTD  22 completed successfully ...        0 min,  6.953 sec
*MTD  23 completed successfully ...        0 min,  7.026 sec
*MTD  17 completed successfully ...        0 min,  7.099 sec
*MTD  18 completed successfully ...        0 min,  7.150 sec
*MTD  21 completed successfully ...        0 min,  7.345 sec
*MTD   4 completed successfully ...        0 min,  4.089 sec
*MTD   2 completed successfully ...        0 min,  4.165 sec
*MTD  16 completed successfully ...        0 min,  4.412 sec
*MTD  14 completed successfully ...        0 min,  4.408 sec
*MTD   6 completed successfully ...        0 min,  5.355 sec
*MTD  10 completed successfully ...        0 min,  5.674 sec
*MTD   8 completed successfully ...        0 min,  5.866 sec
*MTD  12 completed successfully ...        0 min,  6.118 sec
 
 ======================================
 |  Multilevel Ensemble Optimization  |
 ======================================
 Optimizing all 1176 structures from file "crest_dynamics.trj" ...
 ----------------------
 crude pre-optimization
 ----------------------
 Optimization engine: ANCOPT
 Hessian update type: BFGS
 E/G convergence criteria:  0.500E-03 Eh, 0.100E-01 Eh/a0
 maximum optimization steps: 200
 |>0.1% |>7.6% |>15.1% |>22.5% |>30.0% |>37.5% |>45.1% |>52.6% |>60.0% |>67.5% |>75.0% |>82.6% |>90.1% |>97.5% |>100.0%
 done.
> 1176 of 1176 structures successfully optimized (100.0% success)
> Total runtime for 1176 optimizations:
 * wall-time:     0 d,  0 h,  0 min, 18.898 sec
 *  cpu-time:     0 d,  0 h,  4 min, 46.196 sec
 * ratio c/w:    15.145 speedup
> Corresponding to approximately 0.016 sec per processed structure
 
CREGEN> running RMSDs ... done.
CREGEN> E lowest :    -9.29243
 155 structures remain within    12.00 kcal/mol window
 ----------------------------------
 optimization with tight thresholds
 ----------------------------------
 Optimization engine: ANCOPT
 Hessian update type: BFGS
 E/G convergence criteria:  0.100E-05 Eh, 0.800E-03 Eh/a0
 maximum optimization steps: 200
 |>0.6% |>10.3% |>20.0% |>30.3% |>40.0% |>50.3% |>60.0% |>70.3% |>80.0% |>90.3% |>100.0%
 done.
> 155 of 155 structures successfully optimized (100.0% success)
> Total runtime for 155 optimizations:
 * wall-time:     0 d,  0 h,  0 min,  9.178 sec
 *  cpu-time:     0 d,  0 h,  2 min, 13.397 sec
 * ratio c/w:    14.534 speedup
> Corresponding to approximately 0.059 sec per processed structure
 
CREGEN> running RMSDs ... done.
CREGEN> E lowest :    -9.29254
 1 structures remain within     6.00 kcal/mol window
 
========================================
           MTD Simulations done         
========================================
 Collecting ensmbles.
CREGEN> running RMSDs ... done.
CREGEN> E lowest :    -9.29254
 1 structures remain within     6.00 kcal/mol window
     H(298.15K)-H(0) (conf)      0.000000
                   Cp(conf)      0.000000
                    S(conf)      0.000000
 
******************************************************************************************
**                          I T E R A T I O N    C Y C L E      1                       **
******************************************************************************************
 -------------------------------------------
 determining bias structures via PCA/k-Means
 -------------------------------------------
 1 structures were selected
 done.

 -----------------------------------------------
 determining MTD seed structures via PCA/k-Means
 -----------------------------------------------
 1 structures were selected
 done.


 ==========================================================
 Static MTDs (umbrella sampling) on 1 selected conformer(s)
 ==========================================================
> Using 1 constant RMSD bias potentials per MTD
  :::::::::: starting static MTD   1 ::::::::::
  |   MD simulation time   :     2.5 ps       |
  |   target T             :   400.0 K        |
  |   timestep dt          :     1.5 fs       |
  |   dump interval(trj)   :   100.0 fs       |
  |   SHAKE algorithm      : true (all bonds) |
  |   Vbias prefactor (k)  :  0.0027 Eh       |
  |   Vbias exponent (α)   :  1.0000 bohr⁻²   |
*sMTD   1 completed successfully ...        0 min,  3.512 sec
 
 ======================================
 |  Multilevel Ensemble Optimization  |
 ======================================
 Optimizing all 24 structures from file "crest_rotamers_0.xyz" ...
 ----------------------
 crude pre-optimization
 ----------------------
 Optimization engine: ANCOPT
 Hessian update type: BFGS
 E/G convergence criteria:  0.500E-03 Eh, 0.100E-01 Eh/a0
 maximum optimization steps: 200
 |>4.2% |>12.5% |>20.8% |>33.3% |>41.7% |>50.0% |>62.5% |>70.8% |>83.3% |>91.7% |>100.0%
 done.
> 24 of 24 structures successfully optimized (100.0% success)
> Total runtime for 24 optimizations:
 * wall-time:     0 d,  0 h,  0 min,  0.200 sec
 *  cpu-time:     0 d,  0 h,  0 min,  2.781 sec
 * ratio c/w:    13.928 speedup
> Corresponding to approximately 0.008 sec per processed structure
 
CREGEN> running RMSDs ... done.
CREGEN> E lowest :    -9.29230
 10 structures remain within    12.00 kcal/mol window
 ---------------------------------------
 optimization with very tight thresholds
 ---------------------------------------
 Optimization engine: ANCOPT
 Hessian update type: BFGS
 E/G convergence criteria:  0.100E-06 Eh, 0.200E-03 Eh/a0
 maximum optimization steps: 200
 |>10.0% |>20.0% |>30.0% |>40.0% |>50.0% |>60.0% |>70.0% |>80.0% |>90.0% |>100.0%
 done.
> 10 of 10 structures successfully optimized (100.0% success)
> Total runtime for 10 optimizations:
 * wall-time:     0 d,  0 h,  0 min,  0.331 sec
 *  cpu-time:     0 d,  0 h,  0 min,  3.842 sec
 * ratio c/w:    11.622 speedup
> Corresponding to approximately 0.033 sec per processed structure
 
CREGEN> running RMSDs ... done.
CREGEN> E lowest :    -9.29254
 1 structures remain within     6.00 kcal/mol window
CREGEN> running RMSDs ... done.
CREGEN> E lowest :    -9.29254
 
 Static MTD simulation iteration 1 finished
 A total of 1 conformers (+ 0.00%) in crest_conformers.xyz
 S(approx.) =   -0.000000 cal/molK (dS = 0.00%)
 Convergence w.r.t. conformers:  T
 Convergence w.r.t. entropy   :  T
 
     H(298.15K)-H(0) (conf)      0.000000
                   Cp(conf)      0.000000
                    S(conf)      0.000000


 --------------------------
 Final Ensemble Information
 --------------------------
 input  file name : crest_rotamers_2.xyz
 output file name : crest_rotamers_3.xyz
 number of atoms                :   42
 number of points on xyz files  :   2
 RMSD threshold                 :   0.1250
 Bconst threshold               :   0.0100
 population threshold           :   0.0500
 # fragment in coord            :     1
 # bonds in reference structure :    47
   => # of C=C bonds :     6
 number of reliable points      :     2
 sorting energy window (EWIN)   :    6.0000 / kcal*mol⁻¹
 reference state Etot           :  -9.29253803000000
 number of doubles removed by rot/RMSD         :           1
 total number unique points considered further :           1
       Erel/kcal        Etot weight/tot  conformer     set   degen     origin
       1   0.000    -9.29254    1.00000    1.00000       1       1
T /K                                  :   298.15
E lowest                              :    -9.29254
ensemble average energy (kcal)        :    0.000
ensemble entropy (J/mol K, cal/mol K) :   -0.000   -0.000
ensemble free energy (kcal/mol)       :    0.000
population of lowest in %             :  100.000
 number of unique conformers for further calc            1
 list of relative energies saved as "crest.energies"
 compare nuclear equivalencies ...
::::::::::: conformer group all :::::::::::
 chemical equivalencies (mag.active nuclei):
 magnetic equivalencies:
 
******************************************************************************************
**                           ENSEMBLE ENTROPY CALCULATION                               **
******************************************************************************************
======================================================
 Containing 1 conformers :
     H(298.15K)-H(0) (conf)      0.000000
                   Cp(conf)      0.000000
                    S(conf)      0.000000
======================================================
 Containing 1 conformers :
     H(298.15K)-H(0) (conf)      0.000000
                   Cp(conf)      0.000000
                    S(conf)      0.000000
======================================================

 --------------------------------------
 FINAL CALCULATION OF MOLECULAR ENTROPY
 --------------------------------------
 
WARNING: Not enough blocks for extrapolation.
         Taking full ensemble entropy instead.

FINAL ENTROPY (max conf.)  :      0.00000
 
 ----------------------------------
 Frequency Calculation and Averages
 ----------------------------------
 Nconf on file      : 1
 Taken for Hessians : 1 (=100.00% total population)
 T range  /K    :   278.15   378.15
 scaling factor :          1.000000     
 rotor cutoff   :         25.000000 cm⁻¹
 imag. cutoff   :        -50.000000 cm⁻¹
 
 Running 1 calculations ...
 |>100.0%
 done.
 calculating averages for G and S ...    done.
 calculating Boltzmann weights ...       done.
 calculating reference S (bhess) ... > bhess not implemented for calculator routines
    done.
 calculating δSrrho ...                  done.
 
 Coordinates for the bhess reference structure (Ångström):
 -----------------------------------------------------------
  42
 
 C         -7.0117812117       -0.1916554513        0.0000000000
 C         -6.6855108499        1.1963096765        0.0000000000
 C         -5.3723934025        1.6017612937        0.0000000000
 C         -4.3090001077        0.6470689195        0.0000000000
 C         -2.9573211298        1.0356337123        0.0000000000
 C         -1.9088610293        0.1083709364        0.0000000000
 C         -2.2509177904       -1.2945476724        0.0000000000
 C         -1.1934004357       -2.2608228569        0.0000000000
 C          0.1152045925       -1.8785908122        0.0000000000
 C          0.5026454055       -0.4948591684        0.0000000000
 C          1.9088610293       -0.1083709364        0.0000000000
 C          2.9573211298       -1.0356337123        0.0000000000
 C          4.3090001077       -0.6470689195        0.0000000000
 C          5.3723934025       -1.6017612937        0.0000000000
 C          6.6855108499       -1.1963096765        0.0000000000
 C          7.0117812117        0.1916554513        0.0000000000
 C          6.0165867094        1.1392744381        0.0000000000
 C          4.6403395116        0.7555426505        0.0000000000
 C          3.5922905458        1.6890426425        0.0000000000
 C          2.2509177904        1.2945476724        0.0000000000
 C          1.1934004357        2.2608228569        0.0000000000
 C         -0.1152045925        1.8785908122        0.0000000000
 C         -0.5026454055        0.4948591684        0.0000000000
 C         -3.5922905458       -1.6890426425        0.0000000000
 C         -4.6403395116       -0.7555426505        0.0000000000
 C         -6.0165867094       -1.1392744381        0.0000000000
 H         -8.0620653506       -0.4979238345        0.0000000000
 H         -7.4892980030        1.9384267987        0.0000000000
 H         -5.1196298252        2.6667411676        0.0000000000
 H         -2.7482014104        2.1064305446        0.0000000000
 H         -1.4579269406       -3.3224713217        0.0000000000
 H          0.8844752388       -2.6511611658        0.0000000000
 H          2.7482014104       -2.1064305446        0.0000000000
 H          5.1196298252       -2.6667411676        0.0000000000
 H          7.4892980030       -1.9384267987        0.0000000000
 H          8.0620653506        0.4979238345        0.0000000000
 H          6.2627800462        2.2056551865        0.0000000000
 H          3.8298766536        2.7576356011        0.0000000000
 H          1.4579269406        3.3224713217        0.0000000000
 H         -0.8844752388        2.6511611658        0.0000000000
 H         -3.8298766536       -2.7576356011        0.0000000000
 H         -6.2627800462       -2.2056551865        0.0000000000
 -----------------------------------------------------------
 as read from <coord>
 Heavy-atom RMSD between lowest conformer and this reference :
 RMSD(heavy) =        0.029999 Å
 
 msRRHO(bhess) reference entropies:
      278.15        127.458545
      288.15        130.250448
      298.15        133.043944
      308.15        135.837664
      318.15        138.630320
      328.15        141.420702
      338.15        144.207674
      348.15        146.990168
      358.15        149.767187
      368.15        152.537795
      378.15        155.301117

       T/K  |S(T)|/cal/molK       |G(T)|/Eh     G_lowest/Eh    (conf)
   -----------------------------------------------------------------
    278.15    0.134410E+03    0.291390E+00       -9.001148         1
    288.15    0.137274E+03    0.289235E+00       -9.003303         1
    298.15    0.140136E+03    0.287036E+00       -9.005502         1
    308.15    0.142993E+03    0.284790E+00       -9.007748         1
    318.15    0.145846E+03    0.282499E+00       -9.010039         1
    328.15    0.148692E+03    0.280163E+00       -9.012375         1
    338.15    0.151531E+03    0.277781E+00       -9.014757         1
    348.15    0.154362E+03    0.275355E+00       -9.017183         1
    358.15    0.157185E+03    0.272883E+00       -9.019655         1
    368.15    0.159997E+03    0.270366E+00       -9.022172         1
    378.15    0.162800E+03    0.267805E+00       -9.024733         1
   -----------------------------------------------------------------
   NOTE: if |G(T)| is the averaged contributrion to the free energy.
   |G(T)| used only for the higher-energetic structures (n > 1).
   All other structures use G(T) from the respective Hessian calculations.
 
 Quantities calculated on free energies:
       T/K          δSrrho           Cp(T)     [H(T)-H(0)]
   -------------------------------------------------------
    278.15    0.695159E+01    0.000000E+00        0.000000
    288.15    0.702382E+01    0.000000E+00        0.000000
    298.15    0.709175E+01    0.000000E+00        0.000000
    308.15    0.715552E+01    0.000000E+00        0.000000
    318.15    0.721527E+01    0.000000E+00        0.000000
    328.15    0.727116E+01    0.000000E+00        0.000000
    338.15    0.732338E+01    0.000000E+00        0.000000
    348.15    0.737209E+01    0.000000E+00        0.000000
    358.15    0.741747E+01    0.000000E+00        0.000000
    368.15    0.745968E+01    0.000000E+00        0.000000
    378.15    0.749891E+01    0.000000E+00        0.000000
   -------------------------------------------------------
   NOTE: δSrrho(T) = |S(T)| - Sref(T)
 
 ----------------------
 TEMPERATURE DEPENDENCE
 ----------------------
 
 Final CONFORMATIONAL quantities at given T:
       T/K        S(total)           Cp(T)     [H(T)-H(0)]        G(total)
   -----------------------------------------------------------------------
    278.15        6.951586        0.000000        0.000000       -1.933584
    288.15        7.023821        0.000000        0.000000       -2.023914
    298.15        7.091752        0.000000        0.000000       -2.114406
    308.15        7.155517        0.000000        0.000000       -2.204973
    318.15        7.215266        0.000000        0.000000       -2.295537
    328.15        7.271164        0.000000        0.000000       -2.386032
    338.15        7.323380        0.000000        0.000000       -2.476401
    348.15        7.372089        0.000000        0.000000       -2.566593
    358.15        7.417466        0.000000        0.000000       -2.656565
    368.15        7.459684        0.000000        0.000000       -2.746283
    378.15        7.498914        0.000000        0.000000       -2.835714
   -----------------------------------------------------------------------
   S and Cp in cal/mol*K; H and G in kcal/mol
   G(total) is the ensemble free energy (H-T*S) and S(total) = S(conf,extrapol.) + δSrrho
 
 ----------------------------------------------------
 |      FINAL MOLECULAR ENTROPY AT T= 298.15 K      |
 ----------------------------------------------------
     Sconf   =          0.000000
   + δSrrho  =          7.091752
 -----------------------------------------------------
 = S(total)  =          7.091752  (cal mol⁻¹ K⁻¹)
 
   H(T)-H(0) =          0.000000
   G         =         -2.114406   (-T*S)
 -----------------------------------------------------
 = G(total)  =         -2.114406  (H-T*S) (kcal mol⁻¹)
 
   Cp(total) =          0.000000  (cal mol⁻¹ K⁻¹)
 
 
 -----------------
 Wall Time Summary
 -----------------
 CREST runtime (total)               0 d,  0 h,  0 min, 49.185 sec
 ------------------------------------------------------------------
 Trial metadynamics (MTD)   ...        0 min,  0.802 sec (  1.630%)
 Metadynamics (MTD)         ...        0 min, 12.929 sec ( 26.287%)
 Geometry optimization      ...        0 min, 30.872 sec ( 62.767%)
 Static metadynamics (sMTD) ...        0 min,  3.560 sec (  7.238%)
 Conf. entropy evaluation   ...        0 min,  0.596 sec (  1.212%)
 I/O and setup              ...        0 min,  0.426 sec (  0.866%)
 ------------------------------------------------------------------
 * wall-time:     0 d,  0 h,  0 min, 49.185 sec
 *  cpu-time:     0 d,  0 h, 11 min,  1.737 sec
 * ratio c/w:    13.454 speedup
 ------------------------------------------------------------------
 * Total number of energy+grad calls: 129434
 
 CREST terminated normally.
