 
       ╔════════════════════════════════════════════╗
       ║            ___ ___ ___ ___ _____           ║
       ║           / __| _ \ __/ __|_   _|          ║
       ║          | (__|   / _|\__ \ | |            ║
       ║           \___|_|_\___|___/ |_|            ║
       ║                                            ║
       ║  Conformer-Rotamer Ensemble Sampling Tool  ║
       ║          based on the xTB methods          ║
       ║                                            ║
       ╚════════════════════════════════════════════╝
       Version 3.0.2, Sun Aug 25 20:02:36 UTC 2024
       commit (af7eb99) compiled by 'runner@fv-az1984-471'
 
   Cite work conducted with this code as

   • P.Pracht, F.Bohle, S.Grimme, PCCP, 2020, 22, 7169-7192.
   • S.Grimme, JCTC, 2019, 15, 2847-2862.
   • P.Pracht, S.Grimme, C.Bannwarth, F.Bohle, S.Ehlert,
     G.Feldmann, J.Gorges, M.Müller, T.Neudecker, C.Plett,
     S.Spicher, P.Steinbach, P.Wesołowski, F.Zeller,
     J. Chem. Phys., 2024, 160, 114110.

   for works involving QCG cite

   • S.Spicher, C.Plett, P.Pracht, A.Hansen, S.Grimme,
     JCTC, 2022, 18 (5), 3174-3189.
   • C.Plett, S. Grimme,
     Angew. Chem. Int. Ed. 2023, 62, e202214477.

   for works involving MECP screening cite

   • P.Pracht, C.Bannwarth, JCTC, 2022, 18 (10), 6370-6385.
 
   Original code
     P.Pracht, S.Grimme, Universität Bonn, MCTC
   with help from (alphabetical order):
     C.Bannwarth, F.Bohle, S.Ehlert, G.Feldmann, J.Gorges,
     S.Grimme, C.Plett, P.Pracht, S.Spicher, P.Steinbach,
     P.Wesolowski, F.Zeller
 
   Online documentation is available at
   https://crest-lab.github.io/crest-docs/
 
   This program is distributed in the hope that it will be useful,
   but WITHOUT ANY WARRANTY; without even the implied warranty of
   MERCHANTABILITY or FITNESS FOR A PARTICULAR PURPOSE. See the
   GNU Lesser General Public License (LGPL) for more details.

 Command line input:
 $ crest FTOVXSOBNPWTSH-UHFFFAOYSA-N-1.xyz -gfnff -entropy -T 32 -chrg 0 -uhf 0

  --gfnff : Use of GFN-FF requested.
  -entropy : enhanced ensemble entropy calculation
  -T 32 (CPUs/Threads selected)
  -chrg 0
  -uhf 0
Parsing xtb-type input file bondlengths to set up calculators ...

> Setting up backup calculator ... done.
 ----------------
 Calculation info
 ----------------
> User-defined calculation level:
 : GFN-FF calculation via GFNFF lib
 :   Molecular charge    : 0
 
> User-defined constraints:
  # bond constraints    : 40
 
 
 -----------------------------
 Initial Geometry Optimization
 -----------------------------
 Geometry successfully optimized.
 
          ┍━━━━━━━━━━━━━━━━━━━━━━━━━━━━━━━━━━━━━━━━━━━━━━━━━┑
          │              CREST ENTROPY SAMPLING             │
          ┕━━━━━━━━━━━━━━━━━━━━━━━━━━━━━━━━━━━━━━━━━━━━━━━━━┙
 
 please cite:
 • P.Pracht, S.Grimme, Chem. Sci., 2021, 12, 6551-6568.
 • J.Gorges, S.Grimme, A.Hansen, P.Pracht, PCCP, 2022,24, 12249-12259.
 
 Input structure:
  32
 
 C          4.6250787057       -0.6409579339       -0.0000000000
 C          4.0669062674       -1.9141697520        0.0000000000
 C          2.6967845032       -2.0895568686        0.0000000000
 C          1.8812654499       -0.9668431999       -0.0000000000
 C          2.4472573977        0.3257507274       -0.0000000000
 C          3.8258679471        0.4858703591       -0.0000000000
 C          1.3547002823        1.3091337124       -0.0000000000
 C          1.2808665158        2.6876321806       -0.0000000000
 C          0.0206245946        3.2911317473        0.0000000000
 C         -1.1470991407        2.5507326454        0.0000000000
 C         -1.1106769460        1.1448016330        0.0000000000
 C          0.1590125747        0.5731508394        0.0000000000
 C          0.4162107596       -0.8300923584        0.0000000000
 C         -0.6369515234       -1.6980398997        0.0000000000
 C         -1.9775472116       -1.1846549758        0.0000000000
 C         -3.0725347113       -2.0675196292        0.0000000000
 C         -4.3564537100       -1.5964946019       -0.0000000000
 C         -4.6018630676       -0.2261205278       -0.0000000000
 C         -3.5609407153        0.6637633347       -0.0000000000
 C         -2.2307683311        0.2190162175        0.0000000000
 H          5.6981865174       -0.5309584701       -0.0000000000
 H          4.7128542847       -2.7781222770        0.0000000000
 H          2.2565262379       -3.0724314545        0.0000000000
 H          4.2510639819        1.4753422358       -0.0000000000
 H          2.1835378801        3.2746664760        0.0000000000
 H         -0.0405041212        4.3680634533       -0.0000000000
 H         -2.0987344721        3.0535296545        0.0000000000
 H         -0.4749202202       -2.7632510526        0.0000000000
 H         -2.8853005043       -3.1288216142        0.0000000000
 H         -5.1843093837       -2.2882784160       -0.0000000000
 H         -5.6186770189        0.1344925934       -0.0000000000
 H         -3.7632686374        1.7210743322       -0.0000000000
 
 ------------------------------------------------
 Generating MTD length from a flexibility measure
 ------------------------------------------------
 Calculating GFN0-xTB WBOs   ... done.
 Calculating NCI flexibility ... done.
     covalent flexibility measure :   0.031
 non-covalent flexibility measure :   0.700
 flexibility measure :   0.076
 t(MTD) / ps    :     5.0
 Σ(t(MTD)) / ps :   120.0 (24 MTDs)
 
 -----------------------------------
 Starting trial MTD to test settings
 -----------------------------------
 Trial MTD 1 runtime (1.0 ps) ...        0 min,  0.557 sec
 Estimated runtime for one MTD (5.0 ps) on a single thread: 3 sec
 Estimated runtime for a batch of 24 MTDs on 32 threads: 3 sec
 
******************************************************************************************
**                         N E W   I T E R A T I O N  C Y C L E                         **
******************************************************************************************
 
 ------------------------------
 Meta-Dynamics Iteration 1
 ------------------------------
 list of applied metadynamics Vbias parameters:
$metadyn    0.24000   1.618
$metadyn    0.12000   1.618
$metadyn    0.06000   1.618
$metadyn    0.03000   1.618
$metadyn    0.24000   1.000
$metadyn    0.12000   1.000
$metadyn    0.06000   1.000
$metadyn    0.03000   1.000
$metadyn    0.24000   0.618
$metadyn    0.12000   0.618
$metadyn    0.06000   0.618
$metadyn    0.03000   0.618
$metadyn    0.24000   0.382
$metadyn    0.12000   0.382
$metadyn    0.06000   0.382
$metadyn    0.03000   0.382
$metadyn    0.24000   0.236
$metadyn    0.12000   0.236
$metadyn    0.06000   0.236
$metadyn    0.03000   0.236
$metadyn    0.24000   0.146
$metadyn    0.12000   0.146
$metadyn    0.06000   0.146
$metadyn    0.03000   0.146
 
  ::::::::::::: starting MTD   23 :::::::::::::
  |   MD simulation time   :     5.0 ps       |
  |   target T             :   300.0 K        |
  |   timestep dt          :     1.5 fs       |
  |   dump interval(trj)   :   100.0 fs       |
  |   SHAKE algorithm      : true (all bonds) |
  |   dump interval(Vbias) :    1.00 ps       |
  |   Vbias prefactor (k)  :  0.0600 Eh       |
  |   Vbias exponent (α)   :  0.1459 bohr⁻²   |
  ::::::::::::: starting MTD    8 :::::::::::::
  |   MD simulation time   :     5.0 ps       |
  |   target T             :   300.0 K        |
  |   timestep dt          :     1.5 fs       |
  |   dump interval(trj)   :   100.0 fs       |
  |   SHAKE algorithm      : true (all bonds) |
  |   dump interval(Vbias) :    1.00 ps       |
  |   Vbias prefactor (k)  :  0.0300 Eh       |
  |   Vbias exponent (α)   :  1.0000 bohr⁻²   |
  ::::::::::::: starting MTD   16 :::::::::::::
  |   MD simulation time   :     5.0 ps       |
  |   target T             :   300.0 K        |
  |   timestep dt          :     1.5 fs       |
  |   dump interval(trj)   :   100.0 fs       |
  |   SHAKE algorithm      : true (all bonds) |
  |   dump interval(Vbias) :    1.00 ps       |
  |   Vbias prefactor (k)  :  0.0300 Eh       |
  |   Vbias exponent (α)   :  0.3820 bohr⁻²   |
  ::::::::::::: starting MTD    1 :::::::::::::
  |   MD simulation time   :     5.0 ps       |
  |   target T             :   300.0 K        |
  |   timestep dt          :     1.5 fs       |
  |   dump interval(trj)   :   100.0 fs       |
  |   SHAKE algorithm      : true (all bonds) |
  |   dump interval(Vbias) :    1.00 ps       |
  |   Vbias prefactor (k)  :  0.2400 Eh       |
  |   Vbias exponent (α)   :  1.6180 bohr⁻²   |
  ::::::::::::: starting MTD   19 :::::::::::::
  |   MD simulation time   :     5.0 ps       |
  |   target T             :   300.0 K        |
  |   timestep dt          :     1.5 fs       |
  |   dump interval(trj)   :   100.0 fs       |
  |   SHAKE algorithm      : true (all bonds) |
  |   dump interval(Vbias) :    1.00 ps       |
  |   Vbias prefactor (k)  :  0.0600 Eh       |
  |   Vbias exponent (α)   :  0.2361 bohr⁻²   |
  ::::::::::::: starting MTD   12 :::::::::::::
  |   MD simulation time   :     5.0 ps       |
  |   target T             :   300.0 K        |
  |   timestep dt          :     1.5 fs       |
  |   dump interval(trj)   :   100.0 fs       |
  |   SHAKE algorithm      : true (all bonds) |
  |   dump interval(Vbias) :    1.00 ps       |
  |   Vbias prefactor (k)  :  0.0300 Eh       |
  |   Vbias exponent (α)   :  0.6180 bohr⁻²   |
  ::::::::::::: starting MTD   15 :::::::::::::
  |   MD simulation time   :     5.0 ps       |
  |   target T             :   300.0 K        |
  |   timestep dt          :     1.5 fs       |
  |   dump interval(trj)   :   100.0 fs       |
  |   SHAKE algorithm      : true (all bonds) |
  |   dump interval(Vbias) :    1.00 ps       |
  |   Vbias prefactor (k)  :  0.0600 Eh       |
  |   Vbias exponent (α)   :  0.3820 bohr⁻²   |
  ::::::::::::: starting MTD    6 :::::::::::::
  |   MD simulation time   :     5.0 ps       |
  |   target T             :   300.0 K        |
  |   timestep dt          :     1.5 fs       |
  |   dump interval(trj)   :   100.0 fs       |
  |   SHAKE algorithm      : true (all bonds) |
  |   dump interval(Vbias) :    1.00 ps       |
  |   Vbias prefactor (k)  :  0.1200 Eh       |
  |   Vbias exponent (α)   :  1.0000 bohr⁻²   |
  ::::::::::::: starting MTD   17 :::::::::::::
  |   MD simulation time   :     5.0 ps       |
  |   target T             :   300.0 K        |
  |   timestep dt          :     1.5 fs       |
  |   dump interval(trj)   :   100.0 fs       |
  |   SHAKE algorithm      : true (all bonds) |
  |   dump interval(Vbias) :    1.00 ps       |
  |   Vbias prefactor (k)  :  0.2400 Eh       |
  |   Vbias exponent (α)   :  0.2361 bohr⁻²   |
  ::::::::::::: starting MTD    3 :::::::::::::
  |   MD simulation time   :     5.0 ps       |
  |   target T             :   300.0 K        |
  |   timestep dt          :     1.5 fs       |
  |   dump interval(trj)   :   100.0 fs       |
  |   SHAKE algorithm      : true (all bonds) |
  |   dump interval(Vbias) :    1.00 ps       |
  |   Vbias prefactor (k)  :  0.0600 Eh       |
  |   Vbias exponent (α)   :  1.6180 bohr⁻²   |
  ::::::::::::: starting MTD   14 :::::::::::::
  |   MD simulation time   :     5.0 ps       |
  |   target T             :   300.0 K        |
  |   timestep dt          :     1.5 fs       |
  |   dump interval(trj)   :   100.0 fs       |
  |   SHAKE algorithm      : true (all bonds) |
  |   dump interval(Vbias) :    1.00 ps       |
  |   Vbias prefactor (k)  :  0.1200 Eh       |
  |   Vbias exponent (α)   :  0.3820 bohr⁻²   |
  ::::::::::::: starting MTD   20 :::::::::::::
  |   MD simulation time   :     5.0 ps       |
  |   target T             :   300.0 K        |
  |   timestep dt          :     1.5 fs       |
  |   dump interval(trj)   :   100.0 fs       |
  |   SHAKE algorithm      : true (all bonds) |
  |   dump interval(Vbias) :    1.00 ps       |
  |   Vbias prefactor (k)  :  0.0300 Eh       |
  |   Vbias exponent (α)   :  0.2361 bohr⁻²   |
  ::::::::::::: starting MTD   10 :::::::::::::
  |   MD simulation time   :     5.0 ps       |
  |   target T             :   300.0 K        |
  |   timestep dt          :     1.5 fs       |
  |   dump interval(trj)   :   100.0 fs       |
  |   SHAKE algorithm      : true (all bonds) |
  |   dump interval(Vbias) :    1.00 ps       |
  |   Vbias prefactor (k)  :  0.1200 Eh       |
  |   Vbias exponent (α)   :  0.6180 bohr⁻²   |
  ::::::::::::: starting MTD   21 :::::::::::::
  |   MD simulation time   :     5.0 ps       |
  |   target T             :   300.0 K        |
  |   timestep dt          :     1.5 fs       |
  |   dump interval(trj)   :   100.0 fs       |
  |   SHAKE algorithm      : true (all bonds) |
  |   dump interval(Vbias) :    1.00 ps       |
  |   Vbias prefactor (k)  :  0.2400 Eh       |
  |   Vbias exponent (α)   :  0.1459 bohr⁻²   |
  ::::::::::::: starting MTD    5 :::::::::::::
  |   MD simulation time   :     5.0 ps       |
  |   target T             :   300.0 K        |
  |   timestep dt          :     1.5 fs       |
  |   dump interval(trj)   :   100.0 fs       |
  |   SHAKE algorithm      : true (all bonds) |
  |   dump interval(Vbias) :    1.00 ps       |
  |   Vbias prefactor (k)  :  0.2400 Eh       |
  |   Vbias exponent (α)   :  1.0000 bohr⁻²   |
  ::::::::::::: starting MTD    7 :::::::::::::
  |   MD simulation time   :     5.0 ps       |
  |   target T             :   300.0 K        |
  |   timestep dt          :     1.5 fs       |
  |   dump interval(trj)   :   100.0 fs       |
  |   SHAKE algorithm      : true (all bonds) |
  |   dump interval(Vbias) :    1.00 ps       |
  |   Vbias prefactor (k)  :  0.0600 Eh       |
  |   Vbias exponent (α)   :  1.0000 bohr⁻²   |
  ::::::::::::: starting MTD    9 :::::::::::::
  |   MD simulation time   :     5.0 ps       |
  |   target T             :   300.0 K        |
  |   timestep dt          :     1.5 fs       |
  |   dump interval(trj)   :   100.0 fs       |
  |   SHAKE algorithm      : true (all bonds) |
  |   dump interval(Vbias) :    1.00 ps       |
  |   Vbias prefactor (k)  :  0.2400 Eh       |
  |   Vbias exponent (α)   :  0.6180 bohr⁻²   |
  ::::::::::::: starting MTD   24 :::::::::::::
  |   MD simulation time   :     5.0 ps       |
  |   target T             :   300.0 K        |
  |   timestep dt          :     1.5 fs       |
  |   dump interval(trj)   :   100.0 fs       |
  |   SHAKE algorithm      : true (all bonds) |
  |   dump interval(Vbias) :    1.00 ps       |
  |   Vbias prefactor (k)  :  0.0300 Eh       |
  |   Vbias exponent (α)   :  0.1459 bohr⁻²   |
  ::::::::::::: starting MTD   22 :::::::::::::
  |   MD simulation time   :     5.0 ps       |
  |   target T             :   300.0 K        |
  |   timestep dt          :     1.5 fs       |
  |   dump interval(trj)   :   100.0 fs       |
  |   SHAKE algorithm      : true (all bonds) |
  |   dump interval(Vbias) :    1.00 ps       |
  |   Vbias prefactor (k)  :  0.1200 Eh       |
  |   Vbias exponent (α)   :  0.1459 bohr⁻²   |
  ::::::::::::: starting MTD   13 :::::::::::::
  |   MD simulation time   :     5.0 ps       |
  |   target T             :   300.0 K        |
  |   timestep dt          :     1.5 fs       |
  |   dump interval(trj)   :   100.0 fs       |
  |   SHAKE algorithm      : true (all bonds) |
  |   dump interval(Vbias) :    1.00 ps       |
  |   Vbias prefactor (k)  :  0.2400 Eh       |
  |   Vbias exponent (α)   :  0.3820 bohr⁻²   |
  ::::::::::::: starting MTD   11 :::::::::::::
  |   MD simulation time   :     5.0 ps       |
  |   target T             :   300.0 K        |
  |   timestep dt          :     1.5 fs       |
  |   dump interval(trj)   :   100.0 fs       |
  |   SHAKE algorithm      : true (all bonds) |
  |   dump interval(Vbias) :    1.00 ps       |
  |   Vbias prefactor (k)  :  0.0600 Eh       |
  |   Vbias exponent (α)   :  0.6180 bohr⁻²   |
  ::::::::::::: starting MTD    4 :::::::::::::
  |   MD simulation time   :     5.0 ps       |
  |   target T             :   300.0 K        |
  |   timestep dt          :     1.5 fs       |
  |   dump interval(trj)   :   100.0 fs       |
  |   SHAKE algorithm      : true (all bonds) |
  |   dump interval(Vbias) :    1.00 ps       |
  |   Vbias prefactor (k)  :  0.0300 Eh       |
  |   Vbias exponent (α)   :  1.6180 bohr⁻²   |
  ::::::::::::: starting MTD   18 :::::::::::::
  |   MD simulation time   :     5.0 ps       |
  |   target T             :   300.0 K        |
  |   timestep dt          :     1.5 fs       |
  |   dump interval(trj)   :   100.0 fs       |
  |   SHAKE algorithm      : true (all bonds) |
  |   dump interval(Vbias) :    1.00 ps       |
  |   Vbias prefactor (k)  :  0.1200 Eh       |
  |   Vbias exponent (α)   :  0.2361 bohr⁻²   |
  ::::::::::::: starting MTD    2 :::::::::::::
  |   MD simulation time   :     5.0 ps       |
  |   target T             :   300.0 K        |
  |   timestep dt          :     1.5 fs       |
  |   dump interval(trj)   :   100.0 fs       |
  |   SHAKE algorithm      : true (all bonds) |
  |   dump interval(Vbias) :    1.00 ps       |
  |   Vbias prefactor (k)  :  0.1200 Eh       |
  |   Vbias exponent (α)   :  1.6180 bohr⁻²   |
*MTD   8 completed successfully ...        0 min,  2.696 sec
*MTD  20 completed successfully ...        0 min,  2.757 sec
*MTD  19 completed successfully ...        0 min,  2.778 sec
*MTD  13 completed successfully ...        0 min,  2.803 sec
*MTD   6 completed successfully ...        0 min,  3.188 sec
*MTD   3 completed successfully ...        0 min,  3.306 sec
*MTD  14 completed successfully ...        0 min,  3.446 sec
*MTD  10 completed successfully ...        0 min,  3.470 sec
*MTD  17 completed successfully ...        0 min,  3.533 sec
*MTD  12 completed successfully ...        0 min,  3.540 sec
*MTD  23 completed successfully ...        0 min,  3.543 sec
*MTD  16 completed successfully ...        0 min,  3.782 sec
*MTD   2 completed successfully ...        0 min,  3.895 sec
*MTD  21 completed successfully ...        0 min,  3.976 sec
*MTD   7 completed successfully ...        0 min,  4.021 sec
*MTD  18 completed successfully ...        0 min,  4.022 sec
*MTD  22 completed successfully ...        0 min,  4.028 sec
*MTD  24 completed successfully ...        0 min,  4.037 sec
*MTD  11 completed successfully ...        0 min,  4.055 sec
*MTD   4 completed successfully ...        0 min,  4.082 sec
*MTD   9 completed successfully ...        0 min,  4.098 sec
*MTD   1 completed successfully ...        0 min,  4.275 sec
*MTD  15 completed successfully ...        0 min,  4.321 sec
*MTD   5 completed successfully ...        0 min,  4.323 sec
 
 ======================================
 |  Multilevel Ensemble Optimization  |
 ======================================
 Optimizing all 1176 structures from file "crest_dynamics.trj" ...
 ----------------------
 crude pre-optimization
 ----------------------
 Optimization engine: ANCOPT
 Hessian update type: BFGS
 E/G convergence criteria:  0.500E-03 Eh, 0.100E-01 Eh/a0
 maximum optimization steps: 200
 |>0.1% |>7.6% |>15.1% |>22.5% |>30.0% |>37.5% |>45.1% |>52.6% |>60.0% |>67.5% |>75.0% |>82.6% |>90.1% |>97.5% |>100.0%
 done.
> 1176 of 1176 structures successfully optimized (100.0% success)
> Total runtime for 1176 optimizations:
 * wall-time:     0 d,  0 h,  0 min,  3.679 sec
 *  cpu-time:     0 d,  0 h,  1 min, 56.793 sec
 * ratio c/w:    31.744 speedup
> Corresponding to approximately 0.003 sec per processed structure
 
CREGEN> running RMSDs ... done.
CREGEN> E lowest :    -7.13180
 4 structures remain within    12.00 kcal/mol window
 ----------------------------------
 optimization with tight thresholds
 ----------------------------------
 Optimization engine: ANCOPT
 Hessian update type: BFGS
 E/G convergence criteria:  0.100E-05 Eh, 0.800E-03 Eh/a0
 maximum optimization steps: 200
 |>25.0% |>50.0% |>75.0% |>100.0%
 done.
> 4 of 4 structures successfully optimized (100.0% success)
> Total runtime for 4 optimizations:
 * wall-time:     0 d,  0 h,  0 min,  0.120 sec
 *  cpu-time:     0 d,  0 h,  0 min,  3.832 sec
 * ratio c/w:    31.840 speedup
> Corresponding to approximately 0.030 sec per processed structure
 
CREGEN> running RMSDs ... done.
CREGEN> E lowest :    -7.13184
 1 structures remain within     6.00 kcal/mol window
 
========================================
           MTD Simulations done         
========================================
 Collecting ensmbles.
CREGEN> running RMSDs ... done.
CREGEN> E lowest :    -7.13184
 1 structures remain within     6.00 kcal/mol window
     H(298.15K)-H(0) (conf)      0.000000
                   Cp(conf)      0.000000
                    S(conf)      0.000000
 
******************************************************************************************
**                          I T E R A T I O N    C Y C L E      1                       **
******************************************************************************************
 -------------------------------------------
 determining bias structures via PCA/k-Means
 -------------------------------------------
 1 structures were selected
 done.

 -----------------------------------------------
 determining MTD seed structures via PCA/k-Means
 -----------------------------------------------
 1 structures were selected
 done.


 ==========================================================
 Static MTDs (umbrella sampling) on 1 selected conformer(s)
 ==========================================================
> Using 1 constant RMSD bias potentials per MTD
  :::::::::: starting static MTD   1 ::::::::::
  |   MD simulation time   :     2.5 ps       |
  |   target T             :   400.0 K        |
  |   timestep dt          :     1.5 fs       |
  |   dump interval(trj)   :   100.0 fs       |
  |   SHAKE algorithm      : true (all bonds) |
  |   Vbias prefactor (k)  :  0.0021 Eh       |
  |   Vbias exponent (α)   :  1.0000 bohr⁻²   |
*sMTD   1 completed successfully ...        0 min,  2.693 sec
 
 ======================================
 |  Multilevel Ensemble Optimization  |
 ======================================
 Optimizing all 24 structures from file "crest_rotamers_0.xyz" ...
 ----------------------
 crude pre-optimization
 ----------------------
 Optimization engine: ANCOPT
 Hessian update type: BFGS
 E/G convergence criteria:  0.500E-03 Eh, 0.100E-01 Eh/a0
 maximum optimization steps: 200
 |>4.2% |>12.5% |>20.8% |>33.3% |>41.7% |>50.0% |>62.5% |>70.8% |>83.3% |>91.7% |>100.0%
 done.
> 24 of 24 structures successfully optimized (100.0% success)
> Total runtime for 24 optimizations:
 * wall-time:     0 d,  0 h,  0 min,  0.055 sec
 *  cpu-time:     0 d,  0 h,  0 min,  1.302 sec
 * ratio c/w:    23.785 speedup
> Corresponding to approximately 0.002 sec per processed structure
 
CREGEN> running RMSDs ... done.
CREGEN> E lowest :    -7.13166
 4 structures remain within    12.00 kcal/mol window
 ---------------------------------------
 optimization with very tight thresholds
 ---------------------------------------
 Optimization engine: ANCOPT
 Hessian update type: BFGS
 E/G convergence criteria:  0.100E-06 Eh, 0.200E-03 Eh/a0
 maximum optimization steps: 200
 |>25.0% |>50.0% |>75.0% |>100.0%
 done.
> 4 of 4 structures successfully optimized (100.0% success)
> Total runtime for 4 optimizations:
 * wall-time:     0 d,  0 h,  0 min,  0.162 sec
 *  cpu-time:     0 d,  0 h,  0 min,  5.150 sec
 * ratio c/w:    31.717 speedup
> Corresponding to approximately 0.041 sec per processed structure
 
CREGEN> running RMSDs ... done.
CREGEN> E lowest :    -7.13184
 1 structures remain within     6.00 kcal/mol window
CREGEN> running RMSDs ... done.
CREGEN> E lowest :    -7.13184
 
 Static MTD simulation iteration 1 finished
 A total of 1 conformers (+ 0.00%) in crest_conformers.xyz
 S(approx.) =   -0.000000 cal/molK (dS = 0.00%)
 Convergence w.r.t. conformers:  T
 Convergence w.r.t. entropy   :  T
 
     H(298.15K)-H(0) (conf)      0.000000
                   Cp(conf)      0.000000
                    S(conf)      0.000000


 --------------------------
 Final Ensemble Information
 --------------------------
 input  file name : crest_rotamers_2.xyz
 output file name : crest_rotamers_3.xyz
 number of atoms                :   32
 number of points on xyz files  :   2
 RMSD threshold                 :   0.1250
 Bconst threshold               :   0.0100
 population threshold           :   0.0500
 # fragment in coord            :     1
 # bonds in reference structure :    36
   => # of C=C bonds :     1
 number of reliable points      :     2
 sorting energy window (EWIN)   :    6.0000 / kcal*mol⁻¹
 reference state Etot           :  -7.13184186000000
 number of doubles removed by rot/RMSD         :           1
 total number unique points considered further :           1
       Erel/kcal        Etot weight/tot  conformer     set   degen     origin
       1   0.000    -7.13184    1.00000    1.00000       1       1
T /K                                  :   298.15
E lowest                              :    -7.13184
ensemble average energy (kcal)        :    0.000
ensemble entropy (J/mol K, cal/mol K) :   -0.000   -0.000
ensemble free energy (kcal/mol)       :    0.000
population of lowest in %             :  100.000
 number of unique conformers for further calc            1
 list of relative energies saved as "crest.energies"
 compare nuclear equivalencies ...
::::::::::: conformer group all :::::::::::
 chemical equivalencies (mag.active nuclei):
 magnetic equivalencies:
 
******************************************************************************************
**                           ENSEMBLE ENTROPY CALCULATION                               **
******************************************************************************************
======================================================
 Containing 1 conformers :
     H(298.15K)-H(0) (conf)      0.000000
                   Cp(conf)      0.000000
                    S(conf)      0.000000
======================================================
 Containing 1 conformers :
     H(298.15K)-H(0) (conf)      0.000000
                   Cp(conf)      0.000000
                    S(conf)      0.000000
======================================================

 --------------------------------------
 FINAL CALCULATION OF MOLECULAR ENTROPY
 --------------------------------------
 
WARNING: Not enough blocks for extrapolation.
         Taking full ensemble entropy instead.

FINAL ENTROPY (max conf.)  :      0.00000
 
 ----------------------------------
 Frequency Calculation and Averages
 ----------------------------------
 Nconf on file      : 1
 Taken for Hessians : 1 (=100.00% total population)
 T range  /K    :   278.15   378.15
 scaling factor :          1.000000     
 rotor cutoff   :         25.000000 cm⁻¹
 imag. cutoff   :        -50.000000 cm⁻¹
 
 Running 1 calculations ...
 |>100.0%
 done.
 calculating averages for G and S ...    done.
 calculating Boltzmann weights ...       done.
 calculating reference S (bhess) ... > bhess not implemented for calculator routines
    done.
 calculating δSrrho ...                  done.
 
 Coordinates for the bhess reference structure (Ångström):
 -----------------------------------------------------------
  32
 
 C          4.6625081377       -0.6539198513        0.0000000000
 C          4.0978167002       -1.9363927074        0.0000000000
 C          2.7061859558       -2.1055258733        0.0000000000
 C          1.8885149294       -0.9769740269        0.0000000000
 C          2.4643491226        0.3313521231        0.0000000000
 C          3.8490930464        0.4881419711        0.0000000000
 C          1.3671507351        1.3190345666        0.0000000000
 C          1.2977546054        2.7040291047        0.0000000000
 C          0.0188241691        3.3132508783        0.0000000000
 C         -1.1602344721        2.5711337876        0.0000000000
 C         -1.1182658176        1.1522077893        0.0000000000
 C          0.1578497354        0.5801049414        0.0000000000
 C          0.4213934784       -0.8309371068        0.0000000000
 C         -0.6363919255       -1.6970809601        0.0000000000
 C         -1.9851936344       -1.1825691917        0.0000000000
 C         -3.0825997911       -2.0782359583        0.0000000000
 C         -4.3887882874       -1.6188074416        0.0000000000
 C         -4.6430954598       -0.2333573786        0.0000000000
 C         -3.5893052030        0.6684675593        0.0000000000
 C         -2.2466026072        0.2317131476        0.0000000000
 H          5.7508787475       -0.5423619737        0.0000000000
 H          4.7497813023       -2.8149219970        0.0000000000
 H          2.2716589395       -3.1095431083        0.0000000000
 H          4.2980304384        1.4857357394        0.0000000000
 H          2.1982986622        3.3247983593        0.0000000000
 H         -0.0447198466        4.4055757129        0.0000000000
 H         -2.1171541097        3.0983764308        0.0000000000
 H         -0.4946937281       -2.7821828601        0.0000000000
 H         -2.8786849357       -3.1535620939        0.0000000000
 H         -5.2208913194       -2.3288546129        0.0000000000
 H         -5.6737006376        0.1334172381        0.0000000000
 H         -3.8035727449        1.7397269028        0.0000000000
 -----------------------------------------------------------
 as read from <coord>
 Heavy-atom RMSD between lowest conformer and this reference :
 RMSD(heavy) =        0.023416 Å
 
 msRRHO(bhess) reference entropies:
      278.15        110.015747
      288.15        112.173858
      298.15        114.334095
      308.15        116.495329
      318.15        118.656480
      328.15        120.816524
      338.15        122.974488
      348.15        125.129455
      358.15        127.280559
      368.15        129.426986
      378.15        131.567973

       T/K  |S(T)|/cal/molK       |G(T)|/Eh     G_lowest/Eh    (conf)
   -----------------------------------------------------------------
    278.15    0.114797E+03    0.209239E+00       -6.922602         1
    288.15    0.117021E+03    0.207393E+00       -6.924449         1
    298.15    0.119243E+03    0.205511E+00       -6.926331         1
    308.15    0.121462E+03    0.203594E+00       -6.928248         1
    318.15    0.123678E+03    0.201641E+00       -6.930200         1
    328.15    0.125889E+03    0.199654E+00       -6.932188         1
    338.15    0.128095E+03    0.197631E+00       -6.934211         1
    348.15    0.130295E+03    0.195573E+00       -6.936269         1
    358.15    0.132489E+03    0.193479E+00       -6.938362         1
    368.15    0.134675E+03    0.191351E+00       -6.940491         1
    378.15    0.136853E+03    0.189189E+00       -6.942653         1
   -----------------------------------------------------------------
   NOTE: if |G(T)| is the averaged contributrion to the free energy.
   |G(T)| used only for the higher-energetic structures (n > 1).
   All other structures use G(T) from the respective Hessian calculations.
 
 Quantities calculated on free energies:
       T/K          δSrrho           Cp(T)     [H(T)-H(0)]
   -------------------------------------------------------
    278.15    0.478151E+01    0.000000E+00        0.000000
    288.15    0.484701E+01    0.000000E+00        0.000000
    298.15    0.490872E+01    0.000000E+00        0.000000
    308.15    0.496679E+01    0.000000E+00        0.000000
    318.15    0.502137E+01    0.000000E+00        0.000000
    328.15    0.507263E+01    0.000000E+00        0.000000
    338.15    0.512072E+01    0.000000E+00        0.000000
    348.15    0.516580E+01    0.000000E+00        0.000000
    358.15    0.520804E+01    0.000000E+00        0.000000
    368.15    0.524759E+01    0.000000E+00        0.000000
    378.15    0.528461E+01    0.000000E+00        0.000000
   -------------------------------------------------------
   NOTE: δSrrho(T) = |S(T)| - Sref(T)
 
 ----------------------
 TEMPERATURE DEPENDENCE
 ----------------------
 
 Final CONFORMATIONAL quantities at given T:
       T/K        S(total)           Cp(T)     [H(T)-H(0)]        G(total)
   -----------------------------------------------------------------------
    278.15        4.781514        0.000000        0.000000       -1.329978
    288.15        4.847010        0.000000        0.000000       -1.396666
    298.15        4.908720        0.000000        0.000000       -1.463535
    308.15        4.966789        0.000000        0.000000       -1.530516
    318.15        5.021371        0.000000        0.000000       -1.597549
    328.15        5.072627        0.000000        0.000000       -1.664582
    338.15        5.120717        0.000000        0.000000       -1.731570
    348.15        5.165802        0.000000        0.000000       -1.798474
    358.15        5.208043        0.000000        0.000000       -1.865261
    368.15        5.247595        0.000000        0.000000       -1.931902
    378.15        5.284608        0.000000        0.000000       -1.998375
   -----------------------------------------------------------------------
   S and Cp in cal/mol*K; H and G in kcal/mol
   G(total) is the ensemble free energy (H-T*S) and S(total) = S(conf,extrapol.) + δSrrho
 
 ----------------------------------------------------
 |      FINAL MOLECULAR ENTROPY AT T= 298.15 K      |
 ----------------------------------------------------
     Sconf   =          0.000000
   + δSrrho  =          4.908720
 -----------------------------------------------------
 = S(total)  =          4.908720  (cal mol⁻¹ K⁻¹)
 
   H(T)-H(0) =          0.000000
   G         =         -1.463535   (-T*S)
 -----------------------------------------------------
 = G(total)  =         -1.463535  (H-T*S) (kcal mol⁻¹)
 
   Cp(total) =          0.000000  (cal mol⁻¹ K⁻¹)
 
 
 -----------------
 Wall Time Summary
 -----------------
 CREST runtime (total)               0 d,  0 h,  0 min, 14.660 sec
 ------------------------------------------------------------------
 Trial metadynamics (MTD)   ...        0 min,  0.564 sec (  3.846%)
 Metadynamics (MTD)         ...        0 min,  4.679 sec ( 31.914%)
 Geometry optimization      ...        0 min,  5.829 sec ( 39.765%)
 Static metadynamics (sMTD) ...        0 min,  2.742 sec ( 18.707%)
 Conf. entropy evaluation   ...        0 min,  0.433 sec (  2.951%)
 I/O and setup              ...        0 min,  0.413 sec (  2.818%)
 ------------------------------------------------------------------
 * wall-time:     0 d,  0 h,  0 min, 14.660 sec
 *  cpu-time:     0 d,  0 h,  6 min,  3.506 sec
 * ratio c/w:    24.796 speedup
 ------------------------------------------------------------------
 * Total number of energy+grad calls: 106362
 
 CREST terminated normally.
