 
       ╔════════════════════════════════════════════╗
       ║            ___ ___ ___ ___ _____           ║
       ║           / __| _ \ __/ __|_   _|          ║
       ║          | (__|   / _|\__ \ | |            ║
       ║           \___|_|_\___|___/ |_|            ║
       ║                                            ║
       ║  Conformer-Rotamer Ensemble Sampling Tool  ║
       ║          based on the xTB methods          ║
       ║                                            ║
       ╚════════════════════════════════════════════╝
       Version 3.0.2, Sun Aug 25 20:02:36 UTC 2024
       commit (af7eb99) compiled by 'runner@fv-az1984-471'
 
   Cite work conducted with this code as

   • P.Pracht, F.Bohle, S.Grimme, PCCP, 2020, 22, 7169-7192.
   • S.Grimme, JCTC, 2019, 15, 2847-2862.
   • P.Pracht, S.Grimme, C.Bannwarth, F.Bohle, S.Ehlert,
     G.Feldmann, J.Gorges, M.Müller, T.Neudecker, C.Plett,
     S.Spicher, P.Steinbach, P.Wesołowski, F.Zeller,
     J. Chem. Phys., 2024, 160, 114110.

   for works involving QCG cite

   • S.Spicher, C.Plett, P.Pracht, A.Hansen, S.Grimme,
     JCTC, 2022, 18 (5), 3174-3189.
   • C.Plett, S. Grimme,
     Angew. Chem. Int. Ed. 2023, 62, e202214477.

   for works involving MECP screening cite

   • P.Pracht, C.Bannwarth, JCTC, 2022, 18 (10), 6370-6385.
 
   Original code
     P.Pracht, S.Grimme, Universität Bonn, MCTC
   with help from (alphabetical order):
     C.Bannwarth, F.Bohle, S.Ehlert, G.Feldmann, J.Gorges,
     S.Grimme, C.Plett, P.Pracht, S.Spicher, P.Steinbach,
     P.Wesolowski, F.Zeller
 
   Online documentation is available at
   https://crest-lab.github.io/crest-docs/
 
   This program is distributed in the hope that it will be useful,
   but WITHOUT ANY WARRANTY; without even the implied warranty of
   MERCHANTABILITY or FITNESS FOR A PARTICULAR PURPOSE. See the
   GNU Lesser General Public License (LGPL) for more details.

 Command line input:
 $ crest GYFAGKUZYNFMBN-UHFFFAOYSA-N-1.xyz -gfnff -entropy -T 16 -chrg 0 -uhf 0

  --gfnff : Use of GFN-FF requested.
  -entropy : enhanced ensemble entropy calculation
  -T 16 (CPUs/Threads selected)
  -chrg 0
  -uhf 0
Parsing xtb-type input file bondlengths to set up calculators ...

> Setting up backup calculator ... done.
 ----------------
 Calculation info
 ----------------
> User-defined calculation level:
 : GFN-FF calculation via GFNFF lib
 :   Molecular charge    : 0
 
> User-defined constraints:
  # bond constraints    : 51
 
 
 -----------------------------
 Initial Geometry Optimization
 -----------------------------
 Geometry successfully optimized.
 
          ┍━━━━━━━━━━━━━━━━━━━━━━━━━━━━━━━━━━━━━━━━━━━━━━━━━┑
          │              CREST ENTROPY SAMPLING             │
          ┕━━━━━━━━━━━━━━━━━━━━━━━━━━━━━━━━━━━━━━━━━━━━━━━━━┙
 
 please cite:
 • P.Pracht, S.Grimme, Chem. Sci., 2021, 12, 6551-6568.
 • J.Gorges, S.Grimme, A.Hansen, P.Pracht, PCCP, 2022,24, 12249-12259.
 
 Input structure:
  34
 
 C         -2.8652367711       -2.7338105632        0.0000000000
 C         -3.5420479724       -1.5408048571        0.0000000000
 C         -2.8429221691       -0.3279513790       -0.0000000000
 C         -3.5228592338        0.9281914251       -0.0000000000
 C         -2.8368480184        2.0971252092        0.0000000000
 C         -1.4114233531        2.1137352647        0.0000000000
 C         -0.6823559283        3.3244284585       -0.0000000000
 C          0.6823559283        3.3244284585       -0.0000000000
 C          1.4114233531        2.1137352647       -0.0000000000
 C          2.8368480184        2.0971252092        0.0000000000
 C          3.5228592338        0.9281914251        0.0000000000
 C          2.8429221691       -0.3279513790        0.0000000000
 C          3.5420479724       -1.5408048571       -0.0000000000
 C          2.8652367711       -2.7338105632       -0.0000000000
 C          1.4798118711       -2.7593579583       -0.0000000000
 C          0.7321349984       -1.5870313769       -0.0000000000
 C         -0.7321349984       -1.5870313769       -0.0000000000
 C         -1.4798118711       -2.7593579583       -0.0000000000
 C         -1.4271822477       -0.3474925000       -0.0000000000
 C         -0.7109909863        0.8911028157       -0.0000000000
 C          0.7109909863        0.8911028157        0.0000000000
 C          1.4271822477       -0.3474925000        0.0000000000
 H         -3.4163326242       -3.6612350284        0.0000000000
 H         -4.6193962955       -1.5258471709        0.0000000000
 H         -4.6019583827        0.9227709208       -0.0000000000
 H         -3.3577020701        3.0422354585        0.0000000000
 H         -1.2318831822        4.2531482647       -0.0000000000
 H          1.2318831822        4.2531482647       -0.0000000000
 H          3.3577020701        3.0422354585        0.0000000000
 H          4.6019583827        0.9227709208        0.0000000000
 H          4.6193962955       -1.5258471709        0.0000000000
 H          3.4163326242       -3.6612350284       -0.0000000000
 H          0.9808501200       -3.7120578161       -0.0000000000
 H         -0.9808501200       -3.7120578161       -0.0000000000
 
 ------------------------------------------------
 Generating MTD length from a flexibility measure
 ------------------------------------------------
 Calculating GFN0-xTB WBOs   ... done.
 Calculating NCI flexibility ... done.
     covalent flexibility measure :   0.025
 non-covalent flexibility measure :   0.670
 flexibility measure :   0.065
 t(MTD) / ps    :     5.0
 Σ(t(MTD)) / ps :   120.0 (24 MTDs)
 
 -----------------------------------
 Starting trial MTD to test settings
 -----------------------------------
 Trial MTD 1 runtime (1.0 ps) ...        0 min,  0.693 sec
 Estimated runtime for one MTD (5.0 ps) on a single thread: 3 sec
 Estimated runtime for a batch of 24 MTDs on 16 threads: 7 sec
 
******************************************************************************************
**                         N E W   I T E R A T I O N  C Y C L E                         **
******************************************************************************************
 
 ------------------------------
 Meta-Dynamics Iteration 1
 ------------------------------
 list of applied metadynamics Vbias parameters:
$metadyn    0.25500   1.618
$metadyn    0.12750   1.618
$metadyn    0.06375   1.618
$metadyn    0.03188   1.618
$metadyn    0.25500   1.000
$metadyn    0.12750   1.000
$metadyn    0.06375   1.000
$metadyn    0.03188   1.000
$metadyn    0.25500   0.618
$metadyn    0.12750   0.618
$metadyn    0.06375   0.618
$metadyn    0.03188   0.618
$metadyn    0.25500   0.382
$metadyn    0.12750   0.382
$metadyn    0.06375   0.382
$metadyn    0.03188   0.382
$metadyn    0.25500   0.236
$metadyn    0.12750   0.236
$metadyn    0.06375   0.236
$metadyn    0.03188   0.236
$metadyn    0.25500   0.146
$metadyn    0.12750   0.146
$metadyn    0.06375   0.146
$metadyn    0.03188   0.146
 
  ::::::::::::: starting MTD    1 :::::::::::::
  |   MD simulation time   :     5.0 ps       |
  |   target T             :   300.0 K        |
  |   timestep dt          :     1.5 fs       |
  |   dump interval(trj)   :   100.0 fs       |
  |   SHAKE algorithm      : true (all bonds) |
  |   dump interval(Vbias) :    1.00 ps       |
  |   Vbias prefactor (k)  :  0.2550 Eh       |
  |   Vbias exponent (α)   :  1.6180 bohr⁻²   |
  ::::::::::::: starting MTD   17 :::::::::::::
  |   MD simulation time   :     5.0 ps       |
  |   target T             :   300.0 K        |
  |   timestep dt          :     1.5 fs       |
  |   dump interval(trj)   :   100.0 fs       |
  |   SHAKE algorithm      : true (all bonds) |
  |   dump interval(Vbias) :    1.00 ps       |
  |   Vbias prefactor (k)  :  0.2550 Eh       |
  |   Vbias exponent (α)   :  0.2361 bohr⁻²   |
  ::::::::::::: starting MTD    9 :::::::::::::
  |   MD simulation time   :     5.0 ps       |
  |   target T             :   300.0 K        |
  |   timestep dt          :     1.5 fs       |
  |   dump interval(trj)   :   100.0 fs       |
  |   SHAKE algorithm      : true (all bonds) |
  |   dump interval(Vbias) :    1.00 ps       |
  |   Vbias prefactor (k)  :  0.2550 Eh       |
  |   Vbias exponent (α)   :  0.6180 bohr⁻²   |
  ::::::::::::: starting MTD   20 :::::::::::::
  |   MD simulation time   :     5.0 ps       |
  |   target T             :   300.0 K        |
  |   timestep dt          :     1.5 fs       |
  |   dump interval(trj)   :   100.0 fs       |
  |   SHAKE algorithm      : true (all bonds) |
  |   dump interval(Vbias) :    1.00 ps       |
  |   Vbias prefactor (k)  :  0.0319 Eh       |
  |   Vbias exponent (α)   :  0.2361 bohr⁻²   |
  ::::::::::::: starting MTD   24 :::::::::::::
  |   MD simulation time   :     5.0 ps       |
  |   target T             :   300.0 K        |
  |   timestep dt          :     1.5 fs       |
  |   dump interval(trj)   :   100.0 fs       |
  |   SHAKE algorithm      : true (all bonds) |
  |   dump interval(Vbias) :    1.00 ps       |
  |   Vbias prefactor (k)  :  0.0319 Eh       |
  |   Vbias exponent (α)   :  0.1459 bohr⁻²   |
  ::::::::::::: starting MTD   19 :::::::::::::
  |   MD simulation time   :     5.0 ps       |
  |   target T             :   300.0 K        |
  |   timestep dt          :     1.5 fs       |
  |   dump interval(trj)   :   100.0 fs       |
  |   SHAKE algorithm      : true (all bonds) |
  |   dump interval(Vbias) :    1.00 ps       |
  |   Vbias prefactor (k)  :  0.0638 Eh       |
  |   Vbias exponent (α)   :  0.2361 bohr⁻²   |
  ::::::::::::: starting MTD   21 :::::::::::::
  |   MD simulation time   :     5.0 ps       |
  |   target T             :   300.0 K        |
  |   timestep dt          :     1.5 fs       |
  |   dump interval(trj)   :   100.0 fs       |
  |   SHAKE algorithm      : true (all bonds) |
  |   dump interval(Vbias) :    1.00 ps       |
  |   Vbias prefactor (k)  :  0.2550 Eh       |
  |   Vbias exponent (α)   :  0.1459 bohr⁻²   |
  ::::::::::::: starting MTD   13 :::::::::::::
  |   MD simulation time   :     5.0 ps       |
  |   target T             :   300.0 K        |
  |   timestep dt          :     1.5 fs       |
  |   dump interval(trj)   :   100.0 fs       |
  |   SHAKE algorithm      : true (all bonds) |
  |   dump interval(Vbias) :    1.00 ps       |
  |   Vbias prefactor (k)  :  0.2550 Eh       |
  |   Vbias exponent (α)   :  0.3820 bohr⁻²   |
  ::::::::::::: starting MTD    3 :::::::::::::
  |   MD simulation time   :     5.0 ps       |
  |   target T             :   300.0 K        |
  |   timestep dt          :     1.5 fs       |
  |   dump interval(trj)   :   100.0 fs       |
  |   SHAKE algorithm      : true (all bonds) |
  |   dump interval(Vbias) :    1.00 ps       |
  |   Vbias prefactor (k)  :  0.0638 Eh       |
  |   Vbias exponent (α)   :  1.6180 bohr⁻²   |
  ::::::::::::: starting MTD   11 :::::::::::::
  |   MD simulation time   :     5.0 ps       |
  |   target T             :   300.0 K        |
  |   timestep dt          :     1.5 fs       |
  |   dump interval(trj)   :   100.0 fs       |
  |   SHAKE algorithm      : true (all bonds) |
  |   dump interval(Vbias) :    1.00 ps       |
  |   Vbias prefactor (k)  :  0.0638 Eh       |
  |   Vbias exponent (α)   :  0.6180 bohr⁻²   |
  ::::::::::::: starting MTD    7 :::::::::::::
  |   MD simulation time   :     5.0 ps       |
  |   target T             :   300.0 K        |
  |   timestep dt          :     1.5 fs       |
  |   dump interval(trj)   :   100.0 fs       |
  |   SHAKE algorithm      : true (all bonds) |
  |   dump interval(Vbias) :    1.00 ps       |
  |   Vbias prefactor (k)  :  0.0638 Eh       |
  |   Vbias exponent (α)   :  1.0000 bohr⁻²   |
  ::::::::::::: starting MTD   15 :::::::::::::
  |   MD simulation time   :     5.0 ps       |
  |   target T             :   300.0 K        |
  |   timestep dt          :     1.5 fs       |
  |   dump interval(trj)   :   100.0 fs       |
  |   SHAKE algorithm      : true (all bonds) |
  |   dump interval(Vbias) :    1.00 ps       |
  |   Vbias prefactor (k)  :  0.0638 Eh       |
  |   Vbias exponent (α)   :  0.3820 bohr⁻²   |
  ::::::::::::: starting MTD   23 :::::::::::::
  |   MD simulation time   :     5.0 ps       |
  |   target T             :   300.0 K        |
  |   timestep dt          :     1.5 fs       |
  |   dump interval(trj)   :   100.0 fs       |
  |   SHAKE algorithm      : true (all bonds) |
  |   dump interval(Vbias) :    1.00 ps       |
  |   Vbias prefactor (k)  :  0.0638 Eh       |
  |   Vbias exponent (α)   :  0.1459 bohr⁻²   |
  ::::::::::::: starting MTD   22 :::::::::::::
  |   MD simulation time   :     5.0 ps       |
  |   target T             :   300.0 K        |
  |   timestep dt          :     1.5 fs       |
  |   dump interval(trj)   :   100.0 fs       |
  |   SHAKE algorithm      : true (all bonds) |
  |   dump interval(Vbias) :    1.00 ps       |
  |   Vbias prefactor (k)  :  0.1275 Eh       |
  |   Vbias exponent (α)   :  0.1459 bohr⁻²   |
  ::::::::::::: starting MTD   18 :::::::::::::
  |   MD simulation time   :     5.0 ps       |
  |   target T             :   300.0 K        |
  |   timestep dt          :     1.5 fs       |
  |   dump interval(trj)   :   100.0 fs       |
  |   SHAKE algorithm      : true (all bonds) |
  |   dump interval(Vbias) :    1.00 ps       |
  |   Vbias prefactor (k)  :  0.1275 Eh       |
  |   Vbias exponent (α)   :  0.2361 bohr⁻²   |
  ::::::::::::: starting MTD    5 :::::::::::::
  |   MD simulation time   :     5.0 ps       |
  |   target T             :   300.0 K        |
  |   timestep dt          :     1.5 fs       |
  |   dump interval(trj)   :   100.0 fs       |
  |   SHAKE algorithm      : true (all bonds) |
  |   dump interval(Vbias) :    1.00 ps       |
  |   Vbias prefactor (k)  :  0.2550 Eh       |
  |   Vbias exponent (α)   :  1.0000 bohr⁻²   |
*MTD  24 completed successfully ...        0 min,  4.925 sec
*MTD  21 completed successfully ...        0 min,  4.962 sec
*MTD  23 completed successfully ...        0 min,  4.963 sec
*MTD   7 completed successfully ...        0 min,  4.965 sec
*MTD  20 completed successfully ...        0 min,  4.966 sec
  ::::::::::::: starting MTD    8 :::::::::::::
  |   MD simulation time   :     5.0 ps       |
  |   target T             :   300.0 K        |
  |   timestep dt          :     1.5 fs       |
  |   dump interval(trj)   :   100.0 fs       |
  |   SHAKE algorithm      : true (all bonds) |
  |   dump interval(Vbias) :    1.00 ps       |
  |   Vbias prefactor (k)  :  0.0319 Eh       |
  |   Vbias exponent (α)   :  1.0000 bohr⁻²   |
*MTD   9 completed successfully ...        0 min,  4.966 sec
*MTD   3 completed successfully ...        0 min,  4.966 sec
  ::::::::::::: starting MTD   10 :::::::::::::
  |   MD simulation time   :     5.0 ps       |
  |   target T             :   300.0 K        |
  |   timestep dt          :     1.5 fs       |
  |   dump interval(trj)   :   100.0 fs       |
  |   SHAKE algorithm      : true (all bonds) |
  |   dump interval(Vbias) :    1.00 ps       |
  |   Vbias prefactor (k)  :  0.1275 Eh       |
  |   Vbias exponent (α)   :  0.6180 bohr⁻²   |
  ::::::::::::: starting MTD    4 :::::::::::::
  |   MD simulation time   :     5.0 ps       |
  |   target T             :   300.0 K        |
  |   timestep dt          :     1.5 fs       |
  |   dump interval(trj)   :   100.0 fs       |
  |   SHAKE algorithm      : true (all bonds) |
  |   dump interval(Vbias) :    1.00 ps       |
  |   Vbias prefactor (k)  :  0.0319 Eh       |
  |   Vbias exponent (α)   :  1.6180 bohr⁻²   |
*MTD  22 completed successfully ...        0 min,  4.967 sec
*MTD  15 completed successfully ...        0 min,  4.973 sec
  ::::::::::::: starting MTD   16 :::::::::::::
  |   MD simulation time   :     5.0 ps       |
  |   target T             :   300.0 K        |
  |   timestep dt          :     1.5 fs       |
  |   dump interval(trj)   :   100.0 fs       |
  |   SHAKE algorithm      : true (all bonds) |
  |   dump interval(Vbias) :    1.00 ps       |
  |   Vbias prefactor (k)  :  0.0319 Eh       |
  |   Vbias exponent (α)   :  0.3820 bohr⁻²   |
*MTD  13 completed successfully ...        0 min,  4.984 sec
  ::::::::::::: starting MTD   14 :::::::::::::
  |   MD simulation time   :     5.0 ps       |
  |   target T             :   300.0 K        |
  |   timestep dt          :     1.5 fs       |
  |   dump interval(trj)   :   100.0 fs       |
  |   SHAKE algorithm      : true (all bonds) |
  |   dump interval(Vbias) :    1.00 ps       |
  |   Vbias prefactor (k)  :  0.1275 Eh       |
  |   Vbias exponent (α)   :  0.3820 bohr⁻²   |
*MTD  19 completed successfully ...        0 min,  4.985 sec
*MTD  11 completed successfully ...        0 min,  4.995 sec
  ::::::::::::: starting MTD   12 :::::::::::::
  |   MD simulation time   :     5.0 ps       |
  |   target T             :   300.0 K        |
  |   timestep dt          :     1.5 fs       |
  |   dump interval(trj)   :   100.0 fs       |
  |   SHAKE algorithm      : true (all bonds) |
  |   dump interval(Vbias) :    1.00 ps       |
  |   Vbias prefactor (k)  :  0.0319 Eh       |
  |   Vbias exponent (α)   :  0.6180 bohr⁻²   |
*MTD   5 completed successfully ...        0 min,  4.998 sec
  ::::::::::::: starting MTD    6 :::::::::::::
  |   MD simulation time   :     5.0 ps       |
  |   target T             :   300.0 K        |
  |   timestep dt          :     1.5 fs       |
  |   dump interval(trj)   :   100.0 fs       |
  |   SHAKE algorithm      : true (all bonds) |
  |   dump interval(Vbias) :    1.00 ps       |
  |   Vbias prefactor (k)  :  0.1275 Eh       |
  |   Vbias exponent (α)   :  1.0000 bohr⁻²   |
*MTD  18 completed successfully ...        0 min,  4.998 sec
*MTD   1 completed successfully ...        0 min,  5.001 sec
  ::::::::::::: starting MTD    2 :::::::::::::
  |   MD simulation time   :     5.0 ps       |
  |   target T             :   300.0 K        |
  |   timestep dt          :     1.5 fs       |
  |   dump interval(trj)   :   100.0 fs       |
  |   SHAKE algorithm      : true (all bonds) |
  |   dump interval(Vbias) :    1.00 ps       |
  |   Vbias prefactor (k)  :  0.1275 Eh       |
  |   Vbias exponent (α)   :  1.6180 bohr⁻²   |
*MTD  17 completed successfully ...        0 min,  5.002 sec
*MTD  10 completed successfully ...        0 min,  3.127 sec
*MTD   8 completed successfully ...        0 min,  3.132 sec
*MTD  14 completed successfully ...        0 min,  3.146 sec
*MTD  12 completed successfully ...        0 min,  3.134 sec
*MTD   2 completed successfully ...        0 min,  3.144 sec
*MTD   6 completed successfully ...        0 min,  3.158 sec
*MTD   4 completed successfully ...        0 min,  3.532 sec
*MTD  16 completed successfully ...        0 min,  3.531 sec
 
 ======================================
 |  Multilevel Ensemble Optimization  |
 ======================================
 Optimizing all 1176 structures from file "crest_dynamics.trj" ...
 ----------------------
 crude pre-optimization
 ----------------------
 Optimization engine: ANCOPT
 Hessian update type: BFGS
 E/G convergence criteria:  0.500E-03 Eh, 0.100E-01 Eh/a0
 maximum optimization steps: 200
 |>0.1% |>7.6% |>15.1% |>22.5% |>30.0% |>37.5% |>45.1% |>52.6% |>60.0% |>67.5% |>75.0% |>82.6% |>90.1% |>97.5% |>100.0%
 done.
> 1176 of 1176 structures successfully optimized (100.0% success)
> Total runtime for 1176 optimizations:
 * wall-time:     0 d,  0 h,  0 min,  9.510 sec
 *  cpu-time:     0 d,  0 h,  2 min, 25.606 sec
 * ratio c/w:    15.311 speedup
> Corresponding to approximately 0.008 sec per processed structure
 
CREGEN> running RMSDs ... done.
CREGEN> E lowest :    -7.74189
 2 structures remain within    12.00 kcal/mol window
 ----------------------------------
 optimization with tight thresholds
 ----------------------------------
 Optimization engine: ANCOPT
 Hessian update type: BFGS
 E/G convergence criteria:  0.100E-05 Eh, 0.800E-03 Eh/a0
 maximum optimization steps: 200
 |>50.0% |>100.0%
 done.
> 2 of 2 structures successfully optimized (100.0% success)
> Total runtime for 2 optimizations:
 * wall-time:     0 d,  0 h,  0 min,  0.127 sec
 *  cpu-time:     0 d,  0 h,  0 min,  2.014 sec
 * ratio c/w:    15.911 speedup
> Corresponding to approximately 0.063 sec per processed structure
 
CREGEN> running RMSDs ... done.
CREGEN> E lowest :    -7.74193
 1 structures remain within     6.00 kcal/mol window
 
========================================
           MTD Simulations done         
========================================
 Collecting ensmbles.
CREGEN> running RMSDs ... done.
CREGEN> E lowest :    -7.74193
 1 structures remain within     6.00 kcal/mol window
     H(298.15K)-H(0) (conf)      0.000000
                   Cp(conf)      0.000000
                    S(conf)      0.000000
 
******************************************************************************************
**                          I T E R A T I O N    C Y C L E      1                       **
******************************************************************************************
 -------------------------------------------
 determining bias structures via PCA/k-Means
 -------------------------------------------
 1 structures were selected
 done.

 -----------------------------------------------
 determining MTD seed structures via PCA/k-Means
 -----------------------------------------------
 1 structures were selected
 done.


 ==========================================================
 Static MTDs (umbrella sampling) on 1 selected conformer(s)
 ==========================================================
> Using 1 constant RMSD bias potentials per MTD
  :::::::::: starting static MTD   1 ::::::::::
  |   MD simulation time   :     2.5 ps       |
  |   target T             :   400.0 K        |
  |   timestep dt          :     1.5 fs       |
  |   dump interval(trj)   :   100.0 fs       |
  |   SHAKE algorithm      : true (all bonds) |
  |   Vbias prefactor (k)  :  0.0023 Eh       |
  |   Vbias exponent (α)   :  1.0000 bohr⁻²   |
*sMTD   1 completed successfully ...        0 min,  1.237 sec
 
 ======================================
 |  Multilevel Ensemble Optimization  |
 ======================================
 Optimizing all 24 structures from file "crest_rotamers_0.xyz" ...
 ----------------------
 crude pre-optimization
 ----------------------
 Optimization engine: ANCOPT
 Hessian update type: BFGS
 E/G convergence criteria:  0.500E-03 Eh, 0.100E-01 Eh/a0
 maximum optimization steps: 200
 |>4.2% |>12.5% |>20.8% |>33.3% |>41.7% |>50.0% |>62.5% |>70.8% |>83.3% |>91.7% |>100.0%
 done.
> 24 of 24 structures successfully optimized (100.0% success)
> Total runtime for 24 optimizations:
 * wall-time:     0 d,  0 h,  0 min,  0.185 sec
 *  cpu-time:     0 d,  0 h,  0 min,  2.797 sec
 * ratio c/w:    15.098 speedup
> Corresponding to approximately 0.008 sec per processed structure
 
CREGEN> running RMSDs ... done.
CREGEN> E lowest :    -7.74187
 3 structures remain within    12.00 kcal/mol window
 ---------------------------------------
 optimization with very tight thresholds
 ---------------------------------------
 Optimization engine: ANCOPT
 Hessian update type: BFGS
 E/G convergence criteria:  0.100E-06 Eh, 0.200E-03 Eh/a0
 maximum optimization steps: 200
 |>33.3% |>66.7% |>100.0%
 done.
> 3 of 3 structures successfully optimized (100.0% success)
> Total runtime for 3 optimizations:
 * wall-time:     0 d,  0 h,  0 min,  0.117 sec
 *  cpu-time:     0 d,  0 h,  0 min,  1.837 sec
 * ratio c/w:    15.689 speedup
> Corresponding to approximately 0.039 sec per processed structure
 
CREGEN> running RMSDs ... done.
CREGEN> E lowest :    -7.74193
 1 structures remain within     6.00 kcal/mol window
CREGEN> running RMSDs ... done.
CREGEN> E lowest :    -7.74193
 
 Static MTD simulation iteration 1 finished
 A total of 1 conformers (+ 0.00%) in crest_conformers.xyz
 S(approx.) =   -0.000000 cal/molK (dS = 0.00%)
 Convergence w.r.t. conformers:  T
 Convergence w.r.t. entropy   :  T
 
     H(298.15K)-H(0) (conf)      0.000000
                   Cp(conf)      0.000000
                    S(conf)      0.000000


 --------------------------
 Final Ensemble Information
 --------------------------
 input  file name : crest_rotamers_2.xyz
 output file name : crest_rotamers_3.xyz
 number of atoms                :   34
 number of points on xyz files  :   2
 RMSD threshold                 :   0.1250
 Bconst threshold               :   0.0100
 population threshold           :   0.0500
 # fragment in coord            :     1
 # bonds in reference structure :    39
   => # of C=C bonds :     3
 number of reliable points      :     2
 sorting energy window (EWIN)   :    6.0000 / kcal*mol⁻¹
 reference state Etot           :  -7.74193430000000
 number of doubles removed by rot/RMSD         :           1
 total number unique points considered further :           1
       Erel/kcal        Etot weight/tot  conformer     set   degen     origin
       1   0.000    -7.74193    1.00000    1.00000       1       1
T /K                                  :   298.15
E lowest                              :    -7.74193
ensemble average energy (kcal)        :    0.000
ensemble entropy (J/mol K, cal/mol K) :   -0.000   -0.000
ensemble free energy (kcal/mol)       :    0.000
population of lowest in %             :  100.000
 number of unique conformers for further calc            1
 list of relative energies saved as "crest.energies"
 compare nuclear equivalencies ...
::::::::::: conformer group all :::::::::::
 chemical equivalencies (mag.active nuclei):
 magnetic equivalencies:
 
******************************************************************************************
**                           ENSEMBLE ENTROPY CALCULATION                               **
******************************************************************************************
======================================================
 Containing 1 conformers :
     H(298.15K)-H(0) (conf)      0.000000
                   Cp(conf)      0.000000
                    S(conf)      0.000000
======================================================
 Containing 1 conformers :
     H(298.15K)-H(0) (conf)      0.000000
                   Cp(conf)      0.000000
                    S(conf)      0.000000
======================================================

 --------------------------------------
 FINAL CALCULATION OF MOLECULAR ENTROPY
 --------------------------------------
 
WARNING: Not enough blocks for extrapolation.
         Taking full ensemble entropy instead.

FINAL ENTROPY (max conf.)  :      0.00000
 
 ----------------------------------
 Frequency Calculation and Averages
 ----------------------------------
 Nconf on file      : 1
 Taken for Hessians : 1 (=100.00% total population)
 T range  /K    :   278.15   378.15
 scaling factor :          1.000000     
 rotor cutoff   :         25.000000 cm⁻¹
 imag. cutoff   :        -50.000000 cm⁻¹
 
 Running 1 calculations ...
 |>100.0%
 done.
 calculating averages for G and S ...    done.
 calculating Boltzmann weights ...       done.
 calculating reference S (bhess) ... > bhess not implemented for calculator routines
    done.
 calculating δSrrho ...                  done.
 
 Coordinates for the bhess reference structure (Ångström):
 -----------------------------------------------------------
  34
 
 C         -2.8888120000       -2.7541024607        0.0000000000
 C         -3.5724910000       -1.5455414607        0.0000000000
 C         -2.8633580000       -0.3284504607        0.0000000000
 C         -3.5446840000        0.9346855393        0.0000000000
 C         -2.8530120000        2.1116855393        0.0000000000
 C         -1.4200220000        2.1265105393        0.0000000000
 C         -0.6887600000        3.3427495393        0.0000000000
 C          0.6887600000        3.3427495393        0.0000000000
 C          1.4200220000        2.1265105393        0.0000000000
 C          2.8530120000        2.1116855393        0.0000000000
 C          3.5446840000        0.9346855393        0.0000000000
 C          2.8633580000       -0.3284504607        0.0000000000
 C          3.5724910000       -1.5455414607        0.0000000000
 C          2.8888120000       -2.7541024607        0.0000000000
 C          1.4892530000       -2.7779674607        0.0000000000
 C          0.7347350000       -1.5962074607        0.0000000000
 C         -0.7347350000       -1.5962074607        0.0000000000
 C         -1.4892530000       -2.7779674607        0.0000000000
 C         -1.4323390000       -0.3484244607        0.0000000000
 C         -0.7143790000        0.8921205393        0.0000000000
 C          0.7143790000        0.8921205393        0.0000000000
 C          1.4323390000       -0.3484244607        0.0000000000
 H         -3.4426270000       -3.6974824607        0.0000000000
 H         -4.6663550000       -1.5246804607        0.0000000000
 H         -4.6388620000        0.9332635393        0.0000000000
 H         -3.3841850000        3.0683535393        0.0000000000
 H         -1.2405750000        4.2876215393        0.0000000000
 H          1.2405750000        4.2876215393        0.0000000000
 H          3.3841850000        3.0683535393        0.0000000000
 H          4.6388620000        0.9332635393        0.0000000000
 H          4.6663550000       -1.5246804607        0.0000000000
 H          3.4426270000       -3.6974824607        0.0000000000
 H          0.9885250000       -3.7469844607        0.0000000000
 H         -0.9885250000       -3.7469844607        0.0000000000
 -----------------------------------------------------------
 as read from <coord>
 Heavy-atom RMSD between lowest conformer and this reference :
 RMSD(heavy) =        0.020158 Å
 
 msRRHO(bhess) reference entropies:
      278.15        109.650422
      288.15        111.908938
      298.15        114.170892
      308.15        116.434957
      318.15        118.699895
      328.15        120.964552
      338.15        123.227849
      348.15        125.488780
      358.15        127.746407
      368.15        129.999854
      378.15        132.248306

       T/K  |S(T)|/cal/molK       |G(T)|/Eh     G_lowest/Eh    (conf)
   -----------------------------------------------------------------
    278.15    0.113724E+03    0.227004E+00       -7.514931         1
    288.15    0.116047E+03    0.225173E+00       -7.516761         1
    298.15    0.118370E+03    0.223306E+00       -7.518628         1
    308.15    0.120692E+03    0.221402E+00       -7.520533         1
    318.15    0.123011E+03    0.219461E+00       -7.522474         1
    328.15    0.125327E+03    0.217482E+00       -7.524452         1
    338.15    0.127638E+03    0.215467E+00       -7.526467         1
    348.15    0.129944E+03    0.213415E+00       -7.528519         1
    358.15    0.132243E+03    0.211327E+00       -7.530607         1
    368.15    0.134536E+03    0.209202E+00       -7.532732         1
    378.15    0.136822E+03    0.207040E+00       -7.534894         1
   -----------------------------------------------------------------
   NOTE: if |G(T)| is the averaged contributrion to the free energy.
   |G(T)| used only for the higher-energetic structures (n > 1).
   All other structures use G(T) from the respective Hessian calculations.
 
 Quantities calculated on free energies:
       T/K          δSrrho           Cp(T)     [H(T)-H(0)]
   -------------------------------------------------------
    278.15    0.407332E+01    0.000000E+00        0.000000
    288.15    0.413820E+01    0.000000E+00        0.000000
    298.15    0.419938E+01    0.000000E+00        0.000000
    308.15    0.425701E+01    0.000000E+00        0.000000
    318.15    0.431122E+01    0.000000E+00        0.000000
    328.15    0.436217E+01    0.000000E+00        0.000000
    338.15    0.441001E+01    0.000000E+00        0.000000
    348.15    0.445490E+01    0.000000E+00        0.000000
    358.15    0.449698E+01    0.000000E+00        0.000000
    368.15    0.453642E+01    0.000000E+00        0.000000
    378.15    0.457335E+01    0.000000E+00        0.000000
   -------------------------------------------------------
   NOTE: δSrrho(T) = |S(T)| - Sref(T)
 
 ----------------------
 TEMPERATURE DEPENDENCE
 ----------------------
 
 Final CONFORMATIONAL quantities at given T:
       T/K        S(total)           Cp(T)     [H(T)-H(0)]        G(total)
   -----------------------------------------------------------------------
    278.15        4.073317        0.000000        0.000000       -1.132993
    288.15        4.138198        0.000000        0.000000       -1.192422
    298.15        4.199384        0.000000        0.000000       -1.252046
    308.15        4.257010        0.000000        0.000000       -1.311798
    318.15        4.311222        0.000000        0.000000       -1.371615
    328.15        4.362171        0.000000        0.000000       -1.431446
    338.15        4.410010        0.000000        0.000000       -1.491245
    348.15        4.454895        0.000000        0.000000       -1.550972
    358.15        4.496981        0.000000        0.000000       -1.610594
    368.15        4.536418        0.000000        0.000000       -1.670082
    378.15        4.573354        0.000000        0.000000       -1.729414
   -----------------------------------------------------------------------
   S and Cp in cal/mol*K; H and G in kcal/mol
   G(total) is the ensemble free energy (H-T*S) and S(total) = S(conf,extrapol.) + δSrrho
 
 ----------------------------------------------------
 |      FINAL MOLECULAR ENTROPY AT T= 298.15 K      |
 ----------------------------------------------------
     Sconf   =          0.000000
   + δSrrho  =          4.199384
 -----------------------------------------------------
 = S(total)  =          4.199384  (cal mol⁻¹ K⁻¹)
 
   H(T)-H(0) =          0.000000
   G         =         -1.252046   (-T*S)
 -----------------------------------------------------
 = G(total)  =         -1.252046  (H-T*S) (kcal mol⁻¹)
 
   Cp(total) =          0.000000  (cal mol⁻¹ K⁻¹)
 
 
 -----------------
 Wall Time Summary
 -----------------
 CREST runtime (total)               0 d,  0 h,  0 min, 23.146 sec
 ------------------------------------------------------------------
 Trial metadynamics (MTD)   ...        0 min,  0.698 sec (  3.018%)
 Metadynamics (MTD)         ...        0 min,  8.784 sec ( 37.951%)
 Geometry optimization      ...        0 min, 11.548 sec ( 49.894%)
 Static metadynamics (sMTD) ...        0 min,  1.277 sec (  5.518%)
 Conf. entropy evaluation   ...        0 min,  0.483 sec (  2.085%)
 I/O and setup              ...        0 min,  0.355 sec (  1.533%)
 ------------------------------------------------------------------
 * wall-time:     0 d,  0 h,  0 min, 23.146 sec
 *  cpu-time:     0 d,  0 h,  5 min, 10.676 sec
 * ratio c/w:    13.423 speedup
 ------------------------------------------------------------------
 * Total number of energy+grad calls: 103182
 
 CREST terminated normally.
