 
       ╔════════════════════════════════════════════╗
       ║            ___ ___ ___ ___ _____           ║
       ║           / __| _ \ __/ __|_   _|          ║
       ║          | (__|   / _|\__ \ | |            ║
       ║           \___|_|_\___|___/ |_|            ║
       ║                                            ║
       ║  Conformer-Rotamer Ensemble Sampling Tool  ║
       ║          based on the xTB methods          ║
       ║                                            ║
       ╚════════════════════════════════════════════╝
       Version 3.0.2, Sun Aug 25 20:02:36 UTC 2024
       commit (af7eb99) compiled by 'runner@fv-az1984-471'
 
   Cite work conducted with this code as

   • P.Pracht, F.Bohle, S.Grimme, PCCP, 2020, 22, 7169-7192.
   • S.Grimme, JCTC, 2019, 15, 2847-2862.
   • P.Pracht, S.Grimme, C.Bannwarth, F.Bohle, S.Ehlert,
     G.Feldmann, J.Gorges, M.Müller, T.Neudecker, C.Plett,
     S.Spicher, P.Steinbach, P.Wesołowski, F.Zeller,
     J. Chem. Phys., 2024, 160, 114110.

   for works involving QCG cite

   • S.Spicher, C.Plett, P.Pracht, A.Hansen, S.Grimme,
     JCTC, 2022, 18 (5), 3174-3189.
   • C.Plett, S. Grimme,
     Angew. Chem. Int. Ed. 2023, 62, e202214477.

   for works involving MECP screening cite

   • P.Pracht, C.Bannwarth, JCTC, 2022, 18 (10), 6370-6385.
 
   Original code
     P.Pracht, S.Grimme, Universität Bonn, MCTC
   with help from (alphabetical order):
     C.Bannwarth, F.Bohle, S.Ehlert, G.Feldmann, J.Gorges,
     S.Grimme, C.Plett, P.Pracht, S.Spicher, P.Steinbach,
     P.Wesolowski, F.Zeller
 
   Online documentation is available at
   https://crest-lab.github.io/crest-docs/
 
   This program is distributed in the hope that it will be useful,
   but WITHOUT ANY WARRANTY; without even the implied warranty of
   MERCHANTABILITY or FITNESS FOR A PARTICULAR PURPOSE. See the
   GNU Lesser General Public License (LGPL) for more details.

 Command line input:
 $ crest HAXBIWFMXWRORI-UHFFFAOYSA-N-1.xyz -gfnff -entropy -T 32 -chrg 0 -uhf 0

  --gfnff : Use of GFN-FF requested.
  -entropy : enhanced ensemble entropy calculation
  -T 32 (CPUs/Threads selected)
  -chrg 0
  -uhf 0
Parsing xtb-type input file bondlengths to set up calculators ...

> Setting up backup calculator ... done.
 ----------------
 Calculation info
 ----------------
> User-defined calculation level:
 : GFN-FF calculation via GFNFF lib
 :   Molecular charge    : 0
 
> User-defined constraints:
  # bond constraints    : 60
 
 
 -----------------------------
 Initial Geometry Optimization
 -----------------------------
 Geometry successfully optimized.
 
          ┍━━━━━━━━━━━━━━━━━━━━━━━━━━━━━━━━━━━━━━━━━━━━━━━━━┑
          │              CREST ENTROPY SAMPLING             │
          ┕━━━━━━━━━━━━━━━━━━━━━━━━━━━━━━━━━━━━━━━━━━━━━━━━━┙
 
 please cite:
 • P.Pracht, S.Grimme, Chem. Sci., 2021, 12, 6551-6568.
 • J.Gorges, S.Grimme, A.Hansen, P.Pracht, PCCP, 2022,24, 12249-12259.
 
 Input structure:
  32
 
 C         -5.0129260867        0.7023598088        0.0000000000
 C         -5.0129260867       -0.7023598088       -0.0000000000
 C         -3.8345916700       -1.3930047904       -0.0000000000
 C         -2.5926517527       -0.7132933108       -0.0000000000
 C         -1.3644145362       -1.4181986394       -0.0000000000
 C         -0.1836760844       -0.7182669636        0.0000000000
 C         -0.1836760844        0.7182669636        0.0000000000
 C         -1.3644145362        1.4181986394       -0.0000000000
 C         -2.5926517527        0.7132933108       -0.0000000000
 C         -3.8345916700        1.3930047904       -0.0000000000
 C          1.2180026059        1.1724553057        0.0000000000
 C          1.8590107021        2.3928178832        0.0000000000
 C          3.2664435487        2.4219984972        0.0000000000
 C          4.0225573531        1.2725678482        0.0000000000
 C          3.4015142294        0.0000000000        0.0000000000
 C          4.0225573531       -1.2725678482        0.0000000000
 C          3.2664435487       -2.4219984972        0.0000000000
 C          1.8590107021       -2.3928178832        0.0000000000
 C          1.2180026059       -1.1724553057        0.0000000000
 C          2.0051007238       -0.0000000000        0.0000000000
 H         -5.9561685334        1.2291375331        0.0000000000
 H         -5.9561685334       -1.2291375331       -0.0000000000
 H         -3.8277836530       -2.4724430949        0.0000000000
 H         -1.3664186402       -2.4956658917        0.0000000000
 H         -1.3664186402        2.4956658917        0.0000000000
 H         -3.8277836530        2.4724430949       -0.0000000000
 H          1.2913627582        3.3102087061       -0.0000000000
 H          3.7649851370        3.3783760879        0.0000000000
 H          5.0983296656        1.3252172344       -0.0000000000
 H          5.0983296656       -1.3252172344        0.0000000000
 H          3.7649851371       -3.3783760879       -0.0000000000
 H          1.2913627582       -3.3102087061        0.0000000000
 
 ------------------------------------------------
 Generating MTD length from a flexibility measure
 ------------------------------------------------
 Calculating GFN0-xTB WBOs   ... done.
 Calculating NCI flexibility ... done.
     covalent flexibility measure :   0.032
 non-covalent flexibility measure :   0.705
 flexibility measure :   0.078
 t(MTD) / ps    :     5.0
 Σ(t(MTD)) / ps :   120.0 (24 MTDs)
 
 -----------------------------------
 Starting trial MTD to test settings
 -----------------------------------
 Trial MTD 1 runtime (1.0 ps) ...        0 min,  0.566 sec
 Estimated runtime for one MTD (5.0 ps) on a single thread: 3 sec
 Estimated runtime for a batch of 24 MTDs on 32 threads: 3 sec
 
******************************************************************************************
**                         N E W   I T E R A T I O N  C Y C L E                         **
******************************************************************************************
 
 ------------------------------
 Meta-Dynamics Iteration 1
 ------------------------------
 list of applied metadynamics Vbias parameters:
$metadyn    0.24000   1.618
$metadyn    0.12000   1.618
$metadyn    0.06000   1.618
$metadyn    0.03000   1.618
$metadyn    0.24000   1.000
$metadyn    0.12000   1.000
$metadyn    0.06000   1.000
$metadyn    0.03000   1.000
$metadyn    0.24000   0.618
$metadyn    0.12000   0.618
$metadyn    0.06000   0.618
$metadyn    0.03000   0.618
$metadyn    0.24000   0.382
$metadyn    0.12000   0.382
$metadyn    0.06000   0.382
$metadyn    0.03000   0.382
$metadyn    0.24000   0.236
$metadyn    0.12000   0.236
$metadyn    0.06000   0.236
$metadyn    0.03000   0.236
$metadyn    0.24000   0.146
$metadyn    0.12000   0.146
$metadyn    0.06000   0.146
$metadyn    0.03000   0.146
 
  ::::::::::::: starting MTD   23 :::::::::::::
  |   MD simulation time   :     5.0 ps       |
  |   target T             :   300.0 K        |
  |   timestep dt          :     1.5 fs       |
  |   dump interval(trj)   :   100.0 fs       |
  |   SHAKE algorithm      : true (all bonds) |
  |   dump interval(Vbias) :    1.00 ps       |
  |   Vbias prefactor (k)  :  0.0600 Eh       |
  |   Vbias exponent (α)   :  0.1459 bohr⁻²   |
  ::::::::::::: starting MTD   24 :::::::::::::
  |   MD simulation time   :     5.0 ps       |
  |   target T             :   300.0 K        |
  |   timestep dt          :     1.5 fs       |
  |   dump interval(trj)   :   100.0 fs       |
  |   SHAKE algorithm      : true (all bonds) |
  |   dump interval(Vbias) :    1.00 ps       |
  |   Vbias prefactor (k)  :  0.0300 Eh       |
  |   Vbias exponent (α)   :  0.1459 bohr⁻²   |
  ::::::::::::: starting MTD   17 :::::::::::::
  |   MD simulation time   :     5.0 ps       |
  |   target T             :   300.0 K        |
  |   timestep dt          :     1.5 fs       |
  |   dump interval(trj)   :   100.0 fs       |
  |   SHAKE algorithm      : true (all bonds) |
  |   dump interval(Vbias) :    1.00 ps       |
  |   Vbias prefactor (k)  :  0.2400 Eh       |
  |   Vbias exponent (α)   :  0.2361 bohr⁻²   |
  ::::::::::::: starting MTD   11 :::::::::::::
  |   MD simulation time   :     5.0 ps       |
  |   target T             :   300.0 K        |
  |   timestep dt          :     1.5 fs       |
  |   dump interval(trj)   :   100.0 fs       |
  |   SHAKE algorithm      : true (all bonds) |
  |   dump interval(Vbias) :    1.00 ps       |
  |   Vbias prefactor (k)  :  0.0600 Eh       |
  |   Vbias exponent (α)   :  0.6180 bohr⁻²   |
  ::::::::::::: starting MTD    6 :::::::::::::
  |   MD simulation time   :     5.0 ps       |
  |   target T             :   300.0 K        |
  |   timestep dt          :     1.5 fs       |
  |   dump interval(trj)   :   100.0 fs       |
  |   SHAKE algorithm      : true (all bonds) |
  |   dump interval(Vbias) :    1.00 ps       |
  |   Vbias prefactor (k)  :  0.1200 Eh       |
  |   Vbias exponent (α)   :  1.0000 bohr⁻²   |
  ::::::::::::: starting MTD    8 :::::::::::::
  |   MD simulation time   :     5.0 ps       |
  |   target T             :   300.0 K        |
  |   timestep dt          :     1.5 fs       |
  |   dump interval(trj)   :   100.0 fs       |
  |   SHAKE algorithm      : true (all bonds) |
  |   dump interval(Vbias) :    1.00 ps       |
  |   Vbias prefactor (k)  :  0.0300 Eh       |
  |   Vbias exponent (α)   :  1.0000 bohr⁻²   |
  ::::::::::::: starting MTD   20 :::::::::::::
  |   MD simulation time   :     5.0 ps       |
  |   target T             :   300.0 K        |
  |   timestep dt          :     1.5 fs       |
  |   dump interval(trj)   :   100.0 fs       |
  |   SHAKE algorithm      : true (all bonds) |
  |   dump interval(Vbias) :    1.00 ps       |
  |   Vbias prefactor (k)  :  0.0300 Eh       |
  |   Vbias exponent (α)   :  0.2361 bohr⁻²   |
  ::::::::::::: starting MTD    7 :::::::::::::
  |   MD simulation time   :     5.0 ps       |
  |   target T             :   300.0 K        |
  |   timestep dt          :     1.5 fs       |
  |   dump interval(trj)   :   100.0 fs       |
  |   SHAKE algorithm      : true (all bonds) |
  |   dump interval(Vbias) :    1.00 ps       |
  |   Vbias prefactor (k)  :  0.0600 Eh       |
  |   Vbias exponent (α)   :  1.0000 bohr⁻²   |
  ::::::::::::: starting MTD   12 :::::::::::::
  |   MD simulation time   :     5.0 ps       |
  |   target T             :   300.0 K        |
  |   timestep dt          :     1.5 fs       |
  |   dump interval(trj)   :   100.0 fs       |
  |   SHAKE algorithm      : true (all bonds) |
  |   dump interval(Vbias) :    1.00 ps       |
  |   Vbias prefactor (k)  :  0.0300 Eh       |
  |   Vbias exponent (α)   :  0.6180 bohr⁻²   |
  ::::::::::::: starting MTD   14 :::::::::::::
  |   MD simulation time   :     5.0 ps       |
  |   target T             :   300.0 K        |
  |   timestep dt          :     1.5 fs       |
  |   dump interval(trj)   :   100.0 fs       |
  |   SHAKE algorithm      : true (all bonds) |
  |   dump interval(Vbias) :    1.00 ps       |
  |   Vbias prefactor (k)  :  0.1200 Eh       |
  |   Vbias exponent (α)   :  0.3820 bohr⁻²   |
  ::::::::::::: starting MTD   10 :::::::::::::
  |   MD simulation time   :     5.0 ps       |
  |   target T             :   300.0 K        |
  |   timestep dt          :     1.5 fs       |
  |   dump interval(trj)   :   100.0 fs       |
  |   SHAKE algorithm      : true (all bonds) |
  |   dump interval(Vbias) :    1.00 ps       |
  |   Vbias prefactor (k)  :  0.1200 Eh       |
  |   Vbias exponent (α)   :  0.6180 bohr⁻²   |
  ::::::::::::: starting MTD   19 :::::::::::::
  |   MD simulation time   :     5.0 ps       |
  |   target T             :   300.0 K        |
  |   timestep dt          :     1.5 fs       |
  |   dump interval(trj)   :   100.0 fs       |
  |   SHAKE algorithm      : true (all bonds) |
  |   dump interval(Vbias) :    1.00 ps       |
  |   Vbias prefactor (k)  :  0.0600 Eh       |
  |   Vbias exponent (α)   :  0.2361 bohr⁻²   |
  ::::::::::::: starting MTD    4 :::::::::::::
  |   MD simulation time   :     5.0 ps       |
  |   target T             :   300.0 K        |
  |   timestep dt          :     1.5 fs       |
  |   dump interval(trj)   :   100.0 fs       |
  |   SHAKE algorithm      : true (all bonds) |
  |   dump interval(Vbias) :    1.00 ps       |
  |   Vbias prefactor (k)  :  0.0300 Eh       |
  |   Vbias exponent (α)   :  1.6180 bohr⁻²   |
  ::::::::::::: starting MTD   21 :::::::::::::
  |   MD simulation time   :     5.0 ps       |
  |   target T             :   300.0 K        |
  |   timestep dt          :     1.5 fs       |
  |   dump interval(trj)   :   100.0 fs       |
  |   SHAKE algorithm      : true (all bonds) |
  |   dump interval(Vbias) :    1.00 ps       |
  |   Vbias prefactor (k)  :  0.2400 Eh       |
  |   Vbias exponent (α)   :  0.1459 bohr⁻²   |
  ::::::::::::: starting MTD    2 :::::::::::::
  |   MD simulation time   :     5.0 ps       |
  |   target T             :   300.0 K        |
  |   timestep dt          :     1.5 fs       |
  |   dump interval(trj)   :   100.0 fs       |
  |   SHAKE algorithm      : true (all bonds) |
  |   dump interval(Vbias) :    1.00 ps       |
  |   Vbias prefactor (k)  :  0.1200 Eh       |
  |   Vbias exponent (α)   :  1.6180 bohr⁻²   |
  ::::::::::::: starting MTD   18 :::::::::::::
  |   MD simulation time   :     5.0 ps       |
  |   target T             :   300.0 K        |
  |   timestep dt          :     1.5 fs       |
  |   dump interval(trj)   :   100.0 fs       |
  |   SHAKE algorithm      : true (all bonds) |
  |   dump interval(Vbias) :    1.00 ps       |
  |   Vbias prefactor (k)  :  0.1200 Eh       |
  |   Vbias exponent (α)   :  0.2361 bohr⁻²   |
  ::::::::::::: starting MTD    3 :::::::::::::
  |   MD simulation time   :     5.0 ps       |
  |   target T             :   300.0 K        |
  |   timestep dt          :     1.5 fs       |
  |   dump interval(trj)   :   100.0 fs       |
  |   SHAKE algorithm      : true (all bonds) |
  |   dump interval(Vbias) :    1.00 ps       |
  |   Vbias prefactor (k)  :  0.0600 Eh       |
  |   Vbias exponent (α)   :  1.6180 bohr⁻²   |
  ::::::::::::: starting MTD    9 :::::::::::::
  |   MD simulation time   :     5.0 ps       |
  |   target T             :   300.0 K        |
  |   timestep dt          :     1.5 fs       |
  |   dump interval(trj)   :   100.0 fs       |
  |   SHAKE algorithm      : true (all bonds) |
  |   dump interval(Vbias) :    1.00 ps       |
  |   Vbias prefactor (k)  :  0.2400 Eh       |
  |   Vbias exponent (α)   :  0.6180 bohr⁻²   |
  ::::::::::::: starting MTD   15 :::::::::::::
  |   MD simulation time   :     5.0 ps       |
  |   target T             :   300.0 K        |
  |   timestep dt          :     1.5 fs       |
  |   dump interval(trj)   :   100.0 fs       |
  |   SHAKE algorithm      : true (all bonds) |
  |   dump interval(Vbias) :    1.00 ps       |
  |   Vbias prefactor (k)  :  0.0600 Eh       |
  |   Vbias exponent (α)   :  0.3820 bohr⁻²   |
  ::::::::::::: starting MTD    5 :::::::::::::
  |   MD simulation time   :     5.0 ps       |
  |   target T             :   300.0 K        |
  |   timestep dt          :     1.5 fs       |
  |   dump interval(trj)   :   100.0 fs       |
  |   SHAKE algorithm      : true (all bonds) |
  |   dump interval(Vbias) :    1.00 ps       |
  |   Vbias prefactor (k)  :  0.2400 Eh       |
  |   Vbias exponent (α)   :  1.0000 bohr⁻²   |
  ::::::::::::: starting MTD   16 :::::::::::::
  |   MD simulation time   :     5.0 ps       |
  |   target T             :   300.0 K        |
  |   timestep dt          :     1.5 fs       |
  |   dump interval(trj)   :   100.0 fs       |
  |   SHAKE algorithm      : true (all bonds) |
  |   dump interval(Vbias) :    1.00 ps       |
  |   Vbias prefactor (k)  :  0.0300 Eh       |
  |   Vbias exponent (α)   :  0.3820 bohr⁻²   |
  ::::::::::::: starting MTD   13 :::::::::::::
  |   MD simulation time   :     5.0 ps       |
  |   target T             :   300.0 K        |
  |   timestep dt          :     1.5 fs       |
  |   dump interval(trj)   :   100.0 fs       |
  |   SHAKE algorithm      : true (all bonds) |
  |   dump interval(Vbias) :    1.00 ps       |
  |   Vbias prefactor (k)  :  0.2400 Eh       |
  |   Vbias exponent (α)   :  0.3820 bohr⁻²   |
  ::::::::::::: starting MTD    1 :::::::::::::
  |   MD simulation time   :     5.0 ps       |
  |   target T             :   300.0 K        |
  |   timestep dt          :     1.5 fs       |
  |   dump interval(trj)   :   100.0 fs       |
  |   SHAKE algorithm      : true (all bonds) |
  |   dump interval(Vbias) :    1.00 ps       |
  |   Vbias prefactor (k)  :  0.2400 Eh       |
  |   Vbias exponent (α)   :  1.6180 bohr⁻²   |
  ::::::::::::: starting MTD   22 :::::::::::::
  |   MD simulation time   :     5.0 ps       |
  |   target T             :   300.0 K        |
  |   timestep dt          :     1.5 fs       |
  |   dump interval(trj)   :   100.0 fs       |
  |   SHAKE algorithm      : true (all bonds) |
  |   dump interval(Vbias) :    1.00 ps       |
  |   Vbias prefactor (k)  :  0.1200 Eh       |
  |   Vbias exponent (α)   :  0.1459 bohr⁻²   |
*MTD  24 completed successfully ...        0 min,  2.720 sec
*MTD  20 completed successfully ...        0 min,  2.727 sec
*MTD  23 completed successfully ...        0 min,  2.759 sec
*MTD  18 completed successfully ...        0 min,  2.795 sec
*MTD  22 completed successfully ...        0 min,  2.804 sec
*MTD   6 completed successfully ...        0 min,  2.818 sec
*MTD  19 completed successfully ...        0 min,  2.992 sec
*MTD  14 completed successfully ...        0 min,  3.013 sec
*MTD   4 completed successfully ...        0 min,  3.657 sec
*MTD   3 completed successfully ...        0 min,  3.842 sec
*MTD  11 completed successfully ...        0 min,  3.989 sec
*MTD   2 completed successfully ...        0 min,  4.002 sec
*MTD   7 completed successfully ...        0 min,  4.020 sec
*MTD   9 completed successfully ...        0 min,  4.051 sec
*MTD   1 completed successfully ...        0 min,  4.132 sec
*MTD  12 completed successfully ...        0 min,  4.135 sec
*MTD   5 completed successfully ...        0 min,  4.169 sec
*MTD  16 completed successfully ...        0 min,  4.245 sec
*MTD   8 completed successfully ...        0 min,  4.248 sec
*MTD  21 completed successfully ...        0 min,  4.275 sec
*MTD  17 completed successfully ...        0 min,  4.280 sec
*MTD  10 completed successfully ...        0 min,  4.318 sec
*MTD  15 completed successfully ...        0 min,  4.324 sec
*MTD  13 completed successfully ...        0 min,  4.386 sec
 
 ======================================
 |  Multilevel Ensemble Optimization  |
 ======================================
 Optimizing all 1176 structures from file "crest_dynamics.trj" ...
 ----------------------
 crude pre-optimization
 ----------------------
 Optimization engine: ANCOPT
 Hessian update type: BFGS
 E/G convergence criteria:  0.500E-03 Eh, 0.100E-01 Eh/a0
 maximum optimization steps: 200
 |>0.1% |>7.6% |>15.1% |>22.5% |>30.0% |>37.5% |>45.1% |>52.6% |>60.0% |>67.5% |>75.0% |>82.6% |>90.1% |>97.5% |>100.0%
 done.
> 1176 of 1176 structures successfully optimized (100.0% success)
> Total runtime for 1176 optimizations:
 * wall-time:     0 d,  0 h,  0 min,  3.800 sec
 *  cpu-time:     0 d,  0 h,  2 min,  0.872 sec
 * ratio c/w:    31.810 speedup
> Corresponding to approximately 0.003 sec per processed structure
 
CREGEN> running RMSDs ... done.
CREGEN> E lowest :    -7.12475
 7 structures remain within    12.00 kcal/mol window
 ----------------------------------
 optimization with tight thresholds
 ----------------------------------
 Optimization engine: ANCOPT
 Hessian update type: BFGS
 E/G convergence criteria:  0.100E-05 Eh, 0.800E-03 Eh/a0
 maximum optimization steps: 200
 |>14.3% |>28.6% |>42.9% |>57.1% |>71.4% |>85.7% |>100.0%
 done.
> 7 of 7 structures successfully optimized (100.0% success)
> Total runtime for 7 optimizations:
 * wall-time:     0 d,  0 h,  0 min,  0.127 sec
 *  cpu-time:     0 d,  0 h,  0 min,  4.040 sec
 * ratio c/w:    31.829 speedup
> Corresponding to approximately 0.018 sec per processed structure
 
CREGEN> running RMSDs ... done.
CREGEN> E lowest :    -7.12478
 1 structures remain within     6.00 kcal/mol window
 
========================================
           MTD Simulations done         
========================================
 Collecting ensmbles.
CREGEN> running RMSDs ... done.
CREGEN> E lowest :    -7.12478
 1 structures remain within     6.00 kcal/mol window
     H(298.15K)-H(0) (conf)      0.000000
                   Cp(conf)      0.000000
                    S(conf)      0.000000
 
******************************************************************************************
**                          I T E R A T I O N    C Y C L E      1                       **
******************************************************************************************
 -------------------------------------------
 determining bias structures via PCA/k-Means
 -------------------------------------------
 1 structures were selected
 done.

 -----------------------------------------------
 determining MTD seed structures via PCA/k-Means
 -----------------------------------------------
 1 structures were selected
 done.


 ==========================================================
 Static MTDs (umbrella sampling) on 1 selected conformer(s)
 ==========================================================
> Using 1 constant RMSD bias potentials per MTD
  :::::::::: starting static MTD   1 ::::::::::
  |   MD simulation time   :     2.5 ps       |
  |   target T             :   400.0 K        |
  |   timestep dt          :     1.5 fs       |
  |   dump interval(trj)   :   100.0 fs       |
  |   SHAKE algorithm      : true (all bonds) |
  |   Vbias prefactor (k)  :  0.0021 Eh       |
  |   Vbias exponent (α)   :  1.0000 bohr⁻²   |
*sMTD   1 completed successfully ...        0 min,  2.767 sec
 
 ======================================
 |  Multilevel Ensemble Optimization  |
 ======================================
 Optimizing all 24 structures from file "crest_rotamers_0.xyz" ...
 ----------------------
 crude pre-optimization
 ----------------------
 Optimization engine: ANCOPT
 Hessian update type: BFGS
 E/G convergence criteria:  0.500E-03 Eh, 0.100E-01 Eh/a0
 maximum optimization steps: 200
 |>4.2% |>12.5% |>20.8% |>33.3% |>41.7% |>50.0% |>62.5% |>70.8% |>83.3% |>91.7% |>100.0%
 done.
> 24 of 24 structures successfully optimized (100.0% success)
> Total runtime for 24 optimizations:
 * wall-time:     0 d,  0 h,  0 min,  0.052 sec
 *  cpu-time:     0 d,  0 h,  0 min,  1.243 sec
 * ratio c/w:    23.743 speedup
> Corresponding to approximately 0.002 sec per processed structure
 
CREGEN> running RMSDs ... done.
CREGEN> E lowest :    -7.12470
 5 structures remain within    12.00 kcal/mol window
 ---------------------------------------
 optimization with very tight thresholds
 ---------------------------------------
 Optimization engine: ANCOPT
 Hessian update type: BFGS
 E/G convergence criteria:  0.100E-06 Eh, 0.200E-03 Eh/a0
 maximum optimization steps: 200
 |>20.0% |>40.0% |>60.0% |>80.0% |>100.0%
 done.
> 5 of 5 structures successfully optimized (100.0% success)
> Total runtime for 5 optimizations:
 * wall-time:     0 d,  0 h,  0 min,  0.190 sec
 *  cpu-time:     0 d,  0 h,  0 min,  6.005 sec
 * ratio c/w:    31.575 speedup
> Corresponding to approximately 0.038 sec per processed structure
 
CREGEN> running RMSDs ... done.
CREGEN> E lowest :    -7.12478
 1 structures remain within     6.00 kcal/mol window
CREGEN> running RMSDs ... done.
CREGEN> E lowest :    -7.12478
 
 Static MTD simulation iteration 1 finished
 A total of 1 conformers (+ 0.00%) in crest_conformers.xyz
 S(approx.) =   -0.000000 cal/molK (dS = 0.00%)
 Convergence w.r.t. conformers:  T
 Convergence w.r.t. entropy   :  T
 
     H(298.15K)-H(0) (conf)      0.000000
                   Cp(conf)      0.000000
                    S(conf)      0.000000


 --------------------------
 Final Ensemble Information
 --------------------------
 input  file name : crest_rotamers_2.xyz
 output file name : crest_rotamers_3.xyz
 number of atoms                :   32
 number of points on xyz files  :   2
 RMSD threshold                 :   0.1250
 Bconst threshold               :   0.0100
 population threshold           :   0.0500
 # fragment in coord            :     1
 # bonds in reference structure :    36
   => # of C=C bonds :     6
 number of reliable points      :     2
 sorting energy window (EWIN)   :    6.0000 / kcal*mol⁻¹
 reference state Etot           :  -7.12478025000000
 number of doubles removed by rot/RMSD         :           1
 total number unique points considered further :           1
       Erel/kcal        Etot weight/tot  conformer     set   degen     origin
       1   0.000    -7.12478    1.00000    1.00000       1       1
T /K                                  :   298.15
E lowest                              :    -7.12478
ensemble average energy (kcal)        :    0.000
ensemble entropy (J/mol K, cal/mol K) :   -0.000   -0.000
ensemble free energy (kcal/mol)       :    0.000
population of lowest in %             :  100.000
 number of unique conformers for further calc            1
 list of relative energies saved as "crest.energies"
 compare nuclear equivalencies ...
::::::::::: conformer group all :::::::::::
 chemical equivalencies (mag.active nuclei):
 magnetic equivalencies:
 
******************************************************************************************
**                           ENSEMBLE ENTROPY CALCULATION                               **
******************************************************************************************
======================================================
 Containing 1 conformers :
     H(298.15K)-H(0) (conf)      0.000000
                   Cp(conf)      0.000000
                    S(conf)      0.000000
======================================================
 Containing 1 conformers :
     H(298.15K)-H(0) (conf)      0.000000
                   Cp(conf)      0.000000
                    S(conf)      0.000000
======================================================

 --------------------------------------
 FINAL CALCULATION OF MOLECULAR ENTROPY
 --------------------------------------
 
WARNING: Not enough blocks for extrapolation.
         Taking full ensemble entropy instead.

FINAL ENTROPY (max conf.)  :      0.00000
 
 ----------------------------------
 Frequency Calculation and Averages
 ----------------------------------
 Nconf on file      : 1
 Taken for Hessians : 1 (=100.00% total population)
 T range  /K    :   278.15   378.15
 scaling factor :          1.000000     
 rotor cutoff   :         25.000000 cm⁻¹
 imag. cutoff   :        -50.000000 cm⁻¹
 
 Running 1 calculations ...
 |>100.0%
 done.
 calculating averages for G and S ...    done.
 calculating Boltzmann weights ...       done.
 calculating reference S (bhess) ... > bhess not implemented for calculator routines
    done.
 calculating δSrrho ...                  done.
 
 Coordinates for the bhess reference structure (Ångström):
 -----------------------------------------------------------
  32
 
 C         -5.0480366693        0.7080170000        0.0000000000
 C         -5.0480366693       -0.7080170000        0.0000000000
 C         -3.8539206693       -1.4022740000        0.0000000000
 C         -2.6086126693       -0.7193580000        0.0000000000
 C         -1.3669046693       -1.4223750000        0.0000000000
 C         -0.1825666693       -0.7257180000        0.0000000000
 C         -0.1825666693        0.7257180000        0.0000000000
 C         -1.3669046693        1.4223750000        0.0000000000
 C         -2.6086126693        0.7193580000        0.0000000000
 C         -3.8539206693        1.4022740000        0.0000000000
 C          1.2224913307        1.1760950000        0.0000000000
 C          1.8596993307        2.4034940000        0.0000000000
 C          3.2836433307        2.4346640000        0.0000000000
 C          4.0542623307        1.2803840000        0.0000000000
 C          3.4271803307        0.0000000000        0.0000000000
 C          4.0542623307       -1.2803840000        0.0000000000
 C          3.2836433307       -2.4346640000        0.0000000000
 C          1.8596993307       -2.4034940000        0.0000000000
 C          1.2224913307       -1.1760950000        0.0000000000
 C          2.0202843307        0.0000000000        0.0000000000
 H         -5.9978166693        1.2509850000        0.0000000000
 H         -5.9978166693       -1.2509850000        0.0000000000
 H         -3.8511916693       -2.4968300000        0.0000000000
 H         -1.3778956693       -2.5166500000        0.0000000000
 H         -1.3778956693        2.5166500000        0.0000000000
 H         -3.8511916693        2.4968300000        0.0000000000
 H          1.2975143307        3.3417990000        0.0000000000
 H          3.7846453307        3.4075080000        0.0000000000
 H          5.1463253307        1.3503210000        0.0000000000
 H          5.1463253307       -1.3503210000        0.0000000000
 H          3.7846453307       -3.4075080000        0.0000000000
 H          1.2975143307       -3.3417990000        0.0000000000
 -----------------------------------------------------------
 as read from <coord>
 Heavy-atom RMSD between lowest conformer and this reference :
 RMSD(heavy) =        0.020339 Å
 
 msRRHO(bhess) reference entropies:
      278.15        107.457978
      288.15        109.558809
      298.15        111.662204
      308.15        113.767069
      318.15        115.872371
      328.15        117.977128
      338.15        120.080417
      348.15        122.181365
      358.15        124.279151
      368.15        126.373003
      378.15        128.462197

       T/K  |S(T)|/cal/molK       |G(T)|/Eh     G_lowest/Eh    (conf)
   -----------------------------------------------------------------
    278.15    0.112067E+03    0.215318E+00       -6.909463         1
    288.15    0.114237E+03    0.213516E+00       -6.911265         1
    298.15    0.116405E+03    0.211679E+00       -6.913101         1
    308.15    0.118572E+03    0.209808E+00       -6.914973         1
    318.15    0.120735E+03    0.207902E+00       -6.916878         1
    328.15    0.122894E+03    0.205962E+00       -6.918819         1
    338.15    0.125049E+03    0.203987E+00       -6.920793         1
    348.15    0.127199E+03    0.201978E+00       -6.922802         1
    358.15    0.129343E+03    0.199935E+00       -6.924845         1
    368.15    0.131480E+03    0.197858E+00       -6.926922         1
    378.15    0.133609E+03    0.195747E+00       -6.929034         1
   -----------------------------------------------------------------
   NOTE: if |G(T)| is the averaged contributrion to the free energy.
   |G(T)| used only for the higher-energetic structures (n > 1).
   All other structures use G(T) from the respective Hessian calculations.
 
 Quantities calculated on free energies:
       T/K          δSrrho           Cp(T)     [H(T)-H(0)]
   -------------------------------------------------------
    278.15    0.460902E+01    0.000000E+00        0.000000
    288.15    0.467785E+01    0.000000E+00        0.000000
    298.15    0.474297E+01    0.000000E+00        0.000000
    308.15    0.480449E+01    0.000000E+00        0.000000
    318.15    0.486258E+01    0.000000E+00        0.000000
    328.15    0.491736E+01    0.000000E+00        0.000000
    338.15    0.496899E+01    0.000000E+00        0.000000
    348.15    0.501762E+01    0.000000E+00        0.000000
    358.15    0.506341E+01    0.000000E+00        0.000000
    368.15    0.510650E+01    0.000000E+00        0.000000
    378.15    0.514703E+01    0.000000E+00        0.000000
   -------------------------------------------------------
   NOTE: δSrrho(T) = |S(T)| - Sref(T)
 
 ----------------------
 TEMPERATURE DEPENDENCE
 ----------------------
 
 Final CONFORMATIONAL quantities at given T:
       T/K        S(total)           Cp(T)     [H(T)-H(0)]        G(total)
   -----------------------------------------------------------------------
    278.15        4.609016        0.000000        0.000000       -1.281998
    288.15        4.677849        0.000000        0.000000       -1.347922
    298.15        4.742965        0.000000        0.000000       -1.414115
    308.15        4.804495        0.000000        0.000000       -1.480505
    318.15        4.862576        0.000000        0.000000       -1.547029
    328.15        4.917358        0.000000        0.000000       -1.613631
    338.15        4.968989        0.000000        0.000000       -1.680264
    348.15        5.017623        0.000000        0.000000       -1.746885
    358.15        5.063409        0.000000        0.000000       -1.813460
    368.15        5.106497        0.000000        0.000000       -1.879957
    378.15        5.147031        0.000000        0.000000       -1.946350
   -----------------------------------------------------------------------
   S and Cp in cal/mol*K; H and G in kcal/mol
   G(total) is the ensemble free energy (H-T*S) and S(total) = S(conf,extrapol.) + δSrrho
 
 ----------------------------------------------------
 |      FINAL MOLECULAR ENTROPY AT T= 298.15 K      |
 ----------------------------------------------------
     Sconf   =          0.000000
   + δSrrho  =          4.742965
 -----------------------------------------------------
 = S(total)  =          4.742965  (cal mol⁻¹ K⁻¹)
 
   H(T)-H(0) =          0.000000
   G         =         -1.414115   (-T*S)
 -----------------------------------------------------
 = G(total)  =         -1.414115  (H-T*S) (kcal mol⁻¹)
 
   Cp(total) =          0.000000  (cal mol⁻¹ K⁻¹)
 
 
 -----------------
 Wall Time Summary
 -----------------
 CREST runtime (total)               0 d,  0 h,  0 min, 14.851 sec
 ------------------------------------------------------------------
 Trial metadynamics (MTD)   ...        0 min,  0.574 sec (  3.867%)
 Metadynamics (MTD)         ...        0 min,  4.730 sec ( 31.850%)
 Geometry optimization      ...        0 min,  5.911 sec ( 39.799%)
 Static metadynamics (sMTD) ...        0 min,  2.825 sec ( 19.023%)
 Conf. entropy evaluation   ...        0 min,  0.397 sec (  2.674%)
 I/O and setup              ...        0 min,  0.414 sec (  2.787%)
 ------------------------------------------------------------------
 * wall-time:     0 d,  0 h,  0 min, 14.851 sec
 *  cpu-time:     0 d,  0 h,  6 min, 12.969 sec
 * ratio c/w:    25.113 speedup
 ------------------------------------------------------------------
 * Total number of energy+grad calls: 107391
 
 CREST terminated normally.
