 
       ╔════════════════════════════════════════════╗
       ║            ___ ___ ___ ___ _____           ║
       ║           / __| _ \ __/ __|_   _|          ║
       ║          | (__|   / _|\__ \ | |            ║
       ║           \___|_|_\___|___/ |_|            ║
       ║                                            ║
       ║  Conformer-Rotamer Ensemble Sampling Tool  ║
       ║          based on the xTB methods          ║
       ║                                            ║
       ╚════════════════════════════════════════════╝
       Version 3.0.2, Sun Aug 25 20:02:36 UTC 2024
       commit (af7eb99) compiled by 'runner@fv-az1984-471'
 
   Cite work conducted with this code as

   • P.Pracht, F.Bohle, S.Grimme, PCCP, 2020, 22, 7169-7192.
   • S.Grimme, JCTC, 2019, 15, 2847-2862.
   • P.Pracht, S.Grimme, C.Bannwarth, F.Bohle, S.Ehlert,
     G.Feldmann, J.Gorges, M.Müller, T.Neudecker, C.Plett,
     S.Spicher, P.Steinbach, P.Wesołowski, F.Zeller,
     J. Chem. Phys., 2024, 160, 114110.

   for works involving QCG cite

   • S.Spicher, C.Plett, P.Pracht, A.Hansen, S.Grimme,
     JCTC, 2022, 18 (5), 3174-3189.
   • C.Plett, S. Grimme,
     Angew. Chem. Int. Ed. 2023, 62, e202214477.

   for works involving MECP screening cite

   • P.Pracht, C.Bannwarth, JCTC, 2022, 18 (10), 6370-6385.
 
   Original code
     P.Pracht, S.Grimme, Universität Bonn, MCTC
   with help from (alphabetical order):
     C.Bannwarth, F.Bohle, S.Ehlert, G.Feldmann, J.Gorges,
     S.Grimme, C.Plett, P.Pracht, S.Spicher, P.Steinbach,
     P.Wesolowski, F.Zeller
 
   Online documentation is available at
   https://crest-lab.github.io/crest-docs/
 
   This program is distributed in the hope that it will be useful,
   but WITHOUT ANY WARRANTY; without even the implied warranty of
   MERCHANTABILITY or FITNESS FOR A PARTICULAR PURPOSE. See the
   GNU Lesser General Public License (LGPL) for more details.

 Command line input:
 $ crest IHQGFGQIOMWFFZ-UHFFFAOYSA-N-1.xyz -gfnff -entropy -T 16 -chrg 0 -uhf 0

  --gfnff : Use of GFN-FF requested.
  -entropy : enhanced ensemble entropy calculation
  -T 16 (CPUs/Threads selected)
  -chrg 0
  -uhf 0
Parsing xtb-type input file bondlengths to set up calculators ...

> Setting up backup calculator ... done.
 ----------------
 Calculation info
 ----------------
> User-defined calculation level:
 : GFN-FF calculation via GFNFF lib
 :   Molecular charge    : 0
 
> User-defined constraints:
  # bond constraints    : 67
 
 
 -----------------------------
 Initial Geometry Optimization
 -----------------------------
 Geometry successfully optimized.
 
          ┍━━━━━━━━━━━━━━━━━━━━━━━━━━━━━━━━━━━━━━━━━━━━━━━━━┑
          │              CREST ENTROPY SAMPLING             │
          ┕━━━━━━━━━━━━━━━━━━━━━━━━━━━━━━━━━━━━━━━━━━━━━━━━━┙
 
 please cite:
 • P.Pracht, S.Grimme, Chem. Sci., 2021, 12, 6551-6568.
 • J.Gorges, S.Grimme, A.Hansen, P.Pracht, PCCP, 2022,24, 12249-12259.
 
 Input structure:
  42
 
 C          6.7239335357       -0.6678201515        0.0000000000
 C          5.8963906936       -1.7840678941        0.0000000000
 C          4.5331393341       -1.6361922288       -0.0000000000
 C          3.9402126628       -0.3637543372        0.0000000000
 C          4.7873378715        0.7671624969        0.0000000000
 C          6.1790752992        0.5881737110        0.0000000000
 C          4.2160184594        2.0828235461       -0.0000000000
 C          2.8792593628        2.2673488605        0.0000000000
 C          1.9742705287        1.1553983247       -0.0000000000
 C          0.5986281395        1.3594899795       -0.0000000000
 C         -0.3093150003        0.3005237962       -0.0000000000
 C          0.2128205004       -1.0203887021       -0.0000000000
 C         -0.6912664102       -2.1205768163        0.0000000000
 C         -2.0310717480       -1.9270977873        0.0000000000
 C         -2.6058276346       -0.6200353007        0.0000000000
 C         -4.0395891170       -0.4258540467       -0.0000000000
 C         -4.9617881916       -1.4965877019       -0.0000000000
 C         -6.3135955429       -1.2760586659       -0.0000000000
 C         -6.8181450019        0.0275660135       -0.0000000000
 C         -5.9568165901        1.0901273853       -0.0000000000
 C         -4.5598323618        0.8900134641       -0.0000000000
 C         -3.6620847625        1.9898419795       -0.0000000000
 C         -2.3197687273        1.7978111179       -0.0000000000
 C         -1.7485805111        0.4949166564        0.0000000000
 C          1.5938559648       -1.2255159314       -0.0000000000
 C          2.4946219408       -0.1690324111       -0.0000000000
 H          7.7953879029       -0.7925242852       -0.0000000000
 H          6.3311874491       -2.7713256825        0.0000000000
 H          3.9124398047       -2.5146399540       -0.0000000000
 H          6.8176158062        1.4561085961       -0.0000000000
 H          4.8883037047        2.9269833162       -0.0000000000
 H          2.4606280276        3.2620945183        0.0000000000
 H          0.2428584271        2.3727129463       -0.0000000000
 H         -0.2807565294       -3.1185654002        0.0000000000
 H         -2.6825691540       -2.7841658953        0.0000000000
 H         -4.5970204471       -2.5097613515       -0.0000000000
 H         -7.0007153694       -2.1093910854       -0.0000000000
 H         -7.8871080702        0.1841159506        0.0000000000
 H         -6.3308401562        2.1027967740       -0.0000000000
 H         -4.0745508336        2.9869894825       -0.0000000000
 H         -1.6687536102        2.6554311298       -0.0000000000
 H          1.9536657734       -2.2376733203        0.0000000000
 
 ------------------------------------------------
 Generating MTD length from a flexibility measure
 ------------------------------------------------
 Calculating GFN0-xTB WBOs   ... done.
 Calculating NCI flexibility ... done.
     covalent flexibility measure :   0.012
 non-covalent flexibility measure :   0.683
 flexibility measure :   0.044
 t(MTD) / ps    :     5.0
 Σ(t(MTD)) / ps :   120.0 (24 MTDs)
 
 -----------------------------------
 Starting trial MTD to test settings
 -----------------------------------
 Trial MTD 1 runtime (1.0 ps) ...        0 min,  0.794 sec
 Estimated runtime for one MTD (5.0 ps) on a single thread: 4 sec
 Estimated runtime for a batch of 24 MTDs on 16 threads: 8 sec
 
******************************************************************************************
**                         N E W   I T E R A T I O N  C Y C L E                         **
******************************************************************************************
 
 ------------------------------
 Meta-Dynamics Iteration 1
 ------------------------------
 list of applied metadynamics Vbias parameters:
$metadyn    0.31500   1.618
$metadyn    0.15750   1.618
$metadyn    0.07875   1.618
$metadyn    0.03938   1.618
$metadyn    0.31500   1.000
$metadyn    0.15750   1.000
$metadyn    0.07875   1.000
$metadyn    0.03938   1.000
$metadyn    0.31500   0.618
$metadyn    0.15750   0.618
$metadyn    0.07875   0.618
$metadyn    0.03938   0.618
$metadyn    0.31500   0.382
$metadyn    0.15750   0.382
$metadyn    0.07875   0.382
$metadyn    0.03938   0.382
$metadyn    0.31500   0.236
$metadyn    0.15750   0.236
$metadyn    0.07875   0.236
$metadyn    0.03938   0.236
$metadyn    0.31500   0.146
$metadyn    0.15750   0.146
$metadyn    0.07875   0.146
$metadyn    0.03938   0.146
 
  ::::::::::::: starting MTD    1 :::::::::::::
  |   MD simulation time   :     5.0 ps       |
  |   target T             :   300.0 K        |
  |   timestep dt          :     1.5 fs       |
  |   dump interval(trj)   :   100.0 fs       |
  |   SHAKE algorithm      : true (all bonds) |
  |   dump interval(Vbias) :    1.00 ps       |
  |   Vbias prefactor (k)  :  0.3150 Eh       |
  |   Vbias exponent (α)   :  1.6180 bohr⁻²   |
  ::::::::::::: starting MTD   23 :::::::::::::
  |   MD simulation time   :     5.0 ps       |
  |   target T             :   300.0 K        |
  |   timestep dt          :     1.5 fs       |
  |   dump interval(trj)   :   100.0 fs       |
  |   SHAKE algorithm      : true (all bonds) |
  |   dump interval(Vbias) :    1.00 ps       |
  |   Vbias prefactor (k)  :  0.0788 Eh       |
  |   Vbias exponent (α)   :  0.1459 bohr⁻²   |
  ::::::::::::: starting MTD    7 :::::::::::::
  |   MD simulation time   :     5.0 ps       |
  |   target T             :   300.0 K        |
  |   timestep dt          :     1.5 fs       |
  |   dump interval(trj)   :   100.0 fs       |
  |   SHAKE algorithm      : true (all bonds) |
  |   dump interval(Vbias) :    1.00 ps       |
  |   Vbias prefactor (k)  :  0.0788 Eh       |
  |   Vbias exponent (α)   :  1.0000 bohr⁻²   |
  ::::::::::::: starting MTD   22 :::::::::::::
  |   MD simulation time   :     5.0 ps       |
  |   target T             :   300.0 K        |
  |   timestep dt          :     1.5 fs       |
  |   dump interval(trj)   :   100.0 fs       |
  |   SHAKE algorithm      : true (all bonds) |
  |   dump interval(Vbias) :    1.00 ps       |
  |   Vbias prefactor (k)  :  0.1575 Eh       |
  |   Vbias exponent (α)   :  0.1459 bohr⁻²   |
  ::::::::::::: starting MTD   24 :::::::::::::
  |   MD simulation time   :     5.0 ps       |
  |   target T             :   300.0 K        |
  |   timestep dt          :     1.5 fs       |
  |   dump interval(trj)   :   100.0 fs       |
  |   SHAKE algorithm      : true (all bonds) |
  |   dump interval(Vbias) :    1.00 ps       |
  |   Vbias prefactor (k)  :  0.0394 Eh       |
  |   Vbias exponent (α)   :  0.1459 bohr⁻²   |
  ::::::::::::: starting MTD    3 :::::::::::::
  |   MD simulation time   :     5.0 ps       |
  |   target T             :   300.0 K        |
  |   timestep dt          :     1.5 fs       |
  |   dump interval(trj)   :   100.0 fs       |
  |   SHAKE algorithm      : true (all bonds) |
  |   dump interval(Vbias) :    1.00 ps       |
  |   Vbias prefactor (k)  :  0.0788 Eh       |
  |   Vbias exponent (α)   :  1.6180 bohr⁻²   |
  ::::::::::::: starting MTD   21 :::::::::::::
  |   MD simulation time   :     5.0 ps       |
  |   target T             :   300.0 K        |
  |   timestep dt          :     1.5 fs       |
  |   dump interval(trj)   :   100.0 fs       |
  |   SHAKE algorithm      : true (all bonds) |
  |   dump interval(Vbias) :    1.00 ps       |
  |   Vbias prefactor (k)  :  0.3150 Eh       |
  |   Vbias exponent (α)   :  0.1459 bohr⁻²   |
  ::::::::::::: starting MTD    5 :::::::::::::
  |   MD simulation time   :     5.0 ps       |
  |   target T             :   300.0 K        |
  |   timestep dt          :     1.5 fs       |
  |   dump interval(trj)   :   100.0 fs       |
  |   SHAKE algorithm      : true (all bonds) |
  |   dump interval(Vbias) :    1.00 ps       |
  |   Vbias prefactor (k)  :  0.3150 Eh       |
  |   Vbias exponent (α)   :  1.0000 bohr⁻²   |
  ::::::::::::: starting MTD   17 :::::::::::::
  |   MD simulation time   :     5.0 ps       |
  |   target T             :   300.0 K        |
  |   timestep dt          :     1.5 fs       |
  |   dump interval(trj)   :   100.0 fs       |
  |   SHAKE algorithm      : true (all bonds) |
  |   dump interval(Vbias) :    1.00 ps       |
  |   Vbias prefactor (k)  :  0.3150 Eh       |
  |   Vbias exponent (α)   :  0.2361 bohr⁻²   |
  ::::::::::::: starting MTD    9 :::::::::::::
  |   MD simulation time   :     5.0 ps       |
  |   target T             :   300.0 K        |
  |   timestep dt          :     1.5 fs       |
  |   dump interval(trj)   :   100.0 fs       |
  |   SHAKE algorithm      : true (all bonds) |
  |   dump interval(Vbias) :    1.00 ps       |
  |   Vbias prefactor (k)  :  0.3150 Eh       |
  |   Vbias exponent (α)   :  0.6180 bohr⁻²   |
  ::::::::::::: starting MTD   13 :::::::::::::
  |   MD simulation time   :     5.0 ps       |
  |   target T             :   300.0 K        |
  |   timestep dt          :     1.5 fs       |
  |   dump interval(trj)   :   100.0 fs       |
  |   SHAKE algorithm      : true (all bonds) |
  |   dump interval(Vbias) :    1.00 ps       |
  |   Vbias prefactor (k)  :  0.3150 Eh       |
  |   Vbias exponent (α)   :  0.3820 bohr⁻²   |
  ::::::::::::: starting MTD   18 :::::::::::::
  |   MD simulation time   :     5.0 ps       |
  |   target T             :   300.0 K        |
  |   timestep dt          :     1.5 fs       |
  |   dump interval(trj)   :   100.0 fs       |
  |   SHAKE algorithm      : true (all bonds) |
  |   dump interval(Vbias) :    1.00 ps       |
  |   Vbias prefactor (k)  :  0.1575 Eh       |
  |   Vbias exponent (α)   :  0.2361 bohr⁻²   |
  ::::::::::::: starting MTD   19 :::::::::::::
  |   MD simulation time   :     5.0 ps       |
  |   target T             :   300.0 K        |
  |   timestep dt          :     1.5 fs       |
  |   dump interval(trj)   :   100.0 fs       |
  |   SHAKE algorithm      : true (all bonds) |
  |   dump interval(Vbias) :    1.00 ps       |
  |   Vbias prefactor (k)  :  0.0788 Eh       |
  |   Vbias exponent (α)   :  0.2361 bohr⁻²   |
  ::::::::::::: starting MTD   11 :::::::::::::
  |   MD simulation time   :     5.0 ps       |
  |   target T             :   300.0 K        |
  |   timestep dt          :     1.5 fs       |
  |   dump interval(trj)   :   100.0 fs       |
  |   SHAKE algorithm      : true (all bonds) |
  |   dump interval(Vbias) :    1.00 ps       |
  |   Vbias prefactor (k)  :  0.0788 Eh       |
  |   Vbias exponent (α)   :  0.6180 bohr⁻²   |
  ::::::::::::: starting MTD   20 :::::::::::::
  |   MD simulation time   :     5.0 ps       |
  |   target T             :   300.0 K        |
  |   timestep dt          :     1.5 fs       |
  |   dump interval(trj)   :   100.0 fs       |
  |   SHAKE algorithm      : true (all bonds) |
  |   dump interval(Vbias) :    1.00 ps       |
  |   Vbias prefactor (k)  :  0.0394 Eh       |
  |   Vbias exponent (α)   :  0.2361 bohr⁻²   |
  ::::::::::::: starting MTD   15 :::::::::::::
  |   MD simulation time   :     5.0 ps       |
  |   target T             :   300.0 K        |
  |   timestep dt          :     1.5 fs       |
  |   dump interval(trj)   :   100.0 fs       |
  |   SHAKE algorithm      : true (all bonds) |
  |   dump interval(Vbias) :    1.00 ps       |
  |   Vbias prefactor (k)  :  0.0788 Eh       |
  |   Vbias exponent (α)   :  0.3820 bohr⁻²   |
*MTD   3 completed successfully ...        0 min,  6.441 sec
  ::::::::::::: starting MTD    4 :::::::::::::
  |   MD simulation time   :     5.0 ps       |
  |   target T             :   300.0 K        |
  |   timestep dt          :     1.5 fs       |
  |   dump interval(trj)   :   100.0 fs       |
  |   SHAKE algorithm      : true (all bonds) |
  |   dump interval(Vbias) :    1.00 ps       |
  |   Vbias prefactor (k)  :  0.0394 Eh       |
  |   Vbias exponent (α)   :  1.6180 bohr⁻²   |
*MTD   1 completed successfully ...        0 min,  6.464 sec
  ::::::::::::: starting MTD    2 :::::::::::::
  |   MD simulation time   :     5.0 ps       |
  |   target T             :   300.0 K        |
  |   timestep dt          :     1.5 fs       |
  |   dump interval(trj)   :   100.0 fs       |
  |   SHAKE algorithm      : true (all bonds) |
  |   dump interval(Vbias) :    1.00 ps       |
  |   Vbias prefactor (k)  :  0.1575 Eh       |
  |   Vbias exponent (α)   :  1.6180 bohr⁻²   |
*MTD  24 completed successfully ...        0 min,  6.534 sec
*MTD   5 completed successfully ...        0 min,  6.550 sec
  ::::::::::::: starting MTD    6 :::::::::::::
  |   MD simulation time   :     5.0 ps       |
  |   target T             :   300.0 K        |
  |   timestep dt          :     1.5 fs       |
  |   dump interval(trj)   :   100.0 fs       |
  |   SHAKE algorithm      : true (all bonds) |
  |   dump interval(Vbias) :    1.00 ps       |
  |   Vbias prefactor (k)  :  0.1575 Eh       |
  |   Vbias exponent (α)   :  1.0000 bohr⁻²   |
*MTD   7 completed successfully ...        0 min,  6.551 sec
  ::::::::::::: starting MTD    8 :::::::::::::
  |   MD simulation time   :     5.0 ps       |
  |   target T             :   300.0 K        |
  |   timestep dt          :     1.5 fs       |
  |   dump interval(trj)   :   100.0 fs       |
  |   SHAKE algorithm      : true (all bonds) |
  |   dump interval(Vbias) :    1.00 ps       |
  |   Vbias prefactor (k)  :  0.0394 Eh       |
  |   Vbias exponent (α)   :  1.0000 bohr⁻²   |
*MTD  15 completed successfully ...        0 min,  6.627 sec
  ::::::::::::: starting MTD   16 :::::::::::::
  |   MD simulation time   :     5.0 ps       |
  |   target T             :   300.0 K        |
  |   timestep dt          :     1.5 fs       |
  |   dump interval(trj)   :   100.0 fs       |
  |   SHAKE algorithm      : true (all bonds) |
  |   dump interval(Vbias) :    1.00 ps       |
  |   Vbias prefactor (k)  :  0.0394 Eh       |
  |   Vbias exponent (α)   :  0.3820 bohr⁻²   |
*MTD  20 completed successfully ...        0 min,  6.660 sec
*MTD  19 completed successfully ...        0 min,  6.695 sec
*MTD  11 completed successfully ...        0 min,  6.705 sec
  ::::::::::::: starting MTD   12 :::::::::::::
  |   MD simulation time   :     5.0 ps       |
  |   target T             :   300.0 K        |
  |   timestep dt          :     1.5 fs       |
  |   dump interval(trj)   :   100.0 fs       |
  |   SHAKE algorithm      : true (all bonds) |
  |   dump interval(Vbias) :    1.00 ps       |
  |   Vbias prefactor (k)  :  0.0394 Eh       |
  |   Vbias exponent (α)   :  0.6180 bohr⁻²   |
*MTD   9 completed successfully ...        0 min,  6.761 sec
  ::::::::::::: starting MTD   10 :::::::::::::
  |   MD simulation time   :     5.0 ps       |
  |   target T             :   300.0 K        |
  |   timestep dt          :     1.5 fs       |
  |   dump interval(trj)   :   100.0 fs       |
  |   SHAKE algorithm      : true (all bonds) |
  |   dump interval(Vbias) :    1.00 ps       |
  |   Vbias prefactor (k)  :  0.1575 Eh       |
  |   Vbias exponent (α)   :  0.6180 bohr⁻²   |
*MTD  18 completed successfully ...        0 min,  6.869 sec
*MTD  23 completed successfully ...        0 min,  6.906 sec
*MTD  22 completed successfully ...        0 min,  6.937 sec
*MTD  13 completed successfully ...        0 min,  7.047 sec
  ::::::::::::: starting MTD   14 :::::::::::::
  |   MD simulation time   :     5.0 ps       |
  |   target T             :   300.0 K        |
  |   timestep dt          :     1.5 fs       |
  |   dump interval(trj)   :   100.0 fs       |
  |   SHAKE algorithm      : true (all bonds) |
  |   dump interval(Vbias) :    1.00 ps       |
  |   Vbias prefactor (k)  :  0.1575 Eh       |
  |   Vbias exponent (α)   :  0.3820 bohr⁻²   |
*MTD  17 completed successfully ...        0 min,  7.066 sec
*MTD  21 completed successfully ...        0 min,  7.198 sec
*MTD   8 completed successfully ...        0 min,  3.906 sec
*MTD   4 completed successfully ...        0 min,  4.088 sec
*MTD   2 completed successfully ...        0 min,  4.107 sec
*MTD   6 completed successfully ...        0 min,  4.040 sec
*MTD  12 completed successfully ...        0 min,  3.932 sec
*MTD  10 completed successfully ...        0 min,  3.998 sec
*MTD  16 completed successfully ...        0 min,  5.647 sec
*MTD  14 completed successfully ...        0 min,  5.728 sec
 
 ======================================
 |  Multilevel Ensemble Optimization  |
 ======================================
 Optimizing all 1176 structures from file "crest_dynamics.trj" ...
 ----------------------
 crude pre-optimization
 ----------------------
 Optimization engine: ANCOPT
 Hessian update type: BFGS
 E/G convergence criteria:  0.500E-03 Eh, 0.100E-01 Eh/a0
 maximum optimization steps: 200
 |>0.1% |>7.6% |>15.1% |>22.5% |>30.0% |>37.5% |>45.1% |>52.6% |>60.0% |>67.5% |>75.0% |>82.6% |>90.1% |>97.5% |>100.0%
 done.
> 1176 of 1176 structures successfully optimized (100.0% success)
> Total runtime for 1176 optimizations:
 * wall-time:     0 d,  0 h,  0 min, 17.654 sec
 *  cpu-time:     0 d,  0 h,  4 min, 28.660 sec
 * ratio c/w:    15.218 speedup
> Corresponding to approximately 0.015 sec per processed structure
 
CREGEN> running RMSDs ... done.
CREGEN> E lowest :    -9.30329
 163 structures remain within    12.00 kcal/mol window
 ----------------------------------
 optimization with tight thresholds
 ----------------------------------
 Optimization engine: ANCOPT
 Hessian update type: BFGS
 E/G convergence criteria:  0.100E-05 Eh, 0.800E-03 Eh/a0
 maximum optimization steps: 200
 |>0.6% |>10.4% |>20.2% |>30.1% |>40.5% |>50.3% |>60.1% |>70.6% |>80.4% |>90.2% |>100.0%
 done.
> 163 of 163 structures successfully optimized (100.0% success)
> Total runtime for 163 optimizations:
 * wall-time:     0 d,  0 h,  0 min,  3.659 sec
 *  cpu-time:     0 d,  0 h,  0 min, 58.137 sec
 * ratio c/w:    15.890 speedup
> Corresponding to approximately 0.022 sec per processed structure
 
CREGEN> running RMSDs ... done.
CREGEN> E lowest :    -9.30340
 1 structures remain within     6.00 kcal/mol window
 
========================================
           MTD Simulations done         
========================================
 Collecting ensmbles.
CREGEN> running RMSDs ... done.
CREGEN> E lowest :    -9.30340
 1 structures remain within     6.00 kcal/mol window
     H(298.15K)-H(0) (conf)      0.000000
                   Cp(conf)      0.000000
                    S(conf)      0.000000
 
******************************************************************************************
**                          I T E R A T I O N    C Y C L E      1                       **
******************************************************************************************
 -------------------------------------------
 determining bias structures via PCA/k-Means
 -------------------------------------------
 1 structures were selected
 done.

 -----------------------------------------------
 determining MTD seed structures via PCA/k-Means
 -----------------------------------------------
 1 structures were selected
 done.


 ==========================================================
 Static MTDs (umbrella sampling) on 1 selected conformer(s)
 ==========================================================
> Using 1 constant RMSD bias potentials per MTD
  :::::::::: starting static MTD   1 ::::::::::
  |   MD simulation time   :     2.5 ps       |
  |   target T             :   400.0 K        |
  |   timestep dt          :     1.5 fs       |
  |   dump interval(trj)   :   100.0 fs       |
  |   SHAKE algorithm      : true (all bonds) |
  |   Vbias prefactor (k)  :  0.0027 Eh       |
  |   Vbias exponent (α)   :  1.0000 bohr⁻²   |
*sMTD   1 completed successfully ...        0 min,  3.191 sec
 
 ======================================
 |  Multilevel Ensemble Optimization  |
 ======================================
 Optimizing all 24 structures from file "crest_rotamers_0.xyz" ...
 ----------------------
 crude pre-optimization
 ----------------------
 Optimization engine: ANCOPT
 Hessian update type: BFGS
 E/G convergence criteria:  0.500E-03 Eh, 0.100E-01 Eh/a0
 maximum optimization steps: 200
 |>4.2% |>12.5% |>20.8% |>33.3% |>41.7% |>50.0% |>62.5% |>70.8% |>83.3% |>91.7% |>100.0%
 done.
> 24 of 24 structures successfully optimized (100.0% success)
> Total runtime for 24 optimizations:
 * wall-time:     0 d,  0 h,  0 min,  0.179 sec
 *  cpu-time:     0 d,  0 h,  0 min,  2.669 sec
 * ratio c/w:    14.932 speedup
> Corresponding to approximately 0.007 sec per processed structure
 
CREGEN> running RMSDs ... done.
CREGEN> E lowest :    -9.30299
 10 structures remain within    12.00 kcal/mol window
 ---------------------------------------
 optimization with very tight thresholds
 ---------------------------------------
 Optimization engine: ANCOPT
 Hessian update type: BFGS
 E/G convergence criteria:  0.100E-06 Eh, 0.200E-03 Eh/a0
 maximum optimization steps: 200
 |>10.0% |>20.0% |>30.0% |>40.0% |>50.0% |>60.0% |>70.0% |>80.0% |>90.0% |>100.0%
 done.
> 10 of 10 structures successfully optimized (100.0% success)
> Total runtime for 10 optimizations:
 * wall-time:     0 d,  0 h,  0 min,  0.338 sec
 *  cpu-time:     0 d,  0 h,  0 min,  3.805 sec
 * ratio c/w:    11.267 speedup
> Corresponding to approximately 0.034 sec per processed structure
 
CREGEN> running RMSDs ... done.
CREGEN> E lowest :    -9.30340
 1 structures remain within     6.00 kcal/mol window
CREGEN> running RMSDs ... done.
CREGEN> E lowest :    -9.30340
 
 Static MTD simulation iteration 1 finished
 A total of 1 conformers (+ 0.00%) in crest_conformers.xyz
 S(approx.) =   -0.000000 cal/molK (dS = 0.00%)
 Convergence w.r.t. conformers:  T
 Convergence w.r.t. entropy   :  T
 
     H(298.15K)-H(0) (conf)      0.000000
                   Cp(conf)      0.000000
                    S(conf)      0.000000


 --------------------------
 Final Ensemble Information
 --------------------------
 input  file name : crest_rotamers_2.xyz
 output file name : crest_rotamers_3.xyz
 number of atoms                :   42
 number of points on xyz files  :   2
 RMSD threshold                 :   0.1250
 Bconst threshold               :   0.0100
 population threshold           :   0.0500
 # fragment in coord            :     1
 # bonds in reference structure :    47
   => # of C=C bonds :     5
 number of reliable points      :     2
 sorting energy window (EWIN)   :    6.0000 / kcal*mol⁻¹
 reference state Etot           :  -9.30339914000000
 number of doubles removed by rot/RMSD         :           1
 total number unique points considered further :           1
       Erel/kcal        Etot weight/tot  conformer     set   degen     origin
       1   0.000    -9.30340    1.00000    1.00000       1       1
T /K                                  :   298.15
E lowest                              :    -9.30340
ensemble average energy (kcal)        :    0.000
ensemble entropy (J/mol K, cal/mol K) :   -0.000   -0.000
ensemble free energy (kcal/mol)       :    0.000
population of lowest in %             :  100.000
 number of unique conformers for further calc            1
 list of relative energies saved as "crest.energies"
 compare nuclear equivalencies ...
::::::::::: conformer group all :::::::::::
 chemical equivalencies (mag.active nuclei):
 magnetic equivalencies:
 
******************************************************************************************
**                           ENSEMBLE ENTROPY CALCULATION                               **
******************************************************************************************
======================================================
 Containing 1 conformers :
     H(298.15K)-H(0) (conf)      0.000000
                   Cp(conf)      0.000000
                    S(conf)      0.000000
======================================================
 Containing 1 conformers :
     H(298.15K)-H(0) (conf)      0.000000
                   Cp(conf)      0.000000
                    S(conf)      0.000000
======================================================

 --------------------------------------
 FINAL CALCULATION OF MOLECULAR ENTROPY
 --------------------------------------
 
WARNING: Not enough blocks for extrapolation.
         Taking full ensemble entropy instead.

FINAL ENTROPY (max conf.)  :      0.00000
 
 ----------------------------------
 Frequency Calculation and Averages
 ----------------------------------
 Nconf on file      : 1
 Taken for Hessians : 1 (=100.00% total population)
 T range  /K    :   278.15   378.15
 scaling factor :          1.000000     
 rotor cutoff   :         25.000000 cm⁻¹
 imag. cutoff   :        -50.000000 cm⁻¹
 
 Running 1 calculations ...
 |>100.0%
 done.
 calculating averages for G and S ...    done.
 calculating Boltzmann weights ...       done.
 calculating reference S (bhess) ... > bhess not implemented for calculator routines
    done.
 calculating δSrrho ...                  done.
 
 Coordinates for the bhess reference structure (Ångström):
 -----------------------------------------------------------
  42
 
 C          6.7844557179       -0.6688559617        0.0000000000
 C          5.9473310281       -1.8000484975        0.0000000000
 C          4.5679436609       -1.6494146146        0.0000000000
 C          3.9655032067       -0.3710619537        0.0000000000
 C          4.8186076686        0.7723184901        0.0000000000
 C          6.2214353452        0.5970061860        0.0000000000
 C          4.2427127010        2.0929626914        0.0000000000
 C          2.8951801291        2.2774817458        0.0000000000
 C          1.9881272028        1.1594985152        0.0000000000
 C          0.6024224974        1.3648452676        0.0000000000
 C         -0.3189356626        0.3070122533        0.0000000000
 C          0.2115092275       -1.0266073019        0.0000000000
 C         -0.6983750012       -2.1315589785        0.0000000000
 C         -2.0487727169       -1.9376593177        0.0000000000
 C         -2.6264241513       -0.6224431955        0.0000000000
 C         -4.0646052185       -0.4303848615        0.0000000000
 C         -4.9909888238       -1.5068641254        0.0000000000
 C         -6.3563970421       -1.2856919683        0.0000000000
 C         -6.8693632634        0.0299538850        0.0000000000
 C         -5.9968850277        1.1001719603        0.0000000000
 C         -4.5931084488        0.8985746854        0.0000000000
 C         -3.6899534958        2.0031645246        0.0000000000
 C         -2.3358695683        1.8109117878        0.0000000000
 C         -1.7629287385        0.5008222474        0.0000000000
 C          1.6008859806       -1.2325215135        0.0000000000
 C          2.5164179905       -0.1771716343        0.0000000000
 H          7.8717026678       -0.7892890109        0.0000000000
 H          6.3831844288       -2.8034257570        0.0000000000
 H          3.9437083233       -2.5448436960        0.0000000000
 H          6.8604560069        1.4855687434        0.0000000000
 H          4.9207585122        2.9518233815        0.0000000000
 H          2.4719728955        3.2866429054        0.0000000000
 H          0.2537247101        2.3987543123        0.0000000000
 H         -0.2877423231       -3.1458276531        0.0000000000
 H         -2.7015309581       -2.8108654619        0.0000000000
 H         -4.6319784735       -2.5367681044        0.0000000000
 H         -7.0426477345       -2.1376955824        0.0000000000
 H         -7.9504229407        0.1970556005        0.0000000000
 H         -6.3771280189        2.1264514975        0.0000000000
 H         -4.1019581196        3.0168435087        0.0000000000
 H         -1.6832015465        2.6845402369        0.0000000000
 H          1.9528327920       -2.2660041406        0.0000000000
 -----------------------------------------------------------
 as read from <coord>
 Heavy-atom RMSD between lowest conformer and this reference :
 RMSD(heavy) =        0.031383 Å
 
 msRRHO(bhess) reference entropies:
      278.15        128.950676
      288.15        131.752883
      298.15        134.556737
      308.15        137.360844
      318.15        140.163892
      328.15        142.964648
      338.15        145.761955
      348.15        148.554727
      358.15        151.341950
      368.15        154.122672
      378.15        156.896005

       T/K  |S(T)|/cal/molK       |G(T)|/Eh     G_lowest/Eh    (conf)
   -----------------------------------------------------------------
    278.15    0.136304E+03    0.289689E+00       -9.013710         1
    288.15    0.139177E+03    0.287503E+00       -9.015896         1
    298.15    0.142048E+03    0.285271E+00       -9.018128         1
    308.15    0.144915E+03    0.282994E+00       -9.020405         1
    318.15    0.147777E+03    0.280671E+00       -9.022728         1
    328.15    0.150632E+03    0.278303E+00       -9.025096         1
    338.15    0.153480E+03    0.275889E+00       -9.027510         1
    348.15    0.156320E+03    0.273430E+00       -9.029969         1
    358.15    0.159152E+03    0.270926E+00       -9.032474         1
    368.15    0.161973E+03    0.268376E+00       -9.035023         1
    378.15    0.164784E+03    0.265782E+00       -9.037617         1
   -----------------------------------------------------------------
   NOTE: if |G(T)| is the averaged contributrion to the free energy.
   |G(T)| used only for the higher-energetic structures (n > 1).
   All other structures use G(T) from the respective Hessian calculations.
 
 Quantities calculated on free energies:
       T/K          δSrrho           Cp(T)     [H(T)-H(0)]
   -------------------------------------------------------
    278.15    0.735291E+01    0.000000E+00        0.000000
    288.15    0.742435E+01    0.000000E+00        0.000000
    298.15    0.749134E+01    0.000000E+00        0.000000
    308.15    0.755405E+01    0.000000E+00        0.000000
    318.15    0.761265E+01    0.000000E+00        0.000000
    328.15    0.766732E+01    0.000000E+00        0.000000
    338.15    0.771824E+01    0.000000E+00        0.000000
    348.15    0.776561E+01    0.000000E+00        0.000000
    358.15    0.780962E+01    0.000000E+00        0.000000
    368.15    0.785044E+01    0.000000E+00        0.000000
    378.15    0.788825E+01    0.000000E+00        0.000000
   -------------------------------------------------------
   NOTE: δSrrho(T) = |S(T)| - Sref(T)
 
 ----------------------
 TEMPERATURE DEPENDENCE
 ----------------------
 
 Final CONFORMATIONAL quantities at given T:
       T/K        S(total)           Cp(T)     [H(T)-H(0)]        G(total)
   -----------------------------------------------------------------------
    278.15        7.352914        0.000000        0.000000       -2.045213
    288.15        7.424349        0.000000        0.000000       -2.139326
    298.15        7.491341        0.000000        0.000000       -2.233543
    308.15        7.554049        0.000000        0.000000       -2.327780
    318.15        7.612647        0.000000        0.000000       -2.421964
    328.15        7.667316        0.000000        0.000000       -2.516030
    338.15        7.718242        0.000000        0.000000       -2.609924
    348.15        7.765614        0.000000        0.000000       -2.703598
    358.15        7.809617        0.000000        0.000000       -2.797014
    368.15        7.850437        0.000000        0.000000       -2.890138
    378.15        7.888253        0.000000        0.000000       -2.982943
   -----------------------------------------------------------------------
   S and Cp in cal/mol*K; H and G in kcal/mol
   G(total) is the ensemble free energy (H-T*S) and S(total) = S(conf,extrapol.) + δSrrho
 
 ----------------------------------------------------
 |      FINAL MOLECULAR ENTROPY AT T= 298.15 K      |
 ----------------------------------------------------
     Sconf   =          0.000000
   + δSrrho  =          7.491341
 -----------------------------------------------------
 = S(total)  =          7.491341  (cal mol⁻¹ K⁻¹)
 
   H(T)-H(0) =          0.000000
   G         =         -2.233543   (-T*S)
 -----------------------------------------------------
 = G(total)  =         -2.233543  (H-T*S) (kcal mol⁻¹)
 
   Cp(total) =          0.000000  (cal mol⁻¹ K⁻¹)
 
 
 -----------------
 Wall Time Summary
 -----------------
 CREST runtime (total)               0 d,  0 h,  0 min, 42.505 sec
 ------------------------------------------------------------------
 Trial metadynamics (MTD)   ...        0 min,  0.799 sec (  1.881%)
 Metadynamics (MTD)         ...        0 min, 13.120 sec ( 30.867%)
 Geometry optimization      ...        0 min, 24.303 sec ( 57.178%)
 Static metadynamics (sMTD) ...        0 min,  3.244 sec (  7.632%)
 Conf. entropy evaluation   ...        0 min,  0.588 sec (  1.383%)
 I/O and setup              ...        0 min,  0.450 sec (  1.059%)
 ------------------------------------------------------------------
 * wall-time:     0 d,  0 h,  0 min, 42.505 sec
 *  cpu-time:     0 d,  0 h,  9 min, 23.576 sec
 * ratio c/w:    13.259 speedup
 ------------------------------------------------------------------
 * Total number of energy+grad calls: 125134
 
 CREST terminated normally.
