 
       ╔════════════════════════════════════════════╗
       ║            ___ ___ ___ ___ _____           ║
       ║           / __| _ \ __/ __|_   _|          ║
       ║          | (__|   / _|\__ \ | |            ║
       ║           \___|_|_\___|___/ |_|            ║
       ║                                            ║
       ║  Conformer-Rotamer Ensemble Sampling Tool  ║
       ║          based on the xTB methods          ║
       ║                                            ║
       ╚════════════════════════════════════════════╝
       Version 3.0.2, Sun Aug 25 20:02:36 UTC 2024
       commit (af7eb99) compiled by 'runner@fv-az1984-471'
 
   Cite work conducted with this code as

   • P.Pracht, F.Bohle, S.Grimme, PCCP, 2020, 22, 7169-7192.
   • S.Grimme, JCTC, 2019, 15, 2847-2862.
   • P.Pracht, S.Grimme, C.Bannwarth, F.Bohle, S.Ehlert,
     G.Feldmann, J.Gorges, M.Müller, T.Neudecker, C.Plett,
     S.Spicher, P.Steinbach, P.Wesołowski, F.Zeller,
     J. Chem. Phys., 2024, 160, 114110.

   for works involving QCG cite

   • S.Spicher, C.Plett, P.Pracht, A.Hansen, S.Grimme,
     JCTC, 2022, 18 (5), 3174-3189.
   • C.Plett, S. Grimme,
     Angew. Chem. Int. Ed. 2023, 62, e202214477.

   for works involving MECP screening cite

   • P.Pracht, C.Bannwarth, JCTC, 2022, 18 (10), 6370-6385.
 
   Original code
     P.Pracht, S.Grimme, Universität Bonn, MCTC
   with help from (alphabetical order):
     C.Bannwarth, F.Bohle, S.Ehlert, G.Feldmann, J.Gorges,
     S.Grimme, C.Plett, P.Pracht, S.Spicher, P.Steinbach,
     P.Wesolowski, F.Zeller
 
   Online documentation is available at
   https://crest-lab.github.io/crest-docs/
 
   This program is distributed in the hope that it will be useful,
   but WITHOUT ANY WARRANTY; without even the implied warranty of
   MERCHANTABILITY or FITNESS FOR A PARTICULAR PURPOSE. See the
   GNU Lesser General Public License (LGPL) for more details.

 Command line input:
 $ crest JZOIZKBKSZMVRV-UHFFFAOYSA-N-1.xyz -gfnff -entropy -T 16 -chrg 0 -uhf 0

  --gfnff : Use of GFN-FF requested.
  -entropy : enhanced ensemble entropy calculation
  -T 16 (CPUs/Threads selected)
  -chrg 0
  -uhf 0
Parsing xtb-type input file bondlengths to set up calculators ...

> Setting up backup calculator ... done.
 ----------------
 Calculation info
 ----------------
> User-defined calculation level:
 : GFN-FF calculation via GFNFF lib
 :   Molecular charge    : 0
 
> User-defined constraints:
  # bond constraints    : 52
 
 
 -----------------------------
 Initial Geometry Optimization
 -----------------------------
 Geometry successfully optimized.
 
          ┍━━━━━━━━━━━━━━━━━━━━━━━━━━━━━━━━━━━━━━━━━━━━━━━━━┑
          │              CREST ENTROPY SAMPLING             │
          ┕━━━━━━━━━━━━━━━━━━━━━━━━━━━━━━━━━━━━━━━━━━━━━━━━━┙
 
 please cite:
 • P.Pracht, S.Grimme, Chem. Sci., 2021, 12, 6551-6568.
 • J.Gorges, S.Grimme, A.Hansen, P.Pracht, PCCP, 2022,24, 12249-12259.
 
 Input structure:
  36
 
 C          4.7964924133       -0.2184857729        0.3531520220
 C          4.1094680656        0.9402076543        0.7312705146
 C          2.7483819391        1.0093218087        0.6097930960
 C          1.9939004973       -0.0651447422        0.0788661211
 C          2.6902214933       -1.2648613765       -0.2125201518
 C          4.0982140054       -1.3039029173       -0.0972980765
 C          1.9509050987       -2.4228609102       -0.5604577781
 C          0.5938311368       -2.4121813801       -0.5398561533
 C         -0.1420566852       -1.2287942770       -0.2530522640
 C         -1.5902583028       -1.2620685204       -0.0788601991
 C         -2.2982938833       -2.4745733141       -0.0342630615
 C         -3.6449440052       -2.5081547483        0.2181968431
 C         -4.3370360724       -1.3289409587        0.4450401846
 C         -3.6762430057       -0.1288460589        0.4048379975
 C         -2.2998492307       -0.0597151604        0.1372267183
 C         -1.6011491659        1.2161000861        0.0348837996
 C         -2.2955482915        2.4366689114        0.0130180665
 C         -1.6493086688        3.6246413556       -0.2116321165
 C         -0.2853827201        3.6332645583       -0.4563776901
 C          0.4203722111        2.4592523019       -0.4306464604
 C         -0.1967922228        1.2326382931       -0.1275222879
 C          0.5554862167       -0.0201074863       -0.0910467524
 H          5.8719213408       -0.2538697264        0.4482680177
 H          4.6614187727        1.7756407021        1.1352800884
 H          2.2290334653        1.8716348587        0.9946773140
 H          4.6092672499       -2.2191728883       -0.3538924860
 H          2.4910740862       -3.3274468133       -0.7926749999
 H          0.0605184217       -3.3166311631       -0.7780404910
 H         -1.7761953696       -3.4041608207       -0.1738438762
 H         -4.1656326539       -3.4521518830        0.2537682537
 H         -5.3943377311       -1.3578526106        0.6566665867
 H         -4.2293130095        0.7728491586        0.5990569421
 H         -3.3627827890        2.4472014468        0.1437088732
 H         -2.2048018368        4.5491758307       -0.2306069187
 H          0.2152248372        4.5613922640       -0.6827445648
 H          1.4566565235        2.4709432955       -0.7201862843
 
 ------------------------------------------------
 Generating MTD length from a flexibility measure
 ------------------------------------------------
 Calculating GFN0-xTB WBOs   ... done.
 Calculating NCI flexibility ... done.
     covalent flexibility measure :   0.011
 non-covalent flexibility measure :   0.677
 flexibility measure :   0.042
 t(MTD) / ps    :     5.0
 Σ(t(MTD)) / ps :   120.0 (24 MTDs)
 
 -----------------------------------
 Starting trial MTD to test settings
 -----------------------------------
 Trial MTD 1 runtime (1.0 ps) ...        0 min,  0.644 sec
 Estimated runtime for one MTD (5.0 ps) on a single thread: 3 sec
 Estimated runtime for a batch of 24 MTDs on 16 threads: 6 sec
 
******************************************************************************************
**                         N E W   I T E R A T I O N  C Y C L E                         **
******************************************************************************************
 
 ------------------------------
 Meta-Dynamics Iteration 1
 ------------------------------
 list of applied metadynamics Vbias parameters:
$metadyn    0.27000   1.618
$metadyn    0.13500   1.618
$metadyn    0.06750   1.618
$metadyn    0.03375   1.618
$metadyn    0.27000   1.000
$metadyn    0.13500   1.000
$metadyn    0.06750   1.000
$metadyn    0.03375   1.000
$metadyn    0.27000   0.618
$metadyn    0.13500   0.618
$metadyn    0.06750   0.618
$metadyn    0.03375   0.618
$metadyn    0.27000   0.382
$metadyn    0.13500   0.382
$metadyn    0.06750   0.382
$metadyn    0.03375   0.382
$metadyn    0.27000   0.236
$metadyn    0.13500   0.236
$metadyn    0.06750   0.236
$metadyn    0.03375   0.236
$metadyn    0.27000   0.146
$metadyn    0.13500   0.146
$metadyn    0.06750   0.146
$metadyn    0.03375   0.146
 
  ::::::::::::: starting MTD    1 :::::::::::::
  |   MD simulation time   :     5.0 ps       |
  |   target T             :   300.0 K        |
  |   timestep dt          :     1.5 fs       |
  |   dump interval(trj)   :   100.0 fs       |
  |   SHAKE algorithm      : true (all bonds) |
  |   dump interval(Vbias) :    1.00 ps       |
  |   Vbias prefactor (k)  :  0.2700 Eh       |
  |   Vbias exponent (α)   :  1.6180 bohr⁻²   |
  ::::::::::::: starting MTD    7 :::::::::::::
  |   MD simulation time   :     5.0 ps       |
  |   target T             :   300.0 K        |
  |   timestep dt          :     1.5 fs       |
  |   dump interval(trj)   :   100.0 fs       |
  |   SHAKE algorithm      : true (all bonds) |
  |   dump interval(Vbias) :    1.00 ps       |
  |   Vbias prefactor (k)  :  0.0675 Eh       |
  |   Vbias exponent (α)   :  1.0000 bohr⁻²   |
  ::::::::::::: starting MTD   17 :::::::::::::
  |   MD simulation time   :     5.0 ps       |
  |   target T             :   300.0 K        |
  |   timestep dt          :     1.5 fs       |
  |   dump interval(trj)   :   100.0 fs       |
  |   SHAKE algorithm      : true (all bonds) |
  |   dump interval(Vbias) :    1.00 ps       |
  |   Vbias prefactor (k)  :  0.2700 Eh       |
  |   Vbias exponent (α)   :  0.2361 bohr⁻²   |
  ::::::::::::: starting MTD   18 :::::::::::::
  |   MD simulation time   :     5.0 ps       |
  |   target T             :   300.0 K        |
  |   timestep dt          :     1.5 fs       |
  |   dump interval(trj)   :   100.0 fs       |
  |   SHAKE algorithm      : true (all bonds) |
  |   dump interval(Vbias) :    1.00 ps       |
  |   Vbias prefactor (k)  :  0.1350 Eh       |
  |   Vbias exponent (α)   :  0.2361 bohr⁻²   |
  ::::::::::::: starting MTD   24 :::::::::::::
  |   MD simulation time   :     5.0 ps       |
  |   target T             :   300.0 K        |
  |   timestep dt          :     1.5 fs       |
  |   dump interval(trj)   :   100.0 fs       |
  |   SHAKE algorithm      : true (all bonds) |
  |   dump interval(Vbias) :    1.00 ps       |
  |   Vbias prefactor (k)  :  0.0338 Eh       |
  |   Vbias exponent (α)   :  0.1459 bohr⁻²   |
  ::::::::::::: starting MTD   21 :::::::::::::
  |   MD simulation time   :     5.0 ps       |
  |   target T             :   300.0 K        |
  |   timestep dt          :     1.5 fs       |
  |   dump interval(trj)   :   100.0 fs       |
  |   SHAKE algorithm      : true (all bonds) |
  |   dump interval(Vbias) :    1.00 ps       |
  |   Vbias prefactor (k)  :  0.2700 Eh       |
  |   Vbias exponent (α)   :  0.1459 bohr⁻²   |
  ::::::::::::: starting MTD    3 :::::::::::::
  |   MD simulation time   :     5.0 ps       |
  |   target T             :   300.0 K        |
  |   timestep dt          :     1.5 fs       |
  |   dump interval(trj)   :   100.0 fs       |
  |   SHAKE algorithm      : true (all bonds) |
  |   dump interval(Vbias) :    1.00 ps       |
  |   Vbias prefactor (k)  :  0.0675 Eh       |
  |   Vbias exponent (α)   :  1.6180 bohr⁻²   |
  ::::::::::::: starting MTD   19 :::::::::::::
  |   MD simulation time   :     5.0 ps       |
  |   target T             :   300.0 K        |
  |   timestep dt          :     1.5 fs       |
  |   dump interval(trj)   :   100.0 fs       |
  |   SHAKE algorithm      : true (all bonds) |
  |   dump interval(Vbias) :    1.00 ps       |
  |   Vbias prefactor (k)  :  0.0675 Eh       |
  |   Vbias exponent (α)   :  0.2361 bohr⁻²   |
  ::::::::::::: starting MTD   23 :::::::::::::
  |   MD simulation time   :     5.0 ps       |
  |   target T             :   300.0 K        |
  |   timestep dt          :     1.5 fs       |
  |   dump interval(trj)   :   100.0 fs       |
  |   SHAKE algorithm      : true (all bonds) |
  |   dump interval(Vbias) :    1.00 ps       |
  |   Vbias prefactor (k)  :  0.0675 Eh       |
  |   Vbias exponent (α)   :  0.1459 bohr⁻²   |
  ::::::::::::: starting MTD    5 :::::::::::::
  |   MD simulation time   :     5.0 ps       |
  |   target T             :   300.0 K        |
  |   timestep dt          :     1.5 fs       |
  |   dump interval(trj)   :   100.0 fs       |
  |   SHAKE algorithm      : true (all bonds) |
  |   dump interval(Vbias) :    1.00 ps       |
  |   Vbias prefactor (k)  :  0.2700 Eh       |
  |   Vbias exponent (α)   :  1.0000 bohr⁻²   |
  ::::::::::::: starting MTD   22 :::::::::::::
  |   MD simulation time   :     5.0 ps       |
  |   target T             :   300.0 K        |
  |   timestep dt          :     1.5 fs       |
  |   dump interval(trj)   :   100.0 fs       |
  |   SHAKE algorithm      : true (all bonds) |
  |   dump interval(Vbias) :    1.00 ps       |
  |   Vbias prefactor (k)  :  0.1350 Eh       |
  |   Vbias exponent (α)   :  0.1459 bohr⁻²   |
  ::::::::::::: starting MTD    9 :::::::::::::
  |   MD simulation time   :     5.0 ps       |
  |   target T             :   300.0 K        |
  |   timestep dt          :     1.5 fs       |
  |   dump interval(trj)   :   100.0 fs       |
  |   SHAKE algorithm      : true (all bonds) |
  |   dump interval(Vbias) :    1.00 ps       |
  |   Vbias prefactor (k)  :  0.2700 Eh       |
  |   Vbias exponent (α)   :  0.6180 bohr⁻²   |
  ::::::::::::: starting MTD   11 :::::::::::::
  |   MD simulation time   :     5.0 ps       |
  |   target T             :   300.0 K        |
  |   timestep dt          :     1.5 fs       |
  |   dump interval(trj)   :   100.0 fs       |
  |   SHAKE algorithm      : true (all bonds) |
  |   dump interval(Vbias) :    1.00 ps       |
  |   Vbias prefactor (k)  :  0.0675 Eh       |
  |   Vbias exponent (α)   :  0.6180 bohr⁻²   |
  ::::::::::::: starting MTD   15 :::::::::::::
  |   MD simulation time   :     5.0 ps       |
  |   target T             :   300.0 K        |
  |   timestep dt          :     1.5 fs       |
  |   dump interval(trj)   :   100.0 fs       |
  |   SHAKE algorithm      : true (all bonds) |
  |   dump interval(Vbias) :    1.00 ps       |
  |   Vbias prefactor (k)  :  0.0675 Eh       |
  |   Vbias exponent (α)   :  0.3820 bohr⁻²   |
  ::::::::::::: starting MTD   13 :::::::::::::
  |   MD simulation time   :     5.0 ps       |
  |   target T             :   300.0 K        |
  |   timestep dt          :     1.5 fs       |
  |   dump interval(trj)   :   100.0 fs       |
  |   SHAKE algorithm      : true (all bonds) |
  |   dump interval(Vbias) :    1.00 ps       |
  |   Vbias prefactor (k)  :  0.2700 Eh       |
  |   Vbias exponent (α)   :  0.3820 bohr⁻²   |
  ::::::::::::: starting MTD   20 :::::::::::::
  |   MD simulation time   :     5.0 ps       |
  |   target T             :   300.0 K        |
  |   timestep dt          :     1.5 fs       |
  |   dump interval(trj)   :   100.0 fs       |
  |   SHAKE algorithm      : true (all bonds) |
  |   dump interval(Vbias) :    1.00 ps       |
  |   Vbias prefactor (k)  :  0.0338 Eh       |
  |   Vbias exponent (α)   :  0.2361 bohr⁻²   |
*MTD  20 completed successfully ...        0 min, 11.618 sec
*MTD  21 completed successfully ...        0 min, 11.766 sec
*MTD  19 completed successfully ...        0 min, 11.783 sec
*MTD  18 completed successfully ...        0 min, 11.795 sec
*MTD   1 completed successfully ...        0 min, 11.800 sec
  ::::::::::::: starting MTD    2 :::::::::::::
  |   MD simulation time   :     5.0 ps       |
  |   target T             :   300.0 K        |
  |   timestep dt          :     1.5 fs       |
  |   dump interval(trj)   :   100.0 fs       |
  |   SHAKE algorithm      : true (all bonds) |
  |   dump interval(Vbias) :    1.00 ps       |
  |   Vbias prefactor (k)  :  0.1350 Eh       |
  |   Vbias exponent (α)   :  1.6180 bohr⁻²   |
*MTD   3 completed successfully ...        0 min, 11.813 sec
  ::::::::::::: starting MTD    4 :::::::::::::
  |   MD simulation time   :     5.0 ps       |
  |   target T             :   300.0 K        |
  |   timestep dt          :     1.5 fs       |
  |   dump interval(trj)   :   100.0 fs       |
  |   SHAKE algorithm      : true (all bonds) |
  |   dump interval(Vbias) :    1.00 ps       |
  |   Vbias prefactor (k)  :  0.0338 Eh       |
  |   Vbias exponent (α)   :  1.6180 bohr⁻²   |
*MTD  24 completed successfully ...        0 min, 11.823 sec
*MTD   7 completed successfully ...        0 min, 11.873 sec
  ::::::::::::: starting MTD    8 :::::::::::::
  |   MD simulation time   :     5.0 ps       |
  |   target T             :   300.0 K        |
  |   timestep dt          :     1.5 fs       |
  |   dump interval(trj)   :   100.0 fs       |
  |   SHAKE algorithm      : true (all bonds) |
  |   dump interval(Vbias) :    1.00 ps       |
  |   Vbias prefactor (k)  :  0.0338 Eh       |
  |   Vbias exponent (α)   :  1.0000 bohr⁻²   |
*MTD   5 completed successfully ...        0 min, 11.881 sec
  ::::::::::::: starting MTD    6 :::::::::::::
  |   MD simulation time   :     5.0 ps       |
  |   target T             :   300.0 K        |
  |   timestep dt          :     1.5 fs       |
  |   dump interval(trj)   :   100.0 fs       |
  |   SHAKE algorithm      : true (all bonds) |
  |   dump interval(Vbias) :    1.00 ps       |
  |   Vbias prefactor (k)  :  0.1350 Eh       |
  |   Vbias exponent (α)   :  1.0000 bohr⁻²   |
*MTD  13 completed successfully ...        0 min, 11.907 sec
  ::::::::::::: starting MTD   14 :::::::::::::
  |   MD simulation time   :     5.0 ps       |
  |   target T             :   300.0 K        |
  |   timestep dt          :     1.5 fs       |
  |   dump interval(trj)   :   100.0 fs       |
  |   SHAKE algorithm      : true (all bonds) |
  |   dump interval(Vbias) :    1.00 ps       |
  |   Vbias prefactor (k)  :  0.1350 Eh       |
  |   Vbias exponent (α)   :  0.3820 bohr⁻²   |
*MTD  17 completed successfully ...        0 min, 11.912 sec
*MTD  23 completed successfully ...        0 min, 11.915 sec
*MTD  11 completed successfully ...        0 min, 11.934 sec
  ::::::::::::: starting MTD   12 :::::::::::::
  |   MD simulation time   :     5.0 ps       |
  |   target T             :   300.0 K        |
  |   timestep dt          :     1.5 fs       |
  |   dump interval(trj)   :   100.0 fs       |
  |   SHAKE algorithm      : true (all bonds) |
  |   dump interval(Vbias) :    1.00 ps       |
  |   Vbias prefactor (k)  :  0.0338 Eh       |
  |   Vbias exponent (α)   :  0.6180 bohr⁻²   |
*MTD  22 completed successfully ...        0 min, 11.938 sec
*MTD  15 completed successfully ...        0 min, 11.997 sec
  ::::::::::::: starting MTD   16 :::::::::::::
  |   MD simulation time   :     5.0 ps       |
  |   target T             :   300.0 K        |
  |   timestep dt          :     1.5 fs       |
  |   dump interval(trj)   :   100.0 fs       |
  |   SHAKE algorithm      : true (all bonds) |
  |   dump interval(Vbias) :    1.00 ps       |
  |   Vbias prefactor (k)  :  0.0338 Eh       |
  |   Vbias exponent (α)   :  0.3820 bohr⁻²   |
*MTD   9 completed successfully ...        0 min, 12.053 sec
  ::::::::::::: starting MTD   10 :::::::::::::
  |   MD simulation time   :     5.0 ps       |
  |   target T             :   300.0 K        |
  |   timestep dt          :     1.5 fs       |
  |   dump interval(trj)   :   100.0 fs       |
  |   SHAKE algorithm      : true (all bonds) |
  |   dump interval(Vbias) :    1.00 ps       |
  |   Vbias prefactor (k)  :  0.1350 Eh       |
  |   Vbias exponent (α)   :  0.6180 bohr⁻²   |
*MTD   8 completed successfully ...        0 min,  3.470 sec
*MTD  12 completed successfully ...        0 min,  3.460 sec
*MTD  14 completed successfully ...        0 min,  3.616 sec
*MTD   6 completed successfully ...        0 min,  3.646 sec
*MTD   4 completed successfully ...        0 min,  4.679 sec
*MTD   2 completed successfully ...        0 min,  4.698 sec
*MTD  16 completed successfully ...        0 min,  5.419 sec
*MTD  10 completed successfully ...        0 min,  5.421 sec
 
 ======================================
 |  Multilevel Ensemble Optimization  |
 ======================================
 Optimizing all 1176 structures from file "crest_dynamics.trj" ...
 ----------------------
 crude pre-optimization
 ----------------------
 Optimization engine: ANCOPT
 Hessian update type: BFGS
 E/G convergence criteria:  0.500E-03 Eh, 0.100E-01 Eh/a0
 maximum optimization steps: 200
 |>0.1% |>7.6% |>15.1% |>22.5% |>30.0% |>37.5% |>45.1% |>52.6% |>60.0% |>67.5% |>75.0% |>82.6% |>90.1% |>97.5% |>100.0%
 done.
> 1176 of 1176 structures successfully optimized (100.0% success)
> Total runtime for 1176 optimizations:
 * wall-time:     0 d,  0 h,  0 min, 14.247 sec
 *  cpu-time:     0 d,  0 h,  3 min, 31.669 sec
 * ratio c/w:    14.857 speedup
> Corresponding to approximately 0.012 sec per processed structure
 
CREGEN> running RMSDs ... done.
CREGEN> E lowest :    -7.91381
 32 structures remain within    12.00 kcal/mol window
 ----------------------------------
 optimization with tight thresholds
 ----------------------------------
 Optimization engine: ANCOPT
 Hessian update type: BFGS
 E/G convergence criteria:  0.100E-05 Eh, 0.800E-03 Eh/a0
 maximum optimization steps: 200
 |>3.1% |>12.5% |>21.9% |>31.2% |>40.6% |>50.0% |>62.5% |>71.9% |>81.2% |>90.6% |>100.0%
 done.
> 32 of 32 structures successfully optimized (100.0% success)
> Total runtime for 32 optimizations:
 * wall-time:     0 d,  0 h,  0 min,  0.454 sec
 *  cpu-time:     0 d,  0 h,  0 min,  6.779 sec
 * ratio c/w:    14.947 speedup
> Corresponding to approximately 0.014 sec per processed structure
 
CREGEN> running RMSDs ... done.
CREGEN> E lowest :    -7.91384
 2 structures remain within     6.00 kcal/mol window
 
========================================
           MTD Simulations done         
========================================
 Collecting ensmbles.
CREGEN> running RMSDs ... done.
CREGEN> E lowest :    -7.91384
 2 structures remain within     6.00 kcal/mol window
     H(298.15K)-H(0) (conf)      0.000000
                   Cp(conf)      0.000000
                    S(conf)      1.377425
 
******************************************************************************************
**                          I T E R A T I O N    C Y C L E      1                       **
******************************************************************************************
 -------------------------------------------
 determining bias structures via PCA/k-Means
 -------------------------------------------
 1 structures were selected
 done.

 -----------------------------------------------
 determining MTD seed structures via PCA/k-Means
 -----------------------------------------------
 1 structures were selected
 done.


 ==========================================================
 Static MTDs (umbrella sampling) on 1 selected conformer(s)
 ==========================================================
> Using 1 constant RMSD bias potentials per MTD
  :::::::::: starting static MTD   1 ::::::::::
  |   MD simulation time   :     2.5 ps       |
  |   target T             :   400.0 K        |
  |   timestep dt          :     1.5 fs       |
  |   dump interval(trj)   :   100.0 fs       |
  |   SHAKE algorithm      : true (all bonds) |
  |   Vbias prefactor (k)  :  0.0023 Eh       |
  |   Vbias exponent (α)   :  1.0000 bohr⁻²   |
*sMTD   1 completed successfully ...        0 min,  3.628 sec
 
 ======================================
 |  Multilevel Ensemble Optimization  |
 ======================================
 Optimizing all 24 structures from file "crest_rotamers_0.xyz" ...
 ----------------------
 crude pre-optimization
 ----------------------
 Optimization engine: ANCOPT
 Hessian update type: BFGS
 E/G convergence criteria:  0.500E-03 Eh, 0.100E-01 Eh/a0
 maximum optimization steps: 200
 |>4.2% |>12.5% |>20.8% |>33.3% |>41.7% |>50.0% |>62.5% |>70.8% |>83.3% |>91.7% |>100.0%
 done.
> 24 of 24 structures successfully optimized (100.0% success)
> Total runtime for 24 optimizations:
 * wall-time:     0 d,  0 h,  0 min,  0.129 sec
 *  cpu-time:     0 d,  0 h,  0 min,  1.928 sec
 * ratio c/w:    14.947 speedup
> Corresponding to approximately 0.005 sec per processed structure
 
CREGEN> running RMSDs ... done.
CREGEN> E lowest :    -7.91360
 8 structures remain within    12.00 kcal/mol window
 ---------------------------------------
 optimization with very tight thresholds
 ---------------------------------------
 Optimization engine: ANCOPT
 Hessian update type: BFGS
 E/G convergence criteria:  0.100E-06 Eh, 0.200E-03 Eh/a0
 maximum optimization steps: 200
 |>12.5% |>25.0% |>37.5% |>50.0% |>62.5% |>75.0% |>87.5% |>100.0%
 done.
> 8 of 8 structures successfully optimized (100.0% success)
> Total runtime for 8 optimizations:
 * wall-time:     0 d,  0 h,  0 min,  0.227 sec
 *  cpu-time:     0 d,  0 h,  0 min,  3.539 sec
 * ratio c/w:    15.616 speedup
> Corresponding to approximately 0.028 sec per processed structure
 
CREGEN> running RMSDs ... done.
CREGEN> E lowest :    -7.91384
 1 structures remain within     6.00 kcal/mol window
CREGEN> running RMSDs ... done.
CREGEN> E lowest :    -7.91384
 
 Static MTD simulation iteration 1 finished
 A total of 1 conformers (+ 0.00%) in crest_conformers.xyz
 S(approx.) =   -0.000000 cal/molK (dS = 0.00%)
 Convergence w.r.t. conformers:  T
 Convergence w.r.t. entropy   :  T
 
     H(298.15K)-H(0) (conf)      0.000000
                   Cp(conf)      0.000000
                    S(conf)      1.377425


 --------------------------
 Final Ensemble Information
 --------------------------
 input  file name : crest_rotamers_2.xyz
 output file name : crest_rotamers_3.xyz
 number of atoms                :   36
 number of points on xyz files  :   3
 RMSD threshold                 :   0.1250
 Bconst threshold               :   0.0100
 population threshold           :   0.0500
 # fragment in coord            :     1
 # bonds in reference structure :    40
   => # of C=C bonds :     3
 number of reliable points      :     3
 sorting energy window (EWIN)   :    6.0000 / kcal*mol⁻¹
 reference state Etot           :  -7.91383897000000
 number of doubles removed by rot/RMSD         :           1
 total number unique points considered further :           2
       Erel/kcal        Etot weight/tot  conformer     set   degen     origin
       1   0.000    -7.91384    0.50010    1.00000       1       2
T /K                                  :   298.15
E lowest                              :    -7.91384
ensemble average energy (kcal)        :    0.000
ensemble entropy (J/mol K, cal/mol K) :    5.763    1.377
ensemble free energy (kcal/mol)       :   -0.411
population of lowest in %             :  100.000
 number of unique conformers for further calc            1
 list of relative energies saved as "crest.energies"
 compare nuclear equivalencies ...
::::::::::: conformer group all :::::::::::
 chemical equivalencies (mag.active nuclei):
 magnetic equivalencies:
 
******************************************************************************************
**                           ENSEMBLE ENTROPY CALCULATION                               **
******************************************************************************************
======================================================
 Containing 1 conformers :
     H(298.15K)-H(0) (conf)      0.000000
                   Cp(conf)      0.000000
                    S(conf)      1.377425
======================================================
 Containing 1 conformers :
     H(298.15K)-H(0) (conf)      0.000000
                   Cp(conf)      0.000000
                    S(conf)      1.377425
======================================================

 --------------------------------------
 FINAL CALCULATION OF MOLECULAR ENTROPY
 --------------------------------------
 
WARNING: Not enough blocks for extrapolation.
         Taking full ensemble entropy instead.

FINAL ENTROPY (max conf.)  :      1.37743
 
 ----------------------------------
 Frequency Calculation and Averages
 ----------------------------------
 Nconf on file      : 1
 Taken for Hessians : 1 (=100.00% total population)
 T range  /K    :   278.15   378.15
 scaling factor :          1.000000     
 rotor cutoff   :         25.000000 cm⁻¹
 imag. cutoff   :        -50.000000 cm⁻¹
 
 Running 1 calculations ...
 |>100.0%
 done.
 calculating averages for G and S ...    done.
 calculating Boltzmann weights ...       done.
 calculating reference S (bhess) ... > bhess not implemented for calculator routines
    done.
 calculating δSrrho ...                  done.
 
 Coordinates for the bhess reference structure (Ångström):
 -----------------------------------------------------------
  36
 
 C          4.8322314912       -0.2361375572        0.3815646271
 C          4.1360982278        0.9176117797        0.8034543581
 C          2.7631111879        1.0035344262        0.6596784428
 C          2.0029274390       -0.0554999037        0.0875457205
 C          2.7079081773       -1.2621713974       -0.2290219056
 C          4.1207165415       -1.3120614441       -0.1094852490
 C          1.9640639859       -2.4188311248       -0.5999783881
 C          0.5975100089       -2.4124088278       -0.5478685582
 C         -0.1380658516       -1.2220079726       -0.2521684898
 C         -1.5901188381       -1.2584896575       -0.0787049459
 C         -2.3055874278       -2.4800623228       -0.0652905679
 C         -3.6628905002       -2.5268474216        0.2094398006
 C         -4.3583838673       -1.3397651343        0.4911103438
 C         -3.6842812298       -0.1293526514        0.4692642222
 C         -2.3045941846       -0.0532269276        0.1696034468
 C         -1.6081261855        1.2247861782        0.0427641759
 C         -2.3137592089        2.4497819152        0.0121386884
 C         -1.6774017673        3.6533014359       -0.2461413351
 C         -0.3027166837        3.6599918528       -0.5295623508
 C          0.4156511540        2.4757967949       -0.4808938829
 C         -0.1938109044        1.2422496663       -0.1373346163
 C          0.5626498057       -0.0091436067       -0.0897053606
 H          5.9203221222       -0.2894019048        0.4809574522
 H          4.6824731526        1.7454793323        1.2651031851
 H          2.2521437094        1.8842524148        1.0468208594
 H          4.6344551209       -2.2377198073       -0.3870299263
 H          2.5037346061       -3.3315064677       -0.8697527864
 H          0.0616256494       -3.3355925120       -0.7682295184
 H         -1.7833078011       -3.4192787347       -0.2480528029
 H         -4.1838108899       -3.4886547377        0.2208618283
 H         -5.4257938318       -1.3670304301        0.7286278216
 H         -4.2401824926        0.7812384347        0.6959910610
 H         -3.3948547606        2.4542178070        0.1553700033
 H         -2.2541312473        4.5824034991       -0.2727804763
 H          0.2002691631        4.5901013184       -0.8099341218
 H          1.4663882597        2.4914526852       -0.7661719279
 -----------------------------------------------------------
 as read from <coord>
 Heavy-atom RMSD between lowest conformer and this reference :
 RMSD(heavy) =        0.068115 Å
 
 msRRHO(bhess) reference entropies:
      278.15        116.721511
      288.15        119.111161
      298.15        121.502759
      308.15        123.895128
      318.15        126.287145
      328.15        128.677747
      338.15        131.065925
      348.15        133.450726
      358.15        135.831254
      368.15        138.206661
      378.15        140.576155

       T/K  |S(T)|/cal/molK       |G(T)|/Eh     G_lowest/Eh    (conf)
   -----------------------------------------------------------------
    278.15    0.122783E+03    0.245395E+00       -7.668444         1
    288.15    0.125235E+03    0.243421E+00       -7.670418         1
    298.15    0.127686E+03    0.241407E+00       -7.672431         1
    308.15    0.130134E+03    0.239355E+00       -7.674484         1
    318.15    0.132578E+03    0.237263E+00       -7.676575         1
    328.15    0.135017E+03    0.235133E+00       -7.678706         1
    338.15    0.137450E+03    0.232964E+00       -7.680875         1
    348.15    0.139877E+03    0.230756E+00       -7.683083         1
    358.15    0.142297E+03    0.228509E+00       -7.685330         1
    368.15    0.144709E+03    0.226224E+00       -7.687615         1
    378.15    0.147112E+03    0.223901E+00       -7.689938         1
   -----------------------------------------------------------------
   NOTE: if |G(T)| is the averaged contributrion to the free energy.
   |G(T)| used only for the higher-energetic structures (n > 1).
   All other structures use G(T) from the respective Hessian calculations.
 
 Quantities calculated on free energies:
       T/K          δSrrho           Cp(T)     [H(T)-H(0)]
   -------------------------------------------------------
    278.15    0.606122E+01    0.000000E+00        0.000000
    288.15    0.612427E+01    0.000000E+00        0.000000
    298.15    0.618340E+01    0.000000E+00        0.000000
    308.15    0.623876E+01    0.000000E+00        0.000000
    318.15    0.629054E+01    0.000000E+00        0.000000
    328.15    0.633892E+01    0.000000E+00        0.000000
    338.15    0.638408E+01    0.000000E+00        0.000000
    348.15    0.642618E+01    0.000000E+00        0.000000
    358.15    0.646540E+01    0.000000E+00        0.000000
    368.15    0.650192E+01    0.000000E+00        0.000000
    378.15    0.653588E+01    0.000000E+00        0.000000
   -------------------------------------------------------
   NOTE: δSrrho(T) = |S(T)| - Sref(T)
 
 ----------------------
 TEMPERATURE DEPENDENCE
 ----------------------
 
 Final CONFORMATIONAL quantities at given T:
       T/K        S(total)           Cp(T)     [H(T)-H(0)]        G(total)
   -----------------------------------------------------------------------
    278.15        7.438648        0.000000        0.000000       -2.069060
    288.15        7.501698        0.000000        0.000000       -2.161614
    298.15        7.560820        0.000000        0.000000       -2.254259
    308.15        7.616186        0.000000        0.000000       -2.346928
    318.15        7.667969        0.000000        0.000000       -2.439564
    328.15        7.716348        0.000000        0.000000       -2.532120
    338.15        7.761501        0.000000        0.000000       -2.624552
    348.15        7.803604        0.000000        0.000000       -2.716825
    358.15        7.842828        0.000000        0.000000       -2.808909
    368.15        7.879342        0.000000        0.000000       -2.900780
    378.15        7.913306        0.000000        0.000000       -2.992417
   -----------------------------------------------------------------------
   S and Cp in cal/mol*K; H and G in kcal/mol
   G(total) is the ensemble free energy (H-T*S) and S(total) = S(conf,extrapol.) + δSrrho
 
 ----------------------------------------------------
 |      FINAL MOLECULAR ENTROPY AT T= 298.15 K      |
 ----------------------------------------------------
     Sconf   =          1.377425
   + δSrrho  =          6.183395
 -----------------------------------------------------
 = S(total)  =          7.560820  (cal mol⁻¹ K⁻¹)
 
   H(T)-H(0) =          0.000000
   G         =         -2.254259   (-T*S)
 -----------------------------------------------------
 = G(total)  =         -2.254259  (H-T*S) (kcal mol⁻¹)
 
   Cp(total) =          0.000000  (cal mol⁻¹ K⁻¹)
 
 
 -----------------
 Wall Time Summary
 -----------------
 CREST runtime (total)               0 d,  0 h,  0 min, 40.397 sec
 ------------------------------------------------------------------
 Trial metadynamics (MTD)   ...        0 min,  0.648 sec (  1.604%)
 Metadynamics (MTD)         ...        0 min, 17.932 sec ( 44.390%)
 Geometry optimization      ...        0 min, 17.120 sec ( 42.380%)
 Static metadynamics (sMTD) ...        0 min,  3.668 sec (  9.081%)
 Conf. entropy evaluation   ...        0 min,  0.518 sec (  1.283%)
 I/O and setup              ...        0 min,  0.510 sec (  1.263%)
 ------------------------------------------------------------------
 * wall-time:     0 d,  0 h,  0 min, 40.397 sec
 *  cpu-time:     0 d,  0 h,  8 min, 37.504 sec
 * ratio c/w:    12.811 speedup
 ------------------------------------------------------------------
 * Total number of energy+grad calls: 107687
 
 CREST terminated normally.
