 
       ╔════════════════════════════════════════════╗
       ║            ___ ___ ___ ___ _____           ║
       ║           / __| _ \ __/ __|_   _|          ║
       ║          | (__|   / _|\__ \ | |            ║
       ║           \___|_|_\___|___/ |_|            ║
       ║                                            ║
       ║  Conformer-Rotamer Ensemble Sampling Tool  ║
       ║          based on the xTB methods          ║
       ║                                            ║
       ╚════════════════════════════════════════════╝
       Version 3.0.2, Sun Aug 25 20:02:36 UTC 2024
       commit (af7eb99) compiled by 'runner@fv-az1984-471'
 
   Cite work conducted with this code as

   • P.Pracht, F.Bohle, S.Grimme, PCCP, 2020, 22, 7169-7192.
   • S.Grimme, JCTC, 2019, 15, 2847-2862.
   • P.Pracht, S.Grimme, C.Bannwarth, F.Bohle, S.Ehlert,
     G.Feldmann, J.Gorges, M.Müller, T.Neudecker, C.Plett,
     S.Spicher, P.Steinbach, P.Wesołowski, F.Zeller,
     J. Chem. Phys., 2024, 160, 114110.

   for works involving QCG cite

   • S.Spicher, C.Plett, P.Pracht, A.Hansen, S.Grimme,
     JCTC, 2022, 18 (5), 3174-3189.
   • C.Plett, S. Grimme,
     Angew. Chem. Int. Ed. 2023, 62, e202214477.

   for works involving MECP screening cite

   • P.Pracht, C.Bannwarth, JCTC, 2022, 18 (10), 6370-6385.
 
   Original code
     P.Pracht, S.Grimme, Universität Bonn, MCTC
   with help from (alphabetical order):
     C.Bannwarth, F.Bohle, S.Ehlert, G.Feldmann, J.Gorges,
     S.Grimme, C.Plett, P.Pracht, S.Spicher, P.Steinbach,
     P.Wesolowski, F.Zeller
 
   Online documentation is available at
   https://crest-lab.github.io/crest-docs/
 
   This program is distributed in the hope that it will be useful,
   but WITHOUT ANY WARRANTY; without even the implied warranty of
   MERCHANTABILITY or FITNESS FOR A PARTICULAR PURPOSE. See the
   GNU Lesser General Public License (LGPL) for more details.

 Command line input:
 $ crest RAASUWZPTOJQAY-UHFFFAOYSA-N-1.xyz -gfnff -entropy -T 32 -chrg 0 -uhf 0

  --gfnff : Use of GFN-FF requested.
  -entropy : enhanced ensemble entropy calculation
  -T 32 (CPUs/Threads selected)
  -chrg 0
  -uhf 0
Parsing xtb-type input file bondlengths to set up calculators ...

> Setting up backup calculator ... done.
 ----------------
 Calculation info
 ----------------
> User-defined calculation level:
 : GFN-FF calculation via GFNFF lib
 :   Molecular charge    : 0
 
> User-defined constraints:
  # bond constraints    : 48
 
 
 -----------------------------
 Initial Geometry Optimization
 -----------------------------
 Geometry successfully optimized.
 
          ┍━━━━━━━━━━━━━━━━━━━━━━━━━━━━━━━━━━━━━━━━━━━━━━━━━┑
          │              CREST ENTROPY SAMPLING             │
          ┕━━━━━━━━━━━━━━━━━━━━━━━━━━━━━━━━━━━━━━━━━━━━━━━━━┙
 
 please cite:
 • P.Pracht, S.Grimme, Chem. Sci., 2021, 12, 6551-6568.
 • J.Gorges, S.Grimme, A.Hansen, P.Pracht, PCCP, 2022,24, 12249-12259.
 
 Input structure:
  36
 
 C          5.1095479437        0.7040830509       -0.0000000000
 C          5.1095479437       -0.7040830509       -0.0000000000
 C          3.9323246432       -1.3936888990        0.0000000000
 C          2.6904812689       -0.7074026874        0.0000000000
 C          1.4608404593       -1.3832787146        0.0000000000
 C          0.2500796045       -0.7152520768        0.0000000000
 C         -1.0223298424       -1.4423732298        0.0000000000
 C         -1.0619980141       -2.8430873051        0.0000000000
 C         -2.2508939816       -3.5287738946        0.0000000000
 C         -3.4457461673       -2.8347265569       -0.0000000000
 C         -3.4392871855       -1.4622345322       -0.0000000000
 C         -2.2426500357       -0.7330653389        0.0000000000
 C         -2.2426500357        0.7330653389        0.0000000000
 C         -3.4392871855        1.4622345322        0.0000000000
 C         -3.4457461673        2.8347265569       -0.0000000000
 C         -2.2508939816        3.5287738946       -0.0000000000
 C         -1.0619980141        2.8430873051       -0.0000000000
 C         -1.0223298424        1.4423732298       -0.0000000000
 C          0.2500796045        0.7152520768       -0.0000000000
 C          1.4608404593        1.3832787146       -0.0000000000
 C          2.6904812688        0.7074026874       -0.0000000000
 C          3.9323246432        1.3936888990       -0.0000000000
 H          6.0526915100        1.2308695979        0.0000000000
 H          6.0526915100       -1.2308695979       -0.0000000000
 H          3.9227587907       -2.4732467595        0.0000000000
 H          1.4892067509       -2.4564972949        0.0000000000
 H         -0.1467910518       -3.4072799472        0.0000000000
 H         -2.2546532442       -4.6077344671        0.0000000000
 H         -4.3811483472       -3.3725104083       -0.0000000000
 H         -4.3828796847       -0.9470324410       -0.0000000000
 H         -4.3828796847        0.9470324410        0.0000000000
 H         -4.3811483472        3.3725104083        0.0000000000
 H         -2.2546532442        4.6077344671       -0.0000000000
 H         -0.1467910518        3.4072799472        0.0000000000
 H          1.4892067509        2.4564972949       -0.0000000000
 H          3.9227587907        2.4732467595       -0.0000000000
 
 ------------------------------------------------
 Generating MTD length from a flexibility measure
 ------------------------------------------------
 Calculating GFN0-xTB WBOs   ... done.
 Calculating NCI flexibility ... done.
     covalent flexibility measure :   0.011
 non-covalent flexibility measure :   0.686
 flexibility measure :   0.042
 t(MTD) / ps    :     5.0
 Σ(t(MTD)) / ps :   120.0 (24 MTDs)
 
 -----------------------------------
 Starting trial MTD to test settings
 -----------------------------------
 Trial MTD 1 runtime (1.0 ps) ...        0 min,  0.681 sec
 Estimated runtime for one MTD (5.0 ps) on a single thread: 3 sec
 Estimated runtime for a batch of 24 MTDs on 32 threads: 3 sec
 
******************************************************************************************
**                         N E W   I T E R A T I O N  C Y C L E                         **
******************************************************************************************
 
 ------------------------------
 Meta-Dynamics Iteration 1
 ------------------------------
 list of applied metadynamics Vbias parameters:
$metadyn    0.27000   1.618
$metadyn    0.13500   1.618
$metadyn    0.06750   1.618
$metadyn    0.03375   1.618
$metadyn    0.27000   1.000
$metadyn    0.13500   1.000
$metadyn    0.06750   1.000
$metadyn    0.03375   1.000
$metadyn    0.27000   0.618
$metadyn    0.13500   0.618
$metadyn    0.06750   0.618
$metadyn    0.03375   0.618
$metadyn    0.27000   0.382
$metadyn    0.13500   0.382
$metadyn    0.06750   0.382
$metadyn    0.03375   0.382
$metadyn    0.27000   0.236
$metadyn    0.13500   0.236
$metadyn    0.06750   0.236
$metadyn    0.03375   0.236
$metadyn    0.27000   0.146
$metadyn    0.13500   0.146
$metadyn    0.06750   0.146
$metadyn    0.03375   0.146
 
  ::::::::::::: starting MTD    1 :::::::::::::
  |   MD simulation time   :     5.0 ps       |
  |   target T             :   300.0 K        |
  |   timestep dt          :     1.5 fs       |
  |   dump interval(trj)   :   100.0 fs       |
  |   SHAKE algorithm      : true (all bonds) |
  |   dump interval(Vbias) :    1.00 ps       |
  |   Vbias prefactor (k)  :  0.2700 Eh       |
  |   Vbias exponent (α)   :  1.6180 bohr⁻²   |
  ::::::::::::: starting MTD    3 :::::::::::::
  |   MD simulation time   :     5.0 ps       |
  |   target T             :   300.0 K        |
  |   timestep dt          :     1.5 fs       |
  |   dump interval(trj)   :   100.0 fs       |
  |   SHAKE algorithm      : true (all bonds) |
  |   dump interval(Vbias) :    1.00 ps       |
  |   Vbias prefactor (k)  :  0.0675 Eh       |
  |   Vbias exponent (α)   :  1.6180 bohr⁻²   |
  ::::::::::::: starting MTD   10 :::::::::::::
  |   MD simulation time   :     5.0 ps       |
  |   target T             :   300.0 K        |
  |   timestep dt          :     1.5 fs       |
  |   dump interval(trj)   :   100.0 fs       |
  |   SHAKE algorithm      : true (all bonds) |
  |   dump interval(Vbias) :    1.00 ps       |
  |   Vbias prefactor (k)  :  0.1350 Eh       |
  |   Vbias exponent (α)   :  0.6180 bohr⁻²   |
  ::::::::::::: starting MTD   12 :::::::::::::
  |   MD simulation time   :     5.0 ps       |
  |   target T             :   300.0 K        |
  |   timestep dt          :     1.5 fs       |
  |   dump interval(trj)   :   100.0 fs       |
  |   SHAKE algorithm      : true (all bonds) |
  |   dump interval(Vbias) :    1.00 ps       |
  |   Vbias prefactor (k)  :  0.0338 Eh       |
  |   Vbias exponent (α)   :  0.6180 bohr⁻²   |
  ::::::::::::: starting MTD   19 :::::::::::::
  |   MD simulation time   :     5.0 ps       |
  |   target T             :   300.0 K        |
  |   timestep dt          :     1.5 fs       |
  |   dump interval(trj)   :   100.0 fs       |
  |   SHAKE algorithm      : true (all bonds) |
  |   dump interval(Vbias) :    1.00 ps       |
  |   Vbias prefactor (k)  :  0.0675 Eh       |
  |   Vbias exponent (α)   :  0.2361 bohr⁻²   |
  ::::::::::::: starting MTD   15 :::::::::::::
  |   MD simulation time   :     5.0 ps       |
  |   target T             :   300.0 K        |
  |   timestep dt          :     1.5 fs       |
  |   dump interval(trj)   :   100.0 fs       |
  |   SHAKE algorithm      : true (all bonds) |
  |   dump interval(Vbias) :    1.00 ps       |
  |   Vbias prefactor (k)  :  0.0675 Eh       |
  |   Vbias exponent (α)   :  0.3820 bohr⁻²   |
  ::::::::::::: starting MTD   23 :::::::::::::
  |   MD simulation time   :     5.0 ps       |
  |   target T             :   300.0 K        |
  |   timestep dt          :     1.5 fs       |
  |   dump interval(trj)   :   100.0 fs       |
  |   SHAKE algorithm      : true (all bonds) |
  |   dump interval(Vbias) :    1.00 ps       |
  |   Vbias prefactor (k)  :  0.0675 Eh       |
  |   Vbias exponent (α)   :  0.1459 bohr⁻²   |
  ::::::::::::: starting MTD   22 :::::::::::::
  |   MD simulation time   :     5.0 ps       |
  |   target T             :   300.0 K        |
  |   timestep dt          :     1.5 fs       |
  |   dump interval(trj)   :   100.0 fs       |
  |   SHAKE algorithm      : true (all bonds) |
  |   dump interval(Vbias) :    1.00 ps       |
  |   Vbias prefactor (k)  :  0.1350 Eh       |
  |   Vbias exponent (α)   :  0.1459 bohr⁻²   |
  ::::::::::::: starting MTD    4 :::::::::::::
  |   MD simulation time   :     5.0 ps       |
  |   target T             :   300.0 K        |
  |   timestep dt          :     1.5 fs       |
  |   dump interval(trj)   :   100.0 fs       |
  |   SHAKE algorithm      : true (all bonds) |
  |   dump interval(Vbias) :    1.00 ps       |
  |   Vbias prefactor (k)  :  0.0338 Eh       |
  |   Vbias exponent (α)   :  1.6180 bohr⁻²   |
  ::::::::::::: starting MTD   11 :::::::::::::
  |   MD simulation time   :     5.0 ps       |
  |   target T             :   300.0 K        |
  |   timestep dt          :     1.5 fs       |
  |   dump interval(trj)   :   100.0 fs       |
  |   SHAKE algorithm      : true (all bonds) |
  |   dump interval(Vbias) :    1.00 ps       |
  |   Vbias prefactor (k)  :  0.0675 Eh       |
  |   Vbias exponent (α)   :  0.6180 bohr⁻²   |
  ::::::::::::: starting MTD    7 :::::::::::::
  |   MD simulation time   :     5.0 ps       |
  |   target T             :   300.0 K        |
  |   timestep dt          :     1.5 fs       |
  |   dump interval(trj)   :   100.0 fs       |
  |   SHAKE algorithm      : true (all bonds) |
  |   dump interval(Vbias) :    1.00 ps       |
  |   Vbias prefactor (k)  :  0.0675 Eh       |
  |   Vbias exponent (α)   :  1.0000 bohr⁻²   |
  ::::::::::::: starting MTD   18 :::::::::::::
  |   MD simulation time   :     5.0 ps       |
  |   target T             :   300.0 K        |
  |   timestep dt          :     1.5 fs       |
  |   dump interval(trj)   :   100.0 fs       |
  |   SHAKE algorithm      : true (all bonds) |
  |   dump interval(Vbias) :    1.00 ps       |
  |   Vbias prefactor (k)  :  0.1350 Eh       |
  |   Vbias exponent (α)   :  0.2361 bohr⁻²   |
  ::::::::::::: starting MTD   20 :::::::::::::
  |   MD simulation time   :     5.0 ps       |
  |   target T             :   300.0 K        |
  |   timestep dt          :     1.5 fs       |
  |   dump interval(trj)   :   100.0 fs       |
  |   SHAKE algorithm      : true (all bonds) |
  |   dump interval(Vbias) :    1.00 ps       |
  |   Vbias prefactor (k)  :  0.0338 Eh       |
  |   Vbias exponent (α)   :  0.2361 bohr⁻²   |
  ::::::::::::: starting MTD    8 :::::::::::::
  |   MD simulation time   :     5.0 ps       |
  |   target T             :   300.0 K        |
  |   timestep dt          :     1.5 fs       |
  |   dump interval(trj)   :   100.0 fs       |
  |   SHAKE algorithm      : true (all bonds) |
  |   dump interval(Vbias) :    1.00 ps       |
  |   Vbias prefactor (k)  :  0.0338 Eh       |
  |   Vbias exponent (α)   :  1.0000 bohr⁻²   |
  ::::::::::::: starting MTD   21 :::::::::::::
  |   MD simulation time   :     5.0 ps       |
  |   target T             :   300.0 K        |
  |   timestep dt          :     1.5 fs       |
  |   dump interval(trj)   :   100.0 fs       |
  |   SHAKE algorithm      : true (all bonds) |
  |   dump interval(Vbias) :    1.00 ps       |
  |   Vbias prefactor (k)  :  0.2700 Eh       |
  |   Vbias exponent (α)   :  0.1459 bohr⁻²   |
  ::::::::::::: starting MTD   13 :::::::::::::
  |   MD simulation time   :     5.0 ps       |
  |   target T             :   300.0 K        |
  |   timestep dt          :     1.5 fs       |
  |   dump interval(trj)   :   100.0 fs       |
  |   SHAKE algorithm      : true (all bonds) |
  |   dump interval(Vbias) :    1.00 ps       |
  |   Vbias prefactor (k)  :  0.2700 Eh       |
  |   Vbias exponent (α)   :  0.3820 bohr⁻²   |
  ::::::::::::: starting MTD   17 :::::::::::::
  |   MD simulation time   :     5.0 ps       |
  |   target T             :   300.0 K        |
  |   timestep dt          :     1.5 fs       |
  |   dump interval(trj)   :   100.0 fs       |
  |   SHAKE algorithm      : true (all bonds) |
  |   dump interval(Vbias) :    1.00 ps       |
  |   Vbias prefactor (k)  :  0.2700 Eh       |
  |   Vbias exponent (α)   :  0.2361 bohr⁻²   |
  ::::::::::::: starting MTD    9 :::::::::::::
  |   MD simulation time   :     5.0 ps       |
  |   target T             :   300.0 K        |
  |   timestep dt          :     1.5 fs       |
  |   dump interval(trj)   :   100.0 fs       |
  |   SHAKE algorithm      : true (all bonds) |
  |   dump interval(Vbias) :    1.00 ps       |
  |   Vbias prefactor (k)  :  0.2700 Eh       |
  |   Vbias exponent (α)   :  0.6180 bohr⁻²   |
  ::::::::::::: starting MTD   24 :::::::::::::
  |   MD simulation time   :     5.0 ps       |
  |   target T             :   300.0 K        |
  |   timestep dt          :     1.5 fs       |
  |   dump interval(trj)   :   100.0 fs       |
  |   SHAKE algorithm      : true (all bonds) |
  |   dump interval(Vbias) :    1.00 ps       |
  |   Vbias prefactor (k)  :  0.0338 Eh       |
  |   Vbias exponent (α)   :  0.1459 bohr⁻²   |
  ::::::::::::: starting MTD   16 :::::::::::::
  |   MD simulation time   :     5.0 ps       |
  |   target T             :   300.0 K        |
  |   timestep dt          :     1.5 fs       |
  |   dump interval(trj)   :   100.0 fs       |
  |   SHAKE algorithm      : true (all bonds) |
  |   dump interval(Vbias) :    1.00 ps       |
  |   Vbias prefactor (k)  :  0.0338 Eh       |
  |   Vbias exponent (α)   :  0.3820 bohr⁻²   |
  ::::::::::::: starting MTD   14 :::::::::::::
  |   MD simulation time   :     5.0 ps       |
  |   target T             :   300.0 K        |
  |   timestep dt          :     1.5 fs       |
  |   dump interval(trj)   :   100.0 fs       |
  |   SHAKE algorithm      : true (all bonds) |
  |   dump interval(Vbias) :    1.00 ps       |
  |   Vbias prefactor (k)  :  0.1350 Eh       |
  |   Vbias exponent (α)   :  0.3820 bohr⁻²   |
  ::::::::::::: starting MTD    6 :::::::::::::
  |   MD simulation time   :     5.0 ps       |
  |   target T             :   300.0 K        |
  |   timestep dt          :     1.5 fs       |
  |   dump interval(trj)   :   100.0 fs       |
  |   SHAKE algorithm      : true (all bonds) |
  |   dump interval(Vbias) :    1.00 ps       |
  |   Vbias prefactor (k)  :  0.1350 Eh       |
  |   Vbias exponent (α)   :  1.0000 bohr⁻²   |
  ::::::::::::: starting MTD    5 :::::::::::::
  |   MD simulation time   :     5.0 ps       |
  |   target T             :   300.0 K        |
  |   timestep dt          :     1.5 fs       |
  |   dump interval(trj)   :   100.0 fs       |
  |   SHAKE algorithm      : true (all bonds) |
  |   dump interval(Vbias) :    1.00 ps       |
  |   Vbias prefactor (k)  :  0.2700 Eh       |
  |   Vbias exponent (α)   :  1.0000 bohr⁻²   |
  ::::::::::::: starting MTD    2 :::::::::::::
  |   MD simulation time   :     5.0 ps       |
  |   target T             :   300.0 K        |
  |   timestep dt          :     1.5 fs       |
  |   dump interval(trj)   :   100.0 fs       |
  |   SHAKE algorithm      : true (all bonds) |
  |   dump interval(Vbias) :    1.00 ps       |
  |   Vbias prefactor (k)  :  0.1350 Eh       |
  |   Vbias exponent (α)   :  1.6180 bohr⁻²   |
*MTD  20 completed successfully ...        0 min,  3.284 sec
*MTD  19 completed successfully ...        0 min,  3.301 sec
*MTD  18 completed successfully ...        0 min,  3.310 sec
*MTD   3 completed successfully ...        0 min,  3.324 sec
*MTD  22 completed successfully ...        0 min,  3.324 sec
*MTD  17 completed successfully ...        0 min,  3.329 sec
*MTD  21 completed successfully ...        0 min,  3.341 sec
*MTD  24 completed successfully ...        0 min,  3.543 sec
*MTD  13 completed successfully ...        0 min,  4.712 sec
*MTD  14 completed successfully ...        0 min,  4.715 sec
*MTD   8 completed successfully ...        0 min,  4.764 sec
*MTD   9 completed successfully ...        0 min,  4.838 sec
*MTD   2 completed successfully ...        0 min,  4.846 sec
*MTD  12 completed successfully ...        0 min,  4.880 sec
*MTD  15 completed successfully ...        0 min,  4.893 sec
*MTD   4 completed successfully ...        0 min,  4.893 sec
*MTD   1 completed successfully ...        0 min,  4.948 sec
*MTD  16 completed successfully ...        0 min,  5.211 sec
*MTD   7 completed successfully ...        0 min,  5.259 sec
*MTD  11 completed successfully ...        0 min,  5.282 sec
*MTD   6 completed successfully ...        0 min,  5.316 sec
*MTD  23 completed successfully ...        0 min,  5.329 sec
*MTD  10 completed successfully ...        0 min,  5.337 sec
*MTD   5 completed successfully ...        0 min,  5.339 sec
 
 ======================================
 |  Multilevel Ensemble Optimization  |
 ======================================
 Optimizing all 1176 structures from file "crest_dynamics.trj" ...
 ----------------------
 crude pre-optimization
 ----------------------
 Optimization engine: ANCOPT
 Hessian update type: BFGS
 E/G convergence criteria:  0.500E-03 Eh, 0.100E-01 Eh/a0
 maximum optimization steps: 200
 |>0.1% |>7.6% |>15.1% |>22.5% |>30.0% |>37.5% |>45.1% |>52.6% |>60.0% |>67.5% |>75.0% |>82.6% |>90.1% |>97.5% |>100.0%
 done.
> 1176 of 1176 structures successfully optimized (100.0% success)
> Total runtime for 1176 optimizations:
 * wall-time:     0 d,  0 h,  0 min,  4.721 sec
 *  cpu-time:     0 d,  0 h,  2 min, 30.176 sec
 * ratio c/w:    31.812 speedup
> Corresponding to approximately 0.004 sec per processed structure
 
CREGEN> running RMSDs ... done.
CREGEN> E lowest :    -7.91809
 16 structures remain within    12.00 kcal/mol window
 ----------------------------------
 optimization with tight thresholds
 ----------------------------------
 Optimization engine: ANCOPT
 Hessian update type: BFGS
 E/G convergence criteria:  0.100E-05 Eh, 0.800E-03 Eh/a0
 maximum optimization steps: 200
 |>6.2% |>12.5% |>25.0% |>31.2% |>43.8% |>50.0% |>62.5% |>75.0% |>81.2% |>93.8% |>100.0%
 done.
> 16 of 16 structures successfully optimized (100.0% success)
> Total runtime for 16 optimizations:
 * wall-time:     0 d,  0 h,  0 min,  0.447 sec
 *  cpu-time:     0 d,  0 h,  0 min, 13.999 sec
 * ratio c/w:    31.310 speedup
> Corresponding to approximately 0.028 sec per processed structure
 
CREGEN> running RMSDs ... done.
CREGEN> E lowest :    -7.91817
 1 structures remain within     6.00 kcal/mol window
 
========================================
           MTD Simulations done         
========================================
 Collecting ensmbles.
CREGEN> running RMSDs ... done.
CREGEN> E lowest :    -7.91817
 1 structures remain within     6.00 kcal/mol window
     H(298.15K)-H(0) (conf)      0.000000
                   Cp(conf)      0.000000
                    S(conf)      0.000000
 
******************************************************************************************
**                          I T E R A T I O N    C Y C L E      1                       **
******************************************************************************************
 -------------------------------------------
 determining bias structures via PCA/k-Means
 -------------------------------------------
 1 structures were selected
 done.

 -----------------------------------------------
 determining MTD seed structures via PCA/k-Means
 -----------------------------------------------
 1 structures were selected
 done.


 ==========================================================
 Static MTDs (umbrella sampling) on 1 selected conformer(s)
 ==========================================================
> Using 1 constant RMSD bias potentials per MTD
  :::::::::: starting static MTD   1 ::::::::::
  |   MD simulation time   :     2.5 ps       |
  |   target T             :   400.0 K        |
  |   timestep dt          :     1.5 fs       |
  |   dump interval(trj)   :   100.0 fs       |
  |   SHAKE algorithm      : true (all bonds) |
  |   Vbias prefactor (k)  :  0.0023 Eh       |
  |   Vbias exponent (α)   :  1.0000 bohr⁻²   |
*sMTD   1 completed successfully ...        0 min,  1.537 sec
 
 ======================================
 |  Multilevel Ensemble Optimization  |
 ======================================
 Optimizing all 24 structures from file "crest_rotamers_0.xyz" ...
 ----------------------
 crude pre-optimization
 ----------------------
 Optimization engine: ANCOPT
 Hessian update type: BFGS
 E/G convergence criteria:  0.500E-03 Eh, 0.100E-01 Eh/a0
 maximum optimization steps: 200
 |>4.2% |>12.5% |>20.8% |>33.3% |>41.7% |>50.0% |>62.5% |>70.8% |>83.3% |>91.7% |>100.0%
 done.
> 24 of 24 structures successfully optimized (100.0% success)
> Total runtime for 24 optimizations:
 * wall-time:     0 d,  0 h,  0 min,  0.074 sec
 *  cpu-time:     0 d,  0 h,  0 min,  1.754 sec
 * ratio c/w:    23.789 speedup
> Corresponding to approximately 0.003 sec per processed structure
 
CREGEN> running RMSDs ... done.
CREGEN> E lowest :    -7.91785
 11 structures remain within    12.00 kcal/mol window
 ---------------------------------------
 optimization with very tight thresholds
 ---------------------------------------
 Optimization engine: ANCOPT
 Hessian update type: BFGS
 E/G convergence criteria:  0.100E-06 Eh, 0.200E-03 Eh/a0
 maximum optimization steps: 200
 |>9.1% |>18.2% |>27.3% |>36.4% |>45.5% |>54.5% |>63.6% |>72.7% |>81.8% |>90.9% |>100.0%
 done.
> 11 of 11 structures successfully optimized (100.0% success)
> Total runtime for 11 optimizations:
 * wall-time:     0 d,  0 h,  0 min,  0.297 sec
 *  cpu-time:     0 d,  0 h,  0 min,  9.466 sec
 * ratio c/w:    31.860 speedup
> Corresponding to approximately 0.027 sec per processed structure
 
CREGEN> running RMSDs ... done.
CREGEN> E lowest :    -7.91817
 1 structures remain within     6.00 kcal/mol window
CREGEN> running RMSDs ... done.
CREGEN> E lowest :    -7.91817
 
 Static MTD simulation iteration 1 finished
 A total of 1 conformers (+ 0.00%) in crest_conformers.xyz
 S(approx.) =   -0.000000 cal/molK (dS = 0.00%)
 Convergence w.r.t. conformers:  T
 Convergence w.r.t. entropy   :  T
 
     H(298.15K)-H(0) (conf)      0.000000
                   Cp(conf)      0.000000
                    S(conf)      0.000000


 --------------------------
 Final Ensemble Information
 --------------------------
 input  file name : crest_rotamers_2.xyz
 output file name : crest_rotamers_3.xyz
 number of atoms                :   36
 number of points on xyz files  :   2
 RMSD threshold                 :   0.1250
 Bconst threshold               :   0.0100
 population threshold           :   0.0500
 # fragment in coord            :     1
 # bonds in reference structure :    40
   => # of C=C bonds :     2
 number of reliable points      :     2
 sorting energy window (EWIN)   :    6.0000 / kcal*mol⁻¹
 reference state Etot           :  -7.91817449000000
 number of doubles removed by rot/RMSD         :           1
 total number unique points considered further :           1
       Erel/kcal        Etot weight/tot  conformer     set   degen     origin
       1   0.000    -7.91817    1.00000    1.00000       1       1
T /K                                  :   298.15
E lowest                              :    -7.91817
ensemble average energy (kcal)        :    0.000
ensemble entropy (J/mol K, cal/mol K) :   -0.000   -0.000
ensemble free energy (kcal/mol)       :    0.000
population of lowest in %             :  100.000
 number of unique conformers for further calc            1
 list of relative energies saved as "crest.energies"
 compare nuclear equivalencies ...
::::::::::: conformer group all :::::::::::
 chemical equivalencies (mag.active nuclei):
 magnetic equivalencies:
 
******************************************************************************************
**                           ENSEMBLE ENTROPY CALCULATION                               **
******************************************************************************************
======================================================
 Containing 1 conformers :
     H(298.15K)-H(0) (conf)      0.000000
                   Cp(conf)      0.000000
                    S(conf)      0.000000
======================================================
 Containing 1 conformers :
     H(298.15K)-H(0) (conf)      0.000000
                   Cp(conf)      0.000000
                    S(conf)      0.000000
======================================================

 --------------------------------------
 FINAL CALCULATION OF MOLECULAR ENTROPY
 --------------------------------------
 
WARNING: Not enough blocks for extrapolation.
         Taking full ensemble entropy instead.

FINAL ENTROPY (max conf.)  :      0.00000
 
 ----------------------------------
 Frequency Calculation and Averages
 ----------------------------------
 Nconf on file      : 1
 Taken for Hessians : 1 (=100.00% total population)
 T range  /K    :   278.15   378.15
 scaling factor :          1.000000     
 rotor cutoff   :         25.000000 cm⁻¹
 imag. cutoff   :        -50.000000 cm⁻¹
 
 Running 1 calculations ...
 |>100.0%
 done.
 calculating averages for G and S ...    done.
 calculating Boltzmann weights ...       done.
 calculating reference S (bhess) ... > bhess not implemented for calculator routines
    done.
 calculating δSrrho ...                  done.
 
 Coordinates for the bhess reference structure (Ångström):
 -----------------------------------------------------------
  36
 
 C          5.1462185232        0.7115400000        0.0000000000
 C          5.1462185232       -0.7115400000        0.0000000000
 C          3.9582565232       -1.4069800000        0.0000000000
 C          2.7105865232       -0.7166720000        0.0000000000
 C          1.4722775232       -1.3884690000        0.0000000000
 C          0.2490385231       -0.7201990000        0.0000000000
 C         -1.0282404768       -1.4493020000        0.0000000000
 C         -1.0689584769       -2.8618020000        0.0000000000
 C         -2.2660374768       -3.5617400000        0.0000000000
 C         -3.4782444768       -2.8576870000        0.0000000000
 C         -3.4636534769       -1.4709140000        0.0000000000
 C         -2.2568524768       -0.7353850000        0.0000000000
 C         -2.2568524768        0.7353850000        0.0000000000
 C         -3.4636534769        1.4709140000        0.0000000000
 C         -3.4782444768        2.8576870000        0.0000000000
 C         -2.2660374768        3.5617400000        0.0000000000
 C         -1.0689584769        2.8618020000        0.0000000000
 C         -1.0282404768        1.4493020000        0.0000000000
 C          0.2490385231        0.7201990000        0.0000000000
 C          1.4722775232        1.3884690000        0.0000000000
 C          2.7105865232        0.7166720000        0.0000000000
 C          3.9582565232        1.4069800000        0.0000000000
 H          6.0981795232        1.2506030000        0.0000000000
 H          6.0981795232       -1.2506030000        0.0000000000
 H          3.9542025231       -2.5014830000        0.0000000000
 H          1.5029425232       -2.4784630000        0.0000000000
 H         -0.1398434768       -3.4318750000        0.0000000000
 H         -2.2590574768       -4.6555130000        0.0000000000
 H         -4.4317374768       -3.3936310000        0.0000000000
 H         -4.4195234769       -0.9472310000        0.0000000000
 H         -4.4195234769        0.9472310000        0.0000000000
 H         -4.4317374768        3.3936310000        0.0000000000
 H         -2.2590574768        4.6555130000        0.0000000000
 H         -0.1398434768        3.4318750000        0.0000000000
 H          1.5029425232        2.4784630000        0.0000000000
 H          3.9542025231        2.5014830000        0.0000000000
 -----------------------------------------------------------
 as read from <coord>
 Heavy-atom RMSD between lowest conformer and this reference :
 RMSD(heavy) =        0.025251 Å
 
 msRRHO(bhess) reference entropies:
      278.15        116.025517
      288.15        118.429683
      298.15        120.835573
      308.15        123.242005
      318.15        125.647854
      328.15        128.052052
      338.15        130.453585
      348.15        132.851498
      358.15        135.244888
      368.15        137.632907
      378.15        140.014759

       T/K  |S(T)|/cal/molK       |G(T)|/Eh     G_lowest/Eh    (conf)
   -----------------------------------------------------------------
    278.15    0.123644E+03    0.243610E+00       -7.674565         1
    288.15    0.126115E+03    0.241624E+00       -7.676551         1
    298.15    0.128583E+03    0.239598E+00       -7.678576         1
    308.15    0.131049E+03    0.237534E+00       -7.680641         1
    318.15    0.133509E+03    0.235430E+00       -7.682745         1
    328.15    0.135965E+03    0.233287E+00       -7.684888         1
    338.15    0.138414E+03    0.231104E+00       -7.687070         1
    348.15    0.140857E+03    0.228883E+00       -7.689291         1
    358.15    0.143292E+03    0.226623E+00       -7.691552         1
    368.15    0.145719E+03    0.224324E+00       -7.693850         1
    378.15    0.148137E+03    0.221987E+00       -7.696188         1
   -----------------------------------------------------------------
   NOTE: if |G(T)| is the averaged contributrion to the free energy.
   |G(T)| used only for the higher-energetic structures (n > 1).
   All other structures use G(T) from the respective Hessian calculations.
 
 Quantities calculated on free energies:
       T/K          δSrrho           Cp(T)     [H(T)-H(0)]
   -------------------------------------------------------
    278.15    0.761800E+01    0.000000E+00        0.000000
    288.15    0.768496E+01    0.000000E+00        0.000000
    298.15    0.774775E+01    0.000000E+00        0.000000
    308.15    0.780655E+01    0.000000E+00        0.000000
    318.15    0.786154E+01    0.000000E+00        0.000000
    328.15    0.791290E+01    0.000000E+00        0.000000
    338.15    0.796083E+01    0.000000E+00        0.000000
    348.15    0.800550E+01    0.000000E+00        0.000000
    358.15    0.804710E+01    0.000000E+00        0.000000
    368.15    0.808580E+01    0.000000E+00        0.000000
    378.15    0.812178E+01    0.000000E+00        0.000000
   -------------------------------------------------------
   NOTE: δSrrho(T) = |S(T)| - Sref(T)
 
 ----------------------
 TEMPERATURE DEPENDENCE
 ----------------------
 
 Final CONFORMATIONAL quantities at given T:
       T/K        S(total)           Cp(T)     [H(T)-H(0)]        G(total)
   -----------------------------------------------------------------------
    278.15        7.618001        0.000000        0.000000       -2.118947
    288.15        7.684956        0.000000        0.000000       -2.214420
    298.15        7.747746        0.000000        0.000000       -2.309991
    308.15        7.806546        0.000000        0.000000       -2.405587
    318.15        7.861536        0.000000        0.000000       -2.501148
    328.15        7.912903        0.000000        0.000000       -2.596619
    338.15        7.960830        0.000000        0.000000       -2.691955
    348.15        8.005503        0.000000        0.000000       -2.787116
    358.15        8.047103        0.000000        0.000000       -2.882070
    368.15        8.085804        0.000000        0.000000       -2.976789
    378.15        8.121777        0.000000        0.000000       -3.071250
   -----------------------------------------------------------------------
   S and Cp in cal/mol*K; H and G in kcal/mol
   G(total) is the ensemble free energy (H-T*S) and S(total) = S(conf,extrapol.) + δSrrho
 
 ----------------------------------------------------
 |      FINAL MOLECULAR ENTROPY AT T= 298.15 K      |
 ----------------------------------------------------
     Sconf   =          0.000000
   + δSrrho  =          7.747746
 -----------------------------------------------------
 = S(total)  =          7.747746  (cal mol⁻¹ K⁻¹)
 
   H(T)-H(0) =          0.000000
   G         =         -2.309991   (-T*S)
 -----------------------------------------------------
 = G(total)  =         -2.309991  (H-T*S) (kcal mol⁻¹)
 
   Cp(total) =          0.000000  (cal mol⁻¹ K⁻¹)
 
 
 -----------------
 Wall Time Summary
 -----------------
 CREST runtime (total)               0 d,  0 h,  0 min, 16.770 sec
 ------------------------------------------------------------------
 Trial metadynamics (MTD)   ...        0 min,  0.689 sec (  4.107%)
 Metadynamics (MTD)         ...        0 min,  5.681 sec ( 33.877%)
 Geometry optimization      ...        0 min,  7.832 sec ( 46.702%)
 Static metadynamics (sMTD) ...        0 min,  1.633 sec (  9.735%)
 Conf. entropy evaluation   ...        0 min,  0.507 sec (  3.024%)
 I/O and setup              ...        0 min,  0.428 sec (  2.554%)
 ------------------------------------------------------------------
 * wall-time:     0 d,  0 h,  0 min, 16.770 sec
 *  cpu-time:     0 d,  0 h,  6 min, 45.507 sec
 * ratio c/w:    24.180 speedup
 ------------------------------------------------------------------
 * Total number of energy+grad calls: 109743
 
 CREST terminated normally.
