 
       ╔════════════════════════════════════════════╗
       ║            ___ ___ ___ ___ _____           ║
       ║           / __| _ \ __/ __|_   _|          ║
       ║          | (__|   / _|\__ \ | |            ║
       ║           \___|_|_\___|___/ |_|            ║
       ║                                            ║
       ║  Conformer-Rotamer Ensemble Sampling Tool  ║
       ║          based on the xTB methods          ║
       ║                                            ║
       ╚════════════════════════════════════════════╝
       Version 3.0.2, Sun Aug 25 20:02:36 UTC 2024
       commit (af7eb99) compiled by 'runner@fv-az1984-471'
 
   Cite work conducted with this code as

   • P.Pracht, F.Bohle, S.Grimme, PCCP, 2020, 22, 7169-7192.
   • S.Grimme, JCTC, 2019, 15, 2847-2862.
   • P.Pracht, S.Grimme, C.Bannwarth, F.Bohle, S.Ehlert,
     G.Feldmann, J.Gorges, M.Müller, T.Neudecker, C.Plett,
     S.Spicher, P.Steinbach, P.Wesołowski, F.Zeller,
     J. Chem. Phys., 2024, 160, 114110.

   for works involving QCG cite

   • S.Spicher, C.Plett, P.Pracht, A.Hansen, S.Grimme,
     JCTC, 2022, 18 (5), 3174-3189.
   • C.Plett, S. Grimme,
     Angew. Chem. Int. Ed. 2023, 62, e202214477.

   for works involving MECP screening cite

   • P.Pracht, C.Bannwarth, JCTC, 2022, 18 (10), 6370-6385.
 
   Original code
     P.Pracht, S.Grimme, Universität Bonn, MCTC
   with help from (alphabetical order):
     C.Bannwarth, F.Bohle, S.Ehlert, G.Feldmann, J.Gorges,
     S.Grimme, C.Plett, P.Pracht, S.Spicher, P.Steinbach,
     P.Wesolowski, F.Zeller
 
   Online documentation is available at
   https://crest-lab.github.io/crest-docs/
 
   This program is distributed in the hope that it will be useful,
   but WITHOUT ANY WARRANTY; without even the implied warranty of
   MERCHANTABILITY or FITNESS FOR A PARTICULAR PURPOSE. See the
   GNU Lesser General Public License (LGPL) for more details.

 Command line input:
 $ crest RXUSYFJGDZFVND-UHFFFAOYSA-N-1.xyz -gfnff -entropy -T 32 -chrg 0 -uhf 0

  --gfnff : Use of GFN-FF requested.
  -entropy : enhanced ensemble entropy calculation
  -T 32 (CPUs/Threads selected)
  -chrg 0
  -uhf 0
Parsing xtb-type input file bondlengths to set up calculators ...

> Setting up backup calculator ... done.
 ----------------
 Calculation info
 ----------------
> User-defined calculation level:
 : GFN-FF calculation via GFNFF lib
 :   Molecular charge    : 0
 
> User-defined constraints:
  # bond constraints    : 67
 
 
 -----------------------------
 Initial Geometry Optimization
 -----------------------------
 Geometry successfully optimized.
 
          ┍━━━━━━━━━━━━━━━━━━━━━━━━━━━━━━━━━━━━━━━━━━━━━━━━━┑
          │              CREST ENTROPY SAMPLING             │
          ┕━━━━━━━━━━━━━━━━━━━━━━━━━━━━━━━━━━━━━━━━━━━━━━━━━┙
 
 please cite:
 • P.Pracht, S.Grimme, Chem. Sci., 2021, 12, 6551-6568.
 • J.Gorges, S.Grimme, A.Hansen, P.Pracht, PCCP, 2022,24, 12249-12259.
 
 Input structure:
  38
 
 C         -5.7744872250        0.3086838304       -0.0000000000
 C         -5.4288394009       -1.0504099686       -0.0000000000
 C         -4.1157145499       -1.4322357679        0.0000000000
 C         -3.0686780237       -0.4798324303        0.0000000000
 C         -3.4255999650        0.8977349277       -0.0000000000
 C         -4.7968132578        1.2602996452       -0.0000000000
 C         -2.4226786894        1.8787627523       -0.0000000000
 C         -1.0817627106        1.5422339471        0.0000000000
 C         -0.0625656686        2.5412123552        0.0000000000
 C          1.2503115740        2.2069126807        0.0000000000
 C          1.6805604853        0.8455974130        0.0000000000
 C          3.0686780237        0.4798324303       -0.0000000000
 C          4.1157145499        1.4322357679       -0.0000000000
 C          5.4288394009        1.0504099686       -0.0000000000
 C          5.7744872250       -0.3086838304        0.0000000000
 C          4.7968132578       -1.2602996452        0.0000000000
 C          3.4255999650       -0.8977349277        0.0000000000
 C          2.4226786894       -1.8787627523        0.0000000000
 C          1.0817627106       -1.5422339471       -0.0000000000
 C          0.0625656686       -2.5412123552       -0.0000000000
 C         -1.2503115740       -2.2069126807       -0.0000000000
 C         -1.6805604853       -0.8455974130        0.0000000000
 C         -0.6958794780        0.1669302391        0.0000000000
 C          0.6958794780       -0.1669302391        0.0000000000
 H         -6.8176007829        0.5901964881       -0.0000000000
 H         -6.2118796637       -1.7944632725       -0.0000000000
 H         -3.8740881208       -2.4818251299        0.0000000000
 H         -5.0490453057        2.3100816929       -0.0000000000
 H         -2.7050558423        2.9172639025        0.0000000000
 H         -0.3647201022        3.5771749665        0.0000000000
 H          1.9905597613        2.9887704825        0.0000000000
 H          3.8740881208        2.4818251299       -0.0000000000
 H          6.2118796637        1.7944632726       -0.0000000000
 H          6.8176007829       -0.5901964881        0.0000000000
 H          5.0490453057       -2.3100816929        0.0000000000
 H          2.7050558423       -2.9172639025        0.0000000000
 H          0.3647201022       -3.5771749665       -0.0000000000
 H         -1.9905597613       -2.9887704825       -0.0000000000
 
 ------------------------------------------------
 Generating MTD length from a flexibility measure
 ------------------------------------------------
 Calculating GFN0-xTB WBOs   ... done.
 Calculating NCI flexibility ... done.
     covalent flexibility measure :   0.018
 non-covalent flexibility measure :   0.679
 flexibility measure :   0.055
 t(MTD) / ps    :     5.0
 Σ(t(MTD)) / ps :   120.0 (24 MTDs)
 
 -----------------------------------
 Starting trial MTD to test settings
 -----------------------------------
 Trial MTD 1 runtime (1.0 ps) ...        0 min,  0.746 sec
 Estimated runtime for one MTD (5.0 ps) on a single thread: 4 sec
 Estimated runtime for a batch of 24 MTDs on 32 threads: 4 sec
 
******************************************************************************************
**                         N E W   I T E R A T I O N  C Y C L E                         **
******************************************************************************************
 
 ------------------------------
 Meta-Dynamics Iteration 1
 ------------------------------
 list of applied metadynamics Vbias parameters:
$metadyn    0.28500   1.618
$metadyn    0.14250   1.618
$metadyn    0.07125   1.618
$metadyn    0.03562   1.618
$metadyn    0.28500   1.000
$metadyn    0.14250   1.000
$metadyn    0.07125   1.000
$metadyn    0.03562   1.000
$metadyn    0.28500   0.618
$metadyn    0.14250   0.618
$metadyn    0.07125   0.618
$metadyn    0.03562   0.618
$metadyn    0.28500   0.382
$metadyn    0.14250   0.382
$metadyn    0.07125   0.382
$metadyn    0.03562   0.382
$metadyn    0.28500   0.236
$metadyn    0.14250   0.236
$metadyn    0.07125   0.236
$metadyn    0.03562   0.236
$metadyn    0.28500   0.146
$metadyn    0.14250   0.146
$metadyn    0.07125   0.146
$metadyn    0.03562   0.146
 
  ::::::::::::: starting MTD   23 :::::::::::::
  |   MD simulation time   :     5.0 ps       |
  |   target T             :   300.0 K        |
  |   timestep dt          :     1.5 fs       |
  |   dump interval(trj)   :   100.0 fs       |
  |   SHAKE algorithm      : true (all bonds) |
  |   dump interval(Vbias) :    1.00 ps       |
  |   Vbias prefactor (k)  :  0.0712 Eh       |
  |   Vbias exponent (α)   :  0.1459 bohr⁻²   |
  ::::::::::::: starting MTD   17 :::::::::::::
  |   MD simulation time   :     5.0 ps       |
  |   target T             :   300.0 K        |
  |   timestep dt          :     1.5 fs       |
  |   dump interval(trj)   :   100.0 fs       |
  |   SHAKE algorithm      : true (all bonds) |
  |   dump interval(Vbias) :    1.00 ps       |
  |   Vbias prefactor (k)  :  0.2850 Eh       |
  |   Vbias exponent (α)   :  0.2361 bohr⁻²   |
  ::::::::::::: starting MTD   21 :::::::::::::
  |   MD simulation time   :     5.0 ps       |
  |   target T             :   300.0 K        |
  |   timestep dt          :     1.5 fs       |
  |   dump interval(trj)   :   100.0 fs       |
  |   SHAKE algorithm      : true (all bonds) |
  |   dump interval(Vbias) :    1.00 ps       |
  |   Vbias prefactor (k)  :  0.2850 Eh       |
  |   Vbias exponent (α)   :  0.1459 bohr⁻²   |
  ::::::::::::: starting MTD   24 :::::::::::::
  |   MD simulation time   :     5.0 ps       |
  |   target T             :   300.0 K        |
  |   timestep dt          :     1.5 fs       |
  |   dump interval(trj)   :   100.0 fs       |
  |   SHAKE algorithm      : true (all bonds) |
  |   dump interval(Vbias) :    1.00 ps       |
  |   Vbias prefactor (k)  :  0.0356 Eh       |
  |   Vbias exponent (α)   :  0.1459 bohr⁻²   |
  ::::::::::::: starting MTD   18 :::::::::::::
  |   MD simulation time   :     5.0 ps       |
  |   target T             :   300.0 K        |
  |   timestep dt          :     1.5 fs       |
  |   dump interval(trj)   :   100.0 fs       |
  |   SHAKE algorithm      : true (all bonds) |
  |   dump interval(Vbias) :    1.00 ps       |
  |   Vbias prefactor (k)  :  0.1425 Eh       |
  |   Vbias exponent (α)   :  0.2361 bohr⁻²   |
  ::::::::::::: starting MTD   20 :::::::::::::
  |   MD simulation time   :     5.0 ps       |
  |   target T             :   300.0 K        |
  |   timestep dt          :     1.5 fs       |
  |   dump interval(trj)   :   100.0 fs       |
  |   SHAKE algorithm      : true (all bonds) |
  |   dump interval(Vbias) :    1.00 ps       |
  |   Vbias prefactor (k)  :  0.0356 Eh       |
  |   Vbias exponent (α)   :  0.2361 bohr⁻²   |
  ::::::::::::: starting MTD    1 :::::::::::::
  |   MD simulation time   :     5.0 ps       |
  |   target T             :   300.0 K        |
  |   timestep dt          :     1.5 fs       |
  |   dump interval(trj)   :   100.0 fs       |
  |   SHAKE algorithm      : true (all bonds) |
  |   dump interval(Vbias) :    1.00 ps       |
  |   Vbias prefactor (k)  :  0.2850 Eh       |
  |   Vbias exponent (α)   :  1.6180 bohr⁻²   |
  ::::::::::::: starting MTD   19 :::::::::::::
  |   MD simulation time   :     5.0 ps       |
  |   target T             :   300.0 K        |
  |   timestep dt          :     1.5 fs       |
  |   dump interval(trj)   :   100.0 fs       |
  |   SHAKE algorithm      : true (all bonds) |
  |   dump interval(Vbias) :    1.00 ps       |
  |   Vbias prefactor (k)  :  0.0712 Eh       |
  |   Vbias exponent (α)   :  0.2361 bohr⁻²   |
  ::::::::::::: starting MTD   22 :::::::::::::
  |   MD simulation time   :     5.0 ps       |
  |   target T             :   300.0 K        |
  |   timestep dt          :     1.5 fs       |
  |   dump interval(trj)   :   100.0 fs       |
  |   SHAKE algorithm      : true (all bonds) |
  |   dump interval(Vbias) :    1.00 ps       |
  |   Vbias prefactor (k)  :  0.1425 Eh       |
  |   Vbias exponent (α)   :  0.1459 bohr⁻²   |
  ::::::::::::: starting MTD    9 :::::::::::::
  |   MD simulation time   :     5.0 ps       |
  |   target T             :   300.0 K        |
  |   timestep dt          :     1.5 fs       |
  |   dump interval(trj)   :   100.0 fs       |
  |   SHAKE algorithm      : true (all bonds) |
  |   dump interval(Vbias) :    1.00 ps       |
  |   Vbias prefactor (k)  :  0.2850 Eh       |
  |   Vbias exponent (α)   :  0.6180 bohr⁻²   |
  ::::::::::::: starting MTD   15 :::::::::::::
  |   MD simulation time   :     5.0 ps       |
  |   target T             :   300.0 K        |
  |   timestep dt          :     1.5 fs       |
  |   dump interval(trj)   :   100.0 fs       |
  |   SHAKE algorithm      : true (all bonds) |
  |   dump interval(Vbias) :    1.00 ps       |
  |   Vbias prefactor (k)  :  0.0712 Eh       |
  |   Vbias exponent (α)   :  0.3820 bohr⁻²   |
  ::::::::::::: starting MTD    5 :::::::::::::
  |   MD simulation time   :     5.0 ps       |
  |   target T             :   300.0 K        |
  |   timestep dt          :     1.5 fs       |
  |   dump interval(trj)   :   100.0 fs       |
  |   SHAKE algorithm      : true (all bonds) |
  |   dump interval(Vbias) :    1.00 ps       |
  |   Vbias prefactor (k)  :  0.2850 Eh       |
  |   Vbias exponent (α)   :  1.0000 bohr⁻²   |
  ::::::::::::: starting MTD   13 :::::::::::::
  |   MD simulation time   :     5.0 ps       |
  |   target T             :   300.0 K        |
  |   timestep dt          :     1.5 fs       |
  |   dump interval(trj)   :   100.0 fs       |
  |   SHAKE algorithm      : true (all bonds) |
  |   dump interval(Vbias) :    1.00 ps       |
  |   Vbias prefactor (k)  :  0.2850 Eh       |
  |   Vbias exponent (α)   :  0.3820 bohr⁻²   |
  ::::::::::::: starting MTD    6 :::::::::::::
  |   MD simulation time   :     5.0 ps       |
  |   target T             :   300.0 K        |
  |   timestep dt          :     1.5 fs       |
  |   dump interval(trj)   :   100.0 fs       |
  |   SHAKE algorithm      : true (all bonds) |
  |   dump interval(Vbias) :    1.00 ps       |
  |   Vbias prefactor (k)  :  0.1425 Eh       |
  |   Vbias exponent (α)   :  1.0000 bohr⁻²   |
  ::::::::::::: starting MTD   11 :::::::::::::
  |   MD simulation time   :     5.0 ps       |
  |   target T             :   300.0 K        |
  |   timestep dt          :     1.5 fs       |
  |   dump interval(trj)   :   100.0 fs       |
  |   SHAKE algorithm      : true (all bonds) |
  |   dump interval(Vbias) :    1.00 ps       |
  |   Vbias prefactor (k)  :  0.0712 Eh       |
  |   Vbias exponent (α)   :  0.6180 bohr⁻²   |
  ::::::::::::: starting MTD   14 :::::::::::::
  |   MD simulation time   :     5.0 ps       |
  |   target T             :   300.0 K        |
  |   timestep dt          :     1.5 fs       |
  |   dump interval(trj)   :   100.0 fs       |
  |   SHAKE algorithm      : true (all bonds) |
  |   dump interval(Vbias) :    1.00 ps       |
  |   Vbias prefactor (k)  :  0.1425 Eh       |
  |   Vbias exponent (α)   :  0.3820 bohr⁻²   |
  ::::::::::::: starting MTD   16 :::::::::::::
  |   MD simulation time   :     5.0 ps       |
  |   target T             :   300.0 K        |
  |   timestep dt          :     1.5 fs       |
  |   dump interval(trj)   :   100.0 fs       |
  |   SHAKE algorithm      : true (all bonds) |
  |   dump interval(Vbias) :    1.00 ps       |
  |   Vbias prefactor (k)  :  0.0356 Eh       |
  |   Vbias exponent (α)   :  0.3820 bohr⁻²   |
  ::::::::::::: starting MTD    4 :::::::::::::
  |   MD simulation time   :     5.0 ps       |
  |   target T             :   300.0 K        |
  |   timestep dt          :     1.5 fs       |
  |   dump interval(trj)   :   100.0 fs       |
  |   SHAKE algorithm      : true (all bonds) |
  |   dump interval(Vbias) :    1.00 ps       |
  |   Vbias prefactor (k)  :  0.0356 Eh       |
  |   Vbias exponent (α)   :  1.6180 bohr⁻²   |
  ::::::::::::: starting MTD    3 :::::::::::::
  |   MD simulation time   :     5.0 ps       |
  |   target T             :   300.0 K        |
  |   timestep dt          :     1.5 fs       |
  |   dump interval(trj)   :   100.0 fs       |
  |   SHAKE algorithm      : true (all bonds) |
  |   dump interval(Vbias) :    1.00 ps       |
  |   Vbias prefactor (k)  :  0.0712 Eh       |
  |   Vbias exponent (α)   :  1.6180 bohr⁻²   |
  ::::::::::::: starting MTD   12 :::::::::::::
  |   MD simulation time   :     5.0 ps       |
  |   target T             :   300.0 K        |
  |   timestep dt          :     1.5 fs       |
  |   dump interval(trj)   :   100.0 fs       |
  |   SHAKE algorithm      : true (all bonds) |
  |   dump interval(Vbias) :    1.00 ps       |
  |   Vbias prefactor (k)  :  0.0356 Eh       |
  |   Vbias exponent (α)   :  0.6180 bohr⁻²   |
  ::::::::::::: starting MTD    2 :::::::::::::
  |   MD simulation time   :     5.0 ps       |
  |   target T             :   300.0 K        |
  |   timestep dt          :     1.5 fs       |
  |   dump interval(trj)   :   100.0 fs       |
  |   SHAKE algorithm      : true (all bonds) |
  |   dump interval(Vbias) :    1.00 ps       |
  |   Vbias prefactor (k)  :  0.1425 Eh       |
  |   Vbias exponent (α)   :  1.6180 bohr⁻²   |
  ::::::::::::: starting MTD    8 :::::::::::::
  |   MD simulation time   :     5.0 ps       |
  |   target T             :   300.0 K        |
  |   timestep dt          :     1.5 fs       |
  |   dump interval(trj)   :   100.0 fs       |
  |   SHAKE algorithm      : true (all bonds) |
  |   dump interval(Vbias) :    1.00 ps       |
  |   Vbias prefactor (k)  :  0.0356 Eh       |
  |   Vbias exponent (α)   :  1.0000 bohr⁻²   |
  ::::::::::::: starting MTD   10 :::::::::::::
  |   MD simulation time   :     5.0 ps       |
  |   target T             :   300.0 K        |
  |   timestep dt          :     1.5 fs       |
  |   dump interval(trj)   :   100.0 fs       |
  |   SHAKE algorithm      : true (all bonds) |
  |   dump interval(Vbias) :    1.00 ps       |
  |   Vbias prefactor (k)  :  0.1425 Eh       |
  |   Vbias exponent (α)   :  0.6180 bohr⁻²   |
  ::::::::::::: starting MTD    7 :::::::::::::
  |   MD simulation time   :     5.0 ps       |
  |   target T             :   300.0 K        |
  |   timestep dt          :     1.5 fs       |
  |   dump interval(trj)   :   100.0 fs       |
  |   SHAKE algorithm      : true (all bonds) |
  |   dump interval(Vbias) :    1.00 ps       |
  |   Vbias prefactor (k)  :  0.0712 Eh       |
  |   Vbias exponent (α)   :  1.0000 bohr⁻²   |
*MTD   5 completed successfully ...        0 min,  3.555 sec
*MTD  19 completed successfully ...        0 min,  3.603 sec
*MTD  21 completed successfully ...        0 min,  3.631 sec
*MTD  18 completed successfully ...        0 min,  3.648 sec
*MTD  17 completed successfully ...        0 min,  3.673 sec
*MTD   6 completed successfully ...        0 min,  3.827 sec
*MTD   4 completed successfully ...        0 min,  3.890 sec
*MTD  16 completed successfully ...        0 min,  4.017 sec
*MTD  15 completed successfully ...        0 min,  4.701 sec
*MTD   9 completed successfully ...        0 min,  4.722 sec
*MTD  22 completed successfully ...        0 min,  4.854 sec
*MTD   3 completed successfully ...        0 min,  4.984 sec
*MTD  12 completed successfully ...        0 min,  4.991 sec
*MTD  13 completed successfully ...        0 min,  5.146 sec
*MTD   8 completed successfully ...        0 min,  5.175 sec
*MTD   2 completed successfully ...        0 min,  5.221 sec
*MTD  11 completed successfully ...        0 min,  5.274 sec
*MTD   7 completed successfully ...        0 min,  5.327 sec
*MTD  14 completed successfully ...        0 min,  5.344 sec
*MTD  10 completed successfully ...        0 min,  5.453 sec
*MTD   1 completed successfully ...        0 min,  5.905 sec
*MTD  24 completed successfully ...        0 min,  5.944 sec
*MTD  20 completed successfully ...        0 min,  5.951 sec
*MTD  23 completed successfully ...        0 min,  6.021 sec
 
 ======================================
 |  Multilevel Ensemble Optimization  |
 ======================================
 Optimizing all 1176 structures from file "crest_dynamics.trj" ...
 ----------------------
 crude pre-optimization
 ----------------------
 Optimization engine: ANCOPT
 Hessian update type: BFGS
 E/G convergence criteria:  0.500E-03 Eh, 0.100E-01 Eh/a0
 maximum optimization steps: 200
 |>0.1% |>7.6% |>15.1% |>22.5% |>30.0% |>37.5% |>45.1% |>52.6% |>60.0% |>67.5% |>75.0% |>82.6% |>90.1% |>97.5% |>100.0%
 done.
> 1176 of 1176 structures successfully optimized (100.0% success)
> Total runtime for 1176 optimizations:
 * wall-time:     0 d,  0 h,  0 min,  6.141 sec
 *  cpu-time:     0 d,  0 h,  3 min, 13.776 sec
 * ratio c/w:    31.556 speedup
> Corresponding to approximately 0.005 sec per processed structure
 
CREGEN> running RMSDs ... done.
CREGEN> E lowest :    -8.51311
 28 structures remain within    12.00 kcal/mol window
 ----------------------------------
 optimization with tight thresholds
 ----------------------------------
 Optimization engine: ANCOPT
 Hessian update type: BFGS
 E/G convergence criteria:  0.100E-05 Eh, 0.800E-03 Eh/a0
 maximum optimization steps: 200
 |>3.6% |>10.7% |>21.4% |>32.1% |>42.9% |>50.0% |>60.7% |>71.4% |>82.1% |>92.9% |>100.0%
 done.
> 28 of 28 structures successfully optimized (100.0% success)
> Total runtime for 28 optimizations:
 * wall-time:     0 d,  0 h,  0 min,  0.256 sec
 *  cpu-time:     0 d,  0 h,  0 min,  7.108 sec
 * ratio c/w:    27.817 speedup
> Corresponding to approximately 0.009 sec per processed structure
 
CREGEN> running RMSDs ... done.
CREGEN> E lowest :    -8.51319
 1 structures remain within     6.00 kcal/mol window
 
========================================
           MTD Simulations done         
========================================
 Collecting ensmbles.
CREGEN> running RMSDs ... done.
CREGEN> E lowest :    -8.51319
 1 structures remain within     6.00 kcal/mol window
     H(298.15K)-H(0) (conf)      0.000000
                   Cp(conf)      0.000000
                    S(conf)      0.000000
 
******************************************************************************************
**                          I T E R A T I O N    C Y C L E      1                       **
******************************************************************************************
 -------------------------------------------
 determining bias structures via PCA/k-Means
 -------------------------------------------
 1 structures were selected
 done.

 -----------------------------------------------
 determining MTD seed structures via PCA/k-Means
 -----------------------------------------------
 1 structures were selected
 done.


 ==========================================================
 Static MTDs (umbrella sampling) on 1 selected conformer(s)
 ==========================================================
> Using 1 constant RMSD bias potentials per MTD
  :::::::::: starting static MTD   1 ::::::::::
  |   MD simulation time   :     2.5 ps       |
  |   target T             :   400.0 K        |
  |   timestep dt          :     1.5 fs       |
  |   dump interval(trj)   :   100.0 fs       |
  |   SHAKE algorithm      : true (all bonds) |
  |   Vbias prefactor (k)  :  0.0025 Eh       |
  |   Vbias exponent (α)   :  1.0000 bohr⁻²   |
*sMTD   1 completed successfully ...        0 min,  1.942 sec
 
 ======================================
 |  Multilevel Ensemble Optimization  |
 ======================================
 Optimizing all 24 structures from file "crest_rotamers_0.xyz" ...
 ----------------------
 crude pre-optimization
 ----------------------
 Optimization engine: ANCOPT
 Hessian update type: BFGS
 E/G convergence criteria:  0.500E-03 Eh, 0.100E-01 Eh/a0
 maximum optimization steps: 200
 |>4.2% |>12.5% |>20.8% |>33.3% |>41.7% |>50.0% |>62.5% |>70.8% |>83.3% |>91.7% |>100.0%
 done.
> 24 of 24 structures successfully optimized (100.0% success)
> Total runtime for 24 optimizations:
 * wall-time:     0 d,  0 h,  0 min,  0.074 sec
 *  cpu-time:     0 d,  0 h,  0 min,  1.775 sec
 * ratio c/w:    23.826 speedup
> Corresponding to approximately 0.003 sec per processed structure
 
CREGEN> running RMSDs ... done.
CREGEN> E lowest :    -8.51301
 1 structures remain within    12.00 kcal/mol window
 ---------------------------------------
 optimization with very tight thresholds
 ---------------------------------------
 Optimization engine: ANCOPT
 Hessian update type: BFGS
 E/G convergence criteria:  0.100E-06 Eh, 0.200E-03 Eh/a0
 maximum optimization steps: 200
 |>100.0%
 done.
> 1 of 1 structures successfully optimized (100.0% success)
> Total runtime for 1 optimizations:
 * wall-time:     0 d,  0 h,  0 min,  0.050 sec
 *  cpu-time:     0 d,  0 h,  0 min,  1.592 sec
 * ratio c/w:    31.857 speedup
> Corresponding to approximately 0.050 sec per processed structure
 
CREGEN> running RMSDs ... done.
CREGEN> E lowest :    -8.51319
 1 structures remain within     6.00 kcal/mol window
CREGEN> running RMSDs ... done.
CREGEN> E lowest :    -8.51319
 
 Static MTD simulation iteration 1 finished
 A total of 1 conformers (+ 0.00%) in crest_conformers.xyz
 S(approx.) =   -0.000000 cal/molK (dS = 0.00%)
 Convergence w.r.t. conformers:  T
 Convergence w.r.t. entropy   :  T
 
     H(298.15K)-H(0) (conf)      0.000000
                   Cp(conf)      0.000000
                    S(conf)      0.000000


 --------------------------
 Final Ensemble Information
 --------------------------
 input  file name : crest_rotamers_2.xyz
 output file name : crest_rotamers_3.xyz
 number of atoms                :   38
 number of points on xyz files  :   2
 RMSD threshold                 :   0.1250
 Bconst threshold               :   0.0100
 population threshold           :   0.0500
 # fragment in coord            :     1
 # bonds in reference structure :    43
   => # of C=C bonds :     6
 number of reliable points      :     2
 sorting energy window (EWIN)   :    6.0000 / kcal*mol⁻¹
 reference state Etot           :  -8.51319265000000
 number of doubles removed by rot/RMSD         :           1
 total number unique points considered further :           1
       Erel/kcal        Etot weight/tot  conformer     set   degen     origin
       1   0.000    -8.51319    1.00000    1.00000       1       1
T /K                                  :   298.15
E lowest                              :    -8.51319
ensemble average energy (kcal)        :    0.000
ensemble entropy (J/mol K, cal/mol K) :   -0.000   -0.000
ensemble free energy (kcal/mol)       :    0.000
population of lowest in %             :  100.000
 number of unique conformers for further calc            1
 list of relative energies saved as "crest.energies"
 compare nuclear equivalencies ...
::::::::::: conformer group all :::::::::::
 chemical equivalencies (mag.active nuclei):
 magnetic equivalencies:
 
******************************************************************************************
**                           ENSEMBLE ENTROPY CALCULATION                               **
******************************************************************************************
======================================================
 Containing 1 conformers :
     H(298.15K)-H(0) (conf)      0.000000
                   Cp(conf)      0.000000
                    S(conf)      0.000000
======================================================
 Containing 1 conformers :
     H(298.15K)-H(0) (conf)      0.000000
                   Cp(conf)      0.000000
                    S(conf)      0.000000
======================================================

 --------------------------------------
 FINAL CALCULATION OF MOLECULAR ENTROPY
 --------------------------------------
 
WARNING: Not enough blocks for extrapolation.
         Taking full ensemble entropy instead.

FINAL ENTROPY (max conf.)  :      0.00000
 
 ----------------------------------
 Frequency Calculation and Averages
 ----------------------------------
 Nconf on file      : 1
 Taken for Hessians : 1 (=100.00% total population)
 T range  /K    :   278.15   378.15
 scaling factor :          1.000000     
 rotor cutoff   :         25.000000 cm⁻¹
 imag. cutoff   :        -50.000000 cm⁻¹
 
 Running 1 calculations ...
 |>100.0%
 done.
 calculating averages for G and S ...    done.
 calculating Boltzmann weights ...       done.
 calculating reference S (bhess) ... > bhess not implemented for calculator routines
    done.
 calculating δSrrho ...                  done.
 
 Coordinates for the bhess reference structure (Ångström):
 -----------------------------------------------------------
  38
 
 C         -5.8154436922        0.3134838136        0.0000000000
 C         -5.4629613046       -1.0605527127        0.0000000000
 C         -4.1384311863       -1.4441452333        0.0000000000
 C         -3.0846487763       -0.4858165945        0.0000000000
 C         -3.4483246958        0.9060095692        0.0000000000
 C         -4.8274350058        1.2702857937        0.0000000000
 C         -2.4386497158        1.8904052661        0.0000000000
 C         -1.0891507557        1.5540499865        0.0000000000
 C         -0.0610026611        2.5552747186        0.0000000000
 C          1.2598722889        2.2195026262        0.0000000000
 C          1.6925594679        0.8476660899        0.0000000000
 C          3.0846487763        0.4858165945        0.0000000000
 C          4.1384311863        1.4441452333        0.0000000000
 C          5.4629613046        1.0605527127        0.0000000000
 C          5.8154436922       -0.3134838136        0.0000000000
 C          4.8274350058       -1.2702857937        0.0000000000
 C          3.4483246958       -0.9060095692        0.0000000000
 C          2.4386497158       -1.8904052661        0.0000000000
 C          1.0891507557       -1.5540499865        0.0000000000
 C          0.0610026611       -2.5552747186        0.0000000000
 C         -1.2598722889       -2.2195026262        0.0000000000
 C         -1.6925594679       -0.8476660899        0.0000000000
 C         -0.6986067532        0.1681151596        0.0000000000
 C          0.6986067532       -0.1681151596        0.0000000000
 H         -6.8694351760        0.6062500398        0.0000000000
 H         -6.2482926398       -1.8220554890        0.0000000000
 H         -3.9038111610       -2.5093917357        0.0000000000
 H         -5.0833206324        2.3342655321        0.0000000000
 H         -2.7275651945        2.9459003248        0.0000000000
 H         -0.3620051388        3.6071430461        0.0000000000
 H          2.0034346590        3.0170934746        0.0000000000
 H          3.9038111610        2.5093917357        0.0000000000
 H          6.2482926398        1.8220554890        0.0000000000
 H          6.8694351760       -0.6062500398        0.0000000000
 H          5.0833206324       -2.3342655321        0.0000000000
 H          2.7275651945       -2.9459003248        0.0000000000
 H          0.3620051388       -3.6071430461        0.0000000000
 H         -2.0034346590       -3.0170934746        0.0000000000
 -----------------------------------------------------------
 as read from <coord>
 Heavy-atom RMSD between lowest conformer and this reference :
 RMSD(heavy) =        0.023444 Å
 
 msRRHO(bhess) reference entropies:
      278.15        118.376633
      288.15        120.890724
      298.15        123.406792
      308.15        125.923556
      318.15        128.439814
      328.15        130.954443
      338.15        133.466394
      348.15        135.974682
      358.15        138.478389
      368.15        140.976656
      378.15        143.468681

       T/K  |S(T)|/cal/molK       |G(T)|/Eh     G_lowest/Eh    (conf)
   -----------------------------------------------------------------
    278.15    0.124094E+03    0.261168E+00       -8.252024         1
    288.15    0.126680E+03    0.259173E+00       -8.254019         1
    298.15    0.129264E+03    0.257137E+00       -8.256055         1
    308.15    0.131845E+03    0.255060E+00       -8.258133         1
    318.15    0.134422E+03    0.252941E+00       -8.260251         1
    328.15    0.136993E+03    0.250782E+00       -8.262411         1
    338.15    0.139558E+03    0.248581E+00       -8.264611         1
    348.15    0.142116E+03    0.246340E+00       -8.266853         1
    358.15    0.144667E+03    0.244058E+00       -8.269134         1
    368.15    0.147209E+03    0.241736E+00       -8.271457         1
    378.15    0.149742E+03    0.239373E+00       -8.273820         1
   -----------------------------------------------------------------
   NOTE: if |G(T)| is the averaged contributrion to the free energy.
   |G(T)| used only for the higher-energetic structures (n > 1).
   All other structures use G(T) from the respective Hessian calculations.
 
 Quantities calculated on free energies:
       T/K          δSrrho           Cp(T)     [H(T)-H(0)]
   -------------------------------------------------------
    278.15    0.571719E+01    0.000000E+00        0.000000
    288.15    0.578948E+01    0.000000E+00        0.000000
    298.15    0.585762E+01    0.000000E+00        0.000000
    308.15    0.592176E+01    0.000000E+00        0.000000
    318.15    0.598208E+01    0.000000E+00        0.000000
    328.15    0.603874E+01    0.000000E+00        0.000000
    338.15    0.609191E+01    0.000000E+00        0.000000
    348.15    0.614179E+01    0.000000E+00        0.000000
    358.15    0.618853E+01    0.000000E+00        0.000000
    368.15    0.623230E+01    0.000000E+00        0.000000
    378.15    0.627328E+01    0.000000E+00        0.000000
   -------------------------------------------------------
   NOTE: δSrrho(T) = |S(T)| - Sref(T)
 
 ----------------------
 TEMPERATURE DEPENDENCE
 ----------------------
 
 Final CONFORMATIONAL quantities at given T:
       T/K        S(total)           Cp(T)     [H(T)-H(0)]        G(total)
   -----------------------------------------------------------------------
    278.15        5.717187        0.000000        0.000000       -1.590236
    288.15        5.789476        0.000000        0.000000       -1.668238
    298.15        5.857615        0.000000        0.000000       -1.746448
    308.15        5.921760        0.000000        0.000000       -1.824790
    318.15        5.982077        0.000000        0.000000       -1.903198
    328.15        6.038737        0.000000        0.000000       -1.981611
    338.15        6.091915        0.000000        0.000000       -2.059981
    348.15        6.141787        0.000000        0.000000       -2.138263
    358.15        6.188527        0.000000        0.000000       -2.216421
    368.15        6.232304        0.000000        0.000000       -2.294423
    378.15        6.273285        0.000000        0.000000       -2.372243
   -----------------------------------------------------------------------
   S and Cp in cal/mol*K; H and G in kcal/mol
   G(total) is the ensemble free energy (H-T*S) and S(total) = S(conf,extrapol.) + δSrrho
 
 ----------------------------------------------------
 |      FINAL MOLECULAR ENTROPY AT T= 298.15 K      |
 ----------------------------------------------------
     Sconf   =          0.000000
   + δSrrho  =          5.857615
 -----------------------------------------------------
 = S(total)  =          5.857615  (cal mol⁻¹ K⁻¹)
 
   H(T)-H(0) =          0.000000
   G         =         -1.746448   (-T*S)
 -----------------------------------------------------
 = G(total)  =         -1.746448  (H-T*S) (kcal mol⁻¹)
 
   Cp(total) =          0.000000  (cal mol⁻¹ K⁻¹)
 
 
 -----------------
 Wall Time Summary
 -----------------
 CREST runtime (total)               0 d,  0 h,  0 min, 18.944 sec
 ------------------------------------------------------------------
 Trial metadynamics (MTD)   ...        0 min,  0.754 sec (  3.982%)
 Metadynamics (MTD)         ...        0 min,  6.468 sec ( 34.144%)
 Geometry optimization      ...        0 min,  8.735 sec ( 46.112%)
 Static metadynamics (sMTD) ...        0 min,  1.995 sec ( 10.532%)
 Conf. entropy evaluation   ...        0 min,  0.559 sec (  2.949%)
 I/O and setup              ...        0 min,  0.432 sec (  2.281%)
 ------------------------------------------------------------------
 * wall-time:     0 d,  0 h,  0 min, 18.944 sec
 *  cpu-time:     0 d,  0 h,  7 min, 33.439 sec
 * ratio c/w:    23.936 speedup
 ------------------------------------------------------------------
 * Total number of energy+grad calls: 111509
 
 CREST terminated normally.
