 
       ╔════════════════════════════════════════════╗
       ║            ___ ___ ___ ___ _____           ║
       ║           / __| _ \ __/ __|_   _|          ║
       ║          | (__|   / _|\__ \ | |            ║
       ║           \___|_|_\___|___/ |_|            ║
       ║                                            ║
       ║  Conformer-Rotamer Ensemble Sampling Tool  ║
       ║          based on the xTB methods          ║
       ║                                            ║
       ╚════════════════════════════════════════════╝
       Version 3.0.2, Sun Aug 25 20:02:36 UTC 2024
       commit (af7eb99) compiled by 'runner@fv-az1984-471'
 
   Cite work conducted with this code as

   • P.Pracht, F.Bohle, S.Grimme, PCCP, 2020, 22, 7169-7192.
   • S.Grimme, JCTC, 2019, 15, 2847-2862.
   • P.Pracht, S.Grimme, C.Bannwarth, F.Bohle, S.Ehlert,
     G.Feldmann, J.Gorges, M.Müller, T.Neudecker, C.Plett,
     S.Spicher, P.Steinbach, P.Wesołowski, F.Zeller,
     J. Chem. Phys., 2024, 160, 114110.

   for works involving QCG cite

   • S.Spicher, C.Plett, P.Pracht, A.Hansen, S.Grimme,
     JCTC, 2022, 18 (5), 3174-3189.
   • C.Plett, S. Grimme,
     Angew. Chem. Int. Ed. 2023, 62, e202214477.

   for works involving MECP screening cite

   • P.Pracht, C.Bannwarth, JCTC, 2022, 18 (10), 6370-6385.
 
   Original code
     P.Pracht, S.Grimme, Universität Bonn, MCTC
   with help from (alphabetical order):
     C.Bannwarth, F.Bohle, S.Ehlert, G.Feldmann, J.Gorges,
     S.Grimme, C.Plett, P.Pracht, S.Spicher, P.Steinbach,
     P.Wesolowski, F.Zeller
 
   Online documentation is available at
   https://crest-lab.github.io/crest-docs/
 
   This program is distributed in the hope that it will be useful,
   but WITHOUT ANY WARRANTY; without even the implied warranty of
   MERCHANTABILITY or FITNESS FOR A PARTICULAR PURPOSE. See the
   GNU Lesser General Public License (LGPL) for more details.

 Command line input:
 $ crest RYQHWGXLBQHJST-UHFFFAOYSA-N-1.xyz -gfnff -entropy -T 16 -chrg 0 -uhf 0

  --gfnff : Use of GFN-FF requested.
  -entropy : enhanced ensemble entropy calculation
  -T 16 (CPUs/Threads selected)
  -chrg 0
  -uhf 0
Parsing xtb-type input file bondlengths to set up calculators ...

> Setting up backup calculator ... done.
 ----------------
 Calculation info
 ----------------
> User-defined calculation level:
 : GFN-FF calculation via GFNFF lib
 :   Molecular charge    : 0
 
> User-defined constraints:
  # bond constraints    : 65
 
 
 -----------------------------
 Initial Geometry Optimization
 -----------------------------
 Geometry successfully optimized.
 
          ┍━━━━━━━━━━━━━━━━━━━━━━━━━━━━━━━━━━━━━━━━━━━━━━━━━┑
          │              CREST ENTROPY SAMPLING             │
          ┕━━━━━━━━━━━━━━━━━━━━━━━━━━━━━━━━━━━━━━━━━━━━━━━━━┙
 
 please cite:
 • P.Pracht, S.Grimme, Chem. Sci., 2021, 12, 6551-6568.
 • J.Gorges, S.Grimme, A.Hansen, P.Pracht, PCCP, 2022,24, 12249-12259.
 
 Input structure:
  42
 
 C          3.6322079401       -2.8647672271        0.0000000000
 C          2.4480813125       -3.5483914059        0.0000000000
 C          1.2173590239       -2.8516383003        0.0000000000
 C         -0.0000000000       -3.5334305815       -0.0000000000
 C         -1.2173590239       -2.8516383003       -0.0000000000
 C         -2.4480813125       -3.5483914058       -0.0000000000
 C         -3.6322079401       -2.8647672271       -0.0000000000
 C         -3.6480571033       -1.4714065397        0.0000000000
 C         -2.4737911056       -0.7301434636        0.0000000000
 C         -2.4737911056        0.7301434636        0.0000000000
 C         -3.6480571033        1.4714065398        0.0000000000
 C         -3.6322079401        2.8647672271        0.0000000000
 C         -2.4480813125        3.5483914058       -0.0000000000
 C         -1.2173590239        2.8516383003       -0.0000000000
 C         -0.0000000000        3.5334305815       -0.0000000000
 C          1.2173590239        2.8516383003       -0.0000000000
 C          2.4480813125        3.5483914058        0.0000000000
 C          3.6322079401        2.8647672271        0.0000000000
 C          3.6480571033        1.4714065398       -0.0000000000
 C          2.4737911056        0.7301434636       -0.0000000000
 C          2.4737911056       -0.7301434636       -0.0000000000
 C          3.6480571033       -1.4714065398        0.0000000000
 C          1.2283040748       -1.4239662098        0.0000000000
 C         -0.0000000000       -0.7151592051        0.0000000000
 C         -1.2283040748       -1.4239662098        0.0000000000
 C          0.0000000000        0.7151592051       -0.0000000000
 C          1.2283040748        1.4239662097       -0.0000000000
 C         -1.2283040748        1.4239662097        0.0000000000
 H          4.5706776113       -3.4006197181       -0.0000000000
 H          2.4291796572       -4.6278717833        0.0000000000
 H         -0.0000000000       -4.6094632842        0.0000000000
 H         -2.4291796572       -4.6278717833       -0.0000000000
 H         -4.5706776113       -3.4006197181       -0.0000000000
 H         -4.5989399536       -0.9695700975        0.0000000000
 H         -4.5989399536        0.9695700975       -0.0000000000
 H         -4.5706776113        3.4006197181        0.0000000000
 H         -2.4291796572        4.6278717833       -0.0000000000
 H         -0.0000000000        4.6094632841       -0.0000000000
 H          2.4291796572        4.6278717833       -0.0000000000
 H          4.5706776113        3.4006197181        0.0000000000
 H          4.5989399536        0.9695700976        0.0000000000
 H          4.5989399536       -0.9695700975        0.0000000000
 
 ------------------------------------------------
 Generating MTD length from a flexibility measure
 ------------------------------------------------
 Calculating GFN0-xTB WBOs   ... done.
 Calculating NCI flexibility ... done.
     covalent flexibility measure :   0.026
 non-covalent flexibility measure :   0.640
 flexibility measure :   0.064
 t(MTD) / ps    :     5.0
 Σ(t(MTD)) / ps :   120.0 (24 MTDs)
 
 -----------------------------------
 Starting trial MTD to test settings
 -----------------------------------
 Trial MTD 1 runtime (1.0 ps) ...        0 min,  1.016 sec
 Estimated runtime for one MTD (5.0 ps) on a single thread: 5 sec
 Estimated runtime for a batch of 24 MTDs on 16 threads: 10 sec
 
******************************************************************************************
**                         N E W   I T E R A T I O N  C Y C L E                         **
******************************************************************************************
 
 ------------------------------
 Meta-Dynamics Iteration 1
 ------------------------------
 list of applied metadynamics Vbias parameters:
$metadyn    0.31500   1.618
$metadyn    0.15750   1.618
$metadyn    0.07875   1.618
$metadyn    0.03938   1.618
$metadyn    0.31500   1.000
$metadyn    0.15750   1.000
$metadyn    0.07875   1.000
$metadyn    0.03938   1.000
$metadyn    0.31500   0.618
$metadyn    0.15750   0.618
$metadyn    0.07875   0.618
$metadyn    0.03938   0.618
$metadyn    0.31500   0.382
$metadyn    0.15750   0.382
$metadyn    0.07875   0.382
$metadyn    0.03938   0.382
$metadyn    0.31500   0.236
$metadyn    0.15750   0.236
$metadyn    0.07875   0.236
$metadyn    0.03938   0.236
$metadyn    0.31500   0.146
$metadyn    0.15750   0.146
$metadyn    0.07875   0.146
$metadyn    0.03938   0.146
 
  ::::::::::::: starting MTD    1 :::::::::::::
  |   MD simulation time   :     5.0 ps       |
  |   target T             :   300.0 K        |
  |   timestep dt          :     1.5 fs       |
  |   dump interval(trj)   :   100.0 fs       |
  |   SHAKE algorithm      : true (all bonds) |
  |   dump interval(Vbias) :    1.00 ps       |
  |   Vbias prefactor (k)  :  0.3150 Eh       |
  |   Vbias exponent (α)   :  1.6180 bohr⁻²   |
  ::::::::::::: starting MTD    3 :::::::::::::
  |   MD simulation time   :     5.0 ps       |
  |   target T             :   300.0 K        |
  |   timestep dt          :     1.5 fs       |
  |   dump interval(trj)   :   100.0 fs       |
  |   SHAKE algorithm      : true (all bonds) |
  |   dump interval(Vbias) :    1.00 ps       |
  |   Vbias prefactor (k)  :  0.0788 Eh       |
  |   Vbias exponent (α)   :  1.6180 bohr⁻²   |
  ::::::::::::: starting MTD    7 :::::::::::::
  |   MD simulation time   :     5.0 ps       |
  |   target T             :   300.0 K        |
  |   timestep dt          :     1.5 fs       |
  |   dump interval(trj)   :   100.0 fs       |
  |   SHAKE algorithm      : true (all bonds) |
  |   dump interval(Vbias) :    1.00 ps       |
  |   Vbias prefactor (k)  :  0.0788 Eh       |
  |   Vbias exponent (α)   :  1.0000 bohr⁻²   |
  ::::::::::::: starting MTD   13 :::::::::::::
  |   MD simulation time   :     5.0 ps       |
  |   target T             :   300.0 K        |
  |   timestep dt          :     1.5 fs       |
  |   dump interval(trj)   :   100.0 fs       |
  |   SHAKE algorithm      : true (all bonds) |
  |   dump interval(Vbias) :    1.00 ps       |
  |   Vbias prefactor (k)  :  0.3150 Eh       |
  |   Vbias exponent (α)   :  0.3820 bohr⁻²   |
  ::::::::::::: starting MTD   17 :::::::::::::
  |   MD simulation time   :     5.0 ps       |
  |   target T             :   300.0 K        |
  |   timestep dt          :     1.5 fs       |
  |   dump interval(trj)   :   100.0 fs       |
  |   SHAKE algorithm      : true (all bonds) |
  |   dump interval(Vbias) :    1.00 ps       |
  |   Vbias prefactor (k)  :  0.3150 Eh       |
  |   Vbias exponent (α)   :  0.2361 bohr⁻²   |
  ::::::::::::: starting MTD    9 :::::::::::::
  |   MD simulation time   :     5.0 ps       |
  |   target T             :   300.0 K        |
  |   timestep dt          :     1.5 fs       |
  |   dump interval(trj)   :   100.0 fs       |
  |   SHAKE algorithm      : true (all bonds) |
  |   dump interval(Vbias) :    1.00 ps       |
  |   Vbias prefactor (k)  :  0.3150 Eh       |
  |   Vbias exponent (α)   :  0.6180 bohr⁻²   |
  ::::::::::::: starting MTD   20 :::::::::::::
  |   MD simulation time   :     5.0 ps       |
  |   target T             :   300.0 K        |
  |   timestep dt          :     1.5 fs       |
  |   dump interval(trj)   :   100.0 fs       |
  |   SHAKE algorithm      : true (all bonds) |
  |   dump interval(Vbias) :    1.00 ps       |
  |   Vbias prefactor (k)  :  0.0394 Eh       |
  |   Vbias exponent (α)   :  0.2361 bohr⁻²   |
  ::::::::::::: starting MTD   11 :::::::::::::
  |   MD simulation time   :     5.0 ps       |
  |   target T             :   300.0 K        |
  |   timestep dt          :     1.5 fs       |
  |   dump interval(trj)   :   100.0 fs       |
  |   SHAKE algorithm      : true (all bonds) |
  |   dump interval(Vbias) :    1.00 ps       |
  |   Vbias prefactor (k)  :  0.0788 Eh       |
  |   Vbias exponent (α)   :  0.6180 bohr⁻²   |
  ::::::::::::: starting MTD   19 :::::::::::::
  |   MD simulation time   :     5.0 ps       |
  |   target T             :   300.0 K        |
  |   timestep dt          :     1.5 fs       |
  |   dump interval(trj)   :   100.0 fs       |
  |   SHAKE algorithm      : true (all bonds) |
  |   dump interval(Vbias) :    1.00 ps       |
  |   Vbias prefactor (k)  :  0.0788 Eh       |
  |   Vbias exponent (α)   :  0.2361 bohr⁻²   |
  ::::::::::::: starting MTD   18 :::::::::::::
  |   MD simulation time   :     5.0 ps       |
  |   target T             :   300.0 K        |
  |   timestep dt          :     1.5 fs       |
  |   dump interval(trj)   :   100.0 fs       |
  |   SHAKE algorithm      : true (all bonds) |
  |   dump interval(Vbias) :    1.00 ps       |
  |   Vbias prefactor (k)  :  0.1575 Eh       |
  |   Vbias exponent (α)   :  0.2361 bohr⁻²   |
  ::::::::::::: starting MTD   15 :::::::::::::
  |   MD simulation time   :     5.0 ps       |
  |   target T             :   300.0 K        |
  |   timestep dt          :     1.5 fs       |
  |   dump interval(trj)   :   100.0 fs       |
  |   SHAKE algorithm      : true (all bonds) |
  |   dump interval(Vbias) :    1.00 ps       |
  |   Vbias prefactor (k)  :  0.0788 Eh       |
  |   Vbias exponent (α)   :  0.3820 bohr⁻²   |
  ::::::::::::: starting MTD   24 :::::::::::::
  |   MD simulation time   :     5.0 ps       |
  |   target T             :   300.0 K        |
  |   timestep dt          :     1.5 fs       |
  |   dump interval(trj)   :   100.0 fs       |
  |   SHAKE algorithm      : true (all bonds) |
  |   dump interval(Vbias) :    1.00 ps       |
  |   Vbias prefactor (k)  :  0.0394 Eh       |
  |   Vbias exponent (α)   :  0.1459 bohr⁻²   |
  ::::::::::::: starting MTD   21 :::::::::::::
  |   MD simulation time   :     5.0 ps       |
  |   target T             :   300.0 K        |
  |   timestep dt          :     1.5 fs       |
  |   dump interval(trj)   :   100.0 fs       |
  |   SHAKE algorithm      : true (all bonds) |
  |   dump interval(Vbias) :    1.00 ps       |
  |   Vbias prefactor (k)  :  0.3150 Eh       |
  |   Vbias exponent (α)   :  0.1459 bohr⁻²   |
  ::::::::::::: starting MTD   22 :::::::::::::
  |   MD simulation time   :     5.0 ps       |
  |   target T             :   300.0 K        |
  |   timestep dt          :     1.5 fs       |
  |   dump interval(trj)   :   100.0 fs       |
  |   SHAKE algorithm      : true (all bonds) |
  |   dump interval(Vbias) :    1.00 ps       |
  |   Vbias prefactor (k)  :  0.1575 Eh       |
  |   Vbias exponent (α)   :  0.1459 bohr⁻²   |
  ::::::::::::: starting MTD   23 :::::::::::::
  |   MD simulation time   :     5.0 ps       |
  |   target T             :   300.0 K        |
  |   timestep dt          :     1.5 fs       |
  |   dump interval(trj)   :   100.0 fs       |
  |   SHAKE algorithm      : true (all bonds) |
  |   dump interval(Vbias) :    1.00 ps       |
  |   Vbias prefactor (k)  :  0.0788 Eh       |
  |   Vbias exponent (α)   :  0.1459 bohr⁻²   |
  ::::::::::::: starting MTD    5 :::::::::::::
  |   MD simulation time   :     5.0 ps       |
  |   target T             :   300.0 K        |
  |   timestep dt          :     1.5 fs       |
  |   dump interval(trj)   :   100.0 fs       |
  |   SHAKE algorithm      : true (all bonds) |
  |   dump interval(Vbias) :    1.00 ps       |
  |   Vbias prefactor (k)  :  0.3150 Eh       |
  |   Vbias exponent (α)   :  1.0000 bohr⁻²   |
*MTD  19 completed successfully ...        0 min, 10.717 sec
*MTD   7 completed successfully ...        0 min, 11.080 sec
  ::::::::::::: starting MTD    8 :::::::::::::
  |   MD simulation time   :     5.0 ps       |
  |   target T             :   300.0 K        |
  |   timestep dt          :     1.5 fs       |
  |   dump interval(trj)   :   100.0 fs       |
  |   SHAKE algorithm      : true (all bonds) |
  |   dump interval(Vbias) :    1.00 ps       |
  |   Vbias prefactor (k)  :  0.0394 Eh       |
  |   Vbias exponent (α)   :  1.0000 bohr⁻²   |
*MTD  24 completed successfully ...        0 min, 11.151 sec
*MTD  11 completed successfully ...        0 min, 11.210 sec
  ::::::::::::: starting MTD   12 :::::::::::::
  |   MD simulation time   :     5.0 ps       |
  |   target T             :   300.0 K        |
  |   timestep dt          :     1.5 fs       |
  |   dump interval(trj)   :   100.0 fs       |
  |   SHAKE algorithm      : true (all bonds) |
  |   dump interval(Vbias) :    1.00 ps       |
  |   Vbias prefactor (k)  :  0.0394 Eh       |
  |   Vbias exponent (α)   :  0.6180 bohr⁻²   |
*MTD   3 completed successfully ...        0 min, 11.337 sec
  ::::::::::::: starting MTD    4 :::::::::::::
  |   MD simulation time   :     5.0 ps       |
  |   target T             :   300.0 K        |
  |   timestep dt          :     1.5 fs       |
  |   dump interval(trj)   :   100.0 fs       |
  |   SHAKE algorithm      : true (all bonds) |
  |   dump interval(Vbias) :    1.00 ps       |
  |   Vbias prefactor (k)  :  0.0394 Eh       |
  |   Vbias exponent (α)   :  1.6180 bohr⁻²   |
*MTD  20 completed successfully ...        0 min, 11.373 sec
*MTD  23 completed successfully ...        0 min, 11.401 sec
*MTD   5 completed successfully ...        0 min, 11.477 sec
  ::::::::::::: starting MTD    6 :::::::::::::
  |   MD simulation time   :     5.0 ps       |
  |   target T             :   300.0 K        |
  |   timestep dt          :     1.5 fs       |
  |   dump interval(trj)   :   100.0 fs       |
  |   SHAKE algorithm      : true (all bonds) |
  |   dump interval(Vbias) :    1.00 ps       |
  |   Vbias prefactor (k)  :  0.1575 Eh       |
  |   Vbias exponent (α)   :  1.0000 bohr⁻²   |
*MTD   9 completed successfully ...        0 min, 11.494 sec
  ::::::::::::: starting MTD   10 :::::::::::::
  |   MD simulation time   :     5.0 ps       |
  |   target T             :   300.0 K        |
  |   timestep dt          :     1.5 fs       |
  |   dump interval(trj)   :   100.0 fs       |
  |   SHAKE algorithm      : true (all bonds) |
  |   dump interval(Vbias) :    1.00 ps       |
  |   Vbias prefactor (k)  :  0.1575 Eh       |
  |   Vbias exponent (α)   :  0.6180 bohr⁻²   |
*MTD  18 completed successfully ...        0 min, 11.539 sec
*MTD  13 completed successfully ...        0 min, 11.591 sec
  ::::::::::::: starting MTD   14 :::::::::::::
  |   MD simulation time   :     5.0 ps       |
  |   target T             :   300.0 K        |
  |   timestep dt          :     1.5 fs       |
  |   dump interval(trj)   :   100.0 fs       |
  |   SHAKE algorithm      : true (all bonds) |
  |   dump interval(Vbias) :    1.00 ps       |
  |   Vbias prefactor (k)  :  0.1575 Eh       |
  |   Vbias exponent (α)   :  0.3820 bohr⁻²   |
*MTD  15 completed successfully ...        0 min, 11.608 sec
  ::::::::::::: starting MTD   16 :::::::::::::
  |   MD simulation time   :     5.0 ps       |
  |   target T             :   300.0 K        |
  |   timestep dt          :     1.5 fs       |
  |   dump interval(trj)   :   100.0 fs       |
  |   SHAKE algorithm      : true (all bonds) |
  |   dump interval(Vbias) :    1.00 ps       |
  |   Vbias prefactor (k)  :  0.0394 Eh       |
  |   Vbias exponent (α)   :  0.3820 bohr⁻²   |
*MTD   1 completed successfully ...        0 min, 11.619 sec
  ::::::::::::: starting MTD    2 :::::::::::::
  |   MD simulation time   :     5.0 ps       |
  |   target T             :   300.0 K        |
  |   timestep dt          :     1.5 fs       |
  |   dump interval(trj)   :   100.0 fs       |
  |   SHAKE algorithm      : true (all bonds) |
  |   dump interval(Vbias) :    1.00 ps       |
  |   Vbias prefactor (k)  :  0.1575 Eh       |
  |   Vbias exponent (α)   :  1.6180 bohr⁻²   |
*MTD  22 completed successfully ...        0 min, 11.640 sec
*MTD  17 completed successfully ...        0 min, 11.667 sec
*MTD  21 completed successfully ...        0 min, 11.690 sec
*MTD   4 completed successfully ...        0 min,  4.827 sec
*MTD  16 completed successfully ...        0 min,  4.712 sec
*MTD   2 completed successfully ...        0 min,  4.714 sec
*MTD  14 completed successfully ...        0 min,  4.795 sec
*MTD   8 completed successfully ...        0 min,  6.021 sec
*MTD  12 completed successfully ...        0 min,  6.114 sec
*MTD  10 completed successfully ...        0 min,  5.889 sec
*MTD   6 completed successfully ...        0 min,  6.022 sec
 
 ======================================
 |  Multilevel Ensemble Optimization  |
 ======================================
 Optimizing all 1176 structures from file "crest_dynamics.trj" ...
 ----------------------
 crude pre-optimization
 ----------------------
 Optimization engine: ANCOPT
 Hessian update type: BFGS
 E/G convergence criteria:  0.500E-03 Eh, 0.100E-01 Eh/a0
 maximum optimization steps: 200
 |>0.1% |>7.6% |>15.1% |>22.5% |>30.0% |>37.5% |>45.1% |>52.6% |>60.0% |>67.5% |>75.0% |>82.6% |>90.1% |>97.5% |>100.0%
 done.
> 1176 of 1176 structures successfully optimized (100.0% success)
> Total runtime for 1176 optimizations:
 * wall-time:     0 d,  0 h,  0 min, 13.175 sec
 *  cpu-time:     0 d,  0 h,  3 min, 23.133 sec
 * ratio c/w:    15.418 speedup
> Corresponding to approximately 0.011 sec per processed structure
 
CREGEN> running RMSDs ... done.
CREGEN> E lowest :    -9.71853
 9 structures remain within    12.00 kcal/mol window
 ----------------------------------
 optimization with tight thresholds
 ----------------------------------
 Optimization engine: ANCOPT
 Hessian update type: BFGS
 E/G convergence criteria:  0.100E-05 Eh, 0.800E-03 Eh/a0
 maximum optimization steps: 200
 |>11.1% |>22.2% |>33.3% |>44.4% |>55.6% |>66.7% |>77.8% |>88.9% |>100.0%
 done.
> 9 of 9 structures successfully optimized (100.0% success)
> Total runtime for 9 optimizations:
 * wall-time:     0 d,  0 h,  0 min,  0.283 sec
 *  cpu-time:     0 d,  0 h,  0 min,  3.244 sec
 * ratio c/w:    11.471 speedup
> Corresponding to approximately 0.031 sec per processed structure
 
CREGEN> running RMSDs ... done.
CREGEN> E lowest :    -9.71860
 1 structures remain within     6.00 kcal/mol window
 
========================================
           MTD Simulations done         
========================================
 Collecting ensmbles.
CREGEN> running RMSDs ... done.
CREGEN> E lowest :    -9.71860
 1 structures remain within     6.00 kcal/mol window
     H(298.15K)-H(0) (conf)      0.000000
                   Cp(conf)      0.000000
                    S(conf)      0.000000
 
******************************************************************************************
**                          I T E R A T I O N    C Y C L E      1                       **
******************************************************************************************
 -------------------------------------------
 determining bias structures via PCA/k-Means
 -------------------------------------------
 1 structures were selected
 done.

 -----------------------------------------------
 determining MTD seed structures via PCA/k-Means
 -----------------------------------------------
 1 structures were selected
 done.


 ==========================================================
 Static MTDs (umbrella sampling) on 1 selected conformer(s)
 ==========================================================
> Using 1 constant RMSD bias potentials per MTD
  :::::::::: starting static MTD   1 ::::::::::
  |   MD simulation time   :     2.5 ps       |
  |   target T             :   400.0 K        |
  |   timestep dt          :     1.5 fs       |
  |   dump interval(trj)   :   100.0 fs       |
  |   SHAKE algorithm      : true (all bonds) |
  |   Vbias prefactor (k)  :  0.0029 Eh       |
  |   Vbias exponent (α)   :  1.0000 bohr⁻²   |
*sMTD   1 completed successfully ...        0 min,  4.541 sec
 
 ======================================
 |  Multilevel Ensemble Optimization  |
 ======================================
 Optimizing all 24 structures from file "crest_rotamers_0.xyz" ...
 ----------------------
 crude pre-optimization
 ----------------------
 Optimization engine: ANCOPT
 Hessian update type: BFGS
 E/G convergence criteria:  0.500E-03 Eh, 0.100E-01 Eh/a0
 maximum optimization steps: 200
 |>4.2% |>12.5% |>20.8% |>33.3% |>41.7% |>50.0% |>62.5% |>70.8% |>83.3% |>91.7% |>100.0%
 done.
> 24 of 24 structures successfully optimized (100.0% success)
> Total runtime for 24 optimizations:
 * wall-time:     0 d,  0 h,  0 min,  0.224 sec
 *  cpu-time:     0 d,  0 h,  0 min,  3.348 sec
 * ratio c/w:    14.916 speedup
> Corresponding to approximately 0.009 sec per processed structure
 
CREGEN> running RMSDs ... done.
CREGEN> E lowest :    -9.71841
 6 structures remain within    12.00 kcal/mol window
 ---------------------------------------
 optimization with very tight thresholds
 ---------------------------------------
 Optimization engine: ANCOPT
 Hessian update type: BFGS
 E/G convergence criteria:  0.100E-06 Eh, 0.200E-03 Eh/a0
 maximum optimization steps: 200
 |>16.7% |>33.3% |>50.0% |>66.7% |>83.3% |>100.0%
 done.
> 6 of 6 structures successfully optimized (100.0% success)
> Total runtime for 6 optimizations:
 * wall-time:     0 d,  0 h,  0 min,  0.171 sec
 *  cpu-time:     0 d,  0 h,  0 min,  2.459 sec
 * ratio c/w:    14.371 speedup
> Corresponding to approximately 0.029 sec per processed structure
 
CREGEN> running RMSDs ... done.
CREGEN> E lowest :    -9.71861
 1 structures remain within     6.00 kcal/mol window
CREGEN> running RMSDs ... done.
CREGEN> E lowest :    -9.71861
 
 Static MTD simulation iteration 1 finished
 A total of 1 conformers (+ 0.00%) in crest_conformers.xyz
 S(approx.) =   -0.000000 cal/molK (dS = 0.00%)
 Convergence w.r.t. conformers:  T
 Convergence w.r.t. entropy   :  T
 
     H(298.15K)-H(0) (conf)      0.000000
                   Cp(conf)      0.000000
                    S(conf)      0.000000


 --------------------------
 Final Ensemble Information
 --------------------------
 input  file name : crest_rotamers_2.xyz
 output file name : crest_rotamers_3.xyz
 number of atoms                :   42
 number of points on xyz files  :   2
 RMSD threshold                 :   0.1250
 Bconst threshold               :   0.0100
 population threshold           :   0.0500
 # fragment in coord            :     1
 # bonds in reference structure :    49
   => # of C=C bonds :     4
 number of reliable points      :     2
 sorting energy window (EWIN)   :    6.0000 / kcal*mol⁻¹
 reference state Etot           :  -9.71860654000000
 number of doubles removed by rot/RMSD         :           1
 total number unique points considered further :           1
       Erel/kcal        Etot weight/tot  conformer     set   degen     origin
       1   0.000    -9.71861    1.00000    1.00000       1       1
T /K                                  :   298.15
E lowest                              :    -9.71861
ensemble average energy (kcal)        :    0.000
ensemble entropy (J/mol K, cal/mol K) :   -0.000   -0.000
ensemble free energy (kcal/mol)       :    0.000
population of lowest in %             :  100.000
 number of unique conformers for further calc            1
 list of relative energies saved as "crest.energies"
 compare nuclear equivalencies ...
::::::::::: conformer group all :::::::::::
 chemical equivalencies (mag.active nuclei):
 magnetic equivalencies:
 
******************************************************************************************
**                           ENSEMBLE ENTROPY CALCULATION                               **
******************************************************************************************
======================================================
 Containing 1 conformers :
     H(298.15K)-H(0) (conf)      0.000000
                   Cp(conf)      0.000000
                    S(conf)      0.000000
======================================================
 Containing 1 conformers :
     H(298.15K)-H(0) (conf)      0.000000
                   Cp(conf)      0.000000
                    S(conf)      0.000000
======================================================

 --------------------------------------
 FINAL CALCULATION OF MOLECULAR ENTROPY
 --------------------------------------
 
WARNING: Not enough blocks for extrapolation.
         Taking full ensemble entropy instead.

FINAL ENTROPY (max conf.)  :      0.00000
 
 ----------------------------------
 Frequency Calculation and Averages
 ----------------------------------
 Nconf on file      : 1
 Taken for Hessians : 1 (=100.00% total population)
 T range  /K    :   278.15   378.15
 scaling factor :          1.000000     
 rotor cutoff   :         25.000000 cm⁻¹
 imag. cutoff   :        -50.000000 cm⁻¹
 
 Running 1 calculations ...
 |>100.0%
 done.
 calculating averages for G and S ...    done.
 calculating Boltzmann weights ...       done.
 calculating reference S (bhess) ... > bhess not implemented for calculator routines
    done.
 calculating δSrrho ...                  done.
 
 Coordinates for the bhess reference structure (Ångström):
 -----------------------------------------------------------
  42
 
 C          3.6525360000       -2.8951850000        0.0000000000
 C          2.4614290000       -3.5818660000        0.0000000000
 C          1.2237690000       -2.8747830000        0.0000000000
 C          0.0000000000       -3.5565450000        0.0000000000
 C         -1.2237690000       -2.8747830000        0.0000000000
 C         -2.4614290000       -3.5818660000        0.0000000000
 C         -3.6525360000       -2.8951850000        0.0000000000
 C         -3.6637690000       -1.4827810000        0.0000000000
 C         -2.4889200000       -0.7360280000        0.0000000000
 C         -2.4889200000        0.7360280000        0.0000000000
 C         -3.6637690000        1.4827810000        0.0000000000
 C         -3.6525360000        2.8951850000        0.0000000000
 C         -2.4614290000        3.5818660000        0.0000000000
 C         -1.2237690000        2.8747830000        0.0000000000
 C          0.0000000000        3.5565450000        0.0000000000
 C          1.2237690000        2.8747830000        0.0000000000
 C          2.4614290000        3.5818660000        0.0000000000
 C          3.6525360000        2.8951850000        0.0000000000
 C          3.6637690000        1.4827810000        0.0000000000
 C          2.4889200000        0.7360280000        0.0000000000
 C          2.4889200000       -0.7360280000        0.0000000000
 C          3.6637690000       -1.4827810000        0.0000000000
 C          1.2310680000       -1.4325150000        0.0000000000
 C          0.0000000000       -0.7262640000        0.0000000000
 C         -1.2310680000       -1.4325150000        0.0000000000
 C          0.0000000000        0.7262640000        0.0000000000
 C          1.2310680000        1.4325150000        0.0000000000
 C         -1.2310680000        1.4325150000        0.0000000000
 H          4.6028560000       -3.4369620000        0.0000000000
 H          2.4419780000       -4.6755200000        0.0000000000
 H          0.0000000000       -4.6506430000        0.0000000000
 H         -2.4419780000       -4.6755200000        0.0000000000
 H         -4.6028560000       -3.4369620000        0.0000000000
 H         -4.6315860000       -0.9799830000        0.0000000000
 H         -4.6315860000        0.9799830000        0.0000000000
 H         -4.6028560000        3.4369620000        0.0000000000
 H         -2.4419780000        4.6755200000        0.0000000000
 H          0.0000000000        4.6506430000        0.0000000000
 H          2.4419780000        4.6755200000        0.0000000000
 H          4.6028560000        3.4369620000        0.0000000000
 H          4.6315860000        0.9799830000        0.0000000000
 H          4.6315860000       -0.9799830000        0.0000000000
 -----------------------------------------------------------
 as read from <coord>
 Heavy-atom RMSD between lowest conformer and this reference :
 RMSD(heavy) =        0.024642 Å
 
 msRRHO(bhess) reference entropies:
      278.15        123.424191
      288.15        126.255745
      298.15        129.090585
      308.15        131.927147
      318.15        134.763971
      328.15        137.599693
      338.15        140.433035
      348.15        143.262807
      358.15        146.087894
      368.15        148.907256
      378.15        151.719922

       T/K  |S(T)|/cal/molK       |G(T)|/Eh     G_lowest/Eh    (conf)
   -----------------------------------------------------------------
    278.15    0.128936E+03    0.282536E+00       -9.436071         1
    288.15    0.131841E+03    0.280460E+00       -9.438147         1
    298.15    0.134745E+03    0.278338E+00       -9.440268         1
    308.15    0.137647E+03    0.276170E+00       -9.442436         1
    318.15    0.140545E+03    0.273956E+00       -9.444651         1
    328.15    0.143437E+03    0.271695E+00       -9.446911         1
    338.15    0.146324E+03    0.269389E+00       -9.449218         1
    348.15    0.149204E+03    0.267036E+00       -9.451570         1
    358.15    0.152076E+03    0.264638E+00       -9.453969         1
    368.15    0.154939E+03    0.262194E+00       -9.456413         1
    378.15    0.157793E+03    0.259704E+00       -9.458902         1
   -----------------------------------------------------------------
   NOTE: if |G(T)| is the averaged contributrion to the free energy.
   |G(T)| used only for the higher-energetic structures (n > 1).
   All other structures use G(T) from the respective Hessian calculations.
 
 Quantities calculated on free energies:
       T/K          δSrrho           Cp(T)     [H(T)-H(0)]
   -------------------------------------------------------
    278.15    0.551154E+01    0.000000E+00        0.000000
    288.15    0.558518E+01    0.000000E+00        0.000000
    298.15    0.565444E+01    0.000000E+00        0.000000
    308.15    0.571950E+01    0.000000E+00        0.000000
    318.15    0.578054E+01    0.000000E+00        0.000000
    328.15    0.583774E+01    0.000000E+00        0.000000
    338.15    0.589128E+01    0.000000E+00        0.000000
    348.15    0.594136E+01    0.000000E+00        0.000000
    358.15    0.598816E+01    0.000000E+00        0.000000
    368.15    0.603187E+01    0.000000E+00        0.000000
    378.15    0.607266E+01    0.000000E+00        0.000000
   -------------------------------------------------------
   NOTE: δSrrho(T) = |S(T)| - Sref(T)
 
 ----------------------
 TEMPERATURE DEPENDENCE
 ----------------------
 
 Final CONFORMATIONAL quantities at given T:
       T/K        S(total)           Cp(T)     [H(T)-H(0)]        G(total)
   -----------------------------------------------------------------------
    278.15        5.511544        0.000000        0.000000       -1.533036
    288.15        5.585179        0.000000        0.000000       -1.609369
    298.15        5.654443        0.000000        0.000000       -1.685872
    308.15        5.719505        0.000000        0.000000       -1.762465
    318.15        5.780541        0.000000        0.000000       -1.839079
    328.15        5.837737        0.000000        0.000000       -1.915653
    338.15        5.891280        0.000000        0.000000       -1.992136
    348.15        5.941359        0.000000        0.000000       -2.068484
    358.15        5.988160        0.000000        0.000000       -2.144660
    368.15        6.031867        0.000000        0.000000       -2.220632
    378.15        6.072656        0.000000        0.000000       -2.296375
   -----------------------------------------------------------------------
   S and Cp in cal/mol*K; H and G in kcal/mol
   G(total) is the ensemble free energy (H-T*S) and S(total) = S(conf,extrapol.) + δSrrho
 
 ----------------------------------------------------
 |      FINAL MOLECULAR ENTROPY AT T= 298.15 K      |
 ----------------------------------------------------
     Sconf   =          0.000000
   + δSrrho  =          5.654443
 -----------------------------------------------------
 = S(total)  =          5.654443  (cal mol⁻¹ K⁻¹)
 
   H(T)-H(0) =          0.000000
   G         =         -1.685872   (-T*S)
 -----------------------------------------------------
 = G(total)  =         -1.685872  (H-T*S) (kcal mol⁻¹)
 
   Cp(total) =          0.000000  (cal mol⁻¹ K⁻¹)
 
 
 -----------------
 Wall Time Summary
 -----------------
 CREST runtime (total)               0 d,  0 h,  0 min, 40.633 sec
 ------------------------------------------------------------------
 Trial metadynamics (MTD)   ...        0 min,  1.021 sec (  2.514%)
 Metadynamics (MTD)         ...        0 min, 17.861 sec ( 43.958%)
 Geometry optimization      ...        0 min, 15.974 sec ( 39.312%)
 Static metadynamics (sMTD) ...        0 min,  4.576 sec ( 11.262%)
 Conf. entropy evaluation   ...        0 min,  0.692 sec (  1.702%)
 I/O and setup              ...        0 min,  0.509 sec (  1.253%)
 ------------------------------------------------------------------
 * wall-time:     0 d,  0 h,  0 min, 40.633 sec
 *  cpu-time:     0 d,  0 h,  8 min, 49.633 sec
 * ratio c/w:    13.035 speedup
 ------------------------------------------------------------------
 * Total number of energy+grad calls: 106176
 
 CREST terminated normally.
