 
       ╔════════════════════════════════════════════╗
       ║            ___ ___ ___ ___ _____           ║
       ║           / __| _ \ __/ __|_   _|          ║
       ║          | (__|   / _|\__ \ | |            ║
       ║           \___|_|_\___|___/ |_|            ║
       ║                                            ║
       ║  Conformer-Rotamer Ensemble Sampling Tool  ║
       ║          based on the xTB methods          ║
       ║                                            ║
       ╚════════════════════════════════════════════╝
       Version 3.0.2, Sun Aug 25 20:02:36 UTC 2024
       commit (af7eb99) compiled by 'runner@fv-az1984-471'
 
   Cite work conducted with this code as

   • P.Pracht, F.Bohle, S.Grimme, PCCP, 2020, 22, 7169-7192.
   • S.Grimme, JCTC, 2019, 15, 2847-2862.
   • P.Pracht, S.Grimme, C.Bannwarth, F.Bohle, S.Ehlert,
     G.Feldmann, J.Gorges, M.Müller, T.Neudecker, C.Plett,
     S.Spicher, P.Steinbach, P.Wesołowski, F.Zeller,
     J. Chem. Phys., 2024, 160, 114110.

   for works involving QCG cite

   • S.Spicher, C.Plett, P.Pracht, A.Hansen, S.Grimme,
     JCTC, 2022, 18 (5), 3174-3189.
   • C.Plett, S. Grimme,
     Angew. Chem. Int. Ed. 2023, 62, e202214477.

   for works involving MECP screening cite

   • P.Pracht, C.Bannwarth, JCTC, 2022, 18 (10), 6370-6385.
 
   Original code
     P.Pracht, S.Grimme, Universität Bonn, MCTC
   with help from (alphabetical order):
     C.Bannwarth, F.Bohle, S.Ehlert, G.Feldmann, J.Gorges,
     S.Grimme, C.Plett, P.Pracht, S.Spicher, P.Steinbach,
     P.Wesolowski, F.Zeller
 
   Online documentation is available at
   https://crest-lab.github.io/crest-docs/
 
   This program is distributed in the hope that it will be useful,
   but WITHOUT ANY WARRANTY; without even the implied warranty of
   MERCHANTABILITY or FITNESS FOR A PARTICULAR PURPOSE. See the
   GNU Lesser General Public License (LGPL) for more details.

 Command line input:
 $ crest SLGBZMMZGDRARJ-UHFFFAOYSA-N-1.xyz -gfnff -entropy -T 16 -chrg 0 -uhf 0

  --gfnff : Use of GFN-FF requested.
  -entropy : enhanced ensemble entropy calculation
  -T 16 (CPUs/Threads selected)
  -chrg 0
  -uhf 0
Parsing xtb-type input file bondlengths to set up calculators ...

> Setting up backup calculator ... done.
 ----------------
 Calculation info
 ----------------
> User-defined calculation level:
 : GFN-FF calculation via GFNFF lib
 :   Molecular charge    : 0
 
> User-defined constraints:
  # bond constraints    : 33
 
 
 -----------------------------
 Initial Geometry Optimization
 -----------------------------
 Geometry successfully optimized.
 
          ┍━━━━━━━━━━━━━━━━━━━━━━━━━━━━━━━━━━━━━━━━━━━━━━━━━┑
          │              CREST ENTROPY SAMPLING             │
          ┕━━━━━━━━━━━━━━━━━━━━━━━━━━━━━━━━━━━━━━━━━━━━━━━━━┙
 
 please cite:
 • P.Pracht, S.Grimme, Chem. Sci., 2021, 12, 6551-6568.
 • J.Gorges, S.Grimme, A.Hansen, P.Pracht, PCCP, 2022,24, 12249-12259.
 
 Input structure:
  30
 
 C          0.6916668386        3.6731781836       -0.0000000000
 C         -0.6916697334        3.6731776385       -0.0000000000
 C         -1.3754571409        2.4845362470       -0.0000000000
 C         -0.7057856893        1.2518703737       -0.0000000000
 C          0.7057847027        1.2518709299       -0.0000000000
 C          1.3754551828        2.4845373310        0.0000000000
 C          1.4370443338       -0.0147067654       -0.0000000000
 C          2.8394000202       -0.0510872092       -0.0000000000
 C          3.5268999554       -1.2375851713       -0.0000000000
 C          2.8352321408       -2.4355900537        0.0000000000
 C          1.4639447955       -2.4334477124        0.0000000000
 C          0.7312596169       -1.2371628591       -0.0000000000
 C         -0.7312586419       -1.2371634354       -0.0000000000
 C         -1.4639428777       -2.4334488661       -0.0000000000
 C         -2.8352302213       -2.4355922882        0.0000000000
 C         -3.5268989801       -1.2375879509        0.0000000000
 C         -2.8393999799       -0.0510894469        0.0000000000
 C         -1.4370443223       -0.0147078979       -0.0000000000
 H          1.2299214927        4.6083231652        0.0000000000
 H         -1.2299251245        4.6083221959       -0.0000000000
 H         -2.4502536605        2.5120752044        0.0000000000
 H          2.4502516807        2.5120771354        0.0000000000
 H          3.4006477300        0.8659443962       -0.0000000000
 H          4.6058865932       -1.2390146065        0.0000000000
 H          3.3759641246       -3.3693047494       -0.0000000000
 H          0.9503967232       -3.3780186870        0.0000000000
 H         -0.9503940610       -3.3780194360       -0.0000000000
 H         -3.3759614692       -3.3693074100        0.0000000000
 H         -4.6058856167       -1.2390182364        0.0000000000
 H         -3.4006484125        0.8659417162        0.0000000000
 
 ------------------------------------------------
 Generating MTD length from a flexibility measure
 ------------------------------------------------
 Calculating GFN0-xTB WBOs   ... done.
 Calculating NCI flexibility ... done.
     covalent flexibility measure :   0.010
 non-covalent flexibility measure :   0.702
 flexibility measure :   0.041
 t(MTD) / ps    :     5.0
 Σ(t(MTD)) / ps :   120.0 (24 MTDs)
 
 -----------------------------------
 Starting trial MTD to test settings
 -----------------------------------
 Trial MTD 1 runtime (1.0 ps) ...        0 min,  0.514 sec
 Estimated runtime for one MTD (5.0 ps) on a single thread: 3 sec
 Estimated runtime for a batch of 24 MTDs on 16 threads: 5 sec
 
******************************************************************************************
**                         N E W   I T E R A T I O N  C Y C L E                         **
******************************************************************************************
 
 ------------------------------
 Meta-Dynamics Iteration 1
 ------------------------------
 list of applied metadynamics Vbias parameters:
$metadyn    0.22500   1.618
$metadyn    0.11250   1.618
$metadyn    0.05625   1.618
$metadyn    0.02812   1.618
$metadyn    0.22500   1.000
$metadyn    0.11250   1.000
$metadyn    0.05625   1.000
$metadyn    0.02812   1.000
$metadyn    0.22500   0.618
$metadyn    0.11250   0.618
$metadyn    0.05625   0.618
$metadyn    0.02812   0.618
$metadyn    0.22500   0.382
$metadyn    0.11250   0.382
$metadyn    0.05625   0.382
$metadyn    0.02812   0.382
$metadyn    0.22500   0.236
$metadyn    0.11250   0.236
$metadyn    0.05625   0.236
$metadyn    0.02812   0.236
$metadyn    0.22500   0.146
$metadyn    0.11250   0.146
$metadyn    0.05625   0.146
$metadyn    0.02812   0.146
 
  ::::::::::::: starting MTD    1 :::::::::::::
  |   MD simulation time   :     5.0 ps       |
  |   target T             :   300.0 K        |
  |   timestep dt          :     1.5 fs       |
  |   dump interval(trj)   :   100.0 fs       |
  |   SHAKE algorithm      : true (all bonds) |
  |   dump interval(Vbias) :    1.00 ps       |
  |   Vbias prefactor (k)  :  0.2250 Eh       |
  |   Vbias exponent (α)   :  1.6180 bohr⁻²   |
  ::::::::::::: starting MTD    3 :::::::::::::
  |   MD simulation time   :     5.0 ps       |
  |   target T             :   300.0 K        |
  |   timestep dt          :     1.5 fs       |
  |   dump interval(trj)   :   100.0 fs       |
  |   SHAKE algorithm      : true (all bonds) |
  |   dump interval(Vbias) :    1.00 ps       |
  |   Vbias prefactor (k)  :  0.0562 Eh       |
  |   Vbias exponent (α)   :  1.6180 bohr⁻²   |
  ::::::::::::: starting MTD   15 :::::::::::::
  |   MD simulation time   :     5.0 ps       |
  |   target T             :   300.0 K        |
  |   timestep dt          :     1.5 fs       |
  |   dump interval(trj)   :   100.0 fs       |
  |   SHAKE algorithm      : true (all bonds) |
  |   dump interval(Vbias) :    1.00 ps       |
  |   Vbias prefactor (k)  :  0.0562 Eh       |
  |   Vbias exponent (α)   :  0.3820 bohr⁻²   |
  ::::::::::::: starting MTD   18 :::::::::::::
  |   MD simulation time   :     5.0 ps       |
  |   target T             :   300.0 K        |
  |   timestep dt          :     1.5 fs       |
  |   dump interval(trj)   :   100.0 fs       |
  |   SHAKE algorithm      : true (all bonds) |
  |   dump interval(Vbias) :    1.00 ps       |
  |   Vbias prefactor (k)  :  0.1125 Eh       |
  |   Vbias exponent (α)   :  0.2361 bohr⁻²   |
  ::::::::::::: starting MTD   24 :::::::::::::
  |   MD simulation time   :     5.0 ps       |
  |   target T             :   300.0 K        |
  |   timestep dt          :     1.5 fs       |
  |   dump interval(trj)   :   100.0 fs       |
  |   SHAKE algorithm      : true (all bonds) |
  |   dump interval(Vbias) :    1.00 ps       |
  |   Vbias prefactor (k)  :  0.0281 Eh       |
  |   Vbias exponent (α)   :  0.1459 bohr⁻²   |
  ::::::::::::: starting MTD   20 :::::::::::::
  |   MD simulation time   :     5.0 ps       |
  |   target T             :   300.0 K        |
  |   timestep dt          :     1.5 fs       |
  |   dump interval(trj)   :   100.0 fs       |
  |   SHAKE algorithm      : true (all bonds) |
  |   dump interval(Vbias) :    1.00 ps       |
  |   Vbias prefactor (k)  :  0.0281 Eh       |
  |   Vbias exponent (α)   :  0.2361 bohr⁻²   |
  ::::::::::::: starting MTD   17 :::::::::::::
  |   MD simulation time   :     5.0 ps       |
  |   target T             :   300.0 K        |
  |   timestep dt          :     1.5 fs       |
  |   dump interval(trj)   :   100.0 fs       |
  |   SHAKE algorithm      : true (all bonds) |
  |   dump interval(Vbias) :    1.00 ps       |
  |   Vbias prefactor (k)  :  0.2250 Eh       |
  |   Vbias exponent (α)   :  0.2361 bohr⁻²   |
  ::::::::::::: starting MTD   21 :::::::::::::
  |   MD simulation time   :     5.0 ps       |
  |   target T             :   300.0 K        |
  |   timestep dt          :     1.5 fs       |
  |   dump interval(trj)   :   100.0 fs       |
  |   SHAKE algorithm      : true (all bonds) |
  |   dump interval(Vbias) :    1.00 ps       |
  |   Vbias prefactor (k)  :  0.2250 Eh       |
  |   Vbias exponent (α)   :  0.1459 bohr⁻²   |
  ::::::::::::: starting MTD    5 :::::::::::::
  |   MD simulation time   :     5.0 ps       |
  |   target T             :   300.0 K        |
  |   timestep dt          :     1.5 fs       |
  |   dump interval(trj)   :   100.0 fs       |
  |   SHAKE algorithm      : true (all bonds) |
  |   dump interval(Vbias) :    1.00 ps       |
  |   Vbias prefactor (k)  :  0.2250 Eh       |
  |   Vbias exponent (α)   :  1.0000 bohr⁻²   |
  ::::::::::::: starting MTD   22 :::::::::::::
  |   MD simulation time   :     5.0 ps       |
  |   target T             :   300.0 K        |
  |   timestep dt          :     1.5 fs       |
  |   dump interval(trj)   :   100.0 fs       |
  |   SHAKE algorithm      : true (all bonds) |
  |   dump interval(Vbias) :    1.00 ps       |
  |   Vbias prefactor (k)  :  0.1125 Eh       |
  |   Vbias exponent (α)   :  0.1459 bohr⁻²   |
  ::::::::::::: starting MTD   23 :::::::::::::
  |   MD simulation time   :     5.0 ps       |
  |   target T             :   300.0 K        |
  |   timestep dt          :     1.5 fs       |
  |   dump interval(trj)   :   100.0 fs       |
  |   SHAKE algorithm      : true (all bonds) |
  |   dump interval(Vbias) :    1.00 ps       |
  |   Vbias prefactor (k)  :  0.0562 Eh       |
  |   Vbias exponent (α)   :  0.1459 bohr⁻²   |
  ::::::::::::: starting MTD    7 :::::::::::::
  |   MD simulation time   :     5.0 ps       |
  |   target T             :   300.0 K        |
  |   timestep dt          :     1.5 fs       |
  |   dump interval(trj)   :   100.0 fs       |
  |   SHAKE algorithm      : true (all bonds) |
  |   dump interval(Vbias) :    1.00 ps       |
  |   Vbias prefactor (k)  :  0.0562 Eh       |
  |   Vbias exponent (α)   :  1.0000 bohr⁻²   |
  ::::::::::::: starting MTD   11 :::::::::::::
  |   MD simulation time   :     5.0 ps       |
  |   target T             :   300.0 K        |
  |   timestep dt          :     1.5 fs       |
  |   dump interval(trj)   :   100.0 fs       |
  |   SHAKE algorithm      : true (all bonds) |
  |   dump interval(Vbias) :    1.00 ps       |
  |   Vbias prefactor (k)  :  0.0562 Eh       |
  |   Vbias exponent (α)   :  0.6180 bohr⁻²   |
  ::::::::::::: starting MTD    9 :::::::::::::
  |   MD simulation time   :     5.0 ps       |
  |   target T             :   300.0 K        |
  |   timestep dt          :     1.5 fs       |
  |   dump interval(trj)   :   100.0 fs       |
  |   SHAKE algorithm      : true (all bonds) |
  |   dump interval(Vbias) :    1.00 ps       |
  |   Vbias prefactor (k)  :  0.2250 Eh       |
  |   Vbias exponent (α)   :  0.6180 bohr⁻²   |
  ::::::::::::: starting MTD   13 :::::::::::::
  |   MD simulation time   :     5.0 ps       |
  |   target T             :   300.0 K        |
  |   timestep dt          :     1.5 fs       |
  |   dump interval(trj)   :   100.0 fs       |
  |   SHAKE algorithm      : true (all bonds) |
  |   dump interval(Vbias) :    1.00 ps       |
  |   Vbias prefactor (k)  :  0.2250 Eh       |
  |   Vbias exponent (α)   :  0.3820 bohr⁻²   |
  ::::::::::::: starting MTD   19 :::::::::::::
  |   MD simulation time   :     5.0 ps       |
  |   target T             :   300.0 K        |
  |   timestep dt          :     1.5 fs       |
  |   dump interval(trj)   :   100.0 fs       |
  |   SHAKE algorithm      : true (all bonds) |
  |   dump interval(Vbias) :    1.00 ps       |
  |   Vbias prefactor (k)  :  0.0562 Eh       |
  |   Vbias exponent (α)   :  0.2361 bohr⁻²   |
*MTD  21 completed successfully ...        0 min,  3.715 sec
*MTD  20 completed successfully ...        0 min,  3.719 sec
*MTD   7 completed successfully ...        0 min,  3.722 sec
  ::::::::::::: starting MTD    8 :::::::::::::
  |   MD simulation time   :     5.0 ps       |
  |   target T             :   300.0 K        |
  |   timestep dt          :     1.5 fs       |
  |   dump interval(trj)   :   100.0 fs       |
  |   SHAKE algorithm      : true (all bonds) |
  |   dump interval(Vbias) :    1.00 ps       |
  |   Vbias prefactor (k)  :  0.0281 Eh       |
  |   Vbias exponent (α)   :  1.0000 bohr⁻²   |
*MTD  23 completed successfully ...        0 min,  3.724 sec
*MTD  24 completed successfully ...        0 min,  3.726 sec
*MTD  22 completed successfully ...        0 min,  3.732 sec
*MTD  19 completed successfully ...        0 min,  3.741 sec
*MTD  13 completed successfully ...        0 min,  3.743 sec
  ::::::::::::: starting MTD   14 :::::::::::::
  |   MD simulation time   :     5.0 ps       |
  |   target T             :   300.0 K        |
  |   timestep dt          :     1.5 fs       |
  |   dump interval(trj)   :   100.0 fs       |
  |   SHAKE algorithm      : true (all bonds) |
  |   dump interval(Vbias) :    1.00 ps       |
  |   Vbias prefactor (k)  :  0.1125 Eh       |
  |   Vbias exponent (α)   :  0.3820 bohr⁻²   |
*MTD  17 completed successfully ...        0 min,  3.744 sec
*MTD  18 completed successfully ...        0 min,  3.750 sec
*MTD   3 completed successfully ...        0 min,  3.752 sec
  ::::::::::::: starting MTD    4 :::::::::::::
  |   MD simulation time   :     5.0 ps       |
  |   target T             :   300.0 K        |
  |   timestep dt          :     1.5 fs       |
  |   dump interval(trj)   :   100.0 fs       |
  |   SHAKE algorithm      : true (all bonds) |
  |   dump interval(Vbias) :    1.00 ps       |
  |   Vbias prefactor (k)  :  0.0281 Eh       |
  |   Vbias exponent (α)   :  1.6180 bohr⁻²   |
*MTD  15 completed successfully ...        0 min,  3.753 sec
  ::::::::::::: starting MTD   16 :::::::::::::
  |   MD simulation time   :     5.0 ps       |
  |   target T             :   300.0 K        |
  |   timestep dt          :     1.5 fs       |
  |   dump interval(trj)   :   100.0 fs       |
  |   SHAKE algorithm      : true (all bonds) |
  |   dump interval(Vbias) :    1.00 ps       |
  |   Vbias prefactor (k)  :  0.0281 Eh       |
  |   Vbias exponent (α)   :  0.3820 bohr⁻²   |
*MTD  11 completed successfully ...        0 min,  3.775 sec
  ::::::::::::: starting MTD   12 :::::::::::::
  |   MD simulation time   :     5.0 ps       |
  |   target T             :   300.0 K        |
  |   timestep dt          :     1.5 fs       |
  |   dump interval(trj)   :   100.0 fs       |
  |   SHAKE algorithm      : true (all bonds) |
  |   dump interval(Vbias) :    1.00 ps       |
  |   Vbias prefactor (k)  :  0.0281 Eh       |
  |   Vbias exponent (α)   :  0.6180 bohr⁻²   |
*MTD   9 completed successfully ...        0 min,  3.776 sec
  ::::::::::::: starting MTD   10 :::::::::::::
  |   MD simulation time   :     5.0 ps       |
  |   target T             :   300.0 K        |
  |   timestep dt          :     1.5 fs       |
  |   dump interval(trj)   :   100.0 fs       |
  |   SHAKE algorithm      : true (all bonds) |
  |   dump interval(Vbias) :    1.00 ps       |
  |   Vbias prefactor (k)  :  0.1125 Eh       |
  |   Vbias exponent (α)   :  0.6180 bohr⁻²   |
*MTD   5 completed successfully ...        0 min,  3.787 sec
  ::::::::::::: starting MTD    6 :::::::::::::
  |   MD simulation time   :     5.0 ps       |
  |   target T             :   300.0 K        |
  |   timestep dt          :     1.5 fs       |
  |   dump interval(trj)   :   100.0 fs       |
  |   SHAKE algorithm      : true (all bonds) |
  |   dump interval(Vbias) :    1.00 ps       |
  |   Vbias prefactor (k)  :  0.1125 Eh       |
  |   Vbias exponent (α)   :  1.0000 bohr⁻²   |
*MTD   1 completed successfully ...        0 min,  3.810 sec
  ::::::::::::: starting MTD    2 :::::::::::::
  |   MD simulation time   :     5.0 ps       |
  |   target T             :   300.0 K        |
  |   timestep dt          :     1.5 fs       |
  |   dump interval(trj)   :   100.0 fs       |
  |   SHAKE algorithm      : true (all bonds) |
  |   dump interval(Vbias) :    1.00 ps       |
  |   Vbias prefactor (k)  :  0.1125 Eh       |
  |   Vbias exponent (α)   :  1.6180 bohr⁻²   |
*MTD   8 completed successfully ...        0 min,  2.334 sec
*MTD  14 completed successfully ...        0 min,  2.334 sec
*MTD   2 completed successfully ...        0 min,  2.317 sec
*MTD   4 completed successfully ...        0 min,  2.388 sec
*MTD   6 completed successfully ...        0 min,  2.359 sec
*MTD  16 completed successfully ...        0 min,  2.404 sec
*MTD  10 completed successfully ...        0 min,  3.142 sec
*MTD  12 completed successfully ...        0 min,  3.149 sec
 
 ======================================
 |  Multilevel Ensemble Optimization  |
 ======================================
 Optimizing all 1176 structures from file "crest_dynamics.trj" ...
 ----------------------
 crude pre-optimization
 ----------------------
 Optimization engine: ANCOPT
 Hessian update type: BFGS
 E/G convergence criteria:  0.500E-03 Eh, 0.100E-01 Eh/a0
 maximum optimization steps: 200
 |>0.1% |>7.6% |>15.1% |>22.5% |>30.0% |>37.5% |>45.1% |>52.6% |>60.0% |>67.5% |>75.0% |>82.6% |>90.1% |>97.5% |>100.0%
 done.
> 1176 of 1176 structures successfully optimized (100.0% success)
> Total runtime for 1176 optimizations:
 * wall-time:     0 d,  0 h,  0 min,  5.814 sec
 *  cpu-time:     0 d,  0 h,  1 min, 32.615 sec
 * ratio c/w:    15.930 speedup
> Corresponding to approximately 0.005 sec per processed structure
 
CREGEN> running RMSDs ... done.
CREGEN> E lowest :    -6.53415
 3 structures remain within    12.00 kcal/mol window
 ----------------------------------
 optimization with tight thresholds
 ----------------------------------
 Optimization engine: ANCOPT
 Hessian update type: BFGS
 E/G convergence criteria:  0.100E-05 Eh, 0.800E-03 Eh/a0
 maximum optimization steps: 200
 |>33.3% |>66.7% |>100.0%
 done.
> 3 of 3 structures successfully optimized (100.0% success)
> Total runtime for 3 optimizations:
 * wall-time:     0 d,  0 h,  0 min,  0.109 sec
 *  cpu-time:     0 d,  0 h,  0 min,  1.718 sec
 * ratio c/w:    15.822 speedup
> Corresponding to approximately 0.036 sec per processed structure
 
CREGEN> running RMSDs ... done.
CREGEN> E lowest :    -6.53419
 1 structures remain within     6.00 kcal/mol window
 
========================================
           MTD Simulations done         
========================================
 Collecting ensmbles.
CREGEN> running RMSDs ... done.
CREGEN> E lowest :    -6.53419
 1 structures remain within     6.00 kcal/mol window
     H(298.15K)-H(0) (conf)      0.000000
                   Cp(conf)      0.000000
                    S(conf)      0.000000
 
******************************************************************************************
**                          I T E R A T I O N    C Y C L E      1                       **
******************************************************************************************
 -------------------------------------------
 determining bias structures via PCA/k-Means
 -------------------------------------------
 1 structures were selected
 done.

 -----------------------------------------------
 determining MTD seed structures via PCA/k-Means
 -----------------------------------------------
 1 structures were selected
 done.


 ==========================================================
 Static MTDs (umbrella sampling) on 1 selected conformer(s)
 ==========================================================
> Using 1 constant RMSD bias potentials per MTD
  :::::::::: starting static MTD   1 ::::::::::
  |   MD simulation time   :     2.5 ps       |
  |   target T             :   400.0 K        |
  |   timestep dt          :     1.5 fs       |
  |   dump interval(trj)   :   100.0 fs       |
  |   SHAKE algorithm      : true (all bonds) |
  |   Vbias prefactor (k)  :  0.0019 Eh       |
  |   Vbias exponent (α)   :  1.0000 bohr⁻²   |
*sMTD   1 completed successfully ...        0 min,  2.986 sec
 
 ======================================
 |  Multilevel Ensemble Optimization  |
 ======================================
 Optimizing all 24 structures from file "crest_rotamers_0.xyz" ...
 ----------------------
 crude pre-optimization
 ----------------------
 Optimization engine: ANCOPT
 Hessian update type: BFGS
 E/G convergence criteria:  0.500E-03 Eh, 0.100E-01 Eh/a0
 maximum optimization steps: 200
 |>4.2% |>12.5% |>20.8% |>33.3% |>41.7% |>50.0% |>62.5% |>70.8% |>83.3% |>91.7% |>100.0%
 done.
> 24 of 24 structures successfully optimized (100.0% success)
> Total runtime for 24 optimizations:
 * wall-time:     0 d,  0 h,  0 min,  0.148 sec
 *  cpu-time:     0 d,  0 h,  0 min,  2.215 sec
 * ratio c/w:    14.936 speedup
> Corresponding to approximately 0.006 sec per processed structure
 
CREGEN> running RMSDs ... done.
CREGEN> E lowest :    -6.53408
 8 structures remain within    12.00 kcal/mol window
 ---------------------------------------
 optimization with very tight thresholds
 ---------------------------------------
 Optimization engine: ANCOPT
 Hessian update type: BFGS
 E/G convergence criteria:  0.100E-06 Eh, 0.200E-03 Eh/a0
 maximum optimization steps: 200
 |>12.5% |>25.0% |>37.5% |>50.0% |>62.5% |>75.0% |>87.5% |>100.0%
 done.
> 8 of 8 structures successfully optimized (100.0% success)
> Total runtime for 8 optimizations:
 * wall-time:     0 d,  0 h,  0 min,  0.170 sec
 *  cpu-time:     0 d,  0 h,  0 min,  2.668 sec
 * ratio c/w:    15.721 speedup
> Corresponding to approximately 0.021 sec per processed structure
 
CREGEN> running RMSDs ... done.
CREGEN> E lowest :    -6.53419
 1 structures remain within     6.00 kcal/mol window
CREGEN> running RMSDs ... done.
CREGEN> E lowest :    -6.53419
 
 Static MTD simulation iteration 1 finished
 A total of 1 conformers (+ 0.00%) in crest_conformers.xyz
 S(approx.) =   -0.000000 cal/molK (dS = 0.00%)
 Convergence w.r.t. conformers:  T
 Convergence w.r.t. entropy   :  T
 
     H(298.15K)-H(0) (conf)      0.000000
                   Cp(conf)      0.000000
                    S(conf)      0.000000


 --------------------------
 Final Ensemble Information
 --------------------------
 input  file name : crest_rotamers_2.xyz
 output file name : crest_rotamers_3.xyz
 number of atoms                :   30
 number of points on xyz files  :   2
 RMSD threshold                 :   0.1250
 Bconst threshold               :   0.0100
 population threshold           :   0.0500
 # fragment in coord            :     1
 # bonds in reference structure :    33
 number of reliable points      :     2
 sorting energy window (EWIN)   :    6.0000 / kcal*mol⁻¹
 reference state Etot           :  -6.53419480000000
 number of doubles removed by rot/RMSD         :           1
 total number unique points considered further :           1
       Erel/kcal        Etot weight/tot  conformer     set   degen     origin
       1   0.000    -6.53419    1.00000    1.00000       1       1
T /K                                  :   298.15
E lowest                              :    -6.53419
ensemble average energy (kcal)        :    0.000
ensemble entropy (J/mol K, cal/mol K) :   -0.000   -0.000
ensemble free energy (kcal/mol)       :    0.000
population of lowest in %             :  100.000
 number of unique conformers for further calc            1
 list of relative energies saved as "crest.energies"
 compare nuclear equivalencies ...
::::::::::: conformer group all :::::::::::
 chemical equivalencies (mag.active nuclei):
 magnetic equivalencies:
 
******************************************************************************************
**                           ENSEMBLE ENTROPY CALCULATION                               **
******************************************************************************************
======================================================
 Containing 1 conformers :
     H(298.15K)-H(0) (conf)      0.000000
                   Cp(conf)      0.000000
                    S(conf)      0.000000
======================================================
 Containing 1 conformers :
     H(298.15K)-H(0) (conf)      0.000000
                   Cp(conf)      0.000000
                    S(conf)      0.000000
======================================================

 --------------------------------------
 FINAL CALCULATION OF MOLECULAR ENTROPY
 --------------------------------------
 
WARNING: Not enough blocks for extrapolation.
         Taking full ensemble entropy instead.

FINAL ENTROPY (max conf.)  :      0.00000
 
 ----------------------------------
 Frequency Calculation and Averages
 ----------------------------------
 Nconf on file      : 1
 Taken for Hessians : 1 (=100.00% total population)
 T range  /K    :   278.15   378.15
 scaling factor :          1.000000     
 rotor cutoff   :         25.000000 cm⁻¹
 imag. cutoff   :        -50.000000 cm⁻¹
 
 Running 1 calculations ...
 |>100.0%
 done.
 calculating averages for G and S ...    done.
 calculating Boltzmann weights ...       done.
 calculating reference S (bhess) ... > bhess not implemented for calculator routines
    done.
 calculating δSrrho ...                  done.
 
 Coordinates for the bhess reference structure (Ångström):
 -----------------------------------------------------------
  30
 
 C          0.7016105398        3.7055462676        0.0000000000
 C         -0.7016134602        3.7055457147        0.0000000000
 C         -1.3859139854        2.5006804451        0.0000000000
 C         -0.7111964954        1.2572797109        0.0000000000
 C          0.7111955046        1.2572802714        0.0000000000
 C          1.3859120146        2.5006815373        0.0000000000
 C          1.4444350050       -0.0127254397        0.0000000000
 C          2.8586100197       -0.0501038824        0.0000000000
 C          3.5599034907       -1.2451576061        0.0000000000
 C          2.8582919695       -2.4603858825        0.0000000000
 C          1.4726979656       -2.4505754285        0.0000000000
 C          0.7332394904       -1.2445537199        0.0000000000
 C         -0.7332385096       -1.2445542978        0.0000000000
 C         -1.4726960344       -2.4505765891        0.0000000000
 C         -2.8582900305       -2.4603881351        0.0000000000
 C         -3.5599025093       -1.2451604116        0.0000000000
 C         -2.8586099803       -0.0501061353        0.0000000000
 C         -1.4444349950       -0.0127265780        0.0000000000
 H          1.2560591683        4.6484824861        0.0000000000
 H         -1.2560628317        4.6484814962        0.0000000000
 H         -2.4756019960        2.5274880157        0.0000000000
 H          2.4756000040        2.5274899667        0.0000000000
 H          3.4266696532        0.8801903414        0.0000000000
 H          4.6537344872       -1.2364581750        0.0000000000
 H          3.3976743445       -3.4120206700        0.0000000000
 H          0.9510703428       -3.4076766341        0.0000000000
 H         -0.9510676572       -3.4076773836        0.0000000000
 H         -3.3976716555       -3.4120233477        0.0000000000
 H         -4.6537335128       -1.2364618426        0.0000000000
 H         -3.4266703468        0.8801876409        0.0000000000
 -----------------------------------------------------------
 as read from <coord>
 Heavy-atom RMSD between lowest conformer and this reference :
 RMSD(heavy) =        0.022760 Å
 
 msRRHO(bhess) reference entropies:
      278.15        102.174601
      288.15        104.171294
      298.15        106.169957
      308.15        108.169564
      318.15        110.169135
      328.15        112.167736
      338.15        114.164480
      348.15        116.158525
      358.15        118.149078
      368.15        120.135392
      378.15        122.116765

       T/K  |S(T)|/cal/molK       |G(T)|/Eh     G_lowest/Eh    (conf)
   -----------------------------------------------------------------
    278.15    0.108104E+03    0.200026E+00       -6.334169         1
    288.15    0.110158E+03    0.198288E+00       -6.335907         1
    298.15    0.112210E+03    0.196518E+00       -6.337677         1
    308.15    0.114259E+03    0.194714E+00       -6.339480         1
    318.15    0.116306E+03    0.192879E+00       -6.341316         1
    328.15    0.118348E+03    0.191010E+00       -6.343185         1
    338.15    0.120385E+03    0.189109E+00       -6.345085         1
    348.15    0.122417E+03    0.187176E+00       -6.347019         1
    358.15    0.124443E+03    0.185210E+00       -6.348984         1
    368.15    0.126462E+03    0.183213E+00       -6.350982         1
    378.15    0.128473E+03    0.181183E+00       -6.353012         1
   -----------------------------------------------------------------
   NOTE: if |G(T)| is the averaged contributrion to the free energy.
   |G(T)| used only for the higher-energetic structures (n > 1).
   All other structures use G(T) from the respective Hessian calculations.
 
 Quantities calculated on free energies:
       T/K          δSrrho           Cp(T)     [H(T)-H(0)]
   -------------------------------------------------------
    278.15    0.592907E+01    0.000000E+00        0.000000
    288.15    0.598621E+01    0.000000E+00        0.000000
    298.15    0.603971E+01    0.000000E+00        0.000000
    308.15    0.608974E+01    0.000000E+00        0.000000
    318.15    0.613645E+01    0.000000E+00        0.000000
    328.15    0.618003E+01    0.000000E+00        0.000000
    338.15    0.622064E+01    0.000000E+00        0.000000
    348.15    0.625846E+01    0.000000E+00        0.000000
    358.15    0.629364E+01    0.000000E+00        0.000000
    368.15    0.632634E+01    0.000000E+00        0.000000
    378.15    0.635672E+01    0.000000E+00        0.000000
   -------------------------------------------------------
   NOTE: δSrrho(T) = |S(T)| - Sref(T)
 
 ----------------------
 TEMPERATURE DEPENDENCE
 ----------------------
 
 Final CONFORMATIONAL quantities at given T:
       T/K        S(total)           Cp(T)     [H(T)-H(0)]        G(total)
   -----------------------------------------------------------------------
    278.15        5.929066        0.000000        0.000000       -1.649170
    288.15        5.986214        0.000000        0.000000       -1.724927
    298.15        6.039715        0.000000        0.000000       -1.800741
    308.15        6.089737        0.000000        0.000000       -1.876552
    318.15        6.136451        0.000000        0.000000       -1.952312
    328.15        6.180030        0.000000        0.000000       -2.027977
    338.15        6.220644        0.000000        0.000000       -2.103511
    348.15        6.258460        0.000000        0.000000       -2.178883
    358.15        6.293640        0.000000        0.000000       -2.254067
    368.15        6.326342        0.000000        0.000000       -2.329043
    378.15        6.356717        0.000000        0.000000       -2.403792
   -----------------------------------------------------------------------
   S and Cp in cal/mol*K; H and G in kcal/mol
   G(total) is the ensemble free energy (H-T*S) and S(total) = S(conf,extrapol.) + δSrrho
 
 ----------------------------------------------------
 |      FINAL MOLECULAR ENTROPY AT T= 298.15 K      |
 ----------------------------------------------------
     Sconf   =          0.000000
   + δSrrho  =          6.039715
 -----------------------------------------------------
 = S(total)  =          6.039715  (cal mol⁻¹ K⁻¹)
 
   H(T)-H(0) =          0.000000
   G         =         -1.800741   (-T*S)
 -----------------------------------------------------
 = G(total)  =         -1.800741  (H-T*S) (kcal mol⁻¹)
 
   Cp(total) =          0.000000  (cal mol⁻¹ K⁻¹)
 
 
 -----------------
 Wall Time Summary
 -----------------
 CREST runtime (total)               0 d,  0 h,  0 min, 19.035 sec
 ------------------------------------------------------------------
 Trial metadynamics (MTD)   ...        0 min,  0.519 sec (  2.725%)
 Metadynamics (MTD)         ...        0 min,  7.148 sec ( 37.553%)
 Geometry optimization      ...        0 min,  7.665 sec ( 40.270%)
 Static metadynamics (sMTD) ...        0 min,  3.024 sec ( 15.888%)
 Conf. entropy evaluation   ...        0 min,  0.342 sec (  1.796%)
 I/O and setup              ...        0 min,  0.336 sec (  1.768%)
 ------------------------------------------------------------------
 * wall-time:     0 d,  0 h,  0 min, 19.035 sec
 *  cpu-time:     0 d,  0 h,  4 min, 15.993 sec
 * ratio c/w:    13.449 speedup
 ------------------------------------------------------------------
 * Total number of energy+grad calls: 104233
 
 CREST terminated normally.
