 
       ╔════════════════════════════════════════════╗
       ║            ___ ___ ___ ___ _____           ║
       ║           / __| _ \ __/ __|_   _|          ║
       ║          | (__|   / _|\__ \ | |            ║
       ║           \___|_|_\___|___/ |_|            ║
       ║                                            ║
       ║  Conformer-Rotamer Ensemble Sampling Tool  ║
       ║          based on the xTB methods          ║
       ║                                            ║
       ╚════════════════════════════════════════════╝
       Version 3.0.2, Sun Aug 25 20:02:36 UTC 2024
       commit (af7eb99) compiled by 'runner@fv-az1984-471'
 
   Cite work conducted with this code as

   • P.Pracht, F.Bohle, S.Grimme, PCCP, 2020, 22, 7169-7192.
   • S.Grimme, JCTC, 2019, 15, 2847-2862.
   • P.Pracht, S.Grimme, C.Bannwarth, F.Bohle, S.Ehlert,
     G.Feldmann, J.Gorges, M.Müller, T.Neudecker, C.Plett,
     S.Spicher, P.Steinbach, P.Wesołowski, F.Zeller,
     J. Chem. Phys., 2024, 160, 114110.

   for works involving QCG cite

   • S.Spicher, C.Plett, P.Pracht, A.Hansen, S.Grimme,
     JCTC, 2022, 18 (5), 3174-3189.
   • C.Plett, S. Grimme,
     Angew. Chem. Int. Ed. 2023, 62, e202214477.

   for works involving MECP screening cite

   • P.Pracht, C.Bannwarth, JCTC, 2022, 18 (10), 6370-6385.
 
   Original code
     P.Pracht, S.Grimme, Universität Bonn, MCTC
   with help from (alphabetical order):
     C.Bannwarth, F.Bohle, S.Ehlert, G.Feldmann, J.Gorges,
     S.Grimme, C.Plett, P.Pracht, S.Spicher, P.Steinbach,
     P.Wesolowski, F.Zeller
 
   Online documentation is available at
   https://crest-lab.github.io/crest-docs/
 
   This program is distributed in the hope that it will be useful,
   but WITHOUT ANY WARRANTY; without even the implied warranty of
   MERCHANTABILITY or FITNESS FOR A PARTICULAR PURPOSE. See the
   GNU Lesser General Public License (LGPL) for more details.

 Command line input:
 $ crest SLIUAWYAILUBJU-UHFFFAOYSA-N-1.xyz -gfnff -entropy -T 16 -chrg 0 -uhf 0

  --gfnff : Use of GFN-FF requested.
  -entropy : enhanced ensemble entropy calculation
  -T 16 (CPUs/Threads selected)
  -chrg 0
  -uhf 0
Parsing xtb-type input file bondlengths to set up calculators ...

> Setting up backup calculator ... done.
 ----------------
 Calculation info
 ----------------
> User-defined calculation level:
 : GFN-FF calculation via GFNFF lib
 :   Molecular charge    : 0
 
> User-defined constraints:
  # bond constraints    : 56
 
 
 -----------------------------
 Initial Geometry Optimization
 -----------------------------
 Geometry successfully optimized.
 
          ┍━━━━━━━━━━━━━━━━━━━━━━━━━━━━━━━━━━━━━━━━━━━━━━━━━┑
          │              CREST ENTROPY SAMPLING             │
          ┕━━━━━━━━━━━━━━━━━━━━━━━━━━━━━━━━━━━━━━━━━━━━━━━━━┙
 
 please cite:
 • P.Pracht, S.Grimme, Chem. Sci., 2021, 12, 6551-6568.
 • J.Gorges, S.Grimme, A.Hansen, P.Pracht, PCCP, 2022,24, 12249-12259.
 
 Input structure:
  36
 
 C         -6.0780465701        0.7078063340       -0.0000000000
 C         -6.0780465701       -0.7078063340       -0.0000000000
 C         -4.9067647167       -1.3990508224       -0.0000000000
 C         -3.6531629238       -0.7178000005       -0.0000000000
 C         -2.4462136022       -1.4020427823        0.0000000000
 C         -1.2187461412       -0.7205376264        0.0000000000
 C          0.0000000000       -1.4032604344        0.0000000000
 C          1.2187461412       -0.7205376264        0.0000000000
 C          2.4462136022       -1.4020427822        0.0000000000
 C          3.6531629238       -0.7178000005       -0.0000000000
 C          4.9067647167       -1.3990508224       -0.0000000000
 C          6.0780465701       -0.7078063340       -0.0000000000
 C          6.0780465701        0.7078063340       -0.0000000000
 C          4.9067647167        1.3990508224       -0.0000000000
 C          3.6531629238        0.7178000005       -0.0000000000
 C          2.4462136022        1.4020427823        0.0000000000
 C          1.2187461412        0.7205376264        0.0000000000
 C         -0.0000000000        1.4032604344        0.0000000000
 C         -1.2187461412        0.7205376264        0.0000000000
 C         -2.4462136022        1.4020427822       -0.0000000000
 C         -3.6531629238        0.7178000005       -0.0000000000
 C         -4.9067647167        1.3990508224       -0.0000000000
 H         -7.0226933928        1.2320393013       -0.0000000000
 H         -7.0226933928       -1.2320393013        0.0000000000
 H         -4.9015055493       -2.4787097912       -0.0000000000
 H         -2.4497643728       -2.4782135932        0.0000000000
 H          0.0000000000       -2.4794185877       -0.0000000000
 H          2.4497643728       -2.4782135932        0.0000000000
 H          4.9015055493       -2.4787097912       -0.0000000000
 H          7.0226933928       -1.2320393013       -0.0000000000
 H          7.0226933928        1.2320393013       -0.0000000000
 H          4.9015055493        2.4787097912        0.0000000000
 H          2.4497643728        2.4782135932        0.0000000000
 H         -0.0000000000        2.4794185877       -0.0000000000
 H         -2.4497643728        2.4782135932       -0.0000000000
 H         -4.9015055493        2.4787097912        0.0000000000
 
 ------------------------------------------------
 Generating MTD length from a flexibility measure
 ------------------------------------------------
 Calculating GFN0-xTB WBOs   ... done.
 Calculating NCI flexibility ... done.
     covalent flexibility measure :   0.013
 non-covalent flexibility measure :   0.711
 flexibility measure :   0.048
 t(MTD) / ps    :     5.0
 Σ(t(MTD)) / ps :   120.0 (24 MTDs)
 
 -----------------------------------
 Starting trial MTD to test settings
 -----------------------------------
 Trial MTD 1 runtime (1.0 ps) ...        0 min,  0.629 sec
 Estimated runtime for one MTD (5.0 ps) on a single thread: 3 sec
 Estimated runtime for a batch of 24 MTDs on 16 threads: 6 sec
 
******************************************************************************************
**                         N E W   I T E R A T I O N  C Y C L E                         **
******************************************************************************************
 
 ------------------------------
 Meta-Dynamics Iteration 1
 ------------------------------
 list of applied metadynamics Vbias parameters:
$metadyn    0.27000   1.618
$metadyn    0.13500   1.618
$metadyn    0.06750   1.618
$metadyn    0.03375   1.618
$metadyn    0.27000   1.000
$metadyn    0.13500   1.000
$metadyn    0.06750   1.000
$metadyn    0.03375   1.000
$metadyn    0.27000   0.618
$metadyn    0.13500   0.618
$metadyn    0.06750   0.618
$metadyn    0.03375   0.618
$metadyn    0.27000   0.382
$metadyn    0.13500   0.382
$metadyn    0.06750   0.382
$metadyn    0.03375   0.382
$metadyn    0.27000   0.236
$metadyn    0.13500   0.236
$metadyn    0.06750   0.236
$metadyn    0.03375   0.236
$metadyn    0.27000   0.146
$metadyn    0.13500   0.146
$metadyn    0.06750   0.146
$metadyn    0.03375   0.146
 
  ::::::::::::: starting MTD    1 :::::::::::::
  |   MD simulation time   :     5.0 ps       |
  |   target T             :   300.0 K        |
  |   timestep dt          :     1.5 fs       |
  |   dump interval(trj)   :   100.0 fs       |
  |   SHAKE algorithm      : true (all bonds) |
  |   dump interval(Vbias) :    1.00 ps       |
  |   Vbias prefactor (k)  :  0.2700 Eh       |
  |   Vbias exponent (α)   :  1.6180 bohr⁻²   |
  ::::::::::::: starting MTD   17 :::::::::::::
  |   MD simulation time   :     5.0 ps       |
  |   target T             :   300.0 K        |
  |   timestep dt          :     1.5 fs       |
  |   dump interval(trj)   :   100.0 fs       |
  |   SHAKE algorithm      : true (all bonds) |
  |   dump interval(Vbias) :    1.00 ps       |
  |   Vbias prefactor (k)  :  0.2700 Eh       |
  |   Vbias exponent (α)   :  0.2361 bohr⁻²   |
  ::::::::::::: starting MTD   23 :::::::::::::
  |   MD simulation time   :     5.0 ps       |
  |   target T             :   300.0 K        |
  |   timestep dt          :     1.5 fs       |
  |   dump interval(trj)   :   100.0 fs       |
  |   SHAKE algorithm      : true (all bonds) |
  |   dump interval(Vbias) :    1.00 ps       |
  |   Vbias prefactor (k)  :  0.0675 Eh       |
  |   Vbias exponent (α)   :  0.1459 bohr⁻²   |
  ::::::::::::: starting MTD   18 :::::::::::::
  |   MD simulation time   :     5.0 ps       |
  |   target T             :   300.0 K        |
  |   timestep dt          :     1.5 fs       |
  |   dump interval(trj)   :   100.0 fs       |
  |   SHAKE algorithm      : true (all bonds) |
  |   dump interval(Vbias) :    1.00 ps       |
  |   Vbias prefactor (k)  :  0.1350 Eh       |
  |   Vbias exponent (α)   :  0.2361 bohr⁻²   |
  ::::::::::::: starting MTD    9 :::::::::::::
  |   MD simulation time   :     5.0 ps       |
  |   target T             :   300.0 K        |
  |   timestep dt          :     1.5 fs       |
  |   dump interval(trj)   :   100.0 fs       |
  |   SHAKE algorithm      : true (all bonds) |
  |   dump interval(Vbias) :    1.00 ps       |
  |   Vbias prefactor (k)  :  0.2700 Eh       |
  |   Vbias exponent (α)   :  0.6180 bohr⁻²   |
  ::::::::::::: starting MTD    5 :::::::::::::
  |   MD simulation time   :     5.0 ps       |
  |   target T             :   300.0 K        |
  |   timestep dt          :     1.5 fs       |
  |   dump interval(trj)   :   100.0 fs       |
  |   SHAKE algorithm      : true (all bonds) |
  |   dump interval(Vbias) :    1.00 ps       |
  |   Vbias prefactor (k)  :  0.2700 Eh       |
  |   Vbias exponent (α)   :  1.0000 bohr⁻²   |
  ::::::::::::: starting MTD    3 :::::::::::::
  |   MD simulation time   :     5.0 ps       |
  |   target T             :   300.0 K        |
  |   timestep dt          :     1.5 fs       |
  |   dump interval(trj)   :   100.0 fs       |
  |   SHAKE algorithm      : true (all bonds) |
  |   dump interval(Vbias) :    1.00 ps       |
  |   Vbias prefactor (k)  :  0.0675 Eh       |
  |   Vbias exponent (α)   :  1.6180 bohr⁻²   |
  ::::::::::::: starting MTD   22 :::::::::::::
  |   MD simulation time   :     5.0 ps       |
  |   target T             :   300.0 K        |
  |   timestep dt          :     1.5 fs       |
  |   dump interval(trj)   :   100.0 fs       |
  |   SHAKE algorithm      : true (all bonds) |
  |   dump interval(Vbias) :    1.00 ps       |
  |   Vbias prefactor (k)  :  0.1350 Eh       |
  |   Vbias exponent (α)   :  0.1459 bohr⁻²   |
  ::::::::::::: starting MTD   11 :::::::::::::
  |   MD simulation time   :     5.0 ps       |
  |   target T             :   300.0 K        |
  |   timestep dt          :     1.5 fs       |
  |   dump interval(trj)   :   100.0 fs       |
  |   SHAKE algorithm      : true (all bonds) |
  |   dump interval(Vbias) :    1.00 ps       |
  |   Vbias prefactor (k)  :  0.0675 Eh       |
  |   Vbias exponent (α)   :  0.6180 bohr⁻²   |
  ::::::::::::: starting MTD    7 :::::::::::::
  |   MD simulation time   :     5.0 ps       |
  |   target T             :   300.0 K        |
  |   timestep dt          :     1.5 fs       |
  |   dump interval(trj)   :   100.0 fs       |
  |   SHAKE algorithm      : true (all bonds) |
  |   dump interval(Vbias) :    1.00 ps       |
  |   Vbias prefactor (k)  :  0.0675 Eh       |
  |   Vbias exponent (α)   :  1.0000 bohr⁻²   |
  ::::::::::::: starting MTD   15 :::::::::::::
  |   MD simulation time   :     5.0 ps       |
  |   target T             :   300.0 K        |
  |   timestep dt          :     1.5 fs       |
  |   dump interval(trj)   :   100.0 fs       |
  |   SHAKE algorithm      : true (all bonds) |
  |   dump interval(Vbias) :    1.00 ps       |
  |   Vbias prefactor (k)  :  0.0675 Eh       |
  |   Vbias exponent (α)   :  0.3820 bohr⁻²   |
  ::::::::::::: starting MTD   19 :::::::::::::
  |   MD simulation time   :     5.0 ps       |
  |   target T             :   300.0 K        |
  |   timestep dt          :     1.5 fs       |
  |   dump interval(trj)   :   100.0 fs       |
  |   SHAKE algorithm      : true (all bonds) |
  |   dump interval(Vbias) :    1.00 ps       |
  |   Vbias prefactor (k)  :  0.0675 Eh       |
  |   Vbias exponent (α)   :  0.2361 bohr⁻²   |
  ::::::::::::: starting MTD   21 :::::::::::::
  |   MD simulation time   :     5.0 ps       |
  |   target T             :   300.0 K        |
  |   timestep dt          :     1.5 fs       |
  |   dump interval(trj)   :   100.0 fs       |
  |   SHAKE algorithm      : true (all bonds) |
  |   dump interval(Vbias) :    1.00 ps       |
  |   Vbias prefactor (k)  :  0.2700 Eh       |
  |   Vbias exponent (α)   :  0.1459 bohr⁻²   |
  ::::::::::::: starting MTD   20 :::::::::::::
  |   MD simulation time   :     5.0 ps       |
  |   target T             :   300.0 K        |
  |   timestep dt          :     1.5 fs       |
  |   dump interval(trj)   :   100.0 fs       |
  |   SHAKE algorithm      : true (all bonds) |
  |   dump interval(Vbias) :    1.00 ps       |
  |   Vbias prefactor (k)  :  0.0338 Eh       |
  |   Vbias exponent (α)   :  0.2361 bohr⁻²   |
  ::::::::::::: starting MTD   24 :::::::::::::
  |   MD simulation time   :     5.0 ps       |
  |   target T             :   300.0 K        |
  |   timestep dt          :     1.5 fs       |
  |   dump interval(trj)   :   100.0 fs       |
  |   SHAKE algorithm      : true (all bonds) |
  |   dump interval(Vbias) :    1.00 ps       |
  |   Vbias prefactor (k)  :  0.0338 Eh       |
  |   Vbias exponent (α)   :  0.1459 bohr⁻²   |
  ::::::::::::: starting MTD   13 :::::::::::::
  |   MD simulation time   :     5.0 ps       |
  |   target T             :   300.0 K        |
  |   timestep dt          :     1.5 fs       |
  |   dump interval(trj)   :   100.0 fs       |
  |   SHAKE algorithm      : true (all bonds) |
  |   dump interval(Vbias) :    1.00 ps       |
  |   Vbias prefactor (k)  :  0.2700 Eh       |
  |   Vbias exponent (α)   :  0.3820 bohr⁻²   |
*MTD   3 completed successfully ...        0 min,  4.884 sec
  ::::::::::::: starting MTD    4 :::::::::::::
  |   MD simulation time   :     5.0 ps       |
  |   target T             :   300.0 K        |
  |   timestep dt          :     1.5 fs       |
  |   dump interval(trj)   :   100.0 fs       |
  |   SHAKE algorithm      : true (all bonds) |
  |   dump interval(Vbias) :    1.00 ps       |
  |   Vbias prefactor (k)  :  0.0338 Eh       |
  |   Vbias exponent (α)   :  1.6180 bohr⁻²   |
*MTD   1 completed successfully ...        0 min,  4.985 sec
  ::::::::::::: starting MTD    2 :::::::::::::
  |   MD simulation time   :     5.0 ps       |
  |   target T             :   300.0 K        |
  |   timestep dt          :     1.5 fs       |
  |   dump interval(trj)   :   100.0 fs       |
  |   SHAKE algorithm      : true (all bonds) |
  |   dump interval(Vbias) :    1.00 ps       |
  |   Vbias prefactor (k)  :  0.1350 Eh       |
  |   Vbias exponent (α)   :  1.6180 bohr⁻²   |
*MTD  24 completed successfully ...        0 min,  5.001 sec
*MTD  11 completed successfully ...        0 min,  5.043 sec
  ::::::::::::: starting MTD   12 :::::::::::::
  |   MD simulation time   :     5.0 ps       |
  |   target T             :   300.0 K        |
  |   timestep dt          :     1.5 fs       |
  |   dump interval(trj)   :   100.0 fs       |
  |   SHAKE algorithm      : true (all bonds) |
  |   dump interval(Vbias) :    1.00 ps       |
  |   Vbias prefactor (k)  :  0.0338 Eh       |
  |   Vbias exponent (α)   :  0.6180 bohr⁻²   |
*MTD   7 completed successfully ...        0 min,  5.070 sec
  ::::::::::::: starting MTD    8 :::::::::::::
  |   MD simulation time   :     5.0 ps       |
  |   target T             :   300.0 K        |
  |   timestep dt          :     1.5 fs       |
  |   dump interval(trj)   :   100.0 fs       |
  |   SHAKE algorithm      : true (all bonds) |
  |   dump interval(Vbias) :    1.00 ps       |
  |   Vbias prefactor (k)  :  0.0338 Eh       |
  |   Vbias exponent (α)   :  1.0000 bohr⁻²   |
*MTD  20 completed successfully ...        0 min,  5.101 sec
*MTD  15 completed successfully ...        0 min,  5.146 sec
  ::::::::::::: starting MTD   16 :::::::::::::
  |   MD simulation time   :     5.0 ps       |
  |   target T             :   300.0 K        |
  |   timestep dt          :     1.5 fs       |
  |   dump interval(trj)   :   100.0 fs       |
  |   SHAKE algorithm      : true (all bonds) |
  |   dump interval(Vbias) :    1.00 ps       |
  |   Vbias prefactor (k)  :  0.0338 Eh       |
  |   Vbias exponent (α)   :  0.3820 bohr⁻²   |
*MTD   5 completed successfully ...        0 min,  5.155 sec
  ::::::::::::: starting MTD    6 :::::::::::::
  |   MD simulation time   :     5.0 ps       |
  |   target T             :   300.0 K        |
  |   timestep dt          :     1.5 fs       |
  |   dump interval(trj)   :   100.0 fs       |
  |   SHAKE algorithm      : true (all bonds) |
  |   dump interval(Vbias) :    1.00 ps       |
  |   Vbias prefactor (k)  :  0.1350 Eh       |
  |   Vbias exponent (α)   :  1.0000 bohr⁻²   |
*MTD  23 completed successfully ...        0 min,  5.171 sec
*MTD   9 completed successfully ...        0 min,  5.208 sec
  ::::::::::::: starting MTD   10 :::::::::::::
  |   MD simulation time   :     5.0 ps       |
  |   target T             :   300.0 K        |
  |   timestep dt          :     1.5 fs       |
  |   dump interval(trj)   :   100.0 fs       |
  |   SHAKE algorithm      : true (all bonds) |
  |   dump interval(Vbias) :    1.00 ps       |
  |   Vbias prefactor (k)  :  0.1350 Eh       |
  |   Vbias exponent (α)   :  0.6180 bohr⁻²   |
*MTD  18 completed successfully ...        0 min,  5.260 sec
*MTD  19 completed successfully ...        0 min,  5.276 sec
*MTD  22 completed successfully ...        0 min,  5.285 sec
*MTD  17 completed successfully ...        0 min,  5.315 sec
*MTD  21 completed successfully ...        0 min,  5.366 sec
*MTD  13 completed successfully ...        0 min,  5.366 sec
  ::::::::::::: starting MTD   14 :::::::::::::
  |   MD simulation time   :     5.0 ps       |
  |   target T             :   300.0 K        |
  |   timestep dt          :     1.5 fs       |
  |   dump interval(trj)   :   100.0 fs       |
  |   SHAKE algorithm      : true (all bonds) |
  |   dump interval(Vbias) :    1.00 ps       |
  |   Vbias prefactor (k)  :  0.1350 Eh       |
  |   Vbias exponent (α)   :  0.3820 bohr⁻²   |
*MTD   4 completed successfully ...        0 min,  3.220 sec
*MTD   2 completed successfully ...        0 min,  3.259 sec
*MTD   8 completed successfully ...        0 min,  3.205 sec
*MTD  16 completed successfully ...        0 min,  3.216 sec
*MTD   6 completed successfully ...        0 min,  3.346 sec
*MTD  10 completed successfully ...        0 min,  3.371 sec
*MTD  12 completed successfully ...        0 min,  3.772 sec
*MTD  14 completed successfully ...        0 min,  3.782 sec
 
 ======================================
 |  Multilevel Ensemble Optimization  |
 ======================================
 Optimizing all 1176 structures from file "crest_dynamics.trj" ...
 ----------------------
 crude pre-optimization
 ----------------------
 Optimization engine: ANCOPT
 Hessian update type: BFGS
 E/G convergence criteria:  0.500E-03 Eh, 0.100E-01 Eh/a0
 maximum optimization steps: 200
 |>0.1% |>7.6% |>15.1% |>22.5% |>30.0% |>37.5% |>45.1% |>52.6% |>60.0% |>67.5% |>75.0% |>82.6% |>90.1% |>97.5% |>100.0%
 done.
> 1176 of 1176 structures successfully optimized (100.0% success)
> Total runtime for 1176 optimizations:
 * wall-time:     0 d,  0 h,  0 min,  9.737 sec
 *  cpu-time:     0 d,  0 h,  2 min, 34.718 sec
 * ratio c/w:    15.890 speedup
> Corresponding to approximately 0.008 sec per processed structure
 
CREGEN> running RMSDs ... done.
CREGEN> E lowest :    -7.89030
 53 structures remain within    12.00 kcal/mol window
 ----------------------------------
 optimization with tight thresholds
 ----------------------------------
 Optimization engine: ANCOPT
 Hessian update type: BFGS
 E/G convergence criteria:  0.100E-05 Eh, 0.800E-03 Eh/a0
 maximum optimization steps: 200
 |>1.9% |>11.3% |>20.8% |>30.2% |>41.5% |>50.9% |>60.4% |>71.7% |>81.1% |>90.6% |>100.0%
 done.
> 53 of 53 structures successfully optimized (100.0% success)
> Total runtime for 53 optimizations:
 * wall-time:     0 d,  0 h,  0 min,  0.702 sec
 *  cpu-time:     0 d,  0 h,  0 min, 11.188 sec
 * ratio c/w:    15.932 speedup
> Corresponding to approximately 0.013 sec per processed structure
 
CREGEN> running RMSDs ... done.
CREGEN> E lowest :    -7.89033
 1 structures remain within     6.00 kcal/mol window
 
========================================
           MTD Simulations done         
========================================
 Collecting ensmbles.
CREGEN> running RMSDs ... done.
CREGEN> E lowest :    -7.89033
 1 structures remain within     6.00 kcal/mol window
     H(298.15K)-H(0) (conf)      0.000000
                   Cp(conf)      0.000000
                    S(conf)      0.000000
 
******************************************************************************************
**                          I T E R A T I O N    C Y C L E      1                       **
******************************************************************************************
 -------------------------------------------
 determining bias structures via PCA/k-Means
 -------------------------------------------
 1 structures were selected
 done.

 -----------------------------------------------
 determining MTD seed structures via PCA/k-Means
 -----------------------------------------------
 1 structures were selected
 done.


 ==========================================================
 Static MTDs (umbrella sampling) on 1 selected conformer(s)
 ==========================================================
> Using 1 constant RMSD bias potentials per MTD
  :::::::::: starting static MTD   1 ::::::::::
  |   MD simulation time   :     2.5 ps       |
  |   target T             :   400.0 K        |
  |   timestep dt          :     1.5 fs       |
  |   dump interval(trj)   :   100.0 fs       |
  |   SHAKE algorithm      : true (all bonds) |
  |   Vbias prefactor (k)  :  0.0023 Eh       |
  |   Vbias exponent (α)   :  1.0000 bohr⁻²   |
*sMTD   1 completed successfully ...        0 min,  1.126 sec
 
 ======================================
 |  Multilevel Ensemble Optimization  |
 ======================================
 Optimizing all 24 structures from file "crest_rotamers_0.xyz" ...
 ----------------------
 crude pre-optimization
 ----------------------
 Optimization engine: ANCOPT
 Hessian update type: BFGS
 E/G convergence criteria:  0.500E-03 Eh, 0.100E-01 Eh/a0
 maximum optimization steps: 200
 |>4.2% |>12.5% |>20.8% |>33.3% |>41.7% |>50.0% |>62.5% |>70.8% |>83.3% |>91.7% |>100.0%
 done.
> 24 of 24 structures successfully optimized (100.0% success)
> Total runtime for 24 optimizations:
 * wall-time:     0 d,  0 h,  0 min,  0.110 sec
 *  cpu-time:     0 d,  0 h,  0 min,  1.746 sec
 * ratio c/w:    15.927 speedup
> Corresponding to approximately 0.005 sec per processed structure
 
CREGEN> running RMSDs ... done.
CREGEN> E lowest :    -7.89011
 7 structures remain within    12.00 kcal/mol window
 ---------------------------------------
 optimization with very tight thresholds
 ---------------------------------------
 Optimization engine: ANCOPT
 Hessian update type: BFGS
 E/G convergence criteria:  0.100E-06 Eh, 0.200E-03 Eh/a0
 maximum optimization steps: 200
 |>14.3% |>28.6% |>42.9% |>57.1% |>71.4% |>85.7% |>100.0%
 done.
> 7 of 7 structures successfully optimized (100.0% success)
> Total runtime for 7 optimizations:
 * wall-time:     0 d,  0 h,  0 min,  0.181 sec
 *  cpu-time:     0 d,  0 h,  0 min,  2.883 sec
 * ratio c/w:    15.923 speedup
> Corresponding to approximately 0.026 sec per processed structure
 
CREGEN> running RMSDs ... done.
CREGEN> E lowest :    -7.89033
 1 structures remain within     6.00 kcal/mol window
CREGEN> running RMSDs ... done.
CREGEN> E lowest :    -7.89033
 
 Static MTD simulation iteration 1 finished
 A total of 1 conformers (+ 0.00%) in crest_conformers.xyz
 S(approx.) =   -0.000000 cal/molK (dS = 0.00%)
 Convergence w.r.t. conformers:  T
 Convergence w.r.t. entropy   :  T
 
     H(298.15K)-H(0) (conf)      0.000000
                   Cp(conf)      0.000000
                    S(conf)      0.000000


 --------------------------
 Final Ensemble Information
 --------------------------
 input  file name : crest_rotamers_2.xyz
 output file name : crest_rotamers_3.xyz
 number of atoms                :   36
 number of points on xyz files  :   2
 RMSD threshold                 :   0.1250
 Bconst threshold               :   0.0100
 population threshold           :   0.0500
 # fragment in coord            :     1
 # bonds in reference structure :    40
   => # of C=C bonds :     4
 number of reliable points      :     2
 sorting energy window (EWIN)   :    6.0000 / kcal*mol⁻¹
 reference state Etot           :  -7.89032891000000
 number of doubles removed by rot/RMSD         :           1
 total number unique points considered further :           1
       Erel/kcal        Etot weight/tot  conformer     set   degen     origin
       1   0.000    -7.89033    1.00000    1.00000       1       1
T /K                                  :   298.15
E lowest                              :    -7.89033
ensemble average energy (kcal)        :    0.000
ensemble entropy (J/mol K, cal/mol K) :   -0.000   -0.000
ensemble free energy (kcal/mol)       :    0.000
population of lowest in %             :  100.000
 number of unique conformers for further calc            1
 list of relative energies saved as "crest.energies"
 compare nuclear equivalencies ...
::::::::::: conformer group all :::::::::::
 chemical equivalencies (mag.active nuclei):
 magnetic equivalencies:
 
******************************************************************************************
**                           ENSEMBLE ENTROPY CALCULATION                               **
******************************************************************************************
======================================================
 Containing 1 conformers :
     H(298.15K)-H(0) (conf)      0.000000
                   Cp(conf)      0.000000
                    S(conf)      0.000000
======================================================
 Containing 1 conformers :
     H(298.15K)-H(0) (conf)      0.000000
                   Cp(conf)      0.000000
                    S(conf)      0.000000
======================================================

 --------------------------------------
 FINAL CALCULATION OF MOLECULAR ENTROPY
 --------------------------------------
 
WARNING: Not enough blocks for extrapolation.
         Taking full ensemble entropy instead.

FINAL ENTROPY (max conf.)  :      0.00000
 
 ----------------------------------
 Frequency Calculation and Averages
 ----------------------------------
 Nconf on file      : 1
 Taken for Hessians : 1 (=100.00% total population)
 T range  /K    :   278.15   378.15
 scaling factor :          1.000000     
 rotor cutoff   :         25.000000 cm⁻¹
 imag. cutoff   :        -50.000000 cm⁻¹
 
 Running 1 calculations ...
 |>100.0%
 done.
 calculating averages for G and S ...    done.
 calculating Boltzmann weights ...       done.
 calculating reference S (bhess) ... > bhess not implemented for calculator routines
    done.
 calculating δSrrho ...                  done.
 
 Coordinates for the bhess reference structure (Ångström):
 -----------------------------------------------------------
  36
 
 C         -6.1250980000        0.7171600000        0.0000000000
 C         -6.1250980000       -0.7171600000        0.0000000000
 C         -4.9461610000       -1.4118300000        0.0000000000
 C         -3.6825420000       -0.7280890000        0.0000000000
 C         -2.4697620000       -1.4092780000        0.0000000000
 C         -1.2277530000       -0.7289740000        0.0000000000
 C          0.0000000000       -1.4099190000        0.0000000000
 C          1.2277530000       -0.7289740000        0.0000000000
 C          2.4697620000       -1.4092780000        0.0000000000
 C          3.6825420000       -0.7280890000        0.0000000000
 C          4.9461610000       -1.4118300000        0.0000000000
 C          6.1250980000       -0.7171600000        0.0000000000
 C          6.1250980000        0.7171600000        0.0000000000
 C          4.9461610000        1.4118300000        0.0000000000
 C          3.6825420000        0.7280890000        0.0000000000
 C          2.4697620000        1.4092780000        0.0000000000
 C          1.2277530000        0.7289740000        0.0000000000
 C          0.0000000000        1.4099190000        0.0000000000
 C         -1.2277530000        0.7289740000        0.0000000000
 C         -2.4697620000        1.4092780000        0.0000000000
 C         -3.6825420000        0.7280890000        0.0000000000
 C         -4.9461610000        1.4118300000        0.0000000000
 H         -7.0790660000        1.2526890000        0.0000000000
 H         -7.0790660000       -1.2526890000        0.0000000000
 H         -4.9439300000       -2.5062400000        0.0000000000
 H         -2.4700000000       -2.5039020000        0.0000000000
 H          0.0000000000       -2.5044210000        0.0000000000
 H          2.4700000000       -2.5039020000        0.0000000000
 H          4.9439300000       -2.5062400000        0.0000000000
 H          7.0790660000       -1.2526890000        0.0000000000
 H          7.0790660000        1.2526890000        0.0000000000
 H          4.9439300000        2.5062400000        0.0000000000
 H          2.4700000000        2.5039020000        0.0000000000
 H          0.0000000000        2.5044210000        0.0000000000
 H         -2.4700000000        2.5039020000        0.0000000000
 H         -4.9439300000        2.5062400000        0.0000000000
 -----------------------------------------------------------
 as read from <coord>
 Heavy-atom RMSD between lowest conformer and this reference :
 RMSD(heavy) =        0.031312 Å
 
 msRRHO(bhess) reference entropies:
      278.15        114.538833
      288.15        116.925141
      298.15        119.313494
      308.15        121.702678
      318.15        124.091542
      328.15        126.479002
      338.15        128.864032
      348.15        131.245671
      358.15        133.623013
      368.15        135.995209
      378.15        138.361466

       T/K  |S(T)|/cal/molK       |G(T)|/Eh     G_lowest/Eh    (conf)
   -----------------------------------------------------------------
    278.15    0.119950E+03    0.246418E+00       -7.643911         1
    288.15    0.122413E+03    0.244490E+00       -7.645839         1
    298.15    0.124873E+03    0.242523E+00       -7.647806         1
    308.15    0.127330E+03    0.240517E+00       -7.649812         1
    318.15    0.129784E+03    0.238472E+00       -7.651857         1
    328.15    0.132232E+03    0.236388E+00       -7.653941         1
    338.15    0.134675E+03    0.234264E+00       -7.656065         1
    348.15    0.137111E+03    0.232102E+00       -7.658227         1
    358.15    0.139539E+03    0.229901E+00       -7.660427         1
    368.15    0.141960E+03    0.227662E+00       -7.662667         1
    378.15    0.144371E+03    0.225384E+00       -7.664945         1
   -----------------------------------------------------------------
   NOTE: if |G(T)| is the averaged contributrion to the free energy.
   |G(T)| used only for the higher-energetic structures (n > 1).
   All other structures use G(T) from the respective Hessian calculations.
 
 Quantities calculated on free energies:
       T/K          δSrrho           Cp(T)     [H(T)-H(0)]
   -------------------------------------------------------
    278.15    0.541131E+01    0.000000E+00        0.000000
    288.15    0.548737E+01    0.000000E+00        0.000000
    298.15    0.555949E+01    0.000000E+00        0.000000
    308.15    0.562777E+01    0.000000E+00        0.000000
    318.15    0.569234E+01    0.000000E+00        0.000000
    328.15    0.575333E+01    0.000000E+00        0.000000
    338.15    0.581089E+01    0.000000E+00        0.000000
    348.15    0.586518E+01    0.000000E+00        0.000000
    358.15    0.591633E+01    0.000000E+00        0.000000
    368.15    0.596450E+01    0.000000E+00        0.000000
    378.15    0.600984E+01    0.000000E+00        0.000000
   -------------------------------------------------------
   NOTE: δSrrho(T) = |S(T)| - Sref(T)
 
 ----------------------
 TEMPERATURE DEPENDENCE
 ----------------------
 
 Final CONFORMATIONAL quantities at given T:
       T/K        S(total)           Cp(T)     [H(T)-H(0)]        G(total)
   -----------------------------------------------------------------------
    278.15        5.411314        0.000000        0.000000       -1.505157
    288.15        5.487373        0.000000        0.000000       -1.581186
    298.15        5.559487        0.000000        0.000000       -1.657561
    308.15        5.627767        0.000000        0.000000       -1.734196
    318.15        5.692336        0.000000        0.000000       -1.811017
    328.15        5.753331        0.000000        0.000000       -1.887955
    338.15        5.810895        0.000000        0.000000       -1.964954
    348.15        5.865177        0.000000        0.000000       -2.041961
    358.15        5.916329        0.000000        0.000000       -2.118933
    368.15        5.964502        0.000000        0.000000       -2.195831
    378.15        6.009843        0.000000        0.000000       -2.272622
   -----------------------------------------------------------------------
   S and Cp in cal/mol*K; H and G in kcal/mol
   G(total) is the ensemble free energy (H-T*S) and S(total) = S(conf,extrapol.) + δSrrho
 
 ----------------------------------------------------
 |      FINAL MOLECULAR ENTROPY AT T= 298.15 K      |
 ----------------------------------------------------
     Sconf   =          0.000000
   + δSrrho  =          5.559487
 -----------------------------------------------------
 = S(total)  =          5.559487  (cal mol⁻¹ K⁻¹)
 
   H(T)-H(0) =          0.000000
   G         =         -1.657561   (-T*S)
 -----------------------------------------------------
 = G(total)  =         -1.657561  (H-T*S) (kcal mol⁻¹)
 
   Cp(total) =          0.000000  (cal mol⁻¹ K⁻¹)
 
 
 -----------------
 Wall Time Summary
 -----------------
 CREST runtime (total)               0 d,  0 h,  0 min, 24.408 sec
 ------------------------------------------------------------------
 Trial metadynamics (MTD)   ...        0 min,  0.633 sec (  2.595%)
 Metadynamics (MTD)         ...        0 min,  9.365 sec ( 38.368%)
 Geometry optimization      ...        0 min, 12.443 sec ( 50.979%)
 Static metadynamics (sMTD) ...        0 min,  1.165 sec (  4.773%)
 Conf. entropy evaluation   ...        0 min,  0.460 sec (  1.887%)
 I/O and setup              ...        0 min,  0.341 sec (  1.399%)
 ------------------------------------------------------------------
 * wall-time:     0 d,  0 h,  0 min, 24.408 sec
 *  cpu-time:     0 d,  0 h,  5 min, 33.572 sec
 * ratio c/w:    13.667 speedup
 ------------------------------------------------------------------
 * Total number of energy+grad calls: 115261
 
 CREST terminated normally.
